1000 outputs of genrand64_int64()
 6607031898358865417 14773403083239012513  5953626960276730912  4391305881250573479 12322649203372429397 
10095400239112216346 10127568146241427614  7678560137396487071 10671862164588479527 11528190588157743202 
 5690613131931198644   489333458617048606  7187108019811581482  9897795964136207092  5688782109202016398 
14998384943560881103   269525733481501215  6850508168510018805  8011043167978453266 12332224272395936288 
16269787876063318857 12968419999232406393 11801998328009541290 16078829658940986181 18032689493698456379 
12546333445905532660  4576397113324439989 15809630880421773049  2002889026354813612 17376485509356224235 
 3617571150628030344  9042610918765289720 12909362427044213635  4666017522745806078  3400082683549694850 
17953199192168560447  8212892571406231049 14169271860364737193  7305702788001119307  8082349684924015136 
 5047608889976050348 12607863475187036619  4332600168639001561  1751489803043414851 13418883054046661245 
 8027357491835764165 12009290894306414489  3093560633395677924 15408968874073968596   256931101343600064 
18195475792983247128 17008976878384321301  9063836082305602172  2707839247766915010 12481796466642204751 
14881658450443471764 16337119109227695632  9376781402798906416  8724849578474864762   273380925060536568 
14881422402353498605 14222067395238051266 15048104332392876064 10632146812474994700 17107090555081986036 
 3980096753856243659  5204139440667244920  5249906047266994694  3414561308776329233   885910065022317603 
 4009769858813584362   283767012925459124 14293506017731294609  9675324814346020200 11024202789080046676 
17691737832017350915  6543964154509463923 14039951314365265312  9419496882734685134  1011388580187325088 
 9108976270304908161  3899808065133338614 17618532004728151404 15240112619738028836  9572038563878242010 
10382780624072103756   136869889513002672 11015132905527785809  7073307843291529826 10346879670729595673 
12588201419763533676 16497792634103228565  5773467639869537741 13399874124092952173  5716837265425160431 
 3245503282262134512  1635530107942525579  4700609562043289706  1887479772440865381 11760399093540236567 
 1140395137714248505 13181444989991000661 16685534070141025995  2992473780791543734 16791463747929806030 
 2042234293666789792  7478952744919143509 12865673534953593663 16024287222779119194  3651402389063265032 
13829520279040837192 10388146774747815643  3326910438691848233  9026919063181959626 16996351442650639616 
 6631538796131539843  5044038023857477338  7189891927010495257  2037597355367479980  2890897077303433620 
11912796912321841976  1610897475723145240   406958437271394095  4071846424591267208  5946056445358165678 
 2806857916991440922  7529193774641591103 15836251255912147493  3344100766988903083  4256878061033944303 
 8060275660661033226   774764219950951734  9118348503810500226  3108202225488926011 17336939995071943411 
  729220860761109599  9345531920247436153 14749582212995433868   883923310709590128 12871422063184426139 
 9110938449310618881 18105814970886621908  4448771738908446072 17461829372833151009 16063338328286294320 
 6641119159634343409 12202055111048313292   716422087770999871  1210101524207959628  9751432461227655109 
 1449194067609066732  4879561540716200962  6647926027406847523  5523066326664422858 15921139336722102523 
11453514467480659288  1319295693666229762 12671303513901529650  9474540503473382066   323944037423059242 
12714481113627628449  6024262361088040967  5092980496015213153  9509802375844078960 16816544750604169511 
14077217542580611173 12623647929196863837 12561648762757456309 11836911905095305472 16774045076655167981 
 2434560785281700271  6676459728079411635 16533294034667642086 14356586051779012934  5771907700718442282 
 9742914668931438439 15710173943789053800  4575321567900753044 10691487199410800478 11399289609431664294 
 4518813439211361031   881792811813963117 10024405454760557838 14591761352749743086  6586387143860204553 
 3169601932095060273 16393155093635751059  6776327531607120131  5381668484464676121  8194682977780830508 
 8043057935519721558  5557473033627368760  5897639874988211795  6777788716694792432 13680722308140043060 
10696721080373457540 10093088043102222722   310688475442564530 17778177027682799519 13474254856384023488 
 5972369609266661888  1232307028779054949 11301433741031668252 18267361103904121169 17724875686902777133 
13495200443929219381   133372454994227593  7883431902176113528  5942529885749469237  1468167996504291556 
 8634165532306729414  3985432888471137719  9822279446366165949 14746837225047915411 18046718434126672498 
 8912829388786308978 16973841158677272868 13886738782840061436  6271303044508080404   248661349443011712 
 4644985704886349685  5490274169312557204  2380949247026891714 15050189532337512809 14286194067885421130 
 1905979063146597535  3583783199229181776  4715183101344848836 10264242747306326875  6961042171050255967 
 5247944422008670433  2840891694610282167 15599799951069228470 10811140283744217476  8986581291415155400 
 8316917407747250743   617424804206271542  7372352836466894676  2319929656612040894  8682939478037559239 
 1616661190995178923  3585642585643229693  5880551488702796569 15283150205865238540  4539138848819570927 
11073269484118836206 12578744318875153093 15249760389509713554 12225847275576976636 14361139707715254911 
12639100793295269637 11018858696787226595  9487321170594069694   487576637675870472  7967072436616439082 
 8323993210608479197  8665334194252714718 17928246366043422809  9624250660427868827 13140792695123427898 
  497478066879712335  2097461503315058745  9535260003803375785  4807453419569156281 13064414895625251940 
10872571908974638423  3011158458429487497  5120636747341674016  6602338307647509903  8475060128047453896 
12951127178644938702  7855380391720499227  1274891496655981234  2398343526504111756 16566236845451373950 
16456835576366714953  3377544484115196419  8809510685519654176  5135356722083965172 16129964254880202720 
17882301246859530853 14636658024463343814  4720369416721623124 17890507638271423749 17284826465711711637 
16176812040504734259   185830221694285946  2731965047149881124  3671862448486820241 12348502801322349670 
14207684400780635373  4678159531693426678  7304935068932787049  7228327168090204388  8427139401962079100 
13434522196471131360  3612255508010797200  7250058535047597179 14899149066125277274 11560785925304625749 
 4724012292274459604  5961670635814163241  1974611254298262960  7153208409428513559 11582392213850155088 
12837163188373445220 12183294677432465432  5402642031434045282  9049940752330253680   146990740259986098 
14049029503538330848 15663538123387257731 15877905968048535602 11446886499154340604  8187551561210894652 
 5408876860970602211 17280729434454556810  1834193938893068967  9475491662554070196 12025226794210574385 
15382625104555587933  1589362339409010714  2656454311545146332  6560055159212261865 16654447218196761596 
 4606759613869985198  2772351443933784889  4704536106134044299 12560668522684994882  6179919495510725702 
 1204739355877945188  1454040075961739468  3273898726277413476  9656062659837655736  3008938922911903761 
13954899033602004946  7486826781936525130  5850368140316460924 13007344129127361615 12796770721403285254 
 9252349228932142380 15244479609361147248 12404897938910747584  6310559924643109985  4302986948601689696 
15845833145591261300 14575401032439711030 15407245725641413064 16096531084960691695  1652758752191018967 
 7993030840698323503 15827241849589480988  8417473185317817846  2560442940156280364 17784623609040440672 
    3624449961736993 15134904752423440664  1525981998700230451  4800535835676552638  2431995784890168891 
 4374150952591264114 16333774359790850718 14749641058870426720  5873765472741889107  8616888019941004731 
 5179812083848038497 16384970124093544152 10652395294480117979  5764934180595589230 18436784321787972340 
 2993897312190943244  6734915872509316924 15517080125687842251 17894067258071006580     6553859147646015 
10552892986206718945 10016972931435529232 16220175378314672105  5223371191241965856 15473195571539819061 
15423390646515919580  5186515195374304544 16975461382916897488  3849294806870813265 13519254089819706759 
12641869983512637256  7230559577961887071  1698038352028740207 13969716309607807546 11560595167807806850 
 1912782523772241079 14380886820208508100  2016688764209869669 13160761917289868761 13156982051863755206 
11506544322506050969  2416119008291070428  3295031724318984468 12385365778347564215 11001730048219923993 
 3024142874401807719 10832268175368752339  7436178825584501569   227000586889402931  6811507233614352968 
14524244884320671935 14079041330197677170 13115409814526369781 15275349385151497647   620855591010971636 
13937570335776490466 10880048846363142878 12431410727378008570   940589987391890563  4215523188667161380 
17611381776932931839 15246806576064053528  4039158778875379097 15479927921170483200  7538744476056476552 
13230965506731211129 14646086203239235440 14251363438906536594   701345671987580484 15698316077351381803 
14879993454062350369   687907821766349336   685079932169941950 16514542740193775534  4773307738262545018 
16236988221479821165 12228397719987315006 13230146179690182458 10604436506677441554  7147755807912056118 
 6548849305542928208 12936050330101417385  9125658142120451461 18095350402061514664 12233874989771233851 
  993376007695159274  2386907908617057157  5597310178457167381   901536900639349120  3288882054419000172 
 2339213342907875626 11719159391773902395  4662488846391382232  8087876914716394288  8194979657986871902 
 6934303764210148494 11210769652546872802  5695784610145691983  2641255562727641805 17866550870310821216 
17951454573733741694 10677780714375595592  6373160216750255335 13433815064263545819  3136394766134103640 
18240765530450870687  4254086107339094102 10572755052008939339  4494908093218720773  4050996996252090986 
 1383299245423753157  6870233157458107526 13735934559615384778 10352592702603767105  9151706889591228643 
16628173556461454277 16420170537179340003  6005558403563488991  9908122403718780481 14037266609428720916 
 8969235040559537871 13882774997865042209   798366464546602999 16125321904877180740 15598324705362370514 
15132036059827229644 13759688941710983652   467835235680219689 15890955572121100590 14220247238385135879 
   49339462144377922  1305916992746619944 18129834375883976862  7642999424650441888 18105455003764775232 
 9800974969731519195 12562509625069835896 15640728367038257811  4169902900240769301 11379504195994291947 
 2423533258913662324  2544325682465227412 13634511616545141663 13022725686509319913  5916918910160771298 
 2841193989351577408  7565440177760570640 16611412412992625101 12783583486820647436 11483012629005057107 
16250164030448197186 13060488122178694120  9958664050440921259 11397235139209217099  8047158940217576324 
13495651129501299921  8466316645296292652  9098404959753752538 15874857672214401064 15061964177309505298 
 7737666151240597148 15475938120052801318  1812196487714479512 14261834558040519385 12244721774646891681 
17936204236770550750  6961954887103140895  9308730268456146226 14084697994240444028  9434906062609138361 
 2790688787834368436  1440911312161498199 15029382562311437678  8220653390376597287 10156635234472762936 
14951289588689258899  1132342293197665993  9981273030900463806  3305425295788805652  9807137420961105556 
12374298266752261848  3819786307473007252 12426340732119133955 12563463528182311281  9486761048742346869 
16153144017924235153 10527524955802277672  9285007112641444239 11950898043384974805  4613743844426048829 
14863007674657202048 14282413029061575235 13245651120493141994  4150936238474837471 15940927367093068855 
12688413929586479088 10553029880605765666  5687734215739798646  4571014194369261315 13096777200011184049 
16840185895959728661  3751328030442568695 15545791787439560875 14469646436833398968 10077587585015289527 
16464487642662123511  1524365644412349823  6231360692969026686  9947563137317610734 17385460869422527405 
 5583403227232998922 18231118710119685753 12194950523347409273  6851167203707374721  9449739984172742426 
 4540689566168426733  4606283136171427288  1890103578791013128  9933292163736405944  3233475830792110245 
 9219554399813072871 11968070727773554131  7990022755964174757  5599170973771002731 17600599600642433077 
 4756231741241127031  5211281834691561422 17046325667560042366  3699836813385578239   205224115844071033 
 5949680560964684863  8365484266984131339  2226139358115245795  7538123047665665565 13660970696020445988 
 4221141352002937032  1208685449877636515 15226002166456533706 13967776199508452545 15917085828911852886 
 2266604975542085467  5973912339994069250 10219256204663264557  9991149248168069084 10181874316526798153 
  197610463140904573 11906795975159182435  6913800031835044639  2223258354552933395  8166395994557085135 
 5395488070789564991 15452926484950157894  1761974915281466226  5322911709517756680 17042605310569055931 
 2608449705985013722  7123771766754273128  3357157090178644498 17106610029435759631 10323317938996515156 
11373973484421521562 12374396116649617381  3074956510008381378 14796252015925852460 17557828389078756704 
 1666995375590787420  4591714499428170572  7480151761112385576 13386319121455728403 13452014666492086424 
 1167513024929575674  2610156057904565593 11783464307169975999 10470552471002310002 16604982938016231350 
18019415683429763192 15740890333079690477  8689655826157526793 15179051592711233008 15221399869682367727 
18009221438005427256 15612620237364388375  9534764192059660216 15832611133563020224  7690498639146485055 
 8106337627016578525 10683898301680762148 10229439812263457240  9926923389885432775  5629118148226049531 
  987228389361595964 16181552211239864492 13400761565153142213 14766692527817576911  7864283692015461217 
 5434604647360151581  8096161499829811926  5178276739964627914  2704778878261252753 14113326005718318905 
16848033585026359543  2253656260143440628  3821330464263776599 14415645483140599114 17087107181531412581 
  170933272775989848 12239283605000132025  1199273229741367623 10560706913303715700 10775940499075491660 
12223229506632644624  6303672869456769994 10915976882780390540 14400275522757349838 17784064292161838771 
 2108401507291394678 11089561339176063192 12449152957025298130  4591463084738816572   735707436597974527 
17739678429497443307 16040487707627249183  4894306745302164279 17648797630902080414  1964918653302219863 
12782906894502412159 14566320221546994278 15266149448863942720 16097143252354646102 15105159187046554160 
11421129681979557772 12585603149687192529  4407777375622338467 10109814864965561009 15199813571142745919 
12017778353097793309 17343926369082721355 16017615546899528170 16618045255608395706 11720050599371821326 
12676132403371506472  2770276965244124853  2720856145223833781 12856555229794161627  1098930758907518666 
 4878322844130633137  6084737625406364934  4300757652890459145  5285634980844755329  6117384196044753266 
 7959024498929432005 15276391743680219798 17893583639107020030 17598296938246630011  3703234493262783381 
 8094939309776333914 14955661941598373011  8880939228186280870 16493987560131458495 10557345259176476637 
13940268011324803401 16683827238621266847  8795505991230155278  3932876974471953992  5686192236206252531 
 4731099390277239022   387937062189820166 11500283363276946399 13101786268347159349  4278856614237296034 
 9702830273918653843 18130979112950209485 17322626395405352247  8415226893033132164  9399546623913929617 
 2801526389358163578  4054212539878629085  7558057339070052065  2240194677206465404 18047199175897251380 
 3471283318586370764  1662620348307885586 11073815681202620551  5115381381225947468 16093080255484779976 
18382105645140854305  6144181506694587136 14883990973494396188  1985901062359651698  9191807425830927986 
17770759727761904007  2767160727394452755 12402964923007918186 11463239932964532970  6804056047170871181 
12548121506277655129 15612793075202497680 13805352842273449311 11785103231334977524 16016400761833301706 
14694533917968385384 10591397337876749454  6775479036641985461  6774006257714993719 10863914771767028978 
13010165820747960361  3887253656477556791 13523030246490788357  9393104331324820984  2790627607648097120 
15012512680824120445 17398998338981686154  8387572651324162992  6354969080065003415  8305887821315844835 
 5068415504749912374  9995501011407876219 11974357687402108948 11969612040030598443 14750207164577343916 
13598545834949438117  1376451210563134525  8352574001994285407 15247513648193232165  8932307547448892884 
15153137412835971843  6815545285149714212 18084637099573305074 17326636059531983896  7140407452457114517 
11407289768072990654  5547397743645733295  1912815466139325113  2510860583047804400  1019599876714211307 
 7784621203863819188  7144032482593428696   805130852231386577  9291362905717699432 16404712946615774038 
15854528472815614935  8667449993512344277 10872178099653413135 12936993570874650679 12664432677246673879 
14002198536676763425    35876138001223906 11806817626697785571  1064370708530058442 17977287638926503592 
 4620153506162294457 16252751731452369806  5538821905724761696  5786255752555546941 13161165557431564286 
15466911418561930164  2422370169482188728 18112635091635918965 14612115821391535991 14856610918815427507 
18190829289529621854  5668725866031980697  3489434949956229895  1566122940695728706 13535494675037285692 
15900974844999898898 13644147765833185282  7250117810035945399  6414194459780790092 13987219239175470759 
10851652646386737747 14562162251286645303 11292353825167341318  9955210458209179665  8063502781762524734 
  986140843618983146 11219871715364069098 12635671978767928517  8249324087074257533 11371098786554531018 
15910930556355304073 12722970604754688214  4586650768023915042  5327819358039830675 15678430446061291752 
  625697820998034398 10914357585951582361 15900538701007029884  9866045566309748178 12122745095626922383 
17216353426770580786 13979363137911869773  6220297777419678163 17109954329051522590 12045735133173439880 
 7565371103332204627  6768490162611210931 12948517577093623656  5116493580827542741 13580948276301204790 
 4487251102262730599  9515741615076007788  2653576137144843047 17937615126150913428  5749275699128977247 
 3742386288839897896  6833760197109098832 10300883426139274874  6430429071005835461 11488899659528964689 
 8395771888136857571 17883100513005434982  1270037409625450928  3290577690323873398  1535830592442516763 
15073354264254786519 16678961807804623375  3848403911326787822 17455543843152423085 15957576039899743421 
 2562705812825083678 10782023753378021338   894694398243107956  3550253508363935680 16959157487371697556 
11381757052911986099  6409465916702162057  4113790908639825517 15184468704380248144 10432609043187160004 
 1431534672507943272 11024030408403545757  7784957694413819753 16495949690455953539  4980390818024464552 
15850134041357975622 18220412578090463518  8875650128187000594 17050669943776197086  5999570300490434954 
 6183841092482399642 14363457874506474861  2824632836059824137  7059591104799743960  3299690803255273862 
17958035921244009303 13408816999990768018  8419122304952008202  4208475990046768864  2280831699867268653 
18014008638849259547  5639001822310820420 13067792531952256466  1013558007132048545 11446943996720355544 
 7634859772424101814  6121889937443463845 15128579556810163580 16076278010501023495  9902777279394351544 
 3709281192336957622  8921519806465506882 15340521417491749929  9279052849545069439 15268835452980118815 
 5462171441416828446 16347076671361963963  9447595060926492757  1686009421440962981 13604279099976533328 
15060160977761934692 17432983854833862847  6951790601348854572 16993478957724581510  2190999617281858681 
15495040249563885678  6074977948017292863  5561004906473276174 17974320890459270146  3755706349198294649 
13374806363613189764 13365410742252569388 16717632020255800936  4171315161654800021   100393648763044159 
 1864070249630498283 10778538173160589319  7251076829477217980 16619406579471062177 16200866076700343580 
14195562182899942109 17188894389209931141  2984061084392632742 17750859143277445044   329211409986464713 
12824398065368800692  9621825735436113241 11634305111686439028 12102472421506402630  3018911731647529520 
18002653430218791257  1580178746620324564  5943439262466245155   368523908740742551  7994531422020915011 
16225022873700925965 13907322212617939712  9644326842171243884 13293843905686070657 18059952379655539866 
  117199784080428920 12395043158822385132 12071943446586603522 11417959351972995818 14609230563231259708 
12900514216127364212 10198376749339068858 16351947873304119244  8285093027001047770  7461397277225461663 
 4744407516727231600 11652640764403389119 12703220934246375719 11271322187972437209  5988537678146513448 
 1440866741041643593 12199966306192367861  7870083594857671472 11735207423756289339  2506587100841913267 
 8022790063906004626  6290241804538820901  1699879336296928388   549777747448089617  1456221257379324157 
 6483180750761013130 11086207285727229729 10002156839381559294  5077052174497001670  9064139636633800947 
 2894346705994688489  6145147749486821889  6168842422693898221  9698492794178909648 14487127938188405224 

1000 outputs of genrand64_res53()
0.364482840420558 0.066247529523785 0.936723501726579 0.269437555130452 0.126192549136972 
0.621568557266089 0.584210139705240 0.406559985723665 0.475019024721246 0.972928247004057 
0.193934074170518 0.779486197150667 0.540158193789841 0.477046168635803 0.970348210468214 
0.669975377332469 0.106286813297936 0.586184749084498 0.724358378272645 0.282627484263770 
0.675231439563838 0.940881647467922 0.688709535303537 0.057183292183539 0.214696295233149 
0.814237196457585 0.900992624527187 0.804080595896814 0.695414116150519 0.198676576790384 
0.514980775380983 0.060844732666647 0.141026720424668 0.087188519518631 0.658584133854661 
0.924767618284274 0.322064840165080 0.899236719500535 0.889884989837451 0.503230216161837 
0.941358785752573 0.192007220800154 0.058308691886582 0.473159817485110 0.231422243400202 
0.821997756537862 0.109448132294599 0.201394728379466 0.712815605080868 0.786511371844444 
0.665743278540804 0.385996921073107 0.794478439560182 0.190046306461399 0.407579780640793 
0.738913023333549 0.938544130530047 0.577105767648209 0.880580133427593 0.109314789793298 
0.260361854218491 0.927947591105497 0.155705292493841 0.719058817917893 0.954130123992904 
0.026183530328717 0.335863678527174 0.150417196435283 0.028588981476363 0.585459841101106 
0.564782601379492 0.626658992582023 0.220143356672782 0.182187608671972 0.174912857936977 
0.832416744245556 0.843832563930722 0.730221683013873 0.068556865862947 0.773257712632774 
0.978866169651265 0.210487046828037 0.516700653979251 0.969198490883423 0.344314472251039 
0.847524820702148 0.995437657785803 0.528643804974661 0.412936854300238 0.753226132881261 
0.188023068278438 0.445161795129712 0.010002452121026 0.355159473277452 0.481850827971404 
0.637652804241022 0.484538928267939 0.914338293782889 0.934448741608279 0.897666870998361 
0.962712711926671 0.729185952622981 0.861560167934968 0.132200197019133 0.335063689874177 
0.569515654898723 0.960221104780357 0.473865791066485 0.909236626599906 0.405703789472386 
0.134179956499196 0.377688986960269 0.402073764697192 0.287957662367841 0.809904907929052 
0.782115461870237 0.460007737829346 0.249370656758022 0.398470704452656 0.002276415629633 
0.558140059698254 0.746817740573729 0.751431529758528 0.909111263162604 0.784831443746024 
0.999194791557473 0.613460308276924 0.011926813972720 0.436152585502122 0.759506212833070 
0.247346047171040 0.821504176626467 0.687720509141623 0.200027323559435 0.926255385069393 
0.502574076307255 0.651442065332455 0.030314027614728 0.220447388897873 0.046547546363855 
0.432453567163049 0.902110812480747 0.615164830765334 0.175081522515129 0.853189005158857 
0.236095417855675 0.737263328185120 0.590057177942716 0.860629558550029 0.767077572437480 
0.188550517665956 0.992407497517912 0.289577171481483 0.963619028725979 0.447016774255656 
0.312231631878687 0.938430374981488 0.627173122260280 0.806305399336011 0.468130727562736 
0.922692497644098 0.155143200172921 0.209897856191277 0.549078965051060 0.853072290507853 
0.235525161845255 0.878338651014594 0.993669483816941 0.068570443006330 0.056384775947508 
0.598215564559797 0.285145468643117 0.703158826964741 0.314071819938776 0.379859236929847 
0.202696696371857 0.762365322457413 0.370402866120582 0.212636809336786 0.818601750198959 
0.132264668093407 0.789117854682030 0.703172009647999 0.324734630418787 0.445838306522122 
0.485428874608330 0.369133671428260 0.762221100712059 0.732379178198603 0.829622456295727 
0.648044547457310 0.346465195038441 0.280351256142719 0.142494072869763 0.171316376685932 
0.934399348949540 0.650952333026493 0.898552609664863 0.131400118799863 0.684917391420150 
0.269192426542569 0.992884262988300 0.218672075471150 0.908637079030161 0.242393024592698 
0.908301616088011 0.927651751416693 0.178950287688243 0.636012502430526 0.349318986477248 
0.773084120267704 0.029740278890420 0.922746963351261 0.106188907507838 0.850668066598209 
0.097177733347790 0.779056927330737 0.311303767891100 0.489837830596908 0.079540163904344 
0.707593011966413 0.095249620698000 0.003675021294729 0.016660190408172 0.895510792794280 
0.265770802434713 0.690615298492770 0.147961175597138 0.903536719370214 0.743991596347500 
0.097420893518577 0.993829207375065 0.276267582536445 0.728673597084939 0.228144656453608 
0.958752932777342 0.326898711943101 0.528932507660966 0.570318951742961 0.167143929243009 
0.600251177685903 0.366973614211968 0.829639870692678 0.226429877924816 0.957230762120908 
0.499189783910943 0.806912294131512 0.163958968141405 0.698956046410542 0.024590967260954 
0.708339248909232 0.357916924852967 0.137183595278268 0.632017373372934 0.595892161415386 
0.037017095287105 0.533246703038830 0.698163040159799 0.152304337215979 0.472644786568954 
0.788368587323388 0.304626292264589 0.612783570072270 0.700492073966385 0.346304906951378 
0.698366933485152 0.304945074035106 0.672362507404024 0.944250217193319 0.432760998514914 
0.594618371022064 0.799363114074822 0.400474449354913 0.335908240581472 0.376314537629038 
0.818247047134986 0.764436181511258 0.985001551147485 0.081795050497288 0.162466954904099 
0.507556404744403 0.465751134286450 0.991908256714287 0.351877171220705 0.364730776364340 
0.088018999413909 0.331662145121778 0.640006928548392 0.492361580378451 0.654925190173757 
0.753619575469349 0.538793259254830 0.659978589977815 0.627414166120908 0.906187929255480 
0.904014726084636 0.261816136179114 0.839876508653040 0.871731688131772 0.740774071359844 
0.056938932834271 0.900743571372712 0.050904458329745 0.180113537372010 0.632572222196164 
0.379361689192679 0.494167739075471 0.368613608261325 0.670306323709763 0.562463887830194 
0.761302142976050 0.367193834345998 0.331601837309436 0.687924784840287 0.729554494108185 
0.504098934137076 0.742819247116490 0.377799522579553 0.866965860461194 0.093424575432278 
0.769815473131672 0.989794468733505 0.635404617384716 0.574730920856441 0.030454553408649 
0.126427977414939 0.730545567488702 0.133336674013917 0.896637956527210 0.262421067376331 
0.459614279659366 0.066986456817107 0.653243649380025 0.987602919764874 0.634087527391256 
0.867333600308400 0.029874821911002 0.353590143385823 0.472574002600948 0.626795365551248 
0.070107231106560 0.439306336911335 0.351960956235017 0.504908249209081 0.076636964476431 
0.490187323398447 0.740952678134808 0.481909761627028 0.707995444066915 0.977683810180855 
0.789283116304175 0.200436810587429 0.788306466502497 0.490302941598000 0.158011461504193 
0.304347921608114 0.764001215570463 0.160244167695188 0.874437345056626 0.588261478448290 
0.883794004068315 0.025639095143127 0.529796230158170 0.104792875736060 0.065422672321684 
0.205361370311406 0.076338300998525 0.284941204625333 0.510578358297655 0.902553410498057 
0.014677343672560 0.785059992243211 0.732097744870560 0.918302869343468 0.314725840940434 
0.936219631082867 0.082041953193649 0.146750136638284 0.702136537581013 0.020139528518572 
0.924672947714781 0.824338685991920 0.053107121659987 0.880471398370483 0.388727466761470 
0.959594663205604 0.164103299719423 0.267415576004517 0.215589956371916 0.007693258762029 
0.901611709454115 0.238126231480505 0.332843009704258 0.491753970319692 0.771724164920987 
0.228897423476419 0.097231707982683 0.368482088393574 0.271834671753825 0.705183390832776 
0.392662633236616 0.058456424709069 0.321240929477314 0.790323694842142 0.086646101925585 
0.603732053685812 0.173791457611369 0.897959044724956 0.439678851819322 0.862191792825711 
0.172107803536523 0.579293006154793 0.679283443332371 0.342021234972929 0.304714211719527 
0.890834238062421 0.604007695554922 0.050387666144047 0.315208793928775 0.252658073031634 
0.021755050869777 0.055500086615452 0.364071801557535 0.076322796925621 0.059724544874804 
0.210507147766287 0.283031152109488 0.414740529307481 0.115055492296117 0.778393285854274 
0.243490270742834 0.774298640881631 0.536696857876711 0.841022796968155 0.390940309046875 
0.282912909654749 0.734313207802049 0.576850686627839 0.807630671818009 0.417207816845887 
0.668114265257388 0.563792295286949 0.415407974077670 0.266919720862041 0.463732179772898 
0.983080299335552 0.650816857856582 0.182907039109013 0.433156122793401 0.857496240943626 
0.845943013656077 0.970571256566576 0.301950050139559 0.732193564521507 0.482495656467637 
0.806965008883236 0.512317984622770 0.906434857971422 0.558351504261875 0.248158141401822 
0.280602466028999 0.870787631126672 0.125815062896032 0.511230774644283 0.951287071199078 
0.257157972692086 0.860887128823152 0.762866944230340 0.098731851530024 0.283997748674840 
0.148046887456252 0.880265090180395 0.865624486060853 0.600788121870760 0.573501004390440 
0.146263249154070 0.239313244344462 0.346707927399821 0.553761837109427 0.406373697624995 
0.063021859971513 0.068124837235809 0.820360916482914 0.325231383183306 0.643509469417860 
0.437677647417049 0.549426734829437 0.405628884430520 0.906478409146812 0.708982120487990 
0.998111900086629 0.218578603883316 0.342907691725999 0.378658048796316 0.668993150536763 
0.446958660733883 0.660239791300094 0.796382027624585 0.486741596590059 0.325560095911661 
0.142394650547967 0.219442706377295 0.748306458047973 0.040852271308906 0.008536991080824 
0.530689815390886 0.096250290808587 0.437121958468535 0.819570616699274 0.562033177140664 
0.773001881147626 0.448468088423167 0.838002899357166 0.501709029994932 0.847162257829744 
0.566234313967642 0.214358729253460 0.598655643677107 0.122818683561008 0.776110551704868 
0.302942586587543 0.195244597403192 0.076098732162761 0.311469448705884 0.322543680299095 
0.175463084091166 0.092199703353157 0.383547413069647 0.439186945679658 0.622480925726955 
0.819578817797739 0.257081222082487 0.482934157498850 0.173532646970195 0.067911482345254 
0.414113907122514 0.901268016797531 0.141945177582672 0.743391053592836 0.669559910824757 
0.939807763730781 0.788395488331421 0.304280810275589 0.341074395479387 0.227977814215785 
0.039954987729454 0.170595885063616 0.253548342503015 0.343321071192955 0.268706230845784 
0.999577250320065 0.855664443765791 0.921681711969809 0.237258004671812 0.716228687392688 
0.200711464087664 0.640543137101870 0.016456787718085 0.725127272206907 0.109316052065467 
0.518506228009082 0.527008306966046 0.847959708410604 0.262106461345156 0.773665340263157 
0.901858104654508 0.098117839162091 0.049549482093836 0.661473258813030 0.270819608186430 
0.626909877128669 0.479661421022632 0.298799148131959 0.600986574306233 0.072833076646082 
0.002964971080709 0.678186372591225 0.546078234490423 0.431644935858259 0.014282969506557 
0.362869385474837 0.192095032115634 0.505027985543920 0.116705373033819 0.547564276241340 
0.488678185059295 0.781597528992273 0.966243465202730 0.373522355681981 0.263025725110119 
0.076213861435031 0.879729452162444 0.345906404945031 0.181254616442373 0.741744715307135 
0.209785651099952 0.589954180866282 0.003567648855121 0.035102220211502 0.116200070005173 
0.814204217235402 0.143350228913069 0.887537601270344 0.141478685620579 0.083984789591592 
0.856136517760913 0.343746731759637 0.153355046667742 0.795613947485569 0.510182627348053 
0.668401704742099 0.490227531243022 0.302760995285200 0.028188354961522 0.799476597097435 
0.337597480899682 0.477437260239320 0.753823300086579 0.994557466333153 0.633004811423274 
0.937917340651398 0.174804649204679 0.208507219572645 0.291464527282150 0.630136885720608 
0.234811880002400 0.479312813916166 0.637405120787620 0.822582742620472 0.612415071851169 
0.634063127427107 0.563882553068501 0.523404527334685 0.984364482337375 0.809986335417236 
0.870062342441928 0.509017712417443 0.127997981010044 0.869610876306100 0.754956956202800 
0.870237856694424 0.635459951138616 0.960784783558769 0.367054427766422 0.395395515351985 
0.891323126692575 0.141756872130195 0.515668316612607 0.177376529326014 0.821536099040414 
0.275991190897605 0.000171293259526 0.399401748603641 0.604881369152647 0.767441343958770 
0.657361107669300 0.906105001286679 0.148459562135086 0.044833390178315 0.359694863259493 
0.261272185377593 0.531722231509770 0.967796076432425 0.917316298934115 0.895533255423017 
0.563641907081940 0.299814751354903 0.152364606518308 0.804551361109189 0.182032491006964 
0.922613806890231 0.061846450904317 0.244340289459110 0.693721689347101 0.348543522678407 
0.728607748231501 0.541586563544930 0.341515260805537 0.498640443105735 0.041778172353161 
0.404853843858997 0.849566875041801 0.745956208976641 0.558231420073266 0.004216773414305 
0.531104164268328 0.972398929364169 0.357505433518347 0.427459448798601 0.406253744711289 
0.456465887715573 0.052106996303746 0.269107679347891 0.731960265733777 0.801396814326569 
0.393577594030704 0.108409579000470 0.854299784848187 0.585411502146890 0.800381070867715 
0.349543350608521 0.847778818717612 0.351778959965076 0.626634667479192 0.783941326076212 
0.045608607165824 0.966733790056821 0.317307469925150 0.607452959901369 0.955076929086697 
0.009306074348931 0.268920032644195 0.549498224325057 0.377599738147995 0.425422328551786 
0.380391890166120 0.508160933219302 0.768732410876470 0.717486999331895 0.015019729480795 
0.006838645548223 0.738058380594127 0.323990611309290 0.815202565768285 0.536403896064766 
0.590023629488387 0.186583379016260 0.970672078694013 0.570166171694781 0.001428547762817 
0.109793238105895 0.893187359660071 0.470108580790830 0.662825240097090 0.390073970315822 
0.851662442308895 0.268134969957707 0.645539435257465 0.971031994385025 0.792171644535179 
0.900723016723291 0.480783986337772 0.322785818030237 0.341335725637726 0.375690371743338 
0.292246712903369 0.361705283709000 0.901508348360354 0.243829934717610 0.210263750376472 
0.487573892585738 0.075277726639772 0.132759148497438 0.416760255884594 0.912822227326056 
0.500188710151099 0.455706644856047 0.672890949604698 0.729592197527263 0.843842963233866 
0.664583481778162 0.054728401950251 0.967292411828273 0.325841219795407 0.307601897863054 
0.246085936731182 0.852540340592076 0.244550449119395 0.569359714174771 0.213003041658625 
0.654164630583321 0.882564665853408 0.730194727097003 0.476266757221949 0.946988911312574 
0.850926875735125 0.469054730375048 0.832190598032170 0.624519550885914 0.898889259039831 
0.531843938961494 0.035818443159111 0.927368683310868 0.916469612475358 0.611902442330854 
0.032780206670153 0.185658871030932 0.204280313066277 0.786930105693165 0.668169794105524 
0.352338283677114 0.700438202449695 0.619929943412910 0.868090848194267 0.373420780624396 
0.048990517903748 0.540153509500361 0.339276413977055 0.671316259248053 0.339906130504037 
0.512655485906039 0.676488627724698 0.303310510120829 0.302508063766100 0.047656146996032 
0.914645418923232 0.492761862918768 0.927628632065796 0.348417579371797 0.467633676194856 
0.061234666633314 0.679750826284937 0.878988420978396 0.969588080881724 0.180308162204703 
0.801368497141574 0.004315314540469 0.984409640650308 0.870989137236923 0.668481889155838 
0.617373041972666 0.278926257914217 0.857246175913117 0.712657378081567 0.699284976796347 
0.034427342552033 0.036865566750800 0.578488527742781 0.245992421128501 0.733326033057066 
0.875446021358163 0.719773213516467 0.387599023605620 0.683909232673316 0.453872103612516 
0.680786610797044 0.029564843100750 0.593501138739277 0.351122713293934 0.157455328482754 
0.543059553759149 0.076814993626291 0.292303182891741 0.505310322408793 0.717395507325276 
0.039897548487819 0.188844366668398 0.284984494030877 0.932507777170605 0.082807797613921 
0.871902505338559 0.086528688975471 0.167845231589920 0.599202074378259 0.632377810580366 
0.869264180410965 0.508234738310563 0.065224471736492 0.191160008320759 0.073188192304936 
0.762314722615654 0.738678825930641 0.784893352952466 0.598738656540922 0.898802117851336 
0.846411173912316 0.808276472109438 0.686974310368772 0.936278966279546 0.218228873705681 
0.885923773058768 0.874532434985493 0.794395006715287 0.204806756878283 0.319192091389440 
0.139788684474842 0.920735910546075 0.241998552823862 0.018104705992150 0.277071407794933 
0.984774421747266 0.003419704414062 0.723349724406790 0.731365878031514 0.542341178828524 
0.046799621923959 0.576737878141511 0.526590367635121 0.545377890292172 0.709314428024187 
0.225703086225262 0.905892606557122 0.676847217738302 0.798695784409960 0.909931093009958 
0.289295527139917 0.645409085264607 0.138698184660122 0.218026749059591 0.391270758565236 
0.626622525904538 0.252674317716615 0.074437379701227 0.146593282522406 0.147091002643714 
0.265632502447791 0.994615773978319 0.825042488420738 0.368564903003220 0.824083780758510 
0.038818400608105 0.231472665685873 0.694426806016306 0.306601801925570 0.841659863318632 
0.774876621343313 0.413859456180614 0.990904436683263 0.661594555741311 0.937100804143170 
0.843565603000138 0.683881138355079 0.438989636047809 0.310373113781872 0.872443139380008 
0.469784880268494 0.552190012032094 0.083482972589511 0.850563900751160 0.531683911486228 
0.343620312368682 0.148084041037168 0.000323625233516 0.334060739506824 0.231132727179435 
0.404196910241285 0.467199878190475 0.803994891913939 0.407265330034706 0.734617623985337 
0.283300075977499 0.852275225916138 0.486116190309716 0.934793643075722 0.886448989290562 
0.222625940350621 0.134214155247353 0.109086527848668 0.649863908716422 0.564919738200090 
0.469633336566374 0.184976890135769 0.441704017074320 0.847691982341000 0.898325909054141 
0.397658039184698 0.639839061773647 0.183294128344216 0.845152097185389 0.507411316264098 
0.226879374857101 0.999661299612974 0.635053689828443 0.397947915178946 0.329350630866453 
0.990323964920614 0.577058949190128 0.000361220952349 0.793365869824944 0.234658114906804 
0.456393073089698 0.778751921633574 0.080501922003584 0.160118761052994 0.268707875029218 
0.289465216347212 0.175774555723991 0.533505642649877 0.524188912637293 0.573224329777336 
0.306744173682411 0.308532274910515 0.394185345572355 0.021007308929143 0.938125685251393 
0.362944083244470 0.339961535301150 0.784029692879955 0.414884618842996 0.832438898413222 
0.079572480820419 0.964073563837482 0.393495853455081 0.559862246064954 0.931156893066328 
0.300476204084789 0.718971243145687 0.324544369554987 0.428505479432830 0.143702380524341 

jump ahead by 2^256 steps
1000 outputs of genrand64_int64()
12304649198723765606 17650098105208886535 16852684842504100358 13839085716212090785  5443738157212288883 
 7577574149453954859  6676556553270288640  7826493636034732265  7846331938369065894  5415141147043615136 
11514360336756908893 17389978493543875295  1442927611353168464  8102963314336392519  3178985029262283851 
 2544832526179024222 13380488857760947355  6288383231739776660   209706144326337474  2238641949144305694 
  168758768177933120  2159126712438446777  7560498167162860884 11794821142014676439 10374698020835788962 
15220078896588469260  3111767092827946825  1557329214433688600  6940422921785751000  3857005411697798454 
 6986087934255870680  5923687785572502730 16353213697719932631  2095447475405860976  1851646779309845733 
13889996191335996812  7451341243183662480  2774256882189274007  9835642652341001102 15630951884363911511 
17449429072699016327  3039231814192443819 12191117511263367628   576202437768894905 11798179058317077836 
16668084720170281701 14083331043628944528  5434433202885813831 18014539114595508986  4668638705648057694 
 1102002002711585964  9878217643465835135 11749981180747264492  2403543356316187332  4457737136734516534 
12239661488126326876 11276503057937279602  5288452071280563103 11782194154478340965  5377427814704497421 
 2923638043421687090  7384005842051296149  3374831187685749005  1371082869625110025  8545220055338503156 
 1755730606949875792  8679692354207469146  6403715535691297668  9906694404089907371  4526846424236891523 
 7580531155896409119 11652562554608324584  5590807699194258181  2025724880923299591 13457092046109460556 
 7033208473316600824 16115524762021547196 16463635135368815556   621121628499176556 10652810380788307756 
 3584070762127464436 16225467760239205285  1930928468818486685 16814125316381844300 10202453085817486071 
   47894860550547469  9013172897041771788 12302586756638064713  7966654946255283440 11690133933190516341 
 7236460657108102732  4424687659100253833  3563660411061669103  2544238633534848354 10202348291363676608 
 1343291826688661736  9482122200404503449   906600765442736029   553891358558056025  4512005455506651296 
 2543947515615950735 12812853038435824291  1844132566184812412  2311017872972181084 11068699455765784534 
11733188913205736584  8535440966636560294  6739093318269312670  8909216823189797099 12117073309976025140 
13326296914953716372  4891144041317387307  4039166926638489114  1650233940454776633  7388451426122293571 
 3802315279542033708 17956525277670976519  3480689689780406951 16549106304951595549  9129881548720807137 
 7114046044218071650  4456460791671826183 11227567559303561401  5742300851722489708  7326420554068639293 
11801592058024917721  9505042298260918908 10116302783273765360 14870223509567698256  1247006433281185001 
 5333053966186769850  3714744220441181961 16269075749846656912  5568101345341304620 10451910822982620243 
  997902993622117089  5471338541276050940 17222117351483314526  2826151866817410838 13418423407915045959 
  534074717472785907  2962895217249887560 12052178421437745838 14080343271455489857  5965940898285549996 
14812702874359370176 16963397194886008791 18421865622328868626 10794407243955201364 13270885814232540703 
 1785025136521799696  6916647481016710649  1494178787883357954  1460376308082060012  9634863433148286702 
13889072983984439848 12678102573646596467  2304448987978309766  5644582220649791268  9048180036576943741 
10833759315989878930  2175880101725892130  1507241991391408978  4906882527142056654 13608995415087916665 
17612219477204021159 11183091721046854204  6595920472346880851 16036921998022132751  4019982315902812937 
 6705886059715535319 11966937801778918386  1129067430055255584  2140333403681004901   865398340560335797 
 5820304259997595565  2733141749586627098  6059118443712767764 14606602598425952335 11700046383020464660 
 6829471606470315601  1928917776041095127 16685302068616138807  7061289922701138294  6783459045830007729 
  484960937592371758 10899066937234939746 10912700161422883430  8878758429620661044 15287573998516856331 
 1379468996252245270 15756387572963424787 10563702624280084453 10890060611180114275 10753123268135374702 
 4096848410281210248  4341428083500697932 12982120531648030187 12928384709903624095  9899169933871427391 
 5447249423781137511 17922361422957819148  3854153778752518865 14403282202458769318 15992610124432559164 
 3460090798917977179 10095771206017494118  2476730098141134269 16582716189653534938 11254188252105267759 
 5861979748193658608 14220890361986555329   325874610321565841  9282747346265566570  4875675112161229261 
 3869250519770364200  3295403863823911319  7846994861638780680  3250652014577933298  8211957990661453683 
 3359634758164340594  7219145147309033107  4279389972436636108   380800313583404576  3846657093246901699 
16370821503448884102 15131089748715748469  4096707911794461338  9833472600343555119  2730515446907625382 
  508742827984157698  5846257021423570808 13882297619952965665 13576401138067658444  9571062103925638991 
 4821173589678985442 14651813948832568689  7679170387519298655   912011461363006403 15362943187085593405 
16920865913623852577   317547055631356861 15511306441737457878 17129175006921624528  7348497268728570589 
11153626998212521383   701255394271303080 14374207056429298117 11439581934826595535 10289535503174329841 
 2062061921006192780  7949534428105464608  8591234059507916282  1943647915768855547  4467571032426193681 
17505492410058767453 13859410733235045066  2321162392155359495 16478511343342126155  8277864287471164634 
10840749145968398353  8033862967993421973 14993307046991689518  1974819122817546346  7176846826014369384 
 7166605138380496099 17898201067122112873  2001069575615433795  6750316257253242248 15592726821679354429 
16343277514277640298  3321284763521294238  4305817158428295406 10397474524534938528  1906712526905660973 
  558655307536736624  6770963662909894507  6557510356504714877 13509370388793557176  8513682328232532131 
 3944642349491755620  8817698925409246597 12474327079685338810 17469295955654368715  7262445518809807589 
 6045824633559854695  7513204515908878917  9136301173022643649 14962559873070913051  5830364822262715009 
14219747622846057807  3354649889581919212  8528098854132499762 16193139725234333134 11369093165222070020 
13998218599417471905 14347684163062518402 10777805522986674143  6448682701511995940 13366456475186903007 
  245804560138360963 12024547088736871525  3343711322935531492 13740019910637841147 14506402203857254396 
 9458720541737863736  9611458256583351600  8437034412007650347   329577518914853865 10367144775008850733 
17234584158339266975    17123819681008802 11043919888015272930  1856363421723170750  4446186149025339921 
15669960736496250490 11896754112185858350 11464250761363161808 11117654428939465879  2281912138080817199 
11612291609695209062   994050458239306091  7509757472828124201 11112288422867403043 14969985166553911453 
 4038812856984760442 10593768163737412442  4318980574506535377  3254466359493603492  1299486805592505533 
 9890893064918126660  6226986969170074321  6473031497339003064 11853877500989446758  4766881617802545183 
16829194523536116912 13088173914998539069  5691011955462396421  4398720457291419371  2653799577520513997 
17492083731859952244  9900213547115927579 10182391388690215129  2226596824233979951 17398394929520738053 
 4959188262001669365 11921601572229717684 18230365442397869571  5688900360575700961 13434822438561943631 
13318549692136855637 12600685609732292345  7924252895569271324 12847669172090413118  1473529127828018621 
  788698269403928428 16725039482847242652  4350846615776894366 15458364048942534551 15477371080282652110 
13272822499761878504  1663737249334828454  2840015452247452824  1461381380627652949 16851266138931849058 
 4994212937484662052  7049274401987150329 10397036690416647320 10562590640467413729 16386919381434843287 
 6146410085600006687  8646375490647556251 14420234563918850551  5585190608627260064  9872498893513660278 
 2132845703805376545 16456822469906947474  5094569504970457097 18172449967844842518  8727827860280489110 
16524661340833779899  3142127633231380890 10727919323533049043  4577091927089623794 18035219676462534047 
  920797837517298742  5776782293684478131  2838322098471772635 17874401368935459933 13893834393168026743 
15464706534362501925  4905326073130471382  2588583248939756059  3238272105253924158 12136072610303811441 
12787022649326000290 14016994060877526995 14585180411914093677 10189163202615921223 12764060459990074158 
 2656991203147776391  8350810596654366396   993590728862146121  7985262964598078779  9480918339357119568 
16431880925951710605  1951231752230049530 10271289739056146768 10868099924000079879 11387695960946842642 
12758012304756386329 17272561866986260540 16359339296388712689 14693852985904725903 11033793410215414674 
15557332659400274521   525891886254542298 10686045856880803040 13636058031339644566 16632142011627545381 
10619737984424464383  9443427452285429904  1926951875157962716  9511542386413307256  8872410943756008861 
12301473487965133615  1622326967252044670 16936027378558664432 11274370401606569032  5130315325711318740 
 7355854950642816340  6789622568138952978 13063776946201769345   990053375231977148  4922951424383191268 
14314417758099250493  8529118313393244916  5211503499239752516  5261222251698029335  8963388944915764281 
 1094811630147998538  3078115657933788939 15597854557357935708 18349859676603128266  7035805681446905956 
 6084981331184100538  2803257604462880534  2753070733774147195  6212537705743235922  3010015405185660967 
13188150974175667674 13410196104655678311  5651594749194498331  5228959531715474247 12712341858760004546 
16070079881398287836  6428653298120659830  2729300633126425451  7729233137114426196  3080930487801195504 
 4868115388728106999  4358957265352072776 12756650390017085491 12518978497892677941  9222321088041393980 
10233205332371479439 11338163510372795867  9158943929124891975  8263687805047712284  7097265058009841339 
 9799683450024014518 12928639354635498197  4937753189649754894 11861181915028162704  1464093744190145009 
 7666957623964441591   793511945726745671  9710969189238823966 18231893138119939355  9968973547831807986 
 8318389362626646437  7145767775066621909  2930569971714499599  1925789195017316593 12463208858444257003 
12641025471982760719 17061429877633945669 12297539541261501650  5438168811059553145 14290586790479563839 
 4109326261244783472  9860126964671238013   343870114906621957  3916806640166635590 16045055467228587139 
10420639951297590909   233622260661470831 17903759103078715292  4363928006425246632  9397104512216827026 
 9101616240059161344 12760107629305929749  1134067902409503148  6867127383330608402  4232918077390375290 
 5643202909789008775 10486553797472143257  7252601695796013277  9646052504301837971 10443906467742318609 
17747816879470571604 11784749443374778566   581417840251500488  4179533090887616795  3651327038123129377 
14919449131726223802  6943443482645443543 10649960669892090641  7593984152803393230 14160937720095148253 
 5818073144868902706   597479456615186453  2118125838374736640  1886790771875170688  8439530276266979267 
13821519782214699403  6680355031035441502 17460717341898794419  1838328440191662646 15834230410747106240 
 2149442174856452614  9354057650253110669  3843894036694006104 10229851359336536833 14364866617780000408 
 9807908698584478134  3189276584213210325 11815445954065733914 15016521918494622295 10444343844192760105 
11208369385876041768 17860091802706513684 18396951818263600024  1365696873882079542  3965975300551523197 
 4856110160107897532 10422419955439257755 16388511648243502761  3551557645983537445  5116520181943442079 
15691635227402739189 16022276538591737465   521037284929913631   805443097207711718   514692648452784205 
 6710256033220766595  4686879270340469862  2112597909201470396 10244943703000288567  7514819307340706767 
 1026482715684146961 14362767253238281258 12050582406914984235 12524774323914098582   321905450424902526 
10906856205624420631  2323857682569316736  9181805610043038231 17837465501668257182  9591306110371209075 
 2714490518847663160    93614604850641009 14967416769303000013 15563159007696835175  9230576466373364990 
 6042754500016201391 10385381320007057081  9129222023807515965 18237163943618592958 10974445042813174035 
15709487284964672629 14902250171775080479 17725335036894565290  3744902779274415213  2106017108388165638 
 7076438363548253390 10195988919795788971  4555102969426913033 10533408475951201775  5113958096249847427 
 9521508742095146934 16152684217549379987  4068036239212761851 12597805827893285938 15251885103491850113 
12639864672316913260  5849705973018685369  2796509541265319768 17696992697273153270   223346133907331462 
 7322843631466039166 11819540651608651058 13378335323773049893 14119004242432048534 11921183987018625113 
 2420387661720699461 13603967998442074681 14835207920596346480  8716717810509238232  9712510877902549507 
16567589369419361218  2014784093421880676  5974991123241940471 10606787461360357602  8112146083438595947 
 9799125161057163439  3228024125892597657 16237100708537501868  8454866401708315770  2203902430932927813 
11051587555516876940 18006685456520448432 13904096351236882332 16810540454139423644 17889564841726522265 
 3286071288399468858  5933483478492033371  7173622595869114081 14312159761413536794 16093874813583834362 
11746813159233490252  1293253405352485891 17433963823981635288 15753023002405373077 11282394520259615000 
 1492049556024856992 10051843067798723214 15003627995861788056 17939577935083987711  3918675528213493209 
 7081498462395848378 17397770154891164319 17897615818631108445  5954931957520359732 15574760864057899767 
  312299061816906194  7778475201341201781 12318915793574036093 10997034599521984169 11342582821669666761 
 1821556220939028357 15135686682809771626  2956065842609625662 14633308566366253745 13539008592721559528 
16295704903545135846 14543112553080404657  2200293369987145714 11237516625258175422 11045096765796937418 
18438329915592522586 11042964579072148345 16545502880274221825  4105839709457939879  7183249263432143152 
10227163728196131458 18246423212349135199 15998764696776410003  2316992247170174341   460482252708851963 
 7706865576195262552 14059759463138457152 10319393613743208755 13823010200108878243 17318112976298563014 
15274626363464573648  8840420453820219196  4566731050249276611 16168647587117285841   950418960161662271 
 1295532033857275020   718710974925599709 18217967839885368970  4574751205052078970 15907883985229936014 
16732123743466809810   530957602396431463  5394814690723528233  6461470673721998230 15140332247564026296 
13702774554407630337  1344056908740754694 14046472991399764201 15065992037131187229 14644678445549646764 
11856331859768669823  9911862160922340938  2552527733172828641 14359708835768463037  4320245501406105002 
16404150001132813532  2175196030845042332  5326264479023206314 16346258988074356392 12323706825493025858 
 8082518068553478619  1772954056677172419 12670080603748675864  5438905415511789596 18434132145311965567 
 9456692085950758697 12468836774947536393  4093251168281824042  7394210358170502255   275941159906587274 
 8747573672673995148  7918607476418769900 13221215688069859515 14915433657486866311 14552095458129104531 
12509567362006535915 14900202802633351390  1574537681030698979  4500330274929429346 12390364908417178371 
 4242276227731134392  1188276097928559899 12987377713768768240  4615641817255367920 14795958496046643845 
 1055349559071025608 16180478117059216945  1664791635438982246 11670071486459524980 11188651376911603094 
10436788690359957455 12747745350640634350 13619159848769558376  5086588125913624724 12563235887024520323 
 6403177705924251928  8923462092492598279  9921960096230366396 18408063439974403356  6443958148286859560 
 6486903366506211316 10450893436311400006 14938586836921243163  1374641927206586505 16041906044554457936 
 5018761757419559286  5002513938962544358 13257846672580436689 15872957695464198139 15823305020580390138 
 7261550805733366172 14848814405548236370 10669271244359192585  8932821844780625778  3951504265329061236 
17406787840451460188  5602783061269934655 17771135341802322675 11432246714798413911 15468509073187467446 
16920776768407766799  2864832817384183510  9079410409402700872  1554019191391199398 14802743218922034311 
 1633931712658110255 10678341097605979586 17973357028349624375  9597314856346228714 17274692425449934308 
 5428132967987833032  7805207093788908821  6643379207076028486  6328779325985064601  3936083662111133232 
11983718469478584637  2949169098006733657 16426864900984005921 11906120053553176313  8552357017847692848 
 4138653267552477322 12338599214321284475 17996991736991011484 15178079166819694244  3933196033990619171 
 5458271091679017799  2101195523957195279  2129515414150839625 18257785983050322052 11009485740090235004 
14878498481307863724   873072957587244552  1115349030550287228 18072156059251730839  7506715608963343846 
 8295413453661433520  5065691056532772973  6427950851010398969  7402699118313133390  1992305693582761041 
10010414260028112130  1880972945571723421  2797508749228300493 14110839303396081919 12937699375301628488 
 7029687504686361824 10074171569392298838 11047040172529607094  5285741997304376083  1305168448562685634 
11148430146373448546  2886637385025096575 14285004090879109157 17527519099782451866   627806900966942739 
 3310071849581152674 18363935350672881683 16898152146913917753  8331511817808589767 10809632895095877137 
   91933809933611684   796389741478374842 15923831200852663168  5897030069848227787  3705402302778266163 
17225064229399600616  9961906260705958592  5381469746988105872  3792859326093176392  4038667348529309539 
14776957466119407024 15814443505218274064  8005548104885688727 10999713620413265627  5165539876074467224 
 3491451946283058991  8172831945513287817 15773447478034545993 10651925835027564273  6517314112802086844 
12759622058591102930 11255813306718801782 16296244882314979110 11505682276495239077  2591514388992148305 
 8354585612358440143   887384023511115883 11264521375065120435  8754672469790906913  9674898320913764814 
11277884655814423304 17648452718271430945  4055940631055274647  8033645474033220863  3115944795055708017 
13026558981621750671  6250496812792511523 14637499043475621895 15799420763101418508 15052747026854659682 
17793023179995071499 16468535156462938676  2515125061318459320 17413170014086236083  1174625362017521427 
15791632336322794671  5903091596420635673   953373134452037728 12965903904051560140 12692847319408748334 
 5643685023505200528 11077571598423982761 17623021378943205008  5716360882243808944  4837242111756039551 
 3387610476731986801  3280911882839624906  3428226369932327078  7622769696432445993 12887672290517809988 
10468327674866321866   356975779985625267   173726283746525308 17579542805656078563  7980901933423834585 
 6558263529549621779 17535865519501468812 14371342191654926910  1662396962421477192  1340035086722466577 
16495252998337028099 11676672290211547345 11260283809861183960  2901893876148412895  7268683978915218383 
11627764206615241382  1248254498596211340   154885213290896606 10173733078286782607 13626445056022866888 
12396082305305069537  9233301423451283593  2227962823939660180  8287862161195864845  4789733047873789102 
10929283351740693053  6338795758050594597  3401460524108820440 10799842141480622591   214609861429423445 
 9298815967522618421   290177161174438713  5190820390425592008  5621986714910817748  9761981679286845570 
15666955071645194105  5472394948586617227  8229643601493664258  3797513384762078261 17301292677693610186 
15681509572865911446 11843083214622299180 16387037790938941144 16919773163654009511  1163253781781779117 
16210161950656872670  6810985171138407553 10717512805900067979  7469556772398906428 10639887692894991594 
  717291718233770124 17722292587672921186 11738851765214253659 15430875098962527501 16487386541950675174 
10560490906199574314  9888956436145947918 15638201369274516199  3292358249608082304  8882215753348490440 
 7653841569180817144  3230717532786936852 16602517390226422115  7717022214994642012  2259691417900544802 
 5155732097691772953  8443653029571885621  9503486337181836739  2482225062479133899 12623930716500916874 
 2562477483648681245   626593327644499693  9550935161226895613 13616479868344554744 17800901714272523687 
16698506910328740579 10532933665530239932 11775054705895253288  8132317230446508859 16231847066471940609 
16362026653494022587 10255859250988846667  2081158194972894615   755962912498306858  3512899533274603023 
11766936969662187628 12704634349456763262 10377756540801034520  6106492200121183070 17947862680187655270 
15142355559702937318  7155127049724093669 14490720093509831395  9457459467445037392 10687491252395879671 
12950877822632080048 14982127461507695559 11368320927073210745  7955424087942427429  4495268359221862115 
  473892828281899969  5968816287295493233  7763304857903859986  4870821057991829521 11439605607115887353 
 2158288938202179955 11963507762806944906   764226859002685477  2952410693393892027  3467414313938085469 
10621725236734075349 11792205570763783484   708918837524575424 11087609961638866638 18133995149493315193 
