1000 outputs of genrand64_int64()
13580653471260351631   973085330299955016 16859760210403720947 15653845651840737603  1952579246773371037 
15323554529775581425 11535474742318547480  1642782542125861293  6487856619246701085 13459248361218433611 
 4202443533840151779 17224311530251900597 16338518960824088056  8233726702020930293   433149293767737740 
 1406050482385914372 18300172931210550494  4384914375810493463  1133736856065595751 15685332896043776194 
 9531005427780127104  5620939151287601958  1639949102597740307  7312551346461782652  6547163544156838096 
 9561341812805709983 16944288050238694726  8161949056236530322   100390112735287046  2920873764957562449 
 7103716500033848508 10010487051396994260 11100586775461397504 12054413284559840639 14279228129124058545 
 9586954852181128104  2088370082904613377 16104555556047683573  9913541610591369304   724158936449616894 
 8753000404984550373  5094299889145349618  5720484386835737321  7161200921445970544   329947411055068503 
 6903673633095832947  3376710737545372398  6978273290756250510 10399759905793558903  5724903250866203796 
16955585738703571358  2599280474394803038  4370599425650112815 12692003552885353658 12879428413248562556 
12875954206407803279 17455434710365547568  8481781676304917880 10418557247554115407 15532213973945073580 
  782024792892412805 14111649966939035457 10694463684485478250 16670917656939775320  7898560845431942550 
 6571133550828176958 13922331877544197663 15618949190430501238 11452741479723183761 12622049879110207589 
 7419582076780772469 16789258636964128123   981569485796567291 13769838404712574170  3357607105294757722 
11009856205057417782  4710604197300342474 17644930413473531843  9353739276724728364 11913863027188983984 
10569970874455093048 12709053223205276520  2268190615401043701  1399478978629014754 16597167243709705739 
17943025463862258208 12380017215819015601 16518907028733207224 13507492785071935865 15234698503280345230 
  132156943990726229 11524871477096660984 16675174880915490320 17220542769640180052  3906362048781296163 
16830144772330653990  9954328026738843670  3065903817127471681  7686939076356199605  9519630786213400498 
 2547483747673531392  4696110447422919484  6343548099673139559 13564491532199980217   773437236636023056 
 4627353075159343457 16808962186481737356  3282542701376203494  8884888489733456216   285077483115429148 
 8037575466929363433   879028487300515452  5422148328921567353 10699983110413728463  5447693167255803001 
 8624128909332376013 14921156205275772519 12388249185285894177 13512121484537107811 14770389937577944881 
 2847563815804485567 16941587899585446563 13497332819063682725   689812105371505128 15414506779761311786 
13474492216262124804   694536433054457363 15418046090405827894 17622044537604452753  5761438714775226976 
11772303865038909158  8629285531594546647  9362269013110493210  3200349234710294520  1459243555851830304 
17511635543460990679  9036896574360422959 16314643220976515560 12192527522910858733 15955003064529359270 
 5306148280955639051   437750635464453757  6365364297869147177  8140894982719661895 11878387300615874597 
 5594446082750689919   919592447905041264  4070481009279707041 10964212560661797376 11480390371732548460 
16647433509726174835  9854093668118169872 15066010257782931144 11804949816984409004   491567632321580173 
 1719486110031366859  9572804105156961026  1478734288402244975   916569381002771278  1367639606546302438 
17201207683346079908 17685972652238982792 15361054156450312217  4303336687421602559 17906687364314046574 
 7025212615708198441 16359555425183294291 17501547691705553299 16887096196926884551   367502103564125490 
16773069499996608031  2711757853557741922  2696131749938698094  2259903150081287541  2793862032318738143 
 3473238062061410877  9684953984244924119  5821043823424937965 17241454501137421391  9665354538059080105 
 8215744608283709699 11142187709997513639  1883065917270187696  7721858461889535714  2545246790210594167 
12486300890797042031 17956598472925188663 16436108142488318017 13835747742865364605 13490855285492793309 
 7192688753054875160 11967604133808586320 16303902940779367703  5915528492517161903 13297723609993704238 
18304827778783062582 14959941731608989254  3920353419710377248 11104007204084359186 15287370875692641023 
11613490014619969787 13530150891902135938  2475518582141734176 12474171410918058559  9046473887293249559 
11806663963153989558  3927707390479001896 18271503359270114628  4177551251296570808  1648312615894131445 
10339501455454822372 14429210305208812723  3288093346674379751 11113588413247169584   961257355340123132 
16802862594923141137 13934703051839600051 17366197004950345206 13772947381339425075  7021619527388827622 
14360745577032660634 11479675159844430919 16175177960234993002 11308829131457859621 12636718605129007926 
 9377235690974360526 10153626191366050673  5083373873894932918 13280251792954475719 11939067898670610588 
12940267226483013705 13255031901189047582 17456185121591522206  4742596584022016198  8691551556791933226 
 6475425974551545091   152380365232637079  1994468319774082519 13459582711961832211   372777352235668180 
 2377570992044233938  1502241846214652042 12213238601426053578   884683112713303960   448291456655978218 
17544599146896199622   943591749801211926  3501702932858761122  2136051433049266988  3680829581428145648 
  599543746132923106 13105930851102678621 14837001927132749124 12982480378176660997  7351941814925379748 
 5082523748687146305  8771865731927107326  2224621095121154250 15197443584371810237  3572276323794493838 
 3819175960269241897  8867018013527603961  9121535313928746220  4087494129668156138  5314931155934379065 
 9824035505079194681  2424909041176883926 14766266514033055494 12167192024647672560 17048320253126966998 
 9376170162032734787 17445954582036041477  7594163895266957315   107548116195064122  9999512419647591241 
18385120268617291374 14539588653132302007 10769104606215726155 18188772817296991975  6287842597189046582 
10151944560090145115 10106434575556731877 13664759221658039279  8545640399385280860 11227937300863720082 
14770874496146570359  1949334921603888068 13676645644060115649 15145209564903497316 12575865766195330437 
  521536883437333023  3853680414251390658 12614612148196191614 13037266741442821243 11375049873253463727 
13851099076596281281 15394624162678203469 16917470217177877369   192107773292940529 17238020007672625680 
 2711153169674618277  9009291665676744975 15624179473195756960  8062369123101134758 10717488314116789023 
 1471430896010373328 10936170554077003515  9479116104175682869 12582530946429426097  5389482772824552328 
 7372919865514092371 10034027248865951626  6605745648995439662 15051230137336644967  4504121494905531270 
 7854375675683116494  4094836069659322166 13932172608306300368  8563752921737216954  7068929896891899507 
 6903495376934649070  5136042656572234144 12312753591831402867  2485462560414651533 11773808018249302220 
  700347954360993713 10160475632240225947  2124334767577564371  3073665333866400369 14866000084594119375 
 7247053514283214399 12271283979950437306   320396488171294951   325888278448930700 11220512946829110808 
13823872194381332014 10286619505075928206  7821178867667072616  5150003952585097659  9345155130695434113 
15329658804434008189   839718118244503134 16199232737403813712  3983198605297708326  2810586659058313642 
 4055581302062674020  6701982933744557860 18169033881375049186 13342682122149426479 12046033652400646767 
17007301198344105857  4857874963690068483  4854835424488419980  8821077379505957849  9625851376223334878 
  725430528027745540   866230267985440496 17685303289444390832  5629631276425695981  6809662150568641546 
11592443613299852296   711850875526693155  6237896311660351256  6268670364543168732  7315980375142405206 
 4925677056479127377 14625347723535632966 14634866331151103534  7948496338847416362 16286986020007496745 
12898915694429967616  4805496263856500482  3327591199908201625   148513781538403567 17920002148167501963 
 2167639208500698887 14618340946779293240   894697690897470069     1698479118822438 12543839921643995545 
18396097298197924444  8770522145304033434 12421256378651616711 11721594454302087289   683926217272673312 
 8566045329855593237 10703523610166375928  5541698721445228415   555940490635871877  6451322748155527805 
 2411868860790103450 12883485752451051977 12117805947598680668 12340169446745381471 12548307271222296248 
 8599173317441454166 15363736311445413663 15141489012136566927  7419951005456356942  9681568816782313072 
 2587751765687866799 16586995932043836429  5729874551255414144 11703422232249906751  2396734482011847822 
 8549044248883194787 15983782459230748141 11878109824303816712  2862892396053459133  7329649898784228650 
 2076790524562706630   241620704204790684  7875148873776560149 12628031528977275336 11633769775696880856 
 9206310016856027368  7016625098251244068  8677378442134341831 17509143344627059053   654453136027105251 
13705236461640382588  2290613748018611953 17092631368512733450  2747981450967485846  5865922935779958603 
 2251822100270504920 11318909450432243438  6312827830683033526  5534789998398433398 10442770303238098128 
 5471701952835778710   223973192188535249  5614326920359268718  8208701256778231082 10088032316818090757 
10475373729898149494  7688739182698040036 15985859104023483310 15326947011381237396 13455148756954560262 
 9545852907219236202  2572473037875104576  8059800792209213140 11517433633159152850 10719099105475954868 
 1336834323951287426  7994281813139999122 15864260079809034617  7000817121100339897 17726136816621536664 
 3673374124591078423  4650825987166766739  4654899004051376399   200248854194949906  6966814734516198005 
10326692848561570846  8525737291456474895 16679676016688838850  9102746376737880580 14992232291474497418 
 6616189261968520324 11301711790185686416  1158665301365347445 14378772395092342615  7755512024494267218 
 3810638384443305391  5361207223295320363  5561604068140573191  3579988335400759587  8749446648172480466 
  658681361470894217  2092106142423230027 12241640838270810023 11442035531221972987 14031654546438310347 
 3078181146400110333  4935801804457189727  7228237363817979126 15057765619523057527 17530669912409865387 
12838136737638980690 13661376937028148097  2269040072040894260  6141167440387637021 15565352173432755754 
17224363636487729673  3758353623171718940  5056756207771117320 13703037017574352995  9536099946736580158 
18240929475529256447  3990000896857422181 11051089140804149653  4987623223241292256   400379650494616859 
 5534174690413348677 17528136702758931380  3472397777075893700  5811360703645836968  9126990792222588866 
15548841032063996576  2776712559116868145 16138634866326786542  5799579535773126311 15291596363380163902 
10051087365364944360  6900612129248092980  2885214930749214084 13262076802781900925  6272796610305687226 
12526385860044193106 17097372831756792382 15529535090864939499  9036935271976796116  6430004199286309886 
 5776388196836481443  8027297553531971518  5866499158600605127  9497521776730266786 15026877489714654685 
 8755311521855552761   389291276763326563  5493056120935779324 16534768339893655267  9570268818888519778 
 1705689650078670213 18200612766610293719 16179187780042616741  2008882939788234695  1981096036889856743 
 1503089694490404259  5253768252006058250  4386215048870370988 12392054326147171566  6772985264351740550 
 1436261699062195220 13222294290657741000  7995490330224745685 12197005026817733592 11179586731151769976 
11522388681828500425 17556160704038448308  9654664216076046981  7468833895606148770 14260596259934588013 
 1585401338832368361 18015341793721987402 14955622255282450340 16458072002302013150 17709230423325345274 
 1059135754544153273 12342056899203512709  9417690239382617380  2115472262624733888 17393580636184050738 
 4688807824724558169 13397947286152000239 16028694414365085153  9574342959136870841 16539498589391467828 
16737649191684318699 13142256043832803932   230498588284419592   969324626141260596 17584299477645520418 
 4029091397273425222  2001302022761262074 17554435625902357011  2202602237587674621 13076253457532930875 
18018760824912978567  2773490992937044084    91614084833381638 17925295018546535951 11738893354087049446 
 1791749751954975510  4517460247186932390 11330241905720124831  3798257400192904043  4050480825468768078 
17687884489240661795 12542115915886134498 18218395232631172745 13906113444637550547 18087329409550278548 
16665483972342212527  2765298922991050030  9108190573060418795  6487876230687628850  4686117371800644634 
 5592093541503155049  8030475163545322236  3009611438180849754  5853819457149175247  8536041624640495371 
12210880496187274018  8105478903496758452 18383948489580163418 10760190566285373139 11095050198726655176 
 6809497066581221837  5237225071021012610  4425178326500031130  4015670605997621657 16150117824986948404 
  791449683993776058 16599212391257110734  9746140406727050396 17623845838870809788 14413032998641219712 
16698850872153534016 14889612062010219317  8593179452443177263 11002333897698905011 15390618919513679707 
15793185021166066322 14359107455003630219  4086364763844544163 14875115147929148271 18212421971170204032 
 4625169311453782838  9363382613386712349  5711017047315185690 12673545648855681523  5049008292428187135 
15800658573365432001  9065111787469921353 14110477682146324664  9157569718494221443  6137464949197905165 
 2679106299532957681 12419714184531416415  3993355222995928521 13325131681940934925  3225999385599034140 
 2909673962523358114 15153907799275483925  5110348804109076539 10869004345644622676 16984720635923494645 
 7839505337562009767 18288460069677714650 17181767418403503456  4810867773444127853  5664639815250292643 
 1544088775187468549  8073757118944280133  9687263189429429238 12138333120726997876  6208203145780664435 
16822260398840191563 16488567602132825256  3600610357913138676 16713200451917502737 14627824803317410030 
 5315996457360949082  2101373299430287483 13819883274056677600  4434830310929436053  6926223874061710513 
 4076711732889797924  9027134533617500084  9776248057521181786  2186395519313977998  9424936632239908874 
 7436116997946762805  3133220176805824189 11396969733010500348 10528047086313130830  3734532875759387952 
 8844527225050764690  2574609142799173979  8805353232009842017  6960278400066223704 10841964087941694883 
 8011346904427496961  5331879661473969043  9442210345154320737  4894521955723544215  4246235962393228219 
 4167757384540089110  1155542501860117596 11080255408004160654 13343820629754147761  2863079301860555574 
10360821277022524819 15898372052353573529 15622365483708271898  5112583291445315135  3075473975460159054 
 4411868057533888041 18030553069861793222 14576954251498980876 11612340457257730250 17862902897198749510 
11103923806696241107 17961192945949371946  5135249430176070640 15977221581481484445 16532360233832028556 
17261179386185046118 15662579217740952457 17432518915052635125 15626009887822190055  9700256152205574583 
 3410163821712064123  8768519930269995560 16486695599299391016  9003348542876196537 12730925830364416362 
 6771764670759457002 13446670947123559320  1082732194148338711  3534521701880025171  1375313428000254955 
17861087654647508012  6584141132712445519 14239498811160924155  6335493838966997111 15608917655315886550 
12775009969001829204 11209425486803214158 16240077914912576463 10702943626282746299 16706024921179569051 
 6250317123548396126 11618061940604601908   921790714600691966 17066214317381064999  5478508587106274479 
 3866424700200951802  7346569108594607389 11859786170216974885  1935621819379148190  7562650840133079200 
15394284106723549250 10195575080314142980  3015708291921774728  1327114601030368139  1746901074587828033 
 8975159488305451569  7790750894246005911  4720611022634536052   330926405848422208 17178270156649255650 
 8744512357002978228  9129945397894693634 17860282813898129969 17862071421404394409 13348189986499619455 
10133620906689150215  2291123846019653376 17692546363913046955 12413198198298227347 15275678562168010954 
 9205999098087907190  7904080235945267496  3265385068236054955  3889509499578544756 15591333719526176001 
15531820052559851861 14285694449343040752  8013402569612351461  5276195959982928773  3360543505259027404 
13129222572914233557 18175853808610785776  3776979603714442455  3401706558182488546  1954879649893587646 
14701198411914551316 17867335821253983075  9665246566533553229 17142282145705880923  4274730233894175959 
 7166360159439423827 14575717966324672595  9564981238949983606  3519966477946591897  8745228705031708522 
 4863702183877661522 17201839004445744246  6817879052958777767  6476878765940228086 16032663224674925091 
16511370498473570456   708660168517192471  1778502219156944034  5596674510410558348 15077218339700908741 
 5393066359650084764 14008658235147432700  4474890781106892452 16558496817729075252   431658868658766746 
16774080355365005591  6652475768740837773 13678741792429432244 12938786010430803221   308016890283038171 
 9851161283071889376  8354668994198395154 12569076984083805504 11625968794633946491  1703072804554238707 
 1251843179452163018 13412374072355688959   429595379392554556  6194050514305525380 13498091971347874549 
 4206127728366620663 10522450833476327738  6120300638574781517 12896260530176828045  2806297724136590434 
12543208388616716590  2580877239307898054  8708934846106435877  6309145525792234299  9334009323377991378 
11138178464746876810 13811831096000210841  7584587568880581169  8802680433001313712 13972861357834364225 
  223481712048051263  4298507644329017513  5161779130359544692  1382714957490997132  1613325429589799458 
18155373669725075226 13064073307207806738 10556357780903138327 15646545901039106124  7679617388636744825 
13660337116326958345  9997983997201933859 10935026328391584246  7407541338509948906  8247164417755789866 
14831380746034912705 16787601984195667135 15493965647996600520  1961268686462914134  6619545145037329067 
14121548376774345742  7450054852069675741 10653580648377259558 17190835283981429145 16988832899847442168 
 8671682941345780770  4776573294323318413  5016666849057415184 16018663408424123270 14018271964150606831 
15270520708360722408 14315021401216421561  4907169127677415673  4254676988233085717  2511857927180282868 
 6260627776897177227 14493502421681954911  5553835755411689089 10622656872077519962 15232894441478018804 
16869142626802672094  4129197398792347275  3360685427305607225 11798133855541866253 18106366520492758994 
13663596541655984008 10693643090815379506 15420425975728877237 17382418219709236228 16070495407958766851 
 1856379572547239482 17090081066426857749 18381537578252380600 10952868695465553771 12392930399699696507 
 2688117967508061198    95057736289571870  5794266473570403303  8026008211963280182  3642724230650104274 
12188894930268881974   440596137261301634 13473759652390648111  5885990816426267261   698844122950706315 
 5226945855816383757   177374114500531853  4191101297017763402  4084887470478675704 14899873561493247271 
 7817974566279020313  6782964432355371234  5604077518629440617  4909553218635954444 10989414161316098089 
 4269821192112929941  7456253403062036806 14805092125389054568  6263787689767582394 18034376805009717702 
 1545226462752461461 17333231838925204974 10401137790527414505  1085847381123136261  6335531644814423413 
 3011354637671986410  7325676041594783377 10816952632655545729 17184238431889616227 13473625666305896516 
  929885049130526022 16718963980994628434  5597930152629888702 13878467570870703155  2290614707237440552 
 5305639058867862920 15457781353167372796 18040394552462307887 17446530996681593781  8026253233576932017 
13459642656272207091 10389195757059830446  8600011728125459544 10687180584833924586 11656539907068105795 
 6313694143585765261 16742178627866654349  6092344515706855154 13200715800076731551 17134711720426495492 
 7435458791551570720 18443477706782674962  3776482677042891795 16298260643116700824  5791030563397896821 
 5139738042897858427 17449462596897734857  1191651708925818020  2251967435868820376 11279910402216589042 
14395981780047623900  2493639189795025218  5432479933285707782  8081699321202233280  2011440172878267309 
11543324079119699867  6804609656492972571  4245270397731075061 17914485191112247802   351627824131067043 
 6746916758765389837 13812814068311512312 17597433259250283546  4131997443453800138  2537235008284919782 
15397487671418564260  7470519307111958208  7191752616540471786  4574851503349848572 13452742279790106837 
 2342781663370091887   521255619757727919  5946354018683393371 10513001869118644192 13134430809491166661 
11364654733476135080  1934299496138914796 18163118529764519742  2862291753923912329  9071527010342605045 
 7534172967015321899  7900505746055645702 17424330387639055703  5079036326835564532 15283652583674351692 
17360747441628790689  8005359372062922216  2408121503425836575  8468554111985123764  4027668528057034660 
15746812237039207869  7037053576781455775 12748236485049016712 12208427937668796435 14265201105248649045 
 1933473540916158206 12104441277368956509 17021105643156852534 16833325931549500944 15230394391000625946 
11702387565535970831  5284805598177234675  6507849189476371602 17612586163508151382  3812695743851589766 

1000 outputs of genrand64_real2()
0.265838100528622 0.623822815309415 0.245358420800668 0.176782929956594 0.985778433007836 
0.942096424491594 0.485144175879187 0.511853316471819 0.633104007766414 0.306984981053221 
0.432347940575497 0.778583849483691 0.601033724318439 0.248859860961670 0.883292838524781 
0.128596699265722 0.643919387875724 0.617457226262590 0.997582186880988 0.476674443107877 
0.250404897183851 0.961685151444785 0.233303440780848 0.399941814902413 0.691821533700460 
0.308615035175196 0.858128013467753 0.568735102548420 0.175259793548879 0.558091884704019 
0.415942770921522 0.083689253447357 0.750246734966040 0.024380996218583 0.697337351815806 
0.462585075575373 0.245116445721855 0.371234604114855 0.798861799394583 0.863824909412911 
0.554505812476991 0.282411029887434 0.829892640126109 0.878706898322008 0.056885440422826 
0.164820681557340 0.688359591428945 0.751281161878026 0.886737979772204 0.496890845831812 
0.319339553550009 0.600337615206520 0.417243687518374 0.454663868077986 0.005510772080078 
0.178938603846198 0.070143746280099 0.443059628333382 0.336585286048429 0.897104974239567 
0.351026467589692 0.975734625269697 0.241688555988165 0.411258689117229 0.442502135524517 
0.637619734047975 0.731101498057449 0.938246950292388 0.643170399126758 0.850859415477424 
0.403222632084268 0.986860823726466 0.858750774622796 0.306200621798293 0.772107730644158 
0.836032632380294 0.283839753965375 0.773655888628552 0.470898710719348 0.209116050692045 
0.310794414996730 0.675046993678500 0.042438163526119 0.842446327579008 0.037579493650942 
0.891814552331603 0.300188048174088 0.526669916762272 0.228908929205323 0.711650868626607 
0.823876298688039 0.210848884689825 0.542909510123265 0.432975339299281 0.908529418084945 
0.660011944533343 0.263271915089241 0.770703430446229 0.285082794047399 0.509416074205451 
0.311563324605647 0.108091119794473 0.890982184170109 0.808309453640392 0.723238181140702 
0.192988521979436 0.434820428743051 0.622325495577460 0.859443776087839 0.819487185678847 
0.743510187974261 0.107733959211467 0.958358507361993 0.590862735802354 0.824713088510517 
0.588763591940883 0.997507000949268 0.267713582703447 0.073149733439696 0.145873641626306 
0.386076416711893 0.871989967226415 0.978748694740428 0.204779698929845 0.093631259684563 
0.282969458063882 0.124719499383837 0.281705865195957 0.455510504924316 0.821072596359084 
0.887388778943536 0.931533267187659 0.018356742318904 0.654190613436689 0.985177470064960 
0.663612463424902 0.211411315629098 0.837340903190112 0.446390635309616 0.976694482820863 
0.449983523692169 0.390480715007253 0.934006247009610 0.205485727125189 0.860856486394429 
0.559252411725831 0.776518932825288 0.089570232678454 0.386469486812748 0.750539668047872 
0.960460246003533 0.745863923405203 0.358954295414869 0.864489780499878 0.180616998785097 
0.958158961883211 0.988371165828268 0.566896988758149 0.334189701324907 0.726075269170020 
0.361265137246237 0.126854185132929 0.083639451545678 0.603429670431442 0.891114315087230 
0.072155346739516 0.695357801564912 0.776216890253013 0.247314778942034 0.817902342380222 
0.535416583165130 0.521384214255422 0.416274685908677 0.789270063392375 0.474987541946748 
0.571472761376075 0.567418436106335 0.412644172931699 0.732132859790303 0.301889707777930 
0.194925456949381 0.417916950079884 0.414630469172026 0.026974174512307 0.005947450061346 
0.840737701202783 0.948038990145073 0.053458056065224 0.264511154191819 0.364725644128247 
0.496614556277160 0.407889206002796 0.524242935792368 0.672811267377093 0.066625113835585 
0.342150454978218 0.565399111544386 0.211760758354682 0.572131404587070 0.260052250962170 
0.056012036820861 0.840369571146798 0.089535528210918 0.613929491056648 0.032409497507843 
0.916176128788508 0.313358412181027 0.132896836326874 0.586745974012086 0.678471951599225 
0.972625922533144 0.943614887346143 0.045542197449121 0.846514707043894 0.274684469990939 
0.514287278515485 0.783308490119084 0.090444984546271 0.610814626656714 0.485834425043038 
0.855609650701589 0.777936244320409 0.898881642262793 0.350860846474549 0.299965790112029 
0.419152814045332 0.889828247972479 0.955930281778720 0.035671779596064 0.206081175757635 
0.394363863260304 0.349355549978642 0.452447592624753 0.175418398120694 0.942655966576252 
0.717288378710653 0.370025155238719 0.153655258928881 0.594324291946075 0.113093554763736 
0.599016891173613 0.963362664242980 0.289243261396626 0.757490121457642 0.929853981300537 
0.163781717670155 0.159997409476736 0.657340905851429 0.534222393145414 0.785011543147335 
0.849456237971210 0.121288749209524 0.060571262086896 0.397727649896081 0.289708782436771 
0.405539225705398 0.031558819906411 0.677955273502375 0.417469759684840 0.464871306625483 
0.107664191628904 0.173882438200960 0.077663917560286 0.411086641589271 0.980240202735279 
0.643566664040814 0.678498766322958 0.823595068468460 0.257000865169536 0.034197762916942 
0.448549981050662 0.101075131134955 0.337850750588789 0.963743540836417 0.358488266755082 
0.042626369587512 0.901764556828045 0.949562675853333 0.078743782429054 0.971255945769439 
0.240779721082609 0.563702688616217 0.232644290011635 0.531438680810026 0.959348157767537 
0.832350522208209 0.894231155963089 0.149469864419434 0.851934575060795 0.067357323170911 
0.294295419236986 0.376405735560492 0.081471427240432 0.590641510040767 0.180451042058123 
0.023533511018765 0.749745337315245 0.567118515996261 0.752809069107525 0.944045434258068 
0.627913203974790 0.214338664884678 0.779615623046286 0.456680095450851 0.397353922736248 
0.968357521901099 0.842624575269409 0.794086283583376 0.183202557566070 0.411725021834395 
0.518195387828785 0.810722981142666 0.399575257816279 0.274570053363884 0.975252680891628 
0.070168076360983 0.441662194740847 0.891327404370970 0.133610469978697 0.921190763371763 
0.583679433601370 0.792137848657358 0.254511007835458 0.259831873608971 0.296586220677279 
0.848286480709297 0.891227396633559 0.813267810904818 0.387531616227848 0.195540919630363 
0.833333865778525 0.616089733448954 0.708784221644174 0.369239953395016 0.079458299296216 
0.517641196080179 0.742666500098537 0.822615471953755 0.086518794731553 0.514656353131523 
0.050092561154705 0.892404575590830 0.849906458543461 0.919217028603132 0.394376845857062 
0.457604450627493 0.738098869978842 0.497799936416539 0.315595416548135 0.986674886124459 
0.542448698739598 0.561464383462949 0.616287247851446 0.420643628754390 0.294417242822260 
0.291381578101192 0.305661777297628 0.961285710328157 0.270015997381489 0.846327503972428 
0.278539858476537 0.222974359886061 0.780517953291973 0.176059375939867 0.720931799722963 
0.939890110122284 0.761549661269976 0.854932467811867 0.665805995281458 0.314328430393182 
0.622698098645027 0.456044935523814 0.748616177196625 0.861712072712005 0.213702026638603 
0.149542539372200 0.831955018866746 0.035350248652647 0.691623377897209 0.994447127903641 
0.228611831779447 0.485795944049199 0.497393702751982 0.777668094828530 0.508872687014111 
0.004301956267888 0.769994925629687 0.958839919801353 0.700397151900313 0.003898337302125 
0.825663449757911 0.642088008314255 0.642421994605244 0.643602492635916 0.871418911090703 
0.231709691394659 0.861322493628490 0.796413086672246 0.949477701345319 0.843430793660991 
0.736792363448104 0.893408700004073 0.747417676146710 0.972985479764332 0.240169557945861 
0.661036621165091 0.838625288885874 0.622957243258305 0.839112182176994 0.912213418044737 
0.985096912322315 0.832554968922611 0.401408313250863 0.237419825466271 0.299964596846152 
0.010704290132724 0.564729879261741 0.606985637425633 0.937890417243336 0.223389384256053 
0.261599828540491 0.174835451495311 0.476155033439132 0.204706205055504 0.952399822559057 
0.252457074424437 0.465341685852748 0.680833676781387 0.817883459883486 0.376488071466921 
0.074112160737488 0.514761533195657 0.539521506152712 0.434366613688916 0.250140210601544 
0.849040181804590 0.496442820265211 0.076789100186976 0.359364228554481 0.496674703575266 
0.360349862399830 0.882053386357861 0.884940774527941 0.777620758480716 0.504493857108197 
0.018450743902636 0.119100390704140 0.409054239763389 0.993593440207993 0.650498752260514 
0.340132354041013 0.576405570483913 0.436190801442672 0.095801656819065 0.599685605117770 
0.390409439940880 0.640725733063736 0.179999005624870 0.447441662453871 0.055448457360950 
0.865244279122579 0.830402770217655 0.988721520848293 0.550545701060627 0.724643925234926 
0.405844288392708 0.792564071825810 0.538333646799769 0.524248790784544 0.193900631346463 
0.140005337676972 0.984591219967743 0.516325921559663 0.060915845054425 0.655414959224507 
0.901080370647541 0.260325179670526 0.846683351217037 0.557037793875508 0.092392070690735 
0.021720525849847 0.449344978948779 0.625924574312463 0.539490296691660 0.720699142425670 
0.531144314516716 0.774170387525106 0.482394071898604 0.216049681833067 0.495987955043867 
0.540017333950100 0.744016847591362 0.518326336411576 0.900971015450086 0.501170502771647 
0.932949290664171 0.415524757746096 0.376809959279969 0.745949552356101 0.368041156604793 
0.638840787936149 0.507484614440355 0.684944025020994 0.301850039263031 0.794014761585797 
0.804342608871597 0.852012239573406 0.577146442624133 0.980908513737349 0.903622929817282 
0.022165914578805 0.032898514879846 0.546192161586743 0.971855167252446 0.784369680499378 
0.011721700815161 0.993937352754654 0.732650744248179 0.272900980360468 0.870836948535172 
0.785780986768184 0.473071504424761 0.122668285529221 0.134692151350348 0.378801819920814 
0.532684441066763 0.006431217029608 0.703271802410411 0.778526304158870 0.797450556332645 
0.933340937091529 0.332820170866608 0.961634018934221 0.410313016577148 0.667727885241002 
0.574173043811761 0.863766177173085 0.548105779439650 0.427497020022839 0.747641417241837 
0.631098096555345 0.236220122444243 0.606179473380284 0.041639314110050 0.844844025141410 
0.662606765800368 0.357278005797783 0.891909207434307 0.903893789457742 0.845564342157658 
0.838745787322632 0.794065666540368 0.939156332193479 0.516783463658674 0.334509306792327 
0.340106346340114 0.676092084691733 0.309238951430996 0.485856021860210 0.116983660097928 
0.227494403772101 0.097300208647727 0.065091218267093 0.024255662503340 0.807104599126199 
0.858593266232847 0.587287121580686 0.767624903847899 0.483932202010047 0.271930547110039 
0.528053100876442 0.053042440749727 0.081530547572647 0.358289196390329 0.341457637955190 
0.700198858410308 0.805303812558794 0.621230135480867 0.800666355040694 0.403522996398283 
0.417323074584280 0.700927541563468 0.587652164447710 0.263570088167164 0.966817872344183 
0.079028559753265 0.249292437909904 0.400057893430077 0.114218914620407 0.488191093560275 
0.555732352933108 0.995795430793901 0.844007664212321 0.553946226257308 0.651148749875338 
0.049014659782444 0.781129576105270 0.923260834781236 0.033289656611032 0.303841802787132 
0.461691195772572 0.765377469431868 0.606506408540335 0.406940963587612 0.108909334611809 
0.320454128816041 0.083432225474404 0.448592688837473 0.756266344309424 0.446205677509750 
0.580717544489278 0.447287496550708 0.532897433201878 0.682794384796378 0.308077196314887 
0.962479099728355 0.686994284852190 0.657560243641960 0.833955353523533 0.713202846898652 
0.976996278596539 0.139156160882016 0.374636688495760 0.246258736151020 0.480694634558269 
0.296698545537200 0.158571388000011 0.561347178570808 0.100299080700858 0.095441462605484 
0.974038063226124 0.655306537316872 0.510460043692184 0.740228102042328 0.134542451248647 
0.683344333527527 0.809965288337773 0.831372627940502 0.960414506618089 0.703952349744595 
0.808188022265903 0.438901423171426 0.477665169895730 0.655739494555011 0.048850793874045 
0.293296120220633 0.663683219495879 0.010399906532507 0.086969143854550 0.230783624895933 
0.876105444330473 0.478263324750266 0.579656741098969 0.029513108017768 0.169459263476362 
0.379898995894017 0.047801163889676 0.258557638559151 0.586626113932751 0.164913465949171 
0.764397476715178 0.410221705705674 0.444419490868689 0.907280007424751 0.896428255638132 
0.742876092451702 0.121395541898419 0.839483998170678 0.927581365632340 0.960419713394350 
0.715064547466738 0.898479251076634 0.323943747002552 0.613685560123154 0.636755606838003 
0.558742757398609 0.475285616771360 0.841804866864632 0.107291019253951 0.564572551401194 
0.167554022194525 0.894073175049523 0.620689010508032 0.572942861763524 0.582690120766086 
0.786996478843276 0.331460296549056 0.155720534406406 0.915858875538272 0.283230194102312 
0.032575704082243 0.997353396837045 0.008673699846126 0.771474533244581 0.787361920770705 
0.283797253767740 0.047282935717108 0.471667172519004 0.305703684146939 0.173670972383461 
0.002603041029463 0.506722669392575 0.758911773503787 0.390169223718025 0.749413331606279 
0.159608251704375 0.486966224130662 0.874258231898157 0.863789092846872 0.057980101920367 
0.922590342653809 0.039834583820967 0.308479975470453 0.866659547405999 0.734049808979045 
0.114807637027830 0.098660779894237 0.865511154126884 0.846393496735729 0.173570630135897 
0.895099333276909 0.699324559962067 0.266979030314754 0.260783390942685 0.145549197725689 
0.730314876420451 0.679493775550478 0.106455485255684 0.467823457606784 0.066787014193269 
0.881172328993306 0.016592800170872 0.723319351974343 0.266473939626440 0.697340174872602 
0.170552041520470 0.537830753427765 0.493521888246838 0.000577095914334 0.579505574452521 
0.855477865524494 0.589187899068527 0.409313325788113 0.548414253183782 0.356312940879140 
0.531885562608578 0.221796976417596 0.701866213265682 0.152404621060904 0.701870591850212 
0.784715605789494 0.070117021653169 0.001143003077356 0.995832658048762 0.783235771279601 
0.595957844093231 0.892359582770474 0.021243295667142 0.532894717026565 0.103763948419676 
0.270350697906391 0.415331109425031 0.705110880565039 0.313188921386127 0.332025445863941 
0.746372951487661 0.180282004789647 0.389487381976017 0.539968742024418 0.471532056584231 
0.105305245114522 0.875875167632232 0.862085285402759 0.934880269581202 0.000690222426856 
0.644579421693119 0.462793966428881 0.507972255619372 0.671155204787604 0.960821218498718 
0.601547459187731 0.316254053317156 0.499822066258559 0.950843768753062 0.427347735638433 
0.358547850024870 0.494806132591814 0.024525753657658 0.392270726774214 0.960120567220827 
0.330553099826625 0.875962623702887 0.740644595020676 0.989725606801333 0.507682369345099 
0.899173495169380 0.694526441253607 0.988077808280030 0.574392401323277 0.121880893657235 
0.852879760766190 0.710773061351407 0.720490785377378 0.385529223851003 0.392260434912225 
0.222714191519556 0.779718767036371 0.902973068127183 0.262222204708724 0.790387836656847 
0.853497682425160 0.970136516914584 0.323980168975890 0.092119127970268 0.802015181902852 
0.994412227951458 0.388536958895048 0.442342931332954 0.042753296092835 0.288954490769937 
0.329960985721170 0.976264415660515 0.126949696950054 0.664564035721522 0.521625618398032 
0.973751190672296 0.108462458263997 0.230938451980277 0.520967137619554 0.284433679600613 
0.140406886217580 0.269531841318668 0.312802977444931 0.127902120606766 0.979164048034105 
0.877051378614459 0.071028292505087 0.054014493862424 0.584551144896691 0.485086040109592 
0.197542927123908 0.439099858003532 0.971378132246361 0.969433254975307 0.264301867291419 
0.023306175973281 0.244140064665029 0.670099883085328 0.934378954591853 0.634409164038171 
0.375404505897282 0.458157042407827 0.374553635257957 0.699010062490439 0.418109509144444 
0.784743843165556 0.883925843868952 0.054235479447317 0.140506200515563 0.193001271488380 
0.799495601785406 0.853918984182637 0.210024273666627 0.752349360827246 0.559306564947254 
0.100370396724734 0.334739592684167 0.125581991941352 0.027297965081687 0.775851011197604 
0.106835223888815 0.567540036854733 0.670784020000242 0.987139632827959 0.665746410340075 
0.696410892703142 0.941609504213805 0.883902547876109 0.105855246407464 0.220049555729189 
0.554561204067090 0.049522900132569 0.317970595864727 0.340351743171296 0.740181158497732 
0.724869482232445 0.586013544562986 0.031198706795192 0.375127141848347 0.928790518931928 
0.370872758704307 0.331646828944625 0.878083963171665 0.390691320246424 0.590619420493209 
0.455776786210114 0.589309154816083 0.561039882872988 0.785793394802713 0.199137019627395 
0.071925982958790 0.131977398638829 0.330078389539149 0.319116720801220 0.857062734758997 
0.415723776221752 0.221210336396160 0.718816628693233 0.889841454280618 0.950379517589267 
0.242667463977060 0.411724565770728 0.733013868335604 0.809656279997706 0.702178925419510 
0.819954694637936 0.265455086099090 0.306042584562370 0.104271762448128 0.766336029442613 
0.173624752019406 0.864492580108269 0.653600169678697 0.620911027036199 0.111010894871293 
0.596522973028582 0.207579489209994 0.773667778413065 0.995663991575918 0.903782628488397 
0.132474921144606 0.739014451520553 0.298042249852965 0.505076403748147 0.967077027442900 
0.101133815281663 0.733498568098006 0.762654228920445 0.116039081626980 0.396228224452340 
0.432679958145620 0.183138130917080 0.028824312579482 0.579630915540058 0.086012960221529 
0.584759449307314 0.644686638196350 0.707431754550033 0.779868140243101 0.103406742147193 
0.256601925807786 0.623748343865732 0.239524400836188 0.002714286009043 0.063056888012043 
0.015723511029032 0.999802726520064 0.413178779022221 0.936318413493855 0.584129013706649 
0.710603150777831 0.510107902175914 0.449904369258722 0.000859578982306 0.953599924828467 
0.563391624343883 0.610955230748745 0.486488007454597 0.173078774760436 0.877552046001486 
0.286037978880831 0.504128316503983 0.716559373745183 0.481513180161222 0.734444439248157 
0.909037964495448 0.929639997583037 0.781964896841025 0.234337146141562 0.305245316323830 
0.625898360530688 0.929786248120773 0.351559170627800 0.623096011596151 0.021865083348593 
0.379443542124224 0.992309703374471 0.413801891847856 0.263758557544531 0.466817106704486 
0.924452651708772 0.891597619378981 0.138523064015583 0.819384915276333 0.336623125129506 
0.100970259694562 0.461135806339157 0.257733898213234 0.071668751055253 0.993329727225973 

1000 outputs of genrand64_res53()
0.831305309684736 0.879847032685789 0.122842163842190 0.247858280690667 0.472793706598030 
0.436504842649554 0.192537011039337 0.607937398809977 0.808320260714422 0.088371682981098 
0.677249612402981 0.280333015870361 0.884310783970839 0.628568529934175 0.143789265152609 
0.087696008784890 0.071444679500230 0.864157865025734 0.442733896362019 0.676925446334235 
0.619144826527367 0.595753627459751 0.193573920426960 0.393777836393512 0.890139784167591 
0.392471584781183 0.549806409283298 0.911450531575535 0.952156790624516 0.849081413056172 
0.023259925289747 0.884108537320477 0.196111770842855 0.224779984498472 0.044518477438311 
0.436753527186232 0.363216649519873 0.184206556528363 0.045361590509936 0.036741160295854 
0.352130385773129 0.932131102359200 0.664685291051547 0.784241334672070 0.990800483819686 
0.074455041105746 0.837990442768280 0.105339250051242 0.513447894180975 0.613645923017330 
0.804577238413059 0.983381177536552 0.654389413003858 0.230123050749653 0.843964169067810 
0.855781457095482 0.565380387357108 0.800122378746174 0.203240359274724 0.732780063365894 
0.696315216344213 0.681876602070594 0.815020698683369 0.256598854612770 0.716352005459603 
0.062043600153576 0.508776588150675 0.373632189989080 0.795814013946284 0.230481399567616 
0.009161384677831 0.368308091897558 0.076636204989625 0.498072466409768 0.970553334438857 
0.458739221978566 0.482790646242406 0.939455337203588 0.003195840692491 0.275012190358319 
0.577164981004960 0.418501337559643 0.488886186095860 0.712599724257680 0.411509067679045 
0.113427969613648 0.282270744895993 0.144476789688477 0.682593226094462 0.479073979718309 
0.049452572060229 0.822617456873750 0.838766887542098 0.402829942779916 0.646290658968664 
0.160398801952584 0.556859823581055 0.253542721831310 0.644360976484176 0.441622375629745 
0.611783555729717 0.566111558405272 0.120623633654145 0.178283155127728 0.278179477347607 
0.762226865930474 0.276235434059996 0.485891265458118 0.359872541023270 0.781768645135899 
0.315725233208510 0.568215760873427 0.924780471762411 0.515111018189647 0.684366781306565 
0.463053884611337 0.415425387184824 0.735866592397231 0.901258980985097 0.744642824900746 
0.214091325178986 0.758381561964502 0.035115165392096 0.317932799041958 0.183054284652179 
0.950642256816982 0.223454255211166 0.027954036743297 0.860013390995605 0.741188344095146 
0.306474709120736 0.739845616151497 0.912437231593826 0.853489694860133 0.065211204814363 
0.278767406761846 0.204019334063814 0.056470269467588 0.553134872020464 0.975079720687823 
0.338908166565330 0.486508043103999 0.524604602525635 0.817865669725248 0.164301252300459 
0.241792651680303 0.027939414536718 0.002545270677372 0.423560444336874 0.035149833301231 
0.650587481389775 0.643763533967364 0.233664403151447 0.066239494413732 0.473120978360764 
0.248403881802736 0.928264936046516 0.298226581076506 0.770231955623961 0.469650122525976 
0.404192161152517 0.929885491563792 0.468127639915631 0.612517840181962 0.194663627974787 
0.146794288788803 0.214240659296983 0.628576926259150 0.513750099013409 0.893230089157548 
0.378454689353266 0.238848205679002 0.213203182848841 0.079568234906945 0.968628786832603 
0.538690546225425 0.609316556580546 0.830724363126343 0.260287815361741 0.889299767595444 
0.196092854242545 0.614347156843845 0.985862009938945 0.844057307414189 0.980943003145692 
0.170257285777335 0.978187260148163 0.465825958875030 0.915460773250898 0.186832144379393 
0.133559336718311 0.284168227902960 0.567878185958598 0.325615056705758 0.472080271561206 
0.604234711308185 0.807608974361497 0.627184338114079 0.947914678610195 0.440728194052332 
0.735217292235459 0.337785014918008 0.646897671649650 0.015799718060327 0.726927089808639 
0.165425188512491 0.816999734492972 0.876057409235801 0.887603522964832 0.324138010586916 
0.614037877267333 0.212598781344186 0.047018342220859 0.469365523044664 0.586294290939666 
0.027018972939929 0.467044245537025 0.624984874923900 0.458817112333436 0.190732068043170 
0.065382297114278 0.010532523860470 0.525120881593098 0.104120285849969 0.094027207184100 
0.442420164197163 0.108847249723567 0.800485232485884 0.303987796966960 0.120685990737193 
0.065011350209730 0.330292458862263 0.003358272087432 0.253184984822165 0.212186010836560 
0.314778608308233 0.245611895729920 0.443582648240942 0.637401649727498 0.713782447358710 
0.359047458528611 0.782359758303638 0.650417617399450 0.355348188507983 0.198645381059345 
0.472363893785779 0.444089059088192 0.076288741639649 0.029251927351813 0.321644752690786 
0.508314084039965 0.708907311105874 0.511828051126722 0.174566682233645 0.119864269582514 
0.541648571021178 0.146549426448715 0.593622577472620 0.910081346272786 0.490333434914586 
0.380494251991727 0.402193209943772 0.764324315926699 0.454151125729030 0.430554640302652 
0.166074698977013 0.982685536761030 0.993053469485615 0.266282168848676 0.651031260834541 
0.041579019127739 0.485776725832829 0.723479136189894 0.681960152953245 0.739945843022987 
0.359509615651425 0.924905757798205 0.413878054170278 0.314728001860709 0.591924258393242 
0.119925095799830 0.861471361974284 0.305405337322319 0.214762370425555 0.904972733238458 
0.805701209209286 0.071262244635303 0.266925040377419 0.223746836883713 0.826546617007013 
0.572101367368829 0.683781077056148 0.195997634278044 0.089325434254320 0.258606068612512 
0.865020018581314 0.035697848240733 0.702497544141927 0.454019406080802 0.038841348707949 
0.157868606559336 0.998939002076726 0.035441710262442 0.657750277669779 0.717431548239457 
0.088170566498919 0.903179620331737 0.729274956044033 0.512318485438203 0.097356179083151 
0.999185728412655 0.651306716830078 0.757682299518006 0.607029788242914 0.271211766049728 
0.689953212709067 0.643729506663771 0.498865866451905 0.420546312175297 0.348912012725082 
0.521727875327128 0.908724681553603 0.536951783876400 0.627784157910094 0.895854907483548 
0.202814035450114 0.103715329666969 0.484537654434001 0.580316690468063 0.813348308757663 
0.756417412501227 0.585547231479131 0.971588034874983 0.109032973275253 0.703977454677457 
0.496698915040803 0.683434508594199 0.825046036966041 0.041161777655559 0.264450111573377 
0.884437264620589 0.284434666885647 0.982610176651022 0.929064226867956 0.853291500682456 
0.433958547904257 0.992724669452599 0.117188826736418 0.369739772470547 0.243310165347511 
0.564671265645754 0.387593130596280 0.108502130753984 0.393717631004178 0.407615629950139 
0.520280713174790 0.248853243524589 0.376087753053140 0.199311461625929 0.230332364575623 
0.527659804838700 0.586628881960777 0.009882730019307 0.044337244565451 0.632970672382141 
0.360027140662138 0.540481506799830 0.232240521769829 0.169479744471457 0.570996924213959 
0.686379347134062 0.619312775106987 0.746162828761373 0.254324864514275 0.440726173073935 
0.484963352580539 0.897049385463031 0.740464559564301 0.421908391009464 0.791150472641859 
0.589541647464647 0.455040327651903 0.675799273424060 0.939644811157557 0.809217060654179 
0.372491580758323 0.493741392679498 0.447405937573089 0.248425246945104 0.095953682804141 
0.664309381888351 0.765288985945042 0.098255860786746 0.700194401201587 0.006352014323393 
0.069034147888153 0.737551408303182 0.626723712854113 0.973180757537314 0.910359366958158 
0.046167015882111 0.712599865530582 0.800873165038720 0.773874521102186 0.223879865795930 
0.570150890025412 0.362835057540696 0.262318278587445 0.524429818634118 0.401268561427548 
0.573056793447221 0.686093574681172 0.703342917248032 0.148103881872391 0.710109451841892 
0.593584425454827 0.887565388310441 0.996207275429122 0.351316182391743 0.222797748674409 
0.379492865404627 0.626723456728422 0.454853866533748 0.021011407588596 0.197774799386192 
0.643681257965648 0.554656363333679 0.410904783409231 0.374865582375978 0.686438560046061 
0.897771799938996 0.464341511955305 0.728879762087814 0.718550298485277 0.505842287684578 
0.906864440900937 0.385025199199529 0.897091895236811 0.279119977443639 0.943460977441755 
0.533364704536769 0.637108663035904 0.262798404710604 0.970830039781087 0.136909477574003 
0.434956657596546 0.226350939751443 0.509293571126022 0.069112254824738 0.086661910544259 
0.015558838433314 0.776376479988281 0.522818150232835 0.899174094519648 0.489783444798455 
0.270110838807888 0.297877153410476 0.355553336236331 0.283005311791063 0.724414677832127 
0.612846701744537 0.642220841761199 0.509912413305777 0.326834732981549 0.201122629170203 
0.879345398929394 0.626719835107252 0.154442396412525 0.496830486460565 0.354028506626206 
0.786723643566189 0.994822369428132 0.465724612006242 0.326897583176394 0.205198798377749 
0.463080733731324 0.085116516979844 0.368707391601419 0.987294660569653 0.991752588144202 
0.020230636664649 0.964559469231336 0.515412145132378 0.209463503896802 0.077330354196793 
0.032566141422048 0.062621722977021 0.809704779859015 0.609166281570407 0.205607565193854 
0.545992055821216 0.637154948344005 0.568684132005019 0.004039107654543 0.709491865674330 
0.462388844039457 0.689574454856865 0.289346337378768 0.576544784036024 0.714621468616921 
0.334976722057217 0.729283899421421 0.220575384378071 0.452788215350674 0.627842452930287 
0.327816506879787 0.314289503945445 0.111328040476810 0.330096128977172 0.450173346203397 
0.003991032727374 0.981599022387411 0.333975028709916 0.462610045098346 0.556170445515052 
0.403033655048272 0.609304223724072 0.918126635301442 0.377251311992370 0.638190409078938 
0.360981846333223 0.134224278529052 0.192658384767255 0.869525374775979 0.541706111416029 
0.638544027138285 0.363325949235735 0.468909727805224 0.023576291663987 0.406082724409006 
0.451761730871694 0.315580309396133 0.869835648967884 0.041763148607420 0.051959150853140 
0.871769904727883 0.762351017590980 0.730089396978509 0.146844436302603 0.736785650966234 
0.115931047834193 0.697406922972119 0.915856303091615 0.105545641234355 0.498643030227931 
0.986947399380244 0.326168402436040 0.205445071273409 0.342593559729619 0.420886896284125 
0.865965625271790 0.511989264778824 0.706981030482667 0.629705901865212 0.988578525825526 
0.923917491854093 0.335345889203044 0.938096994871900 0.626676459505140 0.541161916116530 
0.164334980447483 0.748875518979451 0.159913654684756 0.675168236669285 0.394562863753755 
0.734409164472472 0.730339388554092 0.738475838983581 0.829963975132705 0.022191208025369 
0.139263180415281 0.115121841040634 0.788978976720978 0.663419936308169 0.958171180364582 
0.723921188580815 0.438780171269264 0.790984498750745 0.747254129719335 0.628421325719215 
0.087356853082150 0.351622231600427 0.398599780060932 0.385377031904675 0.568552588997161 
0.963900852899381 0.647864334009703 0.440385070634004 0.180565839710748 0.345662526431591 
0.925985151406115 0.648807632448424 0.366243873923712 0.547521085089866 0.932795849739937 
0.183924787801684 0.275673708225511 0.257119068204708 0.618076351028270 0.608344743245371 
0.185036030583696 0.009528181841807 0.670639236872165 0.483405543414916 0.465005015211141 
0.432801555023778 0.975678891078526 0.202870521791143 0.968061624694834 0.856972302655258 
0.319796856712865 0.451744013295045 0.841842751836972 0.447668611458126 0.165873346541517 
0.823534402560472 0.260357421672136 0.906654401583058 0.190754066125945 0.574842418035280 
0.406682023428032 0.450064815555395 0.591045038593621 0.138446092790570 0.226862100441745 
0.839526996582119 0.519369511191746 0.258866335106028 0.007685827036322 0.888006630470384 
0.547198355343596 0.171285723568762 0.156402332339255 0.942948209388144 0.741169840483393 
0.077529020496445 0.418209084658324 0.722814334067774 0.847276780161890 0.434706492505126 
0.815302818049621 0.382036263448949 0.103088749153448 0.382914304606890 0.729867922405161 
0.190812043148651 0.456179670889200 0.924274218522666 0.876286120575418 0.746964020461884 
0.295651635426364 0.717382547797857 0.332128325912826 0.908495770746326 0.860574932818650 
0.384265266132658 0.831503110549675 0.173340765527856 0.754229968942720 0.729691974059503 
0.253410853279294 0.555669541367832 0.596163069527883 0.886927075798707 0.918655898698752 
0.646638379322813 0.867272162944898 0.913730171187153 0.179110691001648 0.281653580540588 
0.414650513411446 0.820256895804591 0.100271035307021 0.439788171208690 0.470599977125449 
0.967511499208927 0.388700975519426 0.127154449542970 0.009143909997470 0.465540719321868 
0.429541544297136 0.082989781558839 0.668707761747928 0.184235879008769 0.121047134266551 
0.653543411083895 0.439857400350303 0.296451470838577 0.648373926956143 0.209137662736612 
0.258267930693747 0.221656422053782 0.301661368397959 0.823886780648660 0.803462091646248 
0.592021560912986 0.558524959373278 0.420062082228846 0.229642076620260 0.876134876805907 
0.879453352082458 0.453917257255865 0.058715211320037 0.932051948009339 0.690362761113190 
0.094726562904451 0.769247985998674 0.031981555687784 0.571623134132123 0.661805628796221 
0.777451624454077 0.672404046753632 0.155098695271317 0.459105869447908 0.072703777215681 
0.872005751002602 0.531023853166466 0.020701283763264 0.477414191475369 0.162645261503242 
0.599514500488620 0.217649714462757 0.310930481924870 0.838780356973232 0.940473117032832 
0.395982699259143 0.520375898700142 0.673634712898656 0.199692038640654 0.984924459649569 
0.017489933547397 0.229863086175719 0.328045494243401 0.905037637205789 0.120074723038060 
0.026576084539914 0.164627726378326 0.021603298921874 0.652692981825686 0.431615271343153 
0.949097933897047 0.048680721247253 0.366489970068871 0.852338749375309 0.685793164618522 
0.595343849963171 0.155476853696265 0.070894145379757 0.478316631014154 0.365152254080308 
0.306921560535451 0.125447626294629 0.119400502186536 0.679291963266321 0.987058464734869 
0.060750315178314 0.671123081325728 0.206698494088060 0.562170139132435 0.734007118754649 
0.586889052083320 0.680238987677419 0.867244505196739 0.206379544652468 0.314773999170562 
0.606317960911671 0.005947807215979 0.798537603273847 0.476750285147665 0.840439506355011 
0.583694613721759 0.280427682320719 0.856017385704706 0.656640016076695 0.919854382834510 
0.272512042607763 0.925993496746820 0.817806023562855 0.071595311789761 0.661501073514407 
0.949191924560629 0.870217019822100 0.735073475479180 0.060622992941770 0.703651347260762 
0.081119398227905 0.591418299558690 0.278532179354297 0.924941381020167 0.788799045646213 
0.555425145117856 0.260025825708589 0.966361606540826 0.466161572510031 0.283580688055672 
0.505074097971725 0.016912374325777 0.372182904804860 0.106072288491130 0.862680814662984 
0.127736911733522 0.310128201272234 0.834343887752286 0.444707017705829 0.943684315587749 
0.209978405422004 0.255532485750820 0.834570673508747 0.107086737666728 0.773595972407643 
0.792706852140042 0.065417995554030 0.012550954265999 0.966345035910185 0.369819386298364 
0.940195468437516 0.791576746318662 0.734705293311573 0.936753411140663 0.925463816509849 
0.146998366461648 0.804382372557899 0.696187606427314 0.633971060839621 0.720176685549055 
0.514917751477165 0.042721753137990 0.651787136385627 0.860832915577356 0.308574199844276 
0.982490119149677 0.512172222843851 0.919384675137463 0.769721042008524 0.359514747986148 
0.731266563343005 0.669208954353487 0.569383451088915 0.614268031616008 0.324781719968872 
0.505482764773769 0.492100070435535 0.156032679118629 0.835774235190950 0.401341986548351 
0.084692297728302 0.981014435166581 0.960319384341181 0.718837023310573 0.822227749731473 
0.529746608980823 0.143141131050105 0.029966689124561 0.193466041912669 0.556788311758186 
0.603110721035523 0.405808572469725 0.421902568120750 0.410024034995761 0.509276277329990 
0.494916391916720 0.846815555206829 0.572609204001234 0.473617428595374 0.605575386871654 
0.191152552409387 0.917918532111041 0.944536260364494 0.936771037356912 0.239260561650657 
0.335706798534666 0.039124038647208 0.116003444842515 0.763014871714034 0.701499789512452 
0.224785313245881 0.339658591390822 0.131978231453601 0.025140440427329 0.909949765748220 
0.901178770455684 0.538448493576900 0.557615182794041 0.883975295090447 0.602089607257879 
0.916060189242131 0.038757892525080 0.662191903092685 0.760215798077172 0.308978174922509 
0.797297564635754 0.257144627613855 0.581707228232004 0.607135918462954 0.213304431207429 
0.382913996626221 0.965676841654857 0.050806452547952 0.705506394096172 0.364972656370900 
0.755317872586191 0.418528387608169 0.037147663962275 0.300931819220148 0.225052543570959 
0.011678796358675 0.890175972531672 0.711433637122276 0.599362299362693 0.561365515222550 
0.556713841564707 0.205712537273508 0.432253626431356 0.794573851169688 0.976074604342456 
0.389847154518518 0.610805445892028 0.808198904337849 0.467842815571018 0.762500620060740 
0.762549073550187 0.507793698169925 0.988836653745638 0.205533990195707 0.885069227372207 
0.142993592745796 0.548971806469029 0.281501304196301 0.244405344339778 0.569814113530336 
0.861943024718972 0.550248307949916 0.033483924692987 0.869141885685416 0.610171754976210 
0.447140712099708 0.670761180633103 0.604925670678025 0.851269766852851 0.549270244117953 
0.294032434190614 0.157388531154548 0.558649167427864 0.321629590034249 0.714270711800736 
0.041447333207488 0.687190626145578 0.159008348975496 0.181697845555475 0.845645488700306 
0.373278654817378 0.905635251621137 0.125167423109432 0.068136077959432 0.064332439758001 
0.898078629714822 0.355356827375676 0.626371739532608 0.456968801433575 0.506867402419436 
0.288257672989068 0.623412200007352 0.734765034159104 0.402876087374412 0.277274739428114 
0.810518039551082 0.993483064641452 0.137228748301590 0.975751592897859 0.289326918593518 
0.847649836785995 0.779641861915971 0.016499170698140 0.528006214397225 0.229255402340245 
0.929379618403002 0.207416329129524 0.034701787269370 0.945122543433196 0.469300178776225 
0.344805352349589 0.044516765495904 0.675197987233975 0.495989813764401 0.406332149269307 
0.915453210791294 0.768030147494373 0.608902376071432 0.009139900031751 0.950792501613662 
0.522116344432688 0.359856910085209 0.424643578682115 0.521261981663920 0.522733748810915 
0.048703936243799 0.146951543553946 0.032776377608630 0.589957228359570 0.518346014964784 
