1000 outputs of genrand64_int64()
 4652517487870907070  5257332112579851286 14537193733880281239 13331056260243152912  3468665243646811362 
  714508151866594221  1706210130519151657 17257751597240438568  1097724474749749392  1876941277382614229 
15409324504046036995  9455894932030575273 17914272765242159773   913219836915383875 15407774958307845177 
 6184735053488013176 10996797133737270952 15772033077909379138 17585718519002084773  3374529572921962135 
 8856347769313058814  3893772136910553038  4100785244025588253  6544603295661236210  7016906244646299532 
 3165440842458532419 11863418671699313922  6816048376431882830  9289312454647764507  8418861470148342364 
12183861295794015039 17910163570211859535  2884186382219280180 14209250794851483721 12974432574702352181 
 8995645504809679752 16923395759251958462  4707173965313226270 18321458549465510140 17715514209672801943 
15937466167584366107  3100800290583575932 12034049647540060014 11366780711329820660  2384805030818055882 
16903847221542039922  4433907016170980142 12618779830438250067  5689826491185398627  9682929546627219831 
 7467711815794820527  7637091480366112674 16638762565635006155 11557447298485996405  3898370434888070392 
 5437575265034422051  8762016706052686503   563342917475569799 16299953083226148045  9672428974262031439 
 6171227077830657370  4660819442498302325  5473122221986088087  1620338563777559739  8523463308288082755 
12883748012719156092 15211230720369259983 14783921039637903025 12989227861644393638  9924529389902854292 
12431171861577641821  9655793464111597059  6736628024147736870   267340546112072159   278135243971547363 
 8103609284752285108 13974986555993972164  5127221947142863127  1844560510259861369 10086177405753331223 
16521562060865199926 12965448410121737025  8043548790430388699  6237381897431979923  2303383243573021293 
 1578348464497761275 11153084147307829767  2102615203421058534 17944738405597056725   749814544209024942 
 3860626117171776475  6990587841458414626 14645299969686155642  4325015721652126426 15309914043002491992 
12176106584561484359 10201609144743663164 14180580798140865757  9300030376432821970  2793697202881880480 
10732794609618261902  3683247431497570018  8984426537208164988 12427409853017508609  8225463875915012217 
11071845844590097687 18224774003566500066  3998191023024101256  4990059670331247341 13212439010354177983 
 2651960384302746367  1574707447610397292 13045375515975224478 17921634263017844093  8142190465915019703 
15706186057695893300 15934282331688983149 16588939933799188398  9756779757935556123 12533209849358357795 
 4499998916151609231 10640720450168126639 11422318370169854872 13651108491282659647 14530114698427400729 
11746397180087813293 17536143217208360840  6788555194913678994 13063066128386911772 13754864545776056408 
17652472829068821949 10317996968858067329 16549344517067287093 12597391776736926092  7762195381308022340 
10371463271335344360  1914042230497116110  5278617367374399803 10909309366398354631  3985714587410888748 
16524123471628196278  9130105614937736803 12005684921225118159  8621157609329652886  5029823259389443463 
15697752626685278534  3636547820091766139 10088448478273978504 10082099878132888315   190396170917622642 
10321518978718847067 14287616187624868021 14367566926188962452 14507712781006760317  5175422533878281292 
 1946521367867763183  9903099957401998005  3038209074715833989  1755736328594042373  9335540939369307549 
 3121871632872529686 15450190971276684464 15964154878603202262   435154297967503815  8233049449634790800 
 5092500950886016210  3751991519026064874  3144515954624326914  4568017992763311543  7870323441279669594 
13468217693190724888 15661246644510496004  9102896155670302801  4813422850185750001 14643484948265589661 
  199751722352352208  4693959690288671711 13442874210202685475  1116398436426976233  2000172074621307409 
11932278834796699568  9929488869053843930  1169848651505332665  5724138643407746905 13854894030094137534 
12541628097917007238  8692469768940621860 15851045179380733364 15100132468627521966 17602667307469725083 
17635913711309186273 14470202083827495311 14625814417994265316 15852647092023600199  2808633134025754499 
 1261574424828313139  1670886697515480373  9349378143028478213  7897397643914461992  4543651544135255927 
14538721327216445111 10730504312378358738   573987524985370283  8679232824000277990  7987868439135914394 
 4519631790588304770 11166711604178648382 16760132735447351247 14508891501468134530 10497780114093274195 
17074064616920458609 12880148148704993536  1400139673514989322  5284739097279117092  7012991153093050053 
18320884610416335813  8119644995420509587  4992234957672689995 14711518788385674659  9692604332622989367 
15805305254952100802 14537970495274152995 13414851346248091509  6137671563153763806  6729280890063961853 
11494036976452173864 12294214916471862247 14168274310104995699  1535761445036161004 16531296542149749480 
15273260106941039702 11717450984532097536  4853873141437391105  1439043745955783987 16687864748422004351 
17770008093879817856 10642142354828857473 16411041997533457379 13480398742423960585 18270997121549777776 
10182212462349203740 12984619382143151434 14608022344066277294  5902187506136607931 11952472300728394840 
 2043586989749423961  3868972308425637490  6220148523980079653  3642035315175925835  4809110060210042568 
 3766961695490352050  2097193076206707540  1767742939678715913  9454278520030057919 17704018109517031837 
17758999411076671338 16384243917819141737  9024524755616173294  2211760527377655340  3723660170172894861 
11368933920082329848 11019127930829335694  2266991717817050142 14359693384910920718  3346126839782105299 
 1374515895977556448 12891620087715755326 14042302367937919639 13871582959892748600 17324527736556100223 
 2925740027604734841 16785912792180716716  9984664606633936389 11869448875539354171  9135248530855797193 
 7030695869893909758 13114066847169799860 18424730941862994327 15881248345112896579  6496800220027663191 
 7136875814596517586  5687969963769228401 15754693728272590051  9058913202768247218  8413285506410359074 
 7318336959741935236 11075977776930682061 11536396897756031891 12237661112105657638  3363856560369457361 
 6776265075548168282 14203307767841524545 18321104242406066142 16258079473681704019 17281088179380260811 
 4576047158659080279 12177939818174661671 16243641304788058316  6189526582863934701  2702241051607983842 
15757783549527547747 15513910864223199134  9243302856405283079 16624243358060945312  4295616948278240487 
 4023583090175907539  3617012228781814959 14918853448076418005 16624525285378075079  9798239785032848901 
 6474444974718857303  6669954778942213940  5149958372553536645  1957908018184283723 16898053647330956683 
14907003550070981204  8426392535873702973 11278207313634727440  1755913431622987779  2527170756784295046 
 5646357834506892778 10664221307158654125 11833757333873693180 10500318907557115230  7549203276332378588 
 4223284710435602713 12005807659500826905 10085953929982298684  2428608536424232802  5814459855483820273 
10402317368797345092 16040861715683023995 11712572267295905860  9472013067564168719 12188300274426817073 
  799562368141534053 16718169592574836074  6071642523365739467  3776041883145680495  8873811087054478257 
 1117633203641906956 15491579013358709191  3225527810563178976 11322827719281584342 12993751565689312320 
16038960041455232195  5377956030899379990  2261043802851616127  5802340964638955471  1413469697349729120 
17152134779245942799  1230880846834600619 18101247437390966742  2808809306355905179  8515111132890044224 
14609043235946565526  6768250873363559224  1179662647694900100 14013655505651349406 16965464722519523980 
12920907586135288658 16708171385720790569  5500351872105440832 11183160887377567972 17902096726638655387 
 4796337735000753366  7171831790405471480  6441755039308776556 16133436443681194574 18063654225025795651 
12207034526502767148 10936540127637044107  6391713744501090283 18241301675497845187  9291810265918365215 
 6395735180329533270   353317270261786160 16459464728687147870 14454664656096041728  2020579547133873794 
 6480319172058548476  4794174644338766231  7741855674570399984 18436098858516274918  3781433892363220903 
12250514062571332607 16482179747027382143 15934293907869474520  5636876262467868698 11897697034486174005 
11128391475120184983   946445720994269299 10671530415360954693 12958557464701264238  3923358687510684646 
 6133386025525868846 12566050730355442684  2938648794354501027  3100099465167275671  5916780141168652974 
11967113193788178247 10601916509919101028 16705805647253207393 14526124014370008708 15087910173400608872 
14763392913089729544  4865754538817805906  8985267004916542274  6636232949302962063  1004259533818323779 
 4722128559520995778  6650952189425294953  2549439609730063322   612425757603670068 13431106857153233156 
 4528771202590882888  6661908159033942840  4431429768101507374  6212624333211669024 11686382710579425087 
 4069432067085376345 14858283001378157511  4981947717631633586 14054310762554424051  6214911054032980235 
14695873757454171286  9903305643259562040 14064947868816262921  7695282870081580430  5137571978027167437 
 7039462965724218701  7134442815338632585  4070893675707716890 10833662573388052645 16417171566230916886 
10399779933640561639  4351118104296220553  8923524072771539250  8934004587759283592  7166963672630898316 
 9380291961909226954  2617260435459342130 14792582549382970421 14281961188157910327 11691387710199613772 
 2667518851870920093  2469870248025578523  9945394831137416303 18435971968187310352  8414987942657810153 
16203938331248393902  5847353034746335573 13902381205950761839  2438135800549580410  8581276886319073088 
 3715821339310076105  2002777046715081832  6701465183488876624  4218205063266126331 16228696436215380719 
 8268719396733264831  4502452433004442849  1323376817217111403 17640670213521684658 13248565008710377546 
 1603306974433262450 16119390424235607718  8371779066108332157    22412264814563169  8823401089359987796 
 7360939218474818021  2977289591208962132 15905680811066549503 10156418376477645558  4767639768499517236 
13170848300890008184  5714458445780251393  1037585443759993664  6858078785829637476  1353682079455406949 
 6781182438945763820 13512589263891434835  9699197981108103177  1601413289434699161  5385219270809555751 
  422539697584736501 10591305317290352136  3542999542157296681 16570203846673962624 18316455250069526007 
  639619214660110587  7270957081017197263  6263192566358685875  4371896822909939106  2092047653504128203 
16938954814765035971 12442057474660606132 13278270267241561896  3773568455634922697 11001239898291055701 
12144414896609260896  7894730592786268583  7378016677074797549  8924224007363638971  1206833605305065075 
16498460535516140277  3865284990420414920  4649147685346563100  1283331388459165291  7700909127400900403 
 4300449138056965873 13821328595996276635 17411009598119980538 15653582765448043679  5900476484668230962 
11660076027644791339  6422626035441966342  2041352729009508655  4974325225637685497  7159776268072984598 
 8578901376200688126  7345289018707253416   129245787208175378   704735497108943563   940081287390208153 
 2578562359228644611 10600147183514254967  1883147650146453977 18298674304278861063  9908479422317154959 
 5735837898038760371 14197523403042194046   387530639066258078  2931098628671488675   647848751508020404 
 6992693527873497711 13467672226212446388 12178115376388891572  3368146081641853777  5266645208956564674 
 8056707765906996657 10910858833180744607    17614457865036719  8028582724510808418 14979848072651409181 
14642999939724251959  5102928562309257315  9035169194994117469 13150305734078717951 15585811090899921024 
 3526918540900554192  6395880868472439957 13910132443041273430  4187750990124524468  3829596794465623441 
 2523428499061712546 13540977278797961687 15190605416037438492  5200230689251822232  4714028024594145792 
 7753456550226875863  1177060309040210376 15464887296003878494  4665035391014047833  9124789189030695309 
 5192188302013389501  9071830026171335769  7173237925973634510 15055656311810502305  9680021298862341037 
13828207674800059085 17680447260444094831 10799258968897456424 10135426825235614479 12410778890164755077 
13061337090764948304  3022886264697022451  7750733692531903762 14794374056674027851  4535330525656519810 
14836498132627395159  5557531347128470393  7815111388481271134 18007971839897240136 10177371953311472729 
 6333154634681843848 17653062814395683115 15300288086725565012 16679249553782858813 13323868846270810003 
13434498505215048424 15742123605492855060  6677135846185214186 14169980384717514870  6629498476750370678 
15403936042495185900 15925795354737814306  9844999870839347610   739678621743652348  5187046977628697086 
10063667938838973772 12026347946265913797 15701138301448073262 15186950147160844725 17889288256850921214 
 5277052970561787801  5792953639339622775 15306523308218554068 13891809346138360377 17246600039835622173 
11683592288243449067 12593405609694642894 12069749903465498915 17203090079332135337   672352044153379429 
 5890712294365758780  2498924622528533716  2987914879384900196  5422825123191321117  4589613205098350790 
11400020740286397037  4351119790810162922 16274232253156344601  8493148231452713653  3726853013119105961 
 1434557623987203932 11686354489152325224  8043214921770924825  1754581963248473667 16549466832342708752 
 8937030005425439561  1615274234655996235 17402052926491339832 15095387996815687766  6136753655968380894 
 3888260673426364830  5889708178357621030  9766352540081900062  6750858009752119537 12007257157505982617 
17971656230747322092 10925610107736744066   856004062770412265  5033897633269802593 15863941989133259363 
14633728611878915952 16545948091399308189  8572996430668726371  6756374692635715159 12150048202702051885 
 5583615047254264620 13565735969681186672 15414204503431617618 16370420069796850653 14327062181186925576 
 2796816971688199505 10261515574440465772 17345121250686881819 14851127057693558395  2394193660845366723 
10406104559358143936  8033453928972348661  1561558001873431158  6741710024220900050   334804228149416148 
 7791097987051946332  5867136418722609403  6585718562937823530  6192062851754141270  3489045482734659583 
 1751306653330536775  6261831111499068798  4461629922032079178 18016104366401540976   874444257556045518 
 4194967308973663821  5525332373511776647  9604548886121142907 17429625377535793327 15295557400367759857 
 2326285651566381287  1124737990672950058 15405449166004192113  1404262716884280816  4870326688021851560 
 6351804669405740736 12368682816478605536 17450293360834359813  2117788517571140905  1679488376245880435 
11588005737104593964  4371440681939263981  5511471805790850674  2321900567866121974   154474726018860933 
 5964140114033471033 11249897350926706839 18002206731481541966 15301703968642188624  8175837987300920283 
18070392815965107091 10051923636112582909  6811248386119568002  3779667520743066768 17188263622361259856 
12854083707174830142 12840219072084646941  9684007369090970095  5569848361017834585 17035507487433676398 
 1548735195913943761 12872244152075899266 13930413326101812612  4102966005264007236 17632159883490371926 
13782001133957946456  6844761403556582845 11889826216255741941  6034072363354466499  3730989442432890082 
18142073686180517580 15669422953942179069 17989642614248107348 14692048027342194212  9373164184712987520 
 6460887907678347368 11436639936504433990 10180420469046994982 14890394004515931814  6802447824627146346 
 4670302104904753393  5077019354793495500 15102323661052797123 13841825392392375943 11483543622538487999 
 5549054170973994973 12501845593719625776  5024006362802208124  2363341071344646087 11628397443004778713 
 5075554515409195011  9964860057035544315 12369058256105575319  7395223852426264675 14259089210949085264 
 3064884583482516604  4636407884925244312 15138401568922924411  2765278041757639880  9323035099487070838 
14630739554615071954 11927082141789587841   431181686238737277  9195184308478589455 13291413117429264449 
13104136093865267321  3137203005118728876  9298131830039246414  4263550745433345212 16999446455428282851 
 1072084120132568587 16853752940189832652 15968161401809814670 18189269753507682537 11515681465556387138 
 1106169538850492806 10690594246233521409   669046726827234977 16311132423525439925 12633357182840938264 
 2335005773009745853 17618470768371279210  2258784590558170678  8724129232392290512 12221209566050123559 
13950453950539825076 12211379706562294303 12681167154596508836 13090616723289295790   415360877775210693 
 7728005920467158305  9339165697230820063 11515915067633879161 10185692260385499401 15670970407623101879 
 4780595197567007301  3084238650134144804  7259214838403041192 11217895080458363858 15071462473432175120 
  658002322018714943  2164816513172554185 12772714383662842867  6694406018527413907  9626450727681457629 
11687086508462059206 13924375342493551863  5327603925887794420 15465458982754641596 15199456314191951558 
 8663913378434412803 15882426443555333401 14261497587720549992  8138885657253265883  4614361807555311754 
11461901610369616706  9557880357355605253  3599382956281033585 16870839082746961695  7688517353198010885 
12724001081858274623  6893808381369549481  4767244816359706199  1569053671326706316 12323114083609410872 
 9321470786532714575 17638055563896895163 17039990425179549436  8325685565257827529 14258953143840700461 
 7340368344424284464  7086150068657851897   122900802991094076  2606882109647397469  8678788307575548037 
 5372252355072104360 12404614338189663420 16321107852351955479  3701296348193443379 12747894927276336069 
 7531795121673718369 16616795493122690043  1528768141928913639 12568912240720826246 18158364665690544705 
11743344856157573016   712892667803553524 16188683062719922137  3231615750336800280 11869997659286576633 
12881217337798718972  5431717175534607714 13446400320261853431 17788509122307315907  1245529172231131053 
 3594446251554660553 12045328725049690054  3133561170189477058  6277858446957047868  8880482548495804531 
 1066405891782678232  2583033284463386530   776807578475411786 10957152504605962542 15659031975328160701 
 4858154251941055094  4495470545961961806 17925917459003707100 11447604371994315551  3602810632397115982 
 9987302552964867338  9356416631766457515 16995776831606319345  2599478294650582484  2674416277084052595 
12147621717098926616 11393178277788217069  8040705086079843489 10727535520434288724 14582253320609329376 
12972189685321219420 11122160388774952734 10305903657951035084  3325995459939425622 13494342155774874166 
 6748302905081403919  3230443484500535800 15232396852043497871  6083306311998884171 10841656849580402821 
 2853511456678687633  9575845576899709298  6856208595415816422 12433408547428463937  3007759031071163878 
14759169922469104787 18290260629454813206  1236224155672861304  6809663542709257889 11027948331172894035 
13675117061883303629  9434388466478457871 14004227289130602800  3724171306307849253  3921500012030156545 
 2954115214263052427  9023220134238778191 18097115880031466994   561136693576501587  6051885355030740119 
 4630374176614425973  7285557488029533289  1296910506899236993  5136856797468355569 11946517543516332047 
 2731537566493224416  2914101820539665615 14658204090893193411 13215047719809276547  4743830829020851491 
  926983540217350461  3016031732517484468  7754680423889933150   219737636381487868 17247802624713170739 
 5569903188939748775 14031594381198649440   858697795543312850 16567871640952493556 12595308552557219854 
17410966521540534332  4524631105894212160 16419341298255046607  7569295493558844596   220691510496832099 
 1012394530141907103 10536105694260141861  2094127987803119165  6273775288748560821 14011610008047921538 
13243080236347959284  3035649104234388270 17505701202242808893  2773463611294489081  6325113517464758755 
14189353074727140245   414155453948455967  3752683919012645779  6422928308207630607  9154351271740927022 
11962286310298587864  5375539524319493628   538564747112001830 11229040451804789168  6634105361322381871 
 1807077064187279142 10253172624007268895  6271228645129542839  5299521073175269511 15824901300570857010 
15141322012026538542 17938393050528675912  2139562399648190279  8926236786322242749  5270612841147848106 
 9779609947117581384 12263858359717447143 10193784983889524696  7405290763948157453  1406294131171926610 
 6768565164025113918  2095431967299788539 16507423710568196854 14272850729911814288  5007370574277780393 
16045392531466680963 15283022234097956013 10827626115971904848 17120327777652305306 15750665286958107012 
  514773885293796726  8316891846276818091  6715394764603910399 12535312019306164001  2274331976253531870 
 8078570910436624674 15156123373517725135 11556548121153811615  2902792631339910619 12535751717812062009 
12403734346160320378  8521429916482245902  1523376652190394993 10597120517168957545  5848501708632024259 
 9186602605285837610 16386453705461422119 16824128583455226261 13293823404790129442 14643813107108713734 
 2442317830225587915 12110534286940519027 17955269282335041678  6223591394781406590 14549238903722275313 
15476242374987598584 16905357761904176434  9984742693539713558 18341980839665497233 17926510239537046714 

1000 outputs of genrand64_res53()
0.182336670961600 0.003393797044563 0.359101403078844 0.726894170184214 0.623324492642096 
0.250302440079507 0.928023464849038 0.351059719347875 0.040923724195492 0.911043178714597 
0.521585736715470 0.224121616094026 0.209409278298315 0.644828645300625 0.501777898234306 
0.602674339379464 0.408633396187126 0.213669071647748 0.866644337082353 0.749524323935754 
0.046250301770783 0.530333527618116 0.001372907028588 0.182195416374302 0.270995619976273 
0.440718255390755 0.508126744072764 0.228068170538575 0.082188616894489 0.272492964654091 
0.202201521038454 0.185856734386788 0.342590202496496 0.714642320691265 0.797532290418546 
0.105575991779117 0.958956694246875 0.567047963328528 0.327533579626229 0.628242113576060 
0.513020380673925 0.568425331658690 0.415507927757332 0.557061513624287 0.610145810374684 
0.646242107709197 0.672156801574597 0.076314058383425 0.772746759546495 0.414001412775709 
0.808071914265997 0.583650863580959 0.423553979235755 0.280161942040312 0.844751069328857 
0.613993454447161 0.515346737996615 0.199676756338126 0.522923998272597 0.922952231980872 
0.897154564823542 0.603814581507921 0.592940360140822 0.594054621144834 0.530890538616006 
0.648693483827827 0.192516490696817 0.817308956862085 0.626424998007484 0.886701387114156 
0.127001441576724 0.501639540746557 0.296676559117589 0.554701376855605 0.283035101418834 
0.135312476701261 0.496239768982025 0.804468177957888 0.631260660614800 0.898254156143979 
0.536122752907541 0.583027521617826 0.878747328856086 0.061156350810162 0.996704503539898 
0.687149792714399 0.307674271343901 0.653609806344527 0.102044395921762 0.376714560065139 
0.330347800028658 0.524605435438932 0.646537644581339 0.179532391667444 0.794131176527760 
0.512618869408141 0.061081905206925 0.291765392081935 0.545103290282940 0.072142354826292 
0.318247789177256 0.803550764780491 0.424217709466221 0.007081324636182 0.150132534479047 
0.193007894797156 0.567915388788674 0.558438396157293 0.311756356665832 0.065465606743818 
0.571520041829786 0.252806789253191 0.083128003000845 0.910471434442296 0.671478647774335 
0.248080084432223 0.823485007104912 0.284312239618902 0.836251271963596 0.127241388355485 
0.989439622801753 0.123233945932635 0.644260097576059 0.121110030613812 0.437107942157792 
0.534505150351130 0.176223826865903 0.136877600325572 0.109590303499458 0.385952935879243 
0.358916866402996 0.148262748292837 0.089882581535218 0.266274636757840 0.363429041294095 
0.627677589320020 0.833698641136335 0.653832968652339 0.362744730320549 0.985597557932896 
0.787990455429944 0.570050563814763 0.177456621447104 0.050139378369996 0.663134942245779 
0.612603179691531 0.843973271391999 0.377798652518252 0.481915415337633 0.700216091065740 
0.501257296505512 0.867334446204381 0.224732686444788 0.336128986078607 0.089299872163775 
0.720046796999036 0.340576284040337 0.842041281363266 0.494090733328660 0.343027233643791 
0.623477773293744 0.527653155541942 0.316531564949770 0.481123285092975 0.489960368602291 
0.294266583366376 0.315619493063514 0.868756546413118 0.383369159330157 0.682800985159950 
0.990589885497615 0.747159852979081 0.074444740563484 0.154196517400939 0.817028603496299 
0.077700013976916 0.689513309915248 0.993919903422193 0.323680306389191 0.149253324267943 
0.526624686144613 0.738736046204489 0.015955544248924 0.449798860244893 0.006040305452221 
0.862886494176117 0.229681049219824 0.205482075195025 0.111111361769094 0.638615467016893 
0.085701135443395 0.471530602056336 0.204783888351382 0.518940797663982 0.310188777607759 
0.095922385841737 0.006473011857262 0.566801413050988 0.569180309936316 0.559836666941169 
0.215826358622320 0.369363409089492 0.325333558249926 0.121687272883080 0.597679189120949 
0.623414690692760 0.364931636070497 0.053838970658305 0.818238806554545 0.975826746454206 
0.630298406308307 0.938104284508913 0.293790691927786 0.422628207290597 0.413389014445606 
0.222281007475964 0.706450003005186 0.933878571356386 0.100920249367986 0.890230872131100 
0.070925248531569 0.435488339867468 0.691015574177390 0.141664279613815 0.589502100822952 
0.893230327623096 0.830074417738797 0.821691377384172 0.251019854054335 0.786748242229940 
0.659762290255205 0.868840987907856 0.207288202889127 0.102194449092908 0.370427841890246 
0.010898599452382 0.955617589707963 0.939307237610034 0.133160655006463 0.042209291557366 
0.914117916075052 0.989544606729945 0.690684114669087 0.805875531288070 0.331831059232398 
0.041200552747054 0.478994404506669 0.054304885922621 0.764350653050393 0.627565463754368 
0.819920737472934 0.672285358869839 0.511253645293888 0.830278142332423 0.173870968955677 
0.177340032219900 0.975592587008370 0.079489144967828 0.259010376214376 0.559656772748994 
0.406943562095457 0.221634230578308 0.159451431746861 0.591013498556713 0.163662234531559 
0.078790325009367 0.166550316910973 0.357992539031341 0.313561663771893 0.107659636383817 
0.172703122131010 0.909131313576973 0.092892335719875 0.949671012586031 0.019131514341775 
0.151400942470965 0.384001073954768 0.536864731101742 0.628878144205328 0.052867232588323 
0.940147637952613 0.819713700345279 0.599095871544339 0.678436900863115 0.986832446753118 
0.389870734228623 0.878561153721644 0.530405383634787 0.079714329074162 0.298856692551017 
0.220263798452940 0.220941973784502 0.551021174811682 0.835339470370341 0.333463306638099 
0.771506174165196 0.186389308200736 0.234511253046168 0.154897207376724 0.039819206197319 
0.178626701189515 0.577940192422325 0.722749969918990 0.050644178297451 0.801774308041156 
0.539414490405196 0.523672093306527 0.913326253705315 0.533947438710928 0.978902825902714 
0.464515995750313 0.487984041885530 0.220009794449751 0.355729989656807 0.258950017477435 
0.213354662636367 0.613289865808095 0.085261953459641 0.414051938145771 0.207126833744506 
0.662657978116554 0.087553259872617 0.352164847747293 0.143361641906998 0.144075924369428 
0.332906214538839 0.058765382703846 0.003154145362795 0.536060622629056 0.656811625957585 
0.551388814911030 0.651196462833645 0.515915853845745 0.537952990631953 0.087367543181208 
0.987876698631884 0.418284663562551 0.693575523139573 0.147229472488156 0.316526440062921 
0.646897775944452 0.283002035896587 0.293606120004574 0.156947409697290 0.908546211014586 
0.087740119982775 0.878499721930496 0.539737307000567 0.005228751023928 0.758999791835847 
0.856409841423563 0.602108835331025 0.198340726080994 0.088115107381548 0.457904390242959 
0.736754870472942 0.468689856500718 0.066428186070907 0.808242410486754 0.249821883957846 
0.098759891697020 0.428138779495382 0.855147450542636 0.920440554171307 0.643891442872993 
0.049165909247922 0.010638333176975 0.881316569899452 0.475544305938548 0.546988841098961 
0.369318738656792 0.224792024154483 0.058644913348219 0.824483309568759 0.256378582947151 
0.276367705167856 0.929820388319771 0.307062318254778 0.933432634331300 0.954430844729433 
0.347149274013429 0.918021154645054 0.111994985864302 0.281410963058636 0.595880643447524 
0.619830520086119 0.465955985289409 0.707139114224844 0.513134826460311 0.639510199626628 
0.576813669924681 0.612558893857402 0.598941667232892 0.519561787138954 0.940492508069937 
0.308259927362811 0.092476642698049 0.476364620231295 0.691116149747923 0.080621359453061 
0.659737078828685 0.961282182584047 0.404166371482140 0.742702348115309 0.099225141104338 
0.738921203696128 0.847771718921910 0.272550299129886 0.738033635735841 0.141983937734265 
0.098707869188843 0.875969947654098 0.635454463816939 0.438132022665315 0.732357608165024 
0.266247364190349 0.338885380750993 0.953241467946128 0.398348625924616 0.206499692508501 
0.042375382473806 0.162393526846020 0.657375733579342 0.701852555334432 0.762376144203398 
0.800817318968393 0.489243519400125 0.118644092460322 0.071241801895982 0.878465174749216 
0.793692182809128 0.398880983839359 0.269622427856662 0.186230890478293 0.317855892613938 
0.234861381320882 0.705861243743651 0.703302571476691 0.233320941982981 0.792653936783201 
0.403938770030740 0.409014217044718 0.371391757096718 0.188106726514918 0.476555299910147 
0.859572958418028 0.327665741977787 0.558464109974844 0.634801834107207 0.138264262928153 
0.928773067073050 0.546939938369735 0.257876930697164 0.612653144610378 0.558576357783787 
0.432376721249858 0.309666385059534 0.066124656879569 0.733332946881440 0.296696684503402 
0.283648606192212 0.973818755564736 0.833242629078143 0.135825799476865 0.249611020658952 
0.723458057893909 0.910777314160914 0.715700470351031 0.086164256680006 0.433895834867777 
0.814887014708517 0.255805159300710 0.070199866695792 0.379590442275241 0.654714394245972 
0.316445886842939 0.195480360670228 0.497650533769713 0.471578365619250 0.781942645607700 
0.860401031118665 0.912372103842950 0.903450414218886 0.153095709901401 0.671717203269213 
0.342475644263869 0.476031477648952 0.781039509816484 0.142333431237711 0.303196723748486 
0.792234898788243 0.263791952748085 0.345709661110825 0.278448367927945 0.368059842658304 
0.821512109133029 0.396064236466413 0.200167152090071 0.288340692263103 0.152907546051424 
0.168874267221202 0.123210555218050 0.292648969521909 0.665286333831010 0.805884620382375 
0.496992076132571 0.179328031566548 0.107729159925721 0.869258911027984 0.657329065030863 
0.189841891343431 0.823908931205685 0.105077091410654 0.470971466012532 0.928040197669819 
0.892694563857453 0.225228753437696 0.745706602285478 0.914230494009553 0.400548084375021 
0.507517553034956 0.785554530246006 0.149179348826417 0.233633806621214 0.366616800319942 
0.044143302774671 0.886237128499335 0.758138071021568 0.734611565507205 0.405204665455436 
0.892642985908198 0.209519017496914 0.456683363175653 0.046073736059928 0.891001490482729 
0.789644334598444 0.167366897811295 0.862168440531806 0.543049496311810 0.871511332455135 
0.999505763905679 0.931451250013233 0.721180978480801 0.966641972173290 0.961880661982745 
0.948668224195865 0.120720324742628 0.205498795557916 0.346363188042575 0.388400185769847 
0.041477352859927 0.481104661980120 0.154576987872682 0.767050149609811 0.508078191744309 
0.277630416553469 0.674591261985219 0.138936796015867 0.300231528102254 0.733785443930255 
0.284635325320392 0.492364105553343 0.923222175426661 0.216467996772485 0.786229090672194 
0.755004141258854 0.916334025844910 0.682376226958501 0.387075279923118 0.748259853679316 
0.585541262476907 0.057526448095189 0.262553697611952 0.744104275458500 0.879633757561059 
0.636188325161103 0.405709112823922 0.441685817671229 0.355887056790095 0.468156253834425 
0.326868284194268 0.088058259043151 0.448289772048526 0.749985949842213 0.275089147371358 
0.530328353672257 0.990446375365173 0.512369257001724 0.315788804576943 0.394324828237846 
0.875127652005382 0.262367251597555 0.573429126565828 0.831041930693288 0.533109253560724 
0.256921399366850 0.594964830458369 0.153534919309564 0.982283132324427 0.748538653145858 
0.102274070684209 0.868820421687464 0.838600657043849 0.313581978577457 0.104624224196458 
0.986512958686277 0.642415338295945 0.520953519597166 0.007511684011621 0.469769359394060 
0.520552014558084 0.556465646404259 0.566949884422255 0.640969613714849 0.246595517061762 
0.954890898625012 0.689352550440143 0.229052124186608 0.813566789014081 0.316505530304269 
0.174717508645589 0.559024002177347 0.775024765752197 0.908220705551057 0.418222072824402 
0.774491847480735 0.329750436441129 0.313093227096982 0.055509144460304 0.247634337676252 
0.317768649332415 0.196393416099850 0.311491632463263 0.006453940728511 0.880950653193440 
0.178565743533979 0.370848456910602 0.513301190664045 0.178076672963229 0.388070481769205 
0.080197622807863 0.347476511886941 0.856128992491896 0.683553501488091 0.725001530418838 
0.279511312912414 0.840859586080095 0.148904508930649 0.902964648233932 0.156395448252595 
0.408109844409669 0.949236036304132 0.728975406366603 0.224522372469778 0.216792493726650 
0.040353591641753 0.178562401408209 0.860729844897219 0.147042015709574 0.684065683937559 
0.618220050426890 0.190415265659478 0.274482608438513 0.298199166699683 0.746354928482250 
0.232630360914284 0.383271219183928 0.828297033206219 0.067718701021657 0.586796930967892 
0.366049694951822 0.661480970833573 0.394006898130026 0.102794734289181 0.468332120955019 
0.287293569340159 0.336005833870647 0.936713694703927 0.805235130817203 0.672638121839940 
0.242007696658554 0.448154996539709 0.563114442342701 0.491735147834823 0.866047443404586 
0.247429726649046 0.286776018243279 0.988380642072509 0.215779097164454 0.764759124916109 
0.351627952291655 0.993606180864433 0.594805544296319 0.014652478280440 0.487019697043861 
0.758826861715732 0.256104344952101 0.443177927601513 0.730518335569007 0.249753821022881 
0.522868930064218 0.381499584047046 0.920092242669466 0.026990611096154 0.573743339851225 
0.626624979440665 0.850179988005548 0.633561380429561 0.277879310189051 0.300263844399703 
0.702867288988818 0.503477257624741 0.172570599818744 0.960027478351000 0.261237986793165 
0.188791814750439 0.689367221862500 0.010881260141945 0.073819379837484 0.279026446019267 
0.629979204893817 0.162587694741224 0.488174921462855 0.505934264133722 0.731404271579648 
0.316550319287714 0.541183730008115 0.737486178889001 0.193116506650449 0.582819166936637 
0.195608896055342 0.709260503534635 0.289878979686927 0.436223197097390 0.775681179686211 
0.619882526406975 0.891143922277965 0.188174160692171 0.838341351337479 0.609347769043328 
0.831928487410468 0.738617911388221 0.968429481454615 0.077512083610673 0.752613237324224 
0.874001635905247 0.447520480014496 0.718699790698358 0.046984199195055 0.952413599707714 
0.849995460436755 0.343558632941396 0.505782884980156 0.999495556077371 0.779887423105467 
0.817286248809256 0.276454666083140 0.415041698659031 0.123266462370224 0.612060807814068 
0.041570232109408 0.607125414561235 0.850227227399471 0.009271707214447 0.487586263129914 
0.972622163157258 0.496230870954691 0.477245837338625 0.192504090458184 0.640279891270274 
0.537098952379883 0.690829746778311 0.533241383042609 0.749727649167353 0.340411450854038 
0.614750159006472 0.846031478178607 0.251530493147338 0.694954338342854 0.715460698057890 
0.727697838555340 0.809232545451204 0.281751708475551 0.680356230565934 0.234922360381546 
0.613440788132019 0.006093179555692 0.396457852359428 0.980847070384659 0.426018953730478 
0.997959051016214 0.968658018587038 0.243008065054105 0.294266680813984 0.443611470469864 
0.366200531312348 0.719406809544117 0.565802177925384 0.056938652392386 0.076935133093306 
0.139574024538485 0.219732751287694 0.389370298974767 0.110425876759599 0.243648174524847 
0.172432613983107 0.857136593821220 0.663314947679583 0.975457705578766 0.886122417016284 
0.131425341405286 0.996854043017253 0.825834865732199 0.242985985618704 0.544437708456824 
0.537360166652062 0.631297270306813 0.411811421829327 0.941179308628589 0.976872735208302 
0.673349594036352 0.505448276141246 0.493111949752329 0.948343578413269 0.076204971697683 
0.616180835012423 0.154174923470082 0.770052377646072 0.049160990473731 0.491119009716439 
0.270840826557592 0.988115155634719 0.764645388013689 0.228432710128051 0.352431430529377 
0.998016233814088 0.210892004812142 0.320023073205652 0.986995959919973 0.425673351825987 
0.169976186933416 0.526429756983037 0.393988001779452 0.814116568513698 0.522639280155274 
0.797668530975006 0.582289891673001 0.047892429647456 0.305643572211890 0.501416701371022 
0.942337320210866 0.277638161706715 0.096121594755955 0.372680087867128 0.018240626073425 
0.602509208203723 0.135220983861923 0.522898736777574 0.120725195312575 0.263817069485823 
0.942558629316336 0.480845854612830 0.428316869451313 0.866958383009333 0.275659149840450 
0.303716366755570 0.878466641639354 0.995734784242360 0.866263449547775 0.944814683869265 
0.279343572285413 0.606800572299859 0.421310708194085 0.628906917379265 0.499001906261634 
0.449169463912554 0.850979936673872 0.984148325961390 0.632483207499564 0.009158436579888 
0.361760225962682 0.584199971995363 0.590415417278617 0.914295116083041 0.721593167584502 
0.804591635654057 0.214568974365145 0.759654260666803 0.179330115806754 0.126627310876676 
0.066965311955559 0.696600826388960 0.606098207890952 0.040861801501211 0.303616973875588 
0.057515517172704 0.012892789577947 0.712871404173893 0.121880960181821 0.193705524907173 
0.586041331799822 0.526092257181352 0.712016704539267 0.379656843966705 0.514934016788291 
0.820304467993638 0.837832287059215 0.525528036289914 0.407087298407960 0.081872903714209 
0.674696520495922 0.499875613427271 0.092537058773445 0.857459085095983 0.998352750770564 
0.577677554092665 0.373507144150579 0.233052324823842 0.047220898624683 0.669246990332548 
0.443460280247878 0.230191317293310 0.345742292522951 0.104620079550739 0.910964342500746 
0.743185675830805 0.156566316613006 0.319964414402781 0.499206123107540 0.116751384844526 
0.496407441558578 0.438784157912528 0.177129381134864 0.620147526758703 0.103141325318903 
0.139883105661687 0.820055006495904 0.344446127976807 0.273562432354362 0.913225235288214 
0.379419145929944 0.069721535090810 0.348606320612913 0.668724482329486 0.261117828629834 
0.675796962578814 0.047140222590227 0.305356961892817 0.562419730399083 0.357076926132909 
0.365077746319318 0.418541011750699 0.816975574727435 0.300740457419479 0.795686110303021 
0.187655290631474 0.540706173397371 0.894953601356068 0.988643441544996 0.771889718451893 
0.602081797064501 0.414410199247103 0.550176292700666 0.187884191124470 0.492059039421986 
0.212679855130756 0.714698641556481 0.267220109710553 0.418652209544672 0.663780749145240 
0.353951887724142 0.572670860792497 0.239196793231274 0.886878715297213 0.380956044002417 
0.056232556159947 0.549946050276896 0.114942045742896 0.658134755118709 0.779175992311687 
0.402848192561235 0.519714851174975 0.256813381764433 0.580291020336256 0.380385555455132 
0.412548021450382 0.195154570056136 0.115310530039989 0.278902149279165 0.104291020667235 
0.202943708459232 0.405363584714095 0.952941562642916 0.737577130758817 0.556372988789422 
0.614177817067127 0.591227620003674 0.620607410270911 0.308294028125375 0.692227497810807 

jump ahead by 2^256 steps
1000 outputs of genrand64_int64()
11479779401933304144 11052679187643204604  8430217039023902894 12211148709621230217 15797469376107700605 
13419501737772296655  5941062359352764505 13290355527496527764 10520497245225200312  1967560773411022564 
11139142182373770334  7824821761343965470 15484085329596067659  6214236945432751725 14567883855650800768 
10418494025558187026 14356235926406021783  1087041476087721228 14934768349381662933  7748999144466105442 
12730347725647419921  6642843857581694532   599590622066267765  6334731487678894457  7071126378359224972 
  812596918274124175  8938196548099049487  3654601865214247564 13974475305698993068  2959098358834066001 
 1262207933080726414  7208168099364581483 17789889632839960748 14955390205793470458  9318377730243529422 
 4555634484324060358 15314517375474793184 13592382234935145181 11766965543564236622 10865717238046980342 
 2363079152860652582  4173429922386648394  9912256662138736393 15218214216518516348   294429579881448495 
 5419502881235058340 10688532903883069716  6895503370250607652 13082017871429123853  3929876270727534344 
 6170976454833719667 14573320863849146077 18373917904175224137  9185085501930607258  9520897949846521516 
 3159057639672818745 16009299009651275043   829028395596031816  6198857340847112876  4061598892534326168 
 6902905025574797538  1916271181938142218 12406499036151474008  1564571318199353477 13446500130166357867 
17076468499676809834  4883321054320663165  7678680380164692080  5962756690942403775  6665370996425592140 
14970003707483555159  7270502355577827422 10445630942633888901 10015646399141629427  2332763919992668803 
 4965052151683467346 15645993022855558247  8613823212520959919 15437805291486014136 14453168606576827176 
 2547685496364022559 11074239801134167717  7739511759932931973  7138821986499794881 17170387367398604251 
 4169191065890105146 10852087463581647150 11245644927054450291  1348495106447483760 10287465110438953324 
  879112085123892158  8981249214346722403  3417169704795083248 12029899819557831293  7956860950345523276 
11622957157327459853  7962473329454147137  8646288070908160125  2466509103955102580 10328387664797864450 
 8723745273614941660 14433594940291565185  4952428115700381701 12474822487644554293  1221200363241012822 
 4097187928562604013 13978091523983277306 13247327447313423833  8114355251193671075  8036343031676295712 
15209101684869179864 14999922750798242723 16873484762068886497  6310918238201822769 12269496031610541979 
 2943121997596943539 18404906674776064877  2768768706464400610 14269991753950226252 14516303934829046113 
16415953192410553292  2706313468105492844  6198967693988499644 14999857737205744281  8732838995419574479 
14336014886435440893 16029388662210348764 16030135093767192729  3226752112824494342  9497278315327293792 
10694002732808629239  2679256891241182184  1463481331836426518  7066211393803371233 12751930975783922486 
12519390793132275846  8398259434476183079 13424925726850958390 16219413132392710474  3855013888522052765 
13755146385862296349  3981385420059159667   685455788557633409  9443498846436785518  7545771741889586421 
 7178770579787508318  9663805090756686295 16882760381478804442  4002556717968666575  8620629965122447582 
 7920518830535542406   625987503217142145  2297823629199080435 11492758771158222760  6807601742107608047 
14495204267270924215  1198873490134071519  8716690000474992810  5404750479882421704  6591239289702498975 
14774268157501681708 14172209731653954570  8571480818718470279 16997369206110027041  9913547906556691046 
11116893882861493693 18042336419256543683 10990528825160228058  2769540375332226443 11259016407656109066 
 4334776834685292749 14020782450520651135  9255452338586827895 12973330282821205648 14813222761986097173 
 2441502922577976395 10675724231375196345 10859537330947949036  3267796921346162759 12862987247792697231 
11465304549601372402 10934713079423447631  6719877830550143656  8846695493944546283  5299274965246158177 
 2749655736980790765  1848505648134219825 14672854773625309316  2386538361452822487  8448804982727410645 
14071770955754820589  3128622860101903454  6098383839168344330  2143422287317878217 11613356508635223603 
11164421312458681321 10144502165419038143 17504659525832773845  6776559813047690616  1791217118915782196 
 4610858504411516689  5790175484536461368 10535473247156943156 13923655530863521219 13351540338075341426 
10682898506215554454 12874273437467287566  7829150342997957327  3484954293949521031  3956932978520444350 
 6547987996249231068  6570083455915234218  1751468024314605191 10084884830756050177  2644810909768810222 
 7468213481557407490 14121522674326183445 11937906775525965240  7407896683529283058  3775585316657820753 
16376513476141564553 16828280127972700845  6809317764889385137  6980697407816161573  8968453241509868706 
14040467269551073472 10107903423481954391  1617737931865176350  5664522606154294117 11508133318994046982 
 8745174824585768247  4930952677863382173 17254953591135525572 12191426466978484473 11016761500621728608 
16976488055045674002  4165826089319183520 11230205742901143631 11254128970252793109 15411794899235158521 
 8165403545123499829  2882856097652273469  9116566181714403028  9497477061735195222  5318183286981793141 
  623978028469250573 11003695457082444349  6616795917567935546  8872830386518734321  3358260512763353769 
 1731156331021089970 15000761915357646348 12767812061443917142 16698809772721341280  6964431908074245319 
 2102721681988413848 12283635265775880489  3085852648080201535 12135632220235932489 10857519710233870704 
16909472676783964283 11190339081984970054  7256830460269926278 12123157953233909136  3246292558903657365 
 9201965659971036585  2861200777172523242  7589482748315082664  3765971201403676587 15139343380251778859 
 4776124841871135435 13990539374031710485  4234634501224019009  2569757071075404955  1602132239851618916 
 2566308109604160808  2639420824324300072  8728162384994987899  9481266066760120575  3877210555055846167 
 9718746021453204613 14385312153093276879  5618880598515559459  4843578955496659284 13769629321514545689 
 8180447958066791327 17609395258237914968  2536722109129703857  5735068173012592507 17407267634271384101 
11087426002214595158  9057847065385103473  2294187607043677849 16854388330430157465  8747557685781996155 
13507984360628369485  3075407249770289120  7498385366901359485  9622600148854819953  1661747948993041708 
16051041201075544307  3303190171320947559  5900957308362324105 18240489997597027396 12695092624599193811 
  609688902496161596  8371405545108360623  3406291590264773169 13930166451745532163  7981929315858880608 
18437767201228949170  3432906993408371140  4690354266774328325 11515200455995915062 17819085713464846788 
13747136324711423261  3790600385719057142  5787295722529052789   987001743006283706 15280726971103794067 
15629873078087884724  1063096010489444063 10661373012829109848 11238889805120287683  4927248187743941507 
 5921749756803448754 12893736834844606853 14034562340657407562 18409126110941385369  9838688802194996669 
12592964940446158237   624229928957175754  5857736565197799662 12379108182085575873 14003215914406123598 
 8317528005148366123  3957749676487283842  3651545780236818680  5781668181921947263  2908432594232168988 
 9957209363261543120  9340054877494213266  2941820320464627875   779149313920917756 12962619364560962423 
 3980697750927027235   380338452499334029 13942354942577339302  3156946414774636541  9517285850837213673 
 7685810405531654922  2183709842154895566  6268719257411969743 11503403620582209393  3624005629230633306 
 9892559671174547102 15022351461061881516  5466152118023774675 16589796478427685255  4065243501543423280 
16690596237895414883   659273411661605190  7447984624961973739  9470873499853390472  6498959477816415614 
15667472497556178423 11081695725054188404  8465929742224895376  2809926105141761480 15888857215846413953 
 9216919692466491901  8475998945826687498 12782454896337966140 15483141906163144363  4166762605018949879 
 4679408358457913399 11565336928358683326 16096125857960028347  1384575598449183208 18336986714976140222 
 6633964175628896603 17948624643919857753 14670574784233935222  8925025779537494593 14106590282509974311 
12735991105685225738  5209246040017165317  5585790006559535073  6757793850429573475 11144867536219748127 
 8794565012627406500 16936580812180868012  4420071744089641624 17554516352818830523 16231794138887283335 
16413803808206764594  3181048395124059744  6399726149792661492  2157163017427955271  1669115380105508422 
 3549348424685221767  1039990736421286593 16432636604654161109  9892373537377520640 15689077673583601332 
 7693587791107987894  8542891343973137118 15395858848933970143 12796855529711199014 12154762407704100989 
16301572602204657439 10115782003087592275 17581992608965369696 15965921492526557907 11264214631908139076 
 9125853471743815028 17320156275944388891 15748693215754006519 14174486978198588031   952160844364002940 
 3864380939702817173  4475352038962690398 18368488920339080127  6961083437568429391  3123051522871625050 
 3633202834725023576 15922391837956443064  3986535247693019654  4924517219607045859  9740584139315203382 
11347197740169872623  4867411015517481724 14703275197646926200 10737909590297870085  3458466442717427663 
14059692771038157800  5049795256042940487  4031065677004830309 10189730021009196212  1433922860034421673 
  147163692615414531 12083185732123656751  5019615264493467513  1127883942438900904 12426850298972290859 
 7724967239115842972 13855585387232398281   520508715674882889 13556857279663113800  6112430220044605622 
18325260642123497157  6308313128509394494 14453315880325714373 11227468115768116057 14563722580228421971 
15565079443335240484  5348493776534520083  2896383908079250930  7031335642228236657  7620257094388589707 
 4388870062326600921 13914621607057090538 17889423685049401027  5875208177136023940  9424711861468717734 
 5930034676482994371 12854843628699247114  1814518067197525805 12159702757791735387 13548894812190471734 
15643387975396496761 10081917616848936759 11337846563920078219  7312600982609168734   332979353695113533 
 2095564392456948885 12009123271882444770 11169315898880081136 15821180969816615183 14424918484300063358 
14456456596754455749 18304848431100255518  2704905547312726583  1009497995225525998 10110193237995330640 
14107790710322568057   712348985565133286 18440304001604563823 10078667410509078686    40910670940354890 
 7380305745960289377  3990966063313743906  8128841136163117747  3290778181634938362  6386855327773967995 
 4116033104209001952  3994857043027035546 14848459396943987549  1498038006010850228 17006781938308493508 
16764279347348048974 13601704920016051685 10369302774122063896 10332873349638000029  4636524926806787493 
 1423199955801161461 12254974916241156073 14616126460619510579   728940576854214371 16128157728746348689 
13980598628375040579 12069655043453599759 11294582293168924866   960289444892871426  6034603133580883139 
10816462390179132904  7914645583895533974 13731600260562910342 13098467126054664503  6951407616981765156 
 5996368145074459865 17427071256672863645  1252975290350694722 10437292576515458038 14608380996819348015 
 5483540144389042677 13560129631268284513 11316874974200708146  8364843768612302803 16123800810734848112 
17788274266044037199  3663723537282951522 12009833928688910936 18348208091729424169  8771827363414802226 
 5855027823253490555  2199604684454455162 15885140048205631621  6669294600052546024  8291743566006597119 
14675985096582838216 13297453542305065294  5019105448478914098  9453593440524226916 11763176539947561643 
 5884186501148106064  8419110685965032181 13872210836865474290    91508425442063071  2185480897105492671 
 8430018975566198234  1770115956810771556 11768694205757259586  6510719334470988250  4501073969989516178 
 3520015607363241448  5520111614126046732 12334261856342141525  9059175059897981069  5705857958118082776 
10556288726243250048 14815206339660362440  7073108560567740558   154840588033640328  9137256573604851951 
 8695831104188860015  3062302271784502484 14718366500213383160 16762825087640103276  2788088018645168166 
 7951856798871322296 14490101679918229900  2360050755356413354 12468905345520128731  2529346486126573531 
12983656241078672838  8344645266886213685  3642836071500604656  9391708764047704019  8062841763582059909 
10400723316786619841 11315261604148897133  2918817197454398331 18306750894135121680 12530520330052096871 
10816401811434965652 17429677586502098227 10957026707138366734  8060965934619534915  3638043302434667898 
 8076514189158707301   444549594558121770 12722334028298260273 15829723540527275573 14537125528967371632 
 6880110157821592955 17431730124165369490  2653506269884580926 12855816722940636257  6248047806068454114 
14809611767238539871 16246288347519653271  1963391482540080045  9023291503749133538  9456605724167296624 
 1713217236074291062 16418259705718338446 11806515909054143554 17610440492828150401 11643669659791178716 
 8771251498620177162 11920349001019052715 11252445514791686971 17051703467469706044 11144072487904918481 
12766536636347318779  1190918584204152474 10277800548647120294  7446610186005818746 15122112135052013217 
 9241418916877164853  9752473679291044110  4658764512754679371 13926988098143667292 13754966930789646083 
 6960146282001915210 11304612746557336794 17489358524516637785  7532050501165614031 14856329313579227353 
 4806164655106217411  2232275900499930544   898813708002819489  9383194437217817512 16057674068051758055 
 8108939116098205016 10205643936238383387 11466890941223643214   158771918696861349  1127924700114043985 
 6714748092198452794 11233973241941068732    94608075986608664  1669587749736942271  1529123132860292309 
10567268765995934196 17030336459577306288 16039845243280805942    77174634217152165 17703576502442423076 
14778494464694806979   211777973876517708 16596329349242550120  4614233563830154572  9790298451129092013 
 2820099432179980976 14942148803552297426  8033918290550069091 11488808489615653425  5924712126352565529 
 7488407241619532303    97612391695836851  3909626035099296670  5669539023058043312 10037251439807382722 
 7939716784656719044  3219454437716546390  2643849253205976767  3730872629945237154  7160671611185319879 
14279750583715348132  9078113816571910249 14004871047687611030 11621461644058326250  5872994273667171010 
 9913955274116205837 12543744975889114330  4796090706633823004 18359017922100011319  5510558349098450198 
  534957449751104494  6972857956102548962  8146645951617105988  8259650569896330508  8914826385884550074 
15967603986764497093 12818353470304275890 14338369057386888387 17360810855480936432 12910256691653915635 
 8780158167745330346  9296825768902206359 14727982072116063926 16833740950984246209  6647609476379207956 
 5709945097192032591  1160767340671783314 11586939407481723143 11835911695561333562 11084014269455559343 
13771314004679944246  7946142821625258867 13779071936612234635 16024994278571215699  5494260881775158823 
 8279188475523377066  3918043072959626820 18066638622432444486  1625807367199391320   291581867253527804 
13955819139062548329 10477019065330434561 13226591128673443368 11803820426573822526  6224890769324153858 
14122330863064804982 16336328542553255579 16068923427654834147 16075147635101326044  3071617057046948822 
13432357830279220372  2173665129406814685 16304914446824055060 18135299120489839791  4308826384587789410 
  555697700517257809 17199328556768970364  4829492312642562219 12146632329136513790 14035553670320956909 
 7660181305755396720  8056891331589736958 10982884560995396298   769919702498749470  2875045915329497360 
 7357839362638751394 11289432175152358430 17011104529951237319 17506893707799617067  9841181262609901732 
10925715801267550194  1423644983560607727  5621276270646740209 10308388641849037726 11219181522907737777 
 2676446884143467307  5828266764885474530 14250248832508438598 17012513782413105311  2638573807654666212 
 8440703535827105009  3041330771667088500 10467570455050114794 12945829228707534609  2185512684647685550 
 5323670882955028138  8137032993541865502 12903923220857087709  6101272906297468620 15488514266417369307 
 7081442762488442341  9038605997127014135 15861696024020226472  2070005048634353962 17178235536895838427 
 8776695254634803507  7306017903476484781 16054411912468015471  5535337449826400883 10207778961092664886 
 9031127608114314971  1517970207376619958 13465107316116428617  7186877662870764748  2193827120540134363 
14432938195135215897 16388300111299786592  1690513152386132102  1301048161565282146  3686974711143597955 
16042444728830822492  1357357018797482033  5944063721806887026 16642796641474511210 16806813495932317714 
 7196653093740215258 13285147114736587528 11478605494445285696  3418747214617269958  7074410875542808325 
15012688804844533522 16889588291040659940  4813083012121267067  5905735910486966434   145788930659438996 
 8051619439886517012 15183456627203937129  1745899737914032832  2853694776542213047 17710245868196267007 
 4902501718597142625 17082793143458900314 11947719405508542158 11043740995817543859 17660081421799999575 
15202599196467619402  9292642218763144495 10307242279456042114 11928783536476655104  4823006831316883668 
 3211053920012047960 14381256629001406539  4683303890359488979  5743611024852806219  4770188566082306339 
17242570569904621344 10349082178138544932  7522598277905245472  9168086079788563634  2352503480788749097 
12886862965641497064  4505812992786703192  4354934168957545696  7536593106852122001  6556079721453587055 
10073625175708809257 12241311450111922147    21384862317404010 18048873569026257823  2895127833327998229 
15064716190096331885  7626283444022807368 13365641783443778993 14859098076033472220 17989062556862413090 
12746599212729997052  9438308188455928428  6808847769249829535  9360248180077546798 13561128770675587166 
12999567277503852398  6352327127214180372 16198728089416035096  2562003650551770995  6882599862984272666 
 9207821552593783061  9197332628235779736 11712945679439270486  3433932432656251808 17718731606834073086 
  114959209440893719  5544783245348735571  4965385965736179350  2082308517740942608 15427092522821808485 
12093287114910476552  7976030588477217150  9798804411020065145  3578886697317296573  2366140338619222573 
15565846616686416360  3632028900089494877 17716373784984213361  6559587700137334605  4108698309264192131 
13793657549966928062 14822905800297052174  9808109901809939342  1425179411591792381 12377513954372379388 
 1606996623111312656  6084130653877710013  1653801199125418558  4183255630921895785 11799579767471322779 
 1327772263993598211  6342969778994347897  1997978541700319508  9867622328158137494 14134423801386435327 
 7776672221988694999 15366706765476696747 15170870194996457820 12830727260255702619 15579094583704070567 
11356496871568619987 15837193505120519559   943756315515432626 10737979045782994929 13518712442997851274 
10978923058388165916 12214802701580636883 16529415236477025451  3329331403329869056  5152322233349503869 
 5278806608127691436  3435535645686933110 11503775107650764003 16317963345547728528 14523242935757699045 
 5980647945244199240  7002220936660314059  9788335199093111912 10771514947957102135 17614233866866855095 
 8432448725865181485  7583118284169802849  9192436413901394747    80972359478912143  3612334160886239256 
 5641436526242240156  4147048149483675223  2481828403516605932  7587727631382145719 12370941304697996897 
 7811161143759089822  1929039767344776545  5887237619749525819 14053634964178122685 10239376182639430812 
   60515232520364149   190271454952419323 12529703707878298394 11767273250308611035 16648508535234804894 
16798963121974441360  7606694832144355371   826826480486777965  7309567429445825699  5548996918298507939 
 9944657273351356513 10242280619002151228  3176303147675595060  5594208097490363222 15740781162455879407 
 8247828562248000592  6543029856973269562  6407295461955968710 15032164475894752600 15685775350563255722 
12486099749810962666 14649081624439576421  7508378038249137035 11331056845508664787 17034774596371067593 
14418279010497603875 13203165073259404876  7319463597304566325  3399973213799335875 12952876715974536143 
 2001066275460143164 17245788363248872795  8546414817583709397  2724371599313479520  7758047986102854265 
11826889796509719645  5748714446640577183 18414912917117058809  4720139816847294886  2391654667483202366 
12367286930624527847  3406179410344703367   105693644268550456  4090021980578394873  9351244610415563117 
  919849978290818629 13576062843919850223  5427746461387060366  3506601557053179894  5760531516749189633 
 4900496997086581938 11509916729420271421 12998912579585704043 15494674086300958326  7489478650383171982 
 6930769193272295045  6648331519051279919 15607432246641882647 16209683047695060979 13950142950616247081 
16854872218043310423  6273256888564341558  6001393929882036585  1601523721805288874  2011122325678555888 
10679930566745875766 16810834939503939293  1352271177670597429  9700741289603662472 12869232346933006693 
 3037528044599595618 10563520032314418720 16420123982494718725  4912324125836907750  2979170827619726543 
 8985125115827240847  5919877221232788963 17836395661384607102 15851953531212730119  4620457429017946559 
