1000 outputs of genrand64_int64()
 1748882866306055413 10843993948439897222 13006671869539830205 14791262244533402647 11673242045641920391 
 6402567450241999495  3870059394567187141  4723454191357120457 13951459167206211764 15317064347367610436 
 1631074847982481305   135713509989258020  4973563872756551828  4767296833152214844 17565996110298697356 
14811889467753265087 14528889539480146031 17960238646474941436 11615459543465191302 16694688144550678448 
 3026791901108097105 17512227400850138892  6719831525460373713  9385177715982808011  2031618007376436788 
 4606868154254549228  3964097814372716148 17643949913048717911  8820123893887613305  7591883405370071624 
 2581898875849793791 11186008431396315831   217425500603138873  9635875787569735905 14217206470173503290 
 8524736487494069266 16777555093567989913  5421029617578508682 15003034193600415010 18437824734066005692 
 9804849959163108095  9848971333932536195  7984160319539859009  3738356592339256257 17436318936711503964 
17761938110958736769 15591695308379159202 15884999920694171389  5997098907655554530  5609280591049781782 
 1701006860258115365 10635018199346707509  5520475491303484098 13687417187553546259  9922116647561750046 
14490738433174465194 13933268493578450434 10500001932838643276  9571703848152096304  4368129553597514048 
13581995644398034098  4025841690306017024  2899722644995104325  4688850417271210294 15189138390833631979 
14183356982464511183 10474464071674196013 10446024531654100939  7874956749790674195  4305151654332961171 
11403423042495861041 13820970803203926178 15503884808449519286  2574964227512020193  3547696483553492041 
10760343381528224498 10406830154924773429  9346046151974953834  4658640889299051339  8282185823062789250 
12854631840075082385  7880690946667215407 14917139531427184665 14461740816999196804  3093409728585914220 
 6937353069627266032  6551671633845621004  8142800255003888245 17739969574720051447  3913102536829936705 
 5241694962762829508  1067889917359058215 11052398378738039919 10262795897540125640 18410162837903195283 
14073053121671714796 12178075494752721409 15775402803395782471  8850007354913821881 16562705568192159833 
 2528222756830589031  8621488330899035462  4205057651695921229  2752965035666502049 12383714820374898099 
 8135974657620161850 15024190480754324340  6690064024907513426 12840074231445259988  7913187095486138679 
    3522233278506294  9178702104386126709 14901641651461648938 12303922047558253996  3502158662724571892 
 2902084817654161139 10830210608963788044 12231983318759750917  7616960095093064768 15004877113358911323 
 7089048967041207507  9433669036167525708 14869185773188744031 16246855987912892546  9864234382868245022 
13114402480563409676 11698271061060856330   145776944569561964  7497390428299825827 16534600205907106101 
 9354434817278521274 17062601324738093319 16773879132141543402  4584516618002305676  2384980761938110202 
  911232066536717221 13972034053420496706  8202955924526726480 13505008925213665944 15633772814449264067 
 4933686891827831419  7181706106073129060  1894498199542323785  5478802766982742609 18384327392739134429 
14056912434983778264  1477149486244893624 11914063305317394955 11111521448154168952 15605999067832814280 
15186164617030520794 14527936843275589941 14747845919280602065   103814212842597813  7088455886812321727 
  687545740049428796 17689167245698976138 18035672537707719292 11298480131772880285 13570279224964804062 
 4724452714923049901  2028820306396832144   356300357820078406 14469144633785327318 14424895471008517965 
 7613629479331505860 15249767729878137812  3628591032122848079   393371463152140541 10298377930404514036 
 2848839460048442570  2145432817588655539  4304116647710241683 11506747223821179563 11980893888717243479 
 4918825172246379022  4611543286142235717  2376089824897112016   552235459309830239  4758421214997902391 
 8988345703673965673 16788678935640635752  1927092167206006964 11724715770696339337  9405629164073608969 
12149424084499056021 17462798843397129679  1022253743677907776  1578944436557200671  3625230316933236062 
 2631429129027539906 11395656647303922325 18316062735901612699 17538052619446250191 18424698900703143739 
  290322243510633078  5978488702981516936 16950817950882288788 15273166065006357015 17289175457548543289 
 3355807630500105116   676239199300922515 15768231322611331526 13101891007820901431  5994396829090802454 
14698770810745735162 16711658586594305853 14199419686954603824 11065886764298377947  9196603206141154788 
18139794512752925885  7021234249930803373 11172346593419375108  2164257433685587255 16919633188182998538 
 8466434724160801632  8502824298519821138  8971439233704424318  4794236869266952131   871784007683212170 
11588874595917314285 15726403330803523690 12963079830086149719  2750514537849770568  7253464923926941331 
 5307996707732115614 10924381165202548359 17463828876209115363  4649300752596209286  7203069068885583504 
13945044268371052832 15181907762200983372  2203338584853102196  6730221904250779304  6411183123468559297 
15293791586042420748   125355765949034721  3520414586115301647 13064635011819071362 17861804988350723111 
13137292694657304238   226244186833065645 11186655930433531225  4144395388335183978 10698799989586824444 
11463348934084913752 12975749261747531056   510375683476098139  7313508222578628266  7708317333772716684 
  273784603810841675 12733307648340614808 13569796671760720753  3230435352920045034 15960177346490938684 
 5784417471890268320  8232415078586632281  3291285592460706796  6715264219356833016  7418048990747472825 
 5492749192048529414   400088050035437850 10213962988742655383  7819080328749128376  7027099773225735167 
 2654358779344320932  7136836899204534480  9735938177404796030  9754336117339482960  3848804503806732240 
 1284486547772097316 14975663522293448732  6281188580664963750  1617165643285605353 13182648352160195827 
13877991932404156435  7902394876503195507  8536059805292980633 12960324372902461988 10541196240631834454 
 3296741026228733278 15964476714893193127  7095509308844219740  8674434536891542858 11374226022966873766 
15894623266942939004 11737304512435933393 15858214079467361107   989242683551624686 15289486452708586509 
 7556709814621403371   872129263486714982  8351822376679388471  9457787738766089802 11289038983498660471 
16752988664912244128 10644717782812724443  1525507251343314834  5866203167644371660 13968025423681699806 
 9080855092245758751 17881306498266430260 17695931138564352538 14106917839401904014  9667178257753117086 
11802869908606914072  4540938049348467018  2872041257829892331 10321269802983862302 10231496625126750446 
12586595408246320403  2787002386873846505  7032731784302785977 12084679101588592726 14737174389728438050 
10913242717709623379 17160140083912601830  8950850294881838929  9890954761545943853  2608789157392134245 
 8292510680722459337 17299779555274393793 16583395888904672400  2357369813834013528  6961860606534183076 
  570738109196141933  7741012733084319326  5230304044278982440  4959609562613524195  7846805721519700955 
  490304166425555091  2358486794406239276  2757398623297330163 16528413636994801513  6613153957846145335 
15647283605595726404 13116630004795644050  8141708114224761416 13340025411650505646 11223902786897147039 
15052317601187334675 16106943081309636389  6459446077986543333  9529104409581945650 13977302109236742869 
 9549639354110539092 11488404667786958975 17149196592007679414  1369616034113578405  1768015025631337914 
15136645531443948422 14398543047023218312  8376865862437311280 11079648076947285778  4917074957445704233 
 3539604719972404179  4604527208015597704  5727635585615348761 13234442274968626646  7697148477274427020 
16902228314005716044 13334130972255034289  5322009731483729294  3256718480144969443 17087842979735614482 
11030359271540216229  7039975259293640555 14570823722612051963 13758592380309089141 13816214543653850770 
14530458186342259471   109637830817107976 11342251008020456029 18016310877606875474 10252565126274351108 
 3762109096152966863  4061635004258122007 13107982357317594284  3107265200663034394  7620584934771533320 
 6537250816784321220  9610307156208541262 18221808944188855660 11246928021441350760  8403398921580031154 
 7483959760139872205  2693836421250936260 14745196234888196492  3548139155818172982  7599730660935194032 
 8878403913628380650 16679816318844349576 16443957498235755072 18257797979442619011  9252642423107435119 
 7069196369541317790  6258702139032403465  2720119667603994519 11256736671858144509  4040798436321027724 
11390341481003850055 10738280517661564859  1327309692088442164   930608036934178153  3698360661726726414 
 5748257548024200187 15699073222101155703 15634508725726495386  4109246951519510614  2671849449502570586 
12164732320929924452 12320431114647892987  8122113217923130037  3939843133125317300  7719924200311546024 
 1507495647379636156  3654960800212463446  3637377821185451260  1141378968784402332   219478996593392317 
 7507613522471834065  7779025252522862302  7569918550747961448  2868377360050253987 13503309120387518226 
14358693556883473944 16367412003713153373 17009054280709153731  3621549010770911704  1532985231917870602 
 4477176442862659359  1788461807969378542  6152535236051154246  6472074696089203894  2685446682903244360 
 5507729158236653922 17558755515221947858   871423961266126519 11623915633417162059 15853167850113169040 
 7111065183542244505 16892533759200238725 15453194000777809607 16596717434859131061 13847448965969906372 
 4898393835506453343 16002164086045008869  5388699763018664472  7426404729600425751 14783329724456000178 
 6005886767008237225 10631095219263891707 15476189394151643678 14171773388488983341 14159820328364389589 
 2597486450960300547  5098260487189214395  2545588767417696605 16362550459632609140  9189927362212316989 
10571727484579774787 17481211651971441359  7412989122806936398  9072694080218468335  5910579952637179965 
 1296433176740111328 18359950103954723110 17593756340554514545 13832442097883490912   491989194275865408 
 1245239549286587458  2228986347907600878 10988972849313980084  1146337003855795912  2535408482049025870 
12141021086507992227 13070002556168850255 17605981723650548695  9612276488853618665 11591478554394205281 
 5674351423660253859 17618277100654026889  7134362289229042660  9666689336066114598  2524242291430481548 
13610819415222059146  4137734926620054559  9934246052406345111 16427581196145645193 13316232041086303146 
  844042106674794261 14714282247093509939 13291407646160375856 10566153736870550100 14968853640500963132 
 3640467993447909902  1861999875562669029  3337031319741172703 15584502965834446075  3779476138400595335 
16921836033420572759  6567467566775950386 10780821698818917434   288155747633201726   972844340967974336 
 5070230262351774367  1758685515287398704 14464313956750475846 11674553615639258323 12092270836831126916 
17349203778906755947 11200267422992935923  2579223389541836886 17617407131064338340  8813733182926175324 
11545255399612761568  7855187778727250705 13062287330733641771 10016309286657711254  2660550248527969072 
10368719447788777704  7018592626142416783 14657772618164214840   297121343318859039 14404015607969018390 
 9527017691550428270 13368736457501165235 12891460191945287253  4208794879674305261  6031397975560835240 
 9743272464010034708 10671196997741323664 14879163100125808263  7083392462816382760 14160433152007715145 
 3322663820781297604  4224914181125288163  2907700384569363324  5664921291402078418  7488392242488099816 
 7849588736119415281 16554802419273054420  9787524499976972741  8964258438097379323  5471502167871182926 
 1496427939858760026 17663976348564128193  8182975584628519987 17623369113972758793  5464907071591354740 
 8452975320646512927  7612840170523101628  6176422474425822613 15663568695431042239 14696924296560872833 
12582605027333308997  6891006540349261350 13691787090841981622  4458181725543026015 10175508252279690118 
 6129761382003493431 11295753440488028972 16456636146478169149 17113173094339251094  8940757749703718619 
 8498805737210573025 18242579795827274289  9980112277891995844 18178687003927100639 10677664714174122571 
 8487241618374406072  7124994323849571393  3043359957253733462  9428557501297315727 10917057568511401729 
10937694265799177783 17739020386449777423 11477337903615315828  9618703122323810657  7761448576455097867 
11601154725740989596 13166210410893479863 14635419082160115964  6027439671085374315 16991594404851516334 
 2639186233857735165 13094135475858350857  1534972566338824045  8934750862185265043  1628711149117882916 
18049549056551891408  9572863725701625743 17351285624879856762  1393490751621110008 15955353440211180945 
13181504504978096615 16384171535143863082  8329823882090405135  5130730855733322280  2352080346735020844 
 4639584364021242589  3609694413050451547   391391110156366378 11127204595774350369 12782670048770537844 
 1211329652292397582 10229817811372836535  2496234876547821191 10007084831738740118  7727534903435689169 
12720276414638795281   898823296350252274 11424004964839746009  5816723080133558214 12160816683033978434 
 6601523605750888242 18440359727160986958  1761705880521203777  2294193231590467698 14913653661767232026 
17578392610857257197  3313045761032851075  4338006081178758916 17233011556767292848  4670217082269140249 
 8694597418935987683 15658775312583159224  1226986114024755374 17639615068246409453  2944715406002508925 
17164630208661975165  3648540926821402326 12591263401546199897  4982163540524228411 11291466066284029572 
17410141479407900904 11871898086996034241  6884245581657377325 10859114548663125284 12102787103784400728 
11241319050985578142  9534687787790059785   389194941109918890 11498203744238464284 12316009537964834220 
15822519311225979846 15869212222165808559 12672380607051094037 15604989383634014749 11977768487396643819 
11287286174432742751   499384914666496234 16256061274086540659  1152108986270619335 11405761214884405199 
11413709686451875533 13714704985911718667 15594852191059451648 11046038875418589613  4577736595151761126 
15594731796448034579 13517800425499569720  7200480885442133063   434158553939704684 17022349049629979678 
16620356761702541933  6142385443744262959  2949830728654743039 18044210668089808328  7799843735725211367 
 6288038942110414200 16218526199935360789 14459389201598696606 15203017680690312116 16221219999852489257 
 7550243406464045581  3111154856421831374  4115526667993839870  6791157917898905613  9444058932640844712 
11441121609793199890  9099761475445221917 15518067953318512015  9821711235343851609 11827748404686999509 
16199170051138364019  9612563448944493251 12524730593778997151  1543032551463853461 10600773579285941913 
 9932455360394744899  7783779308829423639 14615162617636783518 10708986342460341499  3831570600079796167 
 3031859910594544308  6618642651395164724 11736200255752900202   521257182538905731 11662074522719642874 
 6200471868288548852  7592710991212347422  3919939295416695875 14935549669213595765 14410780896354819855 
18052786023041115400  9923278916861000564  2441508243054101003 15640202617046017406 14376237102702024859 
18427194507928320600 16026122901650359021  3733875056928496827  5794461678757794865  4812742914310968594 
 8691780055154714181 10449864597840485194 13200840194026000988  9928835563891375827  8539829294730859831 
 2771388532342394531  3686585840094899552  5870012301372118936 17678566045169965831 17653181157599642336 
17202334787544065813 11095970676342903207 12911635797950658527 17642452934217240021 11401936617995685141 
 9867106230364587327 18108418954394822382  4298218925428803523  5237128992398808498  3494133971122570942 
12084138862332228203  8756857859901937122 11048029159545208903  5806399934697085463  8704998960893907743 
17986907569352657774  4900294136180183071  8594251001449057947   766779463401947462  2522648355564169087 
11746887390961923118  1105027304933587214  2888649729398936956  9035696455982678596 11931046792714465602 
11016580859678985597  7864416650267672018  4928512134825149269  4582838387217851511 11339020020515903843 
 3045370793937121109  6323019320112357608 16501392801610483145 17750822034248413650 16618819486999578364 
12244668040777572090  4616257878544243473 12754234079417059716  2215105693231966845 14762124958129946516 
   84693061293964140 12219467486715260021 17698420130529094892   206030832700491065  1998167598647081708 
 6721626427717602559  8720184613259556695   341016893540738839  3204210483425420498 16915003852178958066 
13896043942140990140  2258299746324271724  4802493455801012273  9699865457417822979 10645697731614748696 
16401469322724702223 10212974686186413497 11093743656298470832  4078214301802545008 10111041758064770347 
 5037481375276409338  8610297680112488187  6086445033429756094  1051298222936733321 15095748951793033773 
17237721337758643845 10655672143782434569 14036343834471437502 10319085903047323852  6385099024360373291 
17452203229062456390  1351966846794127872 14595857203621828148  8016572255697585842  3856490523353835282 
 8920525930435158560   516197018556611220 10431715287412158434 15546146407932649477  1992986214886045507 
 8613640428015319074 11670711178905203167 11367866065598783410   305704928587478220  6687365689034490517 
 5689717197018073275 16121384374306113652 15223014170702339270 14805836827715168974  4977201849060063106 
 1215998906904787854 16206811540777068680 17110511366358190409  9634746832552116477 13113617332148429901 
11602813019578093944 11356391473254049649  4626427552097005421  2137916303449273185 12723033319675509303 
12377058858692130950 11319778987537692997 13023320443963249205  3485848366198346311 15590137702696680952 
 7799827849680606441  8962903379234873764 11167908648494669840  4097091493459042690  6888143462374209466 
12443677356768194119 13094530930802365395  8307562058447748480  8395379402248130967  4915477459130779220 
 8479655929323676276  6217247034543557314  9971874638229199134 14418547375093453711  2131309850477581254 
15163645620200463595 16963464524064336344 17018099031034218091  2287195578437472403 15500447969115442030 
  571597524665372466 11265803572116433224 15865709796428023146  7135751792688458511 11743177620269035449 
 6975748486289175367 14109234686567887719  8060939708545270630  3915796491972222078 18087106139158482386 
11117144805223784359  3744183875201855429 12244132181520379298  1098180990787541827  2766381535279247563 
 9988553361689805644  2821259656170869379   350212142253601777  4456366378104434814 16879569863377762609 
 2998672159649867606 13502880531578362319  3987353128469514365 15008982272010855671  3981111950223538081 
 1639305236377583616 11599531862465177125  4441437929201942726  4518045687869642202 16012844331104325984 
13264684855702541619 11152969607457288694  1828253465071273869  2485441661700418058  7690428384638464391 
13284518544626269272 10965201019438586589  3795207216420030255  2676754961113195206  9959697243154987826 
 5276178025411290663  9765842416429977387  8329784480256540149 15690086327780513116  2200602374018642512 
 6674731960822503189  1590199671805954085  7457917271134094942  6684247793063231242 10393761145310097808 
17729243378346238763 16239197675483816978 16323689747902514324  3742639659228730336 12299115268617737455 
13246703464820715232 13821765200081164114  4289122933327532818 12008470576576694637  5628752416440045328 
11939034855803766050  8070301995772112761 16845907344865933161  1173082518679165886 10618674012978476367 
 7135816173904554013 17313150010269245375 17038498264941643076 15278696448599769398 17897567986130943517 
 2560221639799781758 15507223474948112294  1877566389961531632  2644323753324795472  2383608225230878624 
18164456476416199496  8873728355672441806 13383235466408414777 10056258293221545191 10923028064115382774 
 2668606922086982226  2130281460150975783  9029790054354626979 13810081746454540991  3090807307596724420 
17532112746226560489  5472136730347354189  6091879763328124163 11089656700642486633 16357880044496850759 
 9442928382224397976  4319355006476680626   243125257114720646  5338427017216425119  5757972850667493881 
11636793641960777903 10862251505951100437  1970467751215917160  2515147636798062130  7201282221024046872 
 5056502187944110637  7061004803796235403  5494588216136357624  9647311459506647325 12626342646353939417 
 6351661848695372485  4085407526702102206 15492863008574483613   298663818949066046   769375856395846388 
 4519828362410392645 17513072298805145065  5600639546031523536 12197596399798027056  5019335993835927821 
 9553325866401330555 10285180977814993985  4648307911781759805   212277407505114119 13163236480063638320 
17878651073624657980  5541074445351311919 14886410621632517303 16513408003511485690 13447058500839422968 
 2007698017581695823 15704791520790504348 16860862432097103987  9570396860384412989  2273060191916354830 
 6916680949765467138 12148766238741612367    17357936295870994 11775714468236465715 15571373593282082033 
10868967614722500326 12835654828201019407 16115331574230656073   586248843637790418  9967141216665450375 
 4519149529706195568  3901558982277332134 12736644426919493339 15674730940173431976 18294588248945315292 
17196986143236253995 11625851060307927931  1513644630127585912 13798688035824808318 12642806294099225902 

1000 outputs of genrand64_real2()
0.816472011831178 0.398737277466240 0.683462713553382 0.652327534533943 0.217247327218165 
0.173773367682050 0.375852846073119 0.605547126072689 0.353309844193266 0.785676148679559 
0.712457323707463 0.819204788050235 0.173096049017460 0.362956461059361 0.412276330724861 
0.549098545350436 0.336206199665964 0.380552042235101 0.823617428829433 0.575618994900283 
0.721834786458891 0.964965159040661 0.595875050623238 0.118984000297880 0.783663532358008 
0.176148501682816 0.449493031380953 0.174526509465955 0.437218481137981 0.233693723368416 
0.952670022353637 0.042763910734560 0.854144054062521 0.883253943418813 0.757760856561046 
0.868816549806527 0.156864394311300 0.804099202782979 0.485273677720025 0.356731177657718 
0.951497857439238 0.804972823696429 0.952666879535633 0.021605859490642 0.987643361244087 
0.053740273470754 0.892288144894422 0.873707617881655 0.991682114642652 0.758570792771674 
0.014648193110252 0.935602319491400 0.599031026330522 0.543574913058045 0.174770375654639 
0.429254116157058 0.792919782979087 0.250668590489488 0.125572553729341 0.889331776390038 
0.072172326478413 0.194406428441419 0.525877388204930 0.115937546707437 0.176571333356375 
0.848903016275570 0.342260917548036 0.829513199758514 0.437313296794691 0.322266614100133 
0.731036840918115 0.252840450563564 0.644983922280848 0.505055996872599 0.522806610101189 
0.264310472536475 0.188664603403476 0.939181435438764 0.600308426892443 0.790301347502090 
0.860504643091789 0.098129735397833 0.777686212909852 0.391053973622321 0.674977935308711 
0.391990033342694 0.958101647736038 0.350346333123146 0.516654669141251 0.578927875218323 
0.397999559224643 0.189619745614738 0.063450200275287 0.863297922308931 0.139568034271331 
0.487635616737139 0.656174025770256 0.703932504942868 0.704753933615052 0.659854790612823 
0.542479524947904 0.923928230235575 0.683896857119091 0.351631363399222 0.057050642003631 
0.351483779878811 0.255883646668887 0.361322502459540 0.365150495121664 0.907147051742869 
0.824063200299128 0.091083498780517 0.153283567144103 0.606401256429006 0.029566121086670 
0.455245460399293 0.189095138740279 0.100561310927825 0.480984901748663 0.865958385638946 
0.629968646923639 0.858280880994508 0.903957755937104 0.633879423896144 0.597515143445404 
0.366924414134882 0.286180896017062 0.918830807188042 0.616219324496421 0.457173516941895 
0.597014937786191 0.888565940828622 0.685437570692487 0.789394788556909 0.784498741143306 
0.888763768255275 0.687724452464217 0.867821527405189 0.244689257502638 0.048377642174147 
0.785030235554077 0.153983442726310 0.692456065404809 0.729004139148626 0.721514020658430 
0.498596263331351 0.234829566130652 0.745402009390385 0.082328874344833 0.958677582553366 
0.272509046270242 0.946865217086302 0.691648630806601 0.657188517328046 0.463190491949686 
0.834838651075095 0.785315530006052 0.178750003703965 0.079832854711109 0.286697442015650 
0.103918728775585 0.875112933835010 0.334319185322171 0.908899287212484 0.109405280925984 
0.068184151513348 0.278533613831956 0.772997078951864 0.858243940762416 0.830132689283733 
0.607745509679995 0.164718636111229 0.699872135451778 0.149615652656490 0.007087526846598 
0.097809155742746 0.718128586690951 0.277181139552585 0.056348922486835 0.992079919578348 
0.136069474208857 0.104784165825171 0.647439631196183 0.050031216855648 0.905110737369620 
0.647640242050253 0.700310096889419 0.159013635152656 0.370304302879216 0.140522346716669 
0.964985408537278 0.594426997026174 0.549883771841296 0.988688947502610 0.839356094522240 
0.019489395520529 0.949814384405700 0.844400885139630 0.501014741485599 0.863042948485537 
0.050875660079990 0.389543225441957 0.510849806333664 0.432949140209871 0.509680590398330 
0.548677983149753 0.295495569776945 0.019945916300968 0.836048695620391 0.658879658259582 
0.410893030758800 0.917764947511956 0.010539408198625 0.155461271421280 0.676924992690436 
0.244341313636960 0.616318935473512 0.498841594147122 0.411078879825568 0.634356755757568 
0.510177991762147 0.142870490777844 0.894224270378277 0.251200655765101 0.872632484069870 
0.049283661418628 0.518453159549828 0.292305679146809 0.600343180043473 0.103489217200331 
0.983585763113361 0.307625644672064 0.874456922671727 0.733800489291660 0.779420310123260 
0.411190002287012 0.680106494396989 0.886931672446423 0.360297847212448 0.693253221609889 
0.990518494588875 0.808895545304035 0.123411670802186 0.178580430815008 0.840707690888851 
0.034351372030585 0.899985560177700 0.999479121577689 0.781202184412969 0.355884756550968 
0.223138410552177 0.911943630276529 0.494811098171540 0.138678621851114 0.035739200826128 
0.169017774550311 0.597245656859209 0.976304310138116 0.536623087706819 0.923852772076750 
0.370719491726537 0.937974004755206 0.733948416311265 0.182553643694735 0.564734709820291 
0.637776036066324 0.893771998692107 0.240542958717852 0.964033589237414 0.243432772374234 
0.749661357525883 0.552155745994739 0.325118731985632 0.974142393286168 0.781561232553052 
0.584701366105091 0.447995929566393 0.594004138470312 0.190095372321777 0.628216304314358 
0.464245215723950 0.290765542633588 0.145392521486259 0.750021149266938 0.481944635368072 
0.727461995159686 0.004363709814591 0.733288915035482 0.538452263542257 0.548536306069125 
0.059021234088781 0.822486057518201 0.801135208729187 0.999066725666229 0.548188735244110 
0.500404226356132 0.064133611920232 0.587871967650602 0.991451900125785 0.848277188212463 
0.213456512229495 0.278056543200699 0.066534966347037 0.271200320145871 0.291236388372274 
0.340712731779266 0.722453943120120 0.688806922339081 0.921033806321465 0.569310907838943 
0.478301987693074 0.191286124563049 0.082705563543818 0.218703768753339 0.892236662303510 
0.323760908479162 0.890086607391344 0.803295164012978 0.473193638639718 0.421493105555804 
0.924684859840580 0.089470730829438 0.322354641260150 0.367240881155138 0.242190665663038 
0.367864391112164 0.494269449224716 0.161769725531163 0.236345720406716 0.642736306933181 
0.219295854208041 0.802816257007170 0.481953571644610 0.452958383357885 0.198115262764570 
0.710142811092642 0.763559983905958 0.727286013001484 0.659312271886120 0.684312882534456 
0.090007077475436 0.858848986824756 0.402030858150154 0.232873778019012 0.547030244335541 
0.936705403382349 0.467017785381040 0.338561650983072 0.674706400596820 0.473757601156976 
0.475523122608540 0.788041024084745 0.473095203705492 0.023471370865957 0.866677750140932 
0.140310104114210 0.919055988330782 0.141686650579177 0.817807516577562 0.897746759147496 
0.333125873887285 0.831736604857548 0.358978266112278 0.277108469042084 0.598184577307606 
0.837048525894029 0.426273550875017 0.599935997467243 0.208739444199560 0.223804297010336 
0.652787029649440 0.474755353985208 0.580337985690332 0.775734958670074 0.204469179329630 
0.615480623060394 0.933131394454364 0.365528732396844 0.975029294757461 0.994611776882722 
0.266966120148143 0.693450937025269 0.898228443461235 0.706072379118734 0.825027298845046 
0.700605946852707 0.923796350725977 0.145885482862119 0.447335066352177 0.161059774542232 
0.271777496053824 0.170042927276564 0.923150599484897 0.419030694186815 0.033450530867100 
0.270906457413914 0.011691896972987 0.771205233745267 0.636952742059551 0.647039325311425 
0.728736272838465 0.589527517489852 0.129196483821708 0.876925511164117 0.580936843275065 
0.792898896870540 0.199462232567704 0.078299139632617 0.839232829323160 0.177349364659115 
0.272554109168871 0.067419904147615 0.626387726499967 0.879762481162611 0.521644526532030 
0.756774410515487 0.629324767862630 0.537388899022569 0.622306058665565 0.200259860685386 
0.661068229562385 0.870610265912736 0.237484353208359 0.143581102132739 0.674569465878456 
0.848391799198826 0.226176047457006 0.980541699100868 0.413874772237765 0.057955187841792 
0.645835918497511 0.144829568641968 0.331812071742725 0.837342486948644 0.950866993431437 
0.224750964578587 0.133334015507550 0.860615138637112 0.122778111948864 0.669480920719498 
0.220105568241056 0.443975491740033 0.901523618912715 0.601527954392690 0.358895933157807 
0.772114233902880 0.391073035738879 0.453326980567265 0.940841430710165 0.889266831549724 
0.092917225423534 0.508276353818624 0.532751847319611 0.119540310885112 0.812026923825415 
0.796339580285746 0.488609904185036 0.269700062154251 0.253702842818965 0.351350808386178 
0.720284075523722 0.612701838886126 0.234875052694460 0.919616831417519 0.576145799574522 
0.540039754519050 0.560176025846913 0.786580226313927 0.425185585519790 0.327913705623789 
0.916023106635448 0.369051888969206 0.211718135558030 0.943424830855720 0.566361000490310 
0.866202218740589 0.648900817426085 0.650901155839841 0.030462412644651 0.072261996413741 
0.009131674843058 0.389945652292166 0.008657705567488 0.100998491547753 0.437028580026129 
0.625777973509414 0.530713037468451 0.704992321685488 0.591663403248430 0.935502518635413 
0.104359639891330 0.478063731533925 0.466352340657762 0.122821016712680 0.569237604722053 
0.029100633643056 0.556673892692685 0.710783693771013 0.322111260593331 0.255583049945143 
0.488694371060866 0.037928947007911 0.068664100229688 0.418043277877057 0.154592580390200 
0.281863660811679 0.624663963793970 0.504973451975994 0.889583366832578 0.243300809877091 
0.728863136248017 0.354723670247336 0.784469926361298 0.796304173447837 0.172931590262790 
0.590601723277471 0.781017218388603 0.822480092694403 0.790003054219779 0.699247871864515 
0.554102121616495 0.170035695842072 0.033815153107650 0.614538884276605 0.088080391286948 
0.556009000394668 0.883991270652878 0.024662110609640 0.995185390081452 0.754243224413396 
0.595877630827481 0.724797675290038 0.196146254222439 0.804236647131295 0.636791059234988 
0.783720527656189 0.660366747874057 0.671191933914214 0.730415138141799 0.363248510110641 
0.651236545414214 0.381670355349421 0.103999709001414 0.734053905283064 0.141467128453306 
0.311092699231929 0.554673932987116 0.816532106578289 0.221124538237306 0.733625798814858 
0.621672633166704 0.015245395501572 0.713249542058207 0.240119941927770 0.277713596124210 
0.543022457195061 0.688750405434578 0.309769915952030 0.325246507427243 0.351499043004532 
0.584478024127065 0.602035598213641 0.529915303690797 0.816229622680830 0.111909303908982 
0.558354893902459 0.275775058063724 0.286006421732704 0.900103161903500 0.998240426253280 
0.036778934929947 0.411367608192676 0.460807467505952 0.634571960442640 0.670316024121113 
0.602291027543368 0.840118356677759 0.523973168926664 0.678902252862705 0.468553855779358 
0.231313624377805 0.118412914164140 0.988369036779370 0.307858335046373 0.769171249456221 
0.812242087692526 0.658427913147228 0.162488501204722 0.159562233881105 0.535802208309793 
0.210084587029412 0.421701962191349 0.344893992780632 0.219844052553999 0.977316521778447 
0.168124237461563 0.903170326447324 0.498157084356255 0.099687660295269 0.765334135464785 
0.797282870095306 0.162685734873730 0.337818096711396 0.357214860801769 0.699038539511211 
0.632361973626882 0.485164715925361 0.827822422801778 0.427108420807921 0.159035054786881 
0.051379779910385 0.820590664864946 0.360708063039482 0.012435339115108 0.921711572529016 
0.936070133876880 0.614197370570161 0.035246471482087 0.619874712689256 0.928827680442892 
0.739042856626152 0.760723417748155 0.427492478758592 0.514571541498325 0.204650013250392 
0.547966282185665 0.026721755348327 0.660701639366130 0.700019113222928 0.577953510074445 
0.941323349413049 0.864659952351295 0.682789610421382 0.297956298483946 0.322498626312521 
0.219274182621659 0.851510974703409 0.027501246154684 0.844593301897762 0.812480896385296 
0.987514242025146 0.694262855627349 0.865539802785842 0.114810220423310 0.694716034240595 
0.866328260492921 0.948264061552016 0.579777898506242 0.456008921414655 0.877556382335889 
0.780236867164680 0.459055586992919 0.862808486653764 0.291221021957456 0.136531894506164 
0.256168165427449 0.009474574807731 0.261192029094542 0.657732875370437 0.029225135954274 
0.409609776213830 0.793379117823420 0.315444648264153 0.280472083727549 0.941555531944232 
0.776909458087043 0.092766938564962 0.320145420729963 0.755556042904293 0.896362563697213 
0.818051370851467 0.120538734258018 0.087860946646864 0.238626550411558 0.447284131555887 
0.019188236636463 0.172682713375684 0.562811702599130 0.742487388299896 0.625600952368197 
0.332184224383790 0.646793986557021 0.790140260601392 0.760320871625055 0.263151283560853 
0.856153495274658 0.945305982835087 0.093264664570301 0.721365618424724 0.061690856883186 
0.865092951641119 0.347981336188779 0.539430468967070 0.362281492563051 0.825768761770787 
0.826998500064798 0.161828718444285 0.760214557647660 0.686077044845078 0.937080368747589 
0.474144465155945 0.674032984974337 0.332834531228030 0.676270922924585 0.845190039668614 
0.942588862766555 0.147177530615666 0.118698316847963 0.219037628684121 0.347083554680280 
0.862514782020294 0.403817850114375 0.148471220057351 0.733347602781634 0.528289039710407 
0.585611025769702 0.068452957574964 0.937782619685770 0.726145591965147 0.255499563490342 
0.653402592850488 0.819833921721228 0.688249091807202 0.071491566040042 0.914424392417453 
0.624348673309275 0.379237746064722 0.157920756921493 0.496238790747657 0.056989216203991 
0.029207086687394 0.465862181336910 0.232061903825278 0.129012148379689 0.563197895893085 
0.530277904669892 0.870844087625220 0.931097845701057 0.057086813870972 0.668043720565689 
0.870528389676958 0.565311184925781 0.471822568226989 0.215463503383922 0.042712679985929 
0.320668889359904 0.883011800512020 0.503487070742824 0.511207791050944 0.273113887550701 
0.333383080193584 0.339638065416809 0.086268562803485 0.711477096223231 0.284162084246214 
0.622693257825504 0.960854588749020 0.013758251824918 0.626996719312053 0.159515365942569 
0.348812665626186 0.832257774256018 0.447953222010901 0.582331924391354 0.463115427612584 
0.329183794076030 0.090072123439877 0.668335685208676 0.269707456081215 0.378667303251301 
0.942602629153134 0.120763339143650 0.072308028466227 0.627749599904156 0.753492606149037 
0.894601368548478 0.939738704244355 0.218778866802234 0.017856346893760 0.327710786897226 
0.500304544290439 0.363000989290263 0.952975020408531 0.869482709080330 0.619477983565913 
0.938000505541689 0.254219611278594 0.650761524526321 0.548546045859106 0.867016978078210 
0.647145881094691 0.183266272548120 0.136986890961534 0.214676921573401 0.836921676712785 
0.582014059722436 0.572197919455987 0.016257737567972 0.110644184745130 0.416869599585079 
0.292908304767545 0.051547203054613 0.722166709636727 0.525749915621278 0.991056226290705 
0.438392857596475 0.509632341976411 0.207564416878938 0.046423096508105 0.829106625237366 
0.535449419629125 0.924005489422843 0.230634143280792 0.550148264267149 0.174822107172333 
0.192879919990114 0.824314822077972 0.929538486986413 0.996240673844722 0.632599654663730 
0.492283641032947 0.590492525080931 0.592443481655570 0.107730999500374 0.776863646546201 
0.249237858481199 0.197787007755306 0.844753710052166 0.859520918527598 0.051292166247355 
0.774490236487477 0.136695684787932 0.474268739555313 0.013182469899434 0.194575559598306 
0.026676212218007 0.435762209220296 0.531575358112990 0.727811550838233 0.602614611238767 
0.355563976613765 0.754690333350863 0.780928541495533 0.111145544496366 0.189896905675956 
0.636325368288340 0.079498087957817 0.019753660582722 0.738162934840758 0.958575206942555 
0.513301752969536 0.926847133859694 0.004356620136815 0.295724676950550 0.593844152039324 
0.829741994148409 0.729358335373327 0.595223254549252 0.464494841444864 0.074576302453765 
0.563192595692554 0.381901975120711 0.401809171611704 0.320645734346764 0.760760605334599 
0.987985480166072 0.368793103455124 0.352521557641150 0.936582173606256 0.963397354683702 
0.733900347892740 0.824106878031048 0.853784006738255 0.762077297390604 0.764131380671635 
0.753739810898611 0.925754433161415 0.181195941153436 0.797484936260328 0.863888281262042 
0.087054317888501 0.962307473361648 0.616043694690338 0.929184839438087 0.428516140126888 
0.083566339005756 0.108468035707420 0.679980499463312 0.777855353811564 0.749423508527025 
0.441625370416603 0.924975634185982 0.987253595871575 0.042494255230223 0.037906250042858 
0.699637985950570 0.888868388098021 0.564978010500276 0.635526758824740 0.178115628696682 
0.465755198459969 0.446824513565922 0.469917165494152 0.440201976976910 0.862707846208716 
0.168726597671155 0.491087897251293 0.761674829422276 0.816162647506642 0.525568891005279 
0.336224333153178 0.039979373683693 0.247313924271372 0.177654015643083 0.535322812606435 
0.538740279847412 0.545242590620866 0.578352630686957 0.675675742598757 0.238038082855220 
0.393871679661768 0.484847582584746 0.266458162148393 0.668083826207432 0.252199584518334 
0.437040452305153 0.519036174765979 0.163165886340222 0.420291481822103 0.196481891371154 
0.837360899024325 0.183143358225248 0.713394433460326 0.920281430096060 0.449746424401270 
0.517442658591236 0.038856364641949 0.966030922220739 0.911068074307863 0.868406910688913 
0.691758941739092 0.361836926713679 0.795558979556064 0.795894667759577 0.204092381417637 
0.166192244054721 0.818109399390203 0.232079708379193 0.551533862820473 0.932259208191878 
0.687418730628984 0.711108078265811 0.438224994165820 0.680946671022859 0.692247548845623 
0.688281407070815 0.830024270682429 0.708349252847608 0.279660653085021 0.324633178208440 
0.426909042713287 0.169866545437520 0.797345169956596 0.343503858150341 0.966026586835595 
0.455301275378495 0.194222514198474 0.169878615227727 0.587688457393342 0.135165651764438 
0.099538330484902 0.580401514829181 0.253525075888196 0.389782088075221 0.656883411984807 
0.957353979257658 0.428613044711216 0.909840659807162 0.866142146831343 0.628002721199601 
0.950353089502589 0.315820059949021 0.350206752363060 0.006530919687605 0.646659447476217 
0.161655583077140 0.230727326715850 0.231965558914347 0.211786287484248 0.482504712185854 
0.762502651548077 0.614275000510598 0.300750763944542 0.420379884085802 0.805638576055812 
0.861738902672540 0.401065668195422 0.193239770050119 0.574945398090611 0.357324420835559 

1000 outputs of genrand64_res53()
0.603149504116223 0.517895261467867 0.395808443799955 0.373808931816108 0.932360233242245 
0.617894414872902 0.700741916719181 0.381833981849015 0.344212518939527 0.967166488288251 
0.444826199240779 0.421717933292705 0.600830194132293 0.487216105775771 0.504020428134902 
0.834662709366810 0.109805226805320 0.228060916958473 0.124782252538946 0.302647528880207 
0.502233828683678 0.334326107653860 0.032394689022751 0.170720619041663 0.343143221275779 
0.979883536990336 0.126681862769084 0.044047560433902 0.673384558469036 0.272980967312360 
0.576540399150792 0.837999961215610 0.328152051989623 0.616970496429343 0.994548111537306 
0.363884644204164 0.277219908251451 0.319501885336015 0.104899396103748 0.943996237965437 
0.154041702476772 0.368244123409977 0.144931701335580 0.843249750805838 0.206287388797563 
0.569640370775281 0.807748392157261 0.970320917203154 0.976931983091869 0.073619161099406 
0.355379914136025 0.921985602596391 0.351513392606328 0.095099517685353 0.559288232778584 
0.831539008286256 0.044309119095604 0.942259776827290 0.066380918252941 0.983226796070152 
0.989031939538878 0.543777371743635 0.452696810355717 0.087751997532649 0.792177587381702 
0.491822879958986 0.071397277915374 0.345002787389750 0.252361301431988 0.533675062549425 
0.696167423138313 0.412418752938080 0.668480586920805 0.723770740889927 0.114816748998635 
0.815014685863523 0.842185134964507 0.378944381334219 0.990606474339901 0.608472627494135 
0.425662647721906 0.422514986125769 0.443691387482433 0.477131742175353 0.798550504660080 
0.902119100154148 0.760552611001106 0.156191210147101 0.367819471416169 0.034996120018741 
0.370845929581838 0.629075227277639 0.547528687086625 0.358559899974645 0.465879199340298 
0.149151773859754 0.059646599809144 0.301403894192449 0.882331893078707 0.054232063642781 
0.397523509976158 0.232614463008922 0.764066101890830 0.183044190268072 0.698493341425783 
0.804220996606979 0.587957658485595 0.207646326874800 0.140183279174887 0.560597157534058 
0.528835248774145 0.778789779912462 0.653428894802600 0.536590903770793 0.241728268026935 
0.074023983539250 0.304684905845551 0.313347503840844 0.959193692970315 0.868396089784484 
0.169552871280896 0.032401237475951 0.475520762516132 0.845688941447943 0.683751300480860 
0.132883335438810 0.299931336151486 0.326147243801917 0.167819613386856 0.966058054672837 
0.433090553721547 0.126025530706088 0.164421714346501 0.084000897767978 0.842750795996192 
0.829538605743788 0.285867273321582 0.915840827946824 0.144987941849955 0.038621851205624 
0.064337691196368 0.163650780452415 0.485285471295020 0.047478710594351 0.755017908943489 
0.256510847554329 0.810963782567012 0.064970006340179 0.928038870255868 0.880593764209379 
0.687997081899418 0.400782156934708 0.248886147914672 0.417463164500046 0.901662838646464 
0.043008790092964 0.812446900345189 0.910944726798544 0.173995241649921 0.384378163308124 
0.867728368507197 0.615822657121387 0.467111424120886 0.412067313225781 0.794751620471112 
0.622493904668905 0.206885623483691 0.195116227637881 0.724229195227848 0.723486120681100 
0.910738610423983 0.662368808744238 0.439133967179735 0.956584132536767 0.013987093922204 
0.866356027062878 0.796936265449717 0.721047237503061 0.903441392535790 0.908047612931625 
0.264261766821655 0.746360216651664 0.738604556547740 0.521103980109119 0.671655716941234 
0.772453244487545 0.581343655126901 0.249308679493244 0.600208466441741 0.105406318503929 
0.528922226661999 0.665319404267549 0.600800838498697 0.354552067501854 0.794211733061274 
0.910770416112139 0.790067815087937 0.384866255557498 0.033756556830749 0.812287626147015 
0.196198427433247 0.545584589894187 0.203354602564379 0.275584196271919 0.426490150572784 
0.466439136436154 0.223128024425382 0.563132424875061 0.051537215122568 0.930282434085177 
0.882514328611087 0.163785152587848 0.868311500728552 0.377769325006968 0.989702470259157 
0.756691798660682 0.377494281491081 0.008134716353139 0.303779772064276 0.211117278742632 
0.548893257911417 0.384885786236743 0.362891082071259 0.234492773115351 0.463559077883360 
0.447326689467873 0.286432631303010 0.291978385271752 0.971555523021534 0.069178415514147 
0.620547290196014 0.756933765425078 0.330059166337175 0.384630549997999 0.627455863868121 
0.540849000604373 0.202080062884569 0.118191572453569 0.910615840748600 0.975839989512984 
0.233920225343702 0.289449836069356 0.214889179103307 0.537327914267273 0.616808228703154 
0.851648028313343 0.242634626683396 0.929358734956124 0.649005091079518 0.660250859095375 
0.905100505519561 0.369777782111485 0.679114576651861 0.769224369802205 0.862523516194281 
0.581336019551533 0.842769600842102 0.055881062186953 0.364990471401341 0.731966266144046 
0.373702313476266 0.697257008047471 0.935577222032845 0.368836866653778 0.406833421672990 
0.678970139797871 0.292955193692803 0.838760791523928 0.808153160184230 0.529510844258881 
0.421279796132230 0.635730842933998 0.028769766598134 0.315896288177016 0.093887296562229 
0.121296923823573 0.717005815850660 0.003299998750520 0.325337597509440 0.751222120571271 
0.693566079555905 0.968279560524337 0.326379179272130 0.265400675715467 0.948735993101671 
0.708324376769793 0.252058083695811 0.281914186052516 0.719968366025916 0.020760647290170 
0.753748075904266 0.808880465665454 0.693762418439558 0.320931943405439 0.899037934245677 
0.472022499706679 0.960540428858934 0.122139825350644 0.531392004810155 0.195816172118779 
0.112705832326575 0.960747611983390 0.488925252105235 0.412682722892680 0.196957989349832 
0.711829909565314 0.270505394712835 0.068961944007672 0.860053690109627 0.556472636096480 
0.156955099247802 0.162320793078070 0.529803451260826 0.447613546868031 0.805908279080162 
0.992582307997737 0.367860490450164 0.417771028929060 0.217188102412989 0.956451180916677 
0.724896262675548 0.922079904630455 0.932324698037842 0.140074836156436 0.077576643913837 
0.298045806509022 0.645477450648165 0.005348397254642 0.025248467358863 0.094969721055473 
0.856358744773261 0.258203336057109 0.497171345566881 0.201574361528278 0.432429363746202 
0.155329022124963 0.276593231212417 0.165526740413440 0.167964062793170 0.130659156960416 
0.708371967588409 0.344512069457559 0.513824233562061 0.069365543100980 0.612948081294186 
0.917362832674158 0.072608818386753 0.937939614679112 0.447866749693254 0.727558956772535 
0.592570127764389 0.828301673354677 0.460665767402602 0.926933600717591 0.838961760772535 
0.904236040594560 0.413992956155013 0.640215985843671 0.977855037049397 0.554638477895977 
0.653210932130318 0.913949154127698 0.866694932415150 0.065017573308281 0.557071984116109 
0.922028434900051 0.677234451023198 0.410694336899695 0.273921629004245 0.885512868175229 
0.535418199298073 0.670903187188559 0.787432885701409 0.873246282096001 0.675913377433984 
0.920130080013270 0.615775407486135 0.921157489475396 0.898824342381547 0.746291929193431 
0.550357245877027 0.277019566594764 0.310164172331807 0.606691977798664 0.321044668056590 
0.087923937375038 0.603368625755079 0.175990124325133 0.597547610416329 0.414042850474474 
0.400356917718734 0.973498823860402 0.804818697964370 0.728052945684477 0.005975669693285 
0.536650511515075 0.387562529968487 0.049563919083904 0.510086177462574 0.072135331992132 
0.576474957230963 0.196072122660069 0.505307851354690 0.140251600820982 0.124002924525895 
0.644856885633211 0.820387335302811 0.818313037988117 0.030181243191628 0.262199355684632 
0.356386256330575 0.597934787505144 0.823210469161828 0.974403185447509 0.288146474259442 
0.848852154681521 0.203006117174838 0.597096996074418 0.722626486531710 0.566598309974338 
0.597774932897297 0.776639609820470 0.084283634127739 0.080487376149482 0.987031520197856 
0.192552945812865 0.884911610206663 0.539095183802622 0.113149923989381 0.714938072035772 
0.636833750169429 0.265322050918169 0.585841431049025 0.687881940322768 0.730690704355798 
0.667734478893338 0.718284734724249 0.833081977388879 0.768949245861706 0.971688331728896 
0.965868034240400 0.451898504118173 0.007303555201493 0.781397088107073 0.811665867132025 
0.699741490898832 0.503519373644584 0.690342160318877 0.709555003682352 0.384783920187424 
0.585936354957871 0.146564931503969 0.924242014278360 0.908654300518509 0.709124444810478 
0.266502673952432 0.911715125325125 0.406273693307278 0.332529407369659 0.501106040007322 
0.148709401723707 0.587604133707390 0.354857713075277 0.405614732645445 0.631401760540246 
0.283942283775007 0.612289448879092 0.049416035957173 0.732208534263876 0.971194236760060 
0.055478729010654 0.441924700742771 0.903814268136194 0.176813731681151 0.035276508694440 
0.872274932228595 0.740515473367020 0.755217461571423 0.125170479978842 0.726462036934887 
0.156090579871235 0.251075421448916 0.171192947115808 0.284474749586836 0.869765416660560 
0.306035448017324 0.339433460677618 0.849618214140104 0.012313553270012 0.529536806230674 
0.733153361259564 0.251845804817009 0.989610957876801 0.292092762946536 0.117329418761888 
0.976242122096983 0.011163808204803 0.071450297928940 0.241661420193445 0.921880025599771 
0.728309490110846 0.835146638352296 0.652391970725093 0.473060120150930 0.600524440013501 
0.348475541983392 0.898162709712091 0.263460839490059 0.290530720397991 0.666562098872945 
0.045619026172061 0.064264088208282 0.665764962569627 0.900120665475335 0.845794589964469 
0.625262631950306 0.404559300040622 0.239700430847974 0.236571682756458 0.715132733373051 
0.646681776947137 0.988244020112047 0.013864249160863 0.841756237438343 0.384691695430796 
0.069464071415490 0.871617534615503 0.713572416824808 0.763137867717792 0.606634767108602 
0.239864298560370 0.147460059698008 0.389588838634232 0.149143573598650 0.507690452833152 
0.507329998187893 0.076221663529487 0.111179040143172 0.905972518690281 0.858544105180319 
0.379115519617362 0.519401091159849 0.031816196668673 0.044153643774027 0.044702599653180 
0.157515294109798 0.420970956106206 0.832494726606537 0.225206365758089 0.899310486072730 
0.361856949243685 0.119918759834568 0.948292634339889 0.384818171955363 0.324663393662878 
0.557143954763256 0.219887351471570 0.056808491421904 0.542808656049219 0.907479116929632 
0.627599634141063 0.483879374489965 0.882648359658313 0.636107700234791 0.487363757235233 
0.421680459093101 0.539616466114012 0.229416417465695 0.091369127353447 0.225719205060243 
0.309979889424243 0.591022872224933 0.314137778072337 0.433906125644294 0.450472237385900 
0.435865126856780 0.335702622543183 0.866974489281058 0.776711054626758 0.923153963162233 
0.592648940105934 0.154323475572881 0.003091668681305 0.138102335667622 0.045938464185684 
0.700927400585650 0.534072461289209 0.715145317208782 0.433724678224492 0.312077979163843 
0.237898870947008 0.742639709578989 0.245354586882868 0.187437578444690 0.067166035584053 
0.845793137062002 0.524051618527446 0.052975426689199 0.883359174216165 0.437269485931727 
0.773198942481329 0.780596499449004 0.424090499874098 0.820868167601216 0.622229895551093 
0.482466272412626 0.012590432855721 0.648440421541863 0.199569707395183 0.034075498291354 
0.413703782404140 0.261359454162664 0.409488303966214 0.067088102596850 0.420332730302224 
0.273162346704225 0.791602499055567 0.961370769329810 0.793140796268933 0.024175584422622 
0.538744583963539 0.527923634331466 0.360338752981430 0.727650612959578 0.635732371636960 
0.258171120742309 0.302050102189735 0.785381554281537 0.059917814508640 0.311840430431897 
0.574096261197705 0.497078749445526 0.882125480579680 0.931018889723114 0.069441097097591 
0.226290433523213 0.721507425061529 0.540796818788112 0.854466130241931 0.204848501384923 
0.052067100471501 0.864151564436988 0.434746582182985 0.266873969432229 0.156705421230068 
0.734002017766543 0.822597854926465 0.624430220712472 0.877840077151963 0.157857679231070 
0.227926725011926 0.388735185096728 0.353449396006580 0.882967322713422 0.093483810343349 
0.012613741248062 0.801337431255083 0.671303753926249 0.175121603781194 0.310092539802171 
0.485483733620443 0.267887191871688 0.739252713111023 0.157654057070973 0.828060238176245 
0.668923160162903 0.778471526952064 0.774326541274592 0.979601041411805 0.444245977863256 
0.590250038838106 0.980158216268966 0.231096728941474 0.406365606056976 0.493463603867748 
0.323471277315462 0.131964350349534 0.594208067909864 0.139144301351632 0.041913141383477 
0.631756012374297 0.119683023445044 0.305243957860778 0.156344607287259 0.704842653678023 
0.921131228848532 0.910249768874099 0.016711380914189 0.541617097242056 0.291496266415797 
0.926701859896154 0.788075060854738 0.838048353096479 0.643171595454757 0.176757880141912 
0.678183175801634 0.025209093819068 0.169578396790040 0.438530512348090 0.981178338855953 
0.142805990754640 0.485740228257930 0.495179073627871 0.820157894161072 0.262552450304415 
0.270855626926384 0.578402772972600 0.600660102653907 0.399966536558121 0.449058119007047 
0.742781791948038 0.485650262760868 0.349331300803547 0.352634792541121 0.453966742342412 
0.764934380898591 0.882240792037789 0.610487923267928 0.601520251256090 0.287105134994541 
0.509401817852085 0.760864220237250 0.921866769816006 0.101404472402583 0.536824999360794 
0.333962169477573 0.671093727915337 0.178489858189643 0.538508484245472 0.048779278331544 
0.973316082451689 0.181768882377501 0.674471160623756 0.148857187223379 0.138089370106387 
0.435798806272562 0.290849795777410 0.165377426396437 0.122792873199792 0.832555856872499 
0.393127743592733 0.595334657118683 0.928318978926304 0.310718876180345 0.829242214002208 
0.318398863712105 0.056997088377436 0.566330756775629 0.296995510179752 0.166142482275060 
0.248040964822482 0.162299173014265 0.914085900100727 0.962773798895884 0.587403456558295 
0.105325922544361 0.219051759927071 0.110291194196116 0.890029502908026 0.785554415788633 
0.693917317256138 0.162553675668755 0.629354732686626 0.414693150292230 0.438407579580157 
0.874376091647375 0.161992105252662 0.329660962944443 0.060856285727138 0.633498016360734 
0.716638717984059 0.428565319395884 0.016111331841431 0.308026837915196 0.768094847097993 
0.181725055295442 0.791604748517767 0.733478555974355 0.456029499462245 0.566352885842102 
0.114393328302511 0.859037816319288 0.085410547430498 0.696101637205784 0.796457152557232 
0.031514636239064 0.259179384500937 0.674785831133476 0.009636049106991 0.944784358085688 
0.292722998883127 0.863879933713688 0.559729477362296 0.491874103812632 0.744313356054240 
0.258446961468826 0.793230386364994 0.713457055825655 0.904621461936229 0.602880992144425 
0.520323070064324 0.884807235735514 0.131795774650539 0.348148173353737 0.435610211395245 
0.416742239884007 0.258898032582298 0.541300002559635 0.287268097724043 0.079945118857967 
0.642492349185296 0.325626115415765 0.858801035017668 0.524415557364452 0.683527016216116 
0.299122637315024 0.400843263723388 0.173119392583128 0.795000384623190 0.300812997410086 
0.053028705021712 0.333976163988798 0.122121415481489 0.070215502615572 0.774003994130101 
0.921072570335016 0.997944287874258 0.150180820897802 0.927466739179758 0.705413565402289 
0.074625558497184 0.900924280287986 0.637154939481364 0.932469307572158 0.355223449930356 
0.541465648475868 0.653165561691416 0.306534605704101 0.339018889942172 0.751317643185191 
0.881904507672951 0.107555185059967 0.239337835767048 0.831007377477459 0.793622963160435 
0.064382947364608 0.528550256883078 0.986551542774648 0.144964996839948 0.681935306071676 
0.520325772094869 0.988064877562433 0.943516293532670 0.818264810420139 0.071407308048199 
0.275028370172751 0.823616581599784 0.912011624616591 0.900066387396414 0.771764022192214 
0.530373264771334 0.185659293733588 0.074308961874980 0.295083888106319 0.769605373347121 
0.391899126072065 0.597743527528438 0.788441719030481 0.654396869043389 0.589483695438991 
0.233878889106898 0.720575857422656 0.020618338804098 0.707078607318386 0.235660255554147 
0.489621114386711 0.013998619144927 0.078742150439972 0.787812754587755 0.150402766518017 
0.899838699673868 0.856833021770682 0.451550877002338 0.054003928993760 0.583122787347027 
0.284579137935402 0.381825670806694 0.826175432001494 0.908089630550959 0.453267451186938 
0.635181976830959 0.140987708544048 0.596144808087000 0.004593314177531 0.703793282253197 
0.297879291638092 0.035585197074498 0.136496701870344 0.006734534678298 0.225223477687418 
0.950378724427811 0.507098617863649 0.001646621486679 0.086548952430289 0.205603062037527 
0.611514905920129 0.251547978211640 0.481352907434932 0.522368963973453 0.112121267860757 
0.267792962598898 0.011137936840871 0.384816989860505 0.318790858214640 0.933209175436490 
0.340783184569184 0.017267501016601 0.358681886345616 0.872131899315252 0.686346999592505 
0.635959743003158 0.565820240744685 0.848136086454428 0.195309751492697 0.468228932427245 
0.883429738683206 0.831495109134098 0.758289649993451 0.729174665404804 0.480829926352564 
0.761329324217857 0.958104645803016 0.111411006625034 0.414148198811645 0.676218329523438 
0.511637087038679 0.974747755548155 0.934995676857896 0.192751714706244 0.007223862243667 
0.200997034113584 0.734264804936505 0.278638612059555 0.992048064887501 0.595096963094380 
0.641274526615588 0.997424170738153 0.828724955789558 0.281566701352885 0.081244933021825 
0.111199498349287 0.936286413271826 0.121433751174998 0.035307213016726 0.950279735272027 
0.003390279886148 0.983660463692218 0.936533387787555 0.810715996980715 0.254474211216481 
0.273096119892968 0.760161515616885 0.210624686350645 0.434119587670475 0.886284138233712 
0.503705589405721 0.576720174679494 0.050102247227553 0.684877969585216 0.913823494756481 
0.870599707844411 0.891543331936402 0.711225727411954 0.735247253906027 0.651243645609327 
0.038011967482001 0.568810544189206 0.718226968498444 0.422247267247665 0.274757999088133 
0.761665680226765 0.151920076810182 0.661732558794246 0.498570394891227 0.607813322705522 
0.050585531579930 0.896372371897573 0.858793315517435 0.716938010232480 0.437164221040877 
0.151085592225637 0.171623399335226 0.416647691159842 0.502770408109023 0.428173702916669 
0.956115750639921 0.081596148811367 0.185711602693002 0.727125610927996 0.183215958197292 
