1000 outputs of genrand64_int64()
 1599844655925472418 15916767781366179468  2858514464857690300  8704617790575633837  7171961710210120213 
 2030493503961029855  2556722933420536353 14326732032272093579 15273316846441177933 10788565780749239220 
10277502722102675069 11983214866094632098 10710051963032767190 17924792458201084220  7477447220415663744 
10527454564856216309 13671016227604274675  8417827089608892636  6371868416756080563  6967814868025739608 
10018863445524994499 11546719654774820458 18319407056447708749 14072565072836807161 14366524765965483444 
 5034238197762381971   698177889555924117 16895951158326286447 13971619788039140718 14135272437324799151 
 3738330321795380067    77792729746275630 18135583122194447006  5486722471022503287  1831482813228351272 
 8796562217987705252 17191245481522737590   273147955262950573  2267750353496905644  1390385799969853207 
18215144129012764370  5959880145636386113 15620143170555791379 10005159834262579306 11551947620912332850 
 9117170957903120442 16872042335866558076 13128856559768942745 15656432486662859619  4415168525266580964 
16027272500823323895  8097133358623494781  9721784323712614755  3957456232642641811  5618730991528227426 
12539632554178803112 11905341525823389716 14367690242964017810  1032129147153866603  3646928095448728013 
11815464561952549370 10986948176561956962  4972862971552438471  3032004093028936264  5476334312584891321 
 8371185020713221886 14285886081033480032 15819342946447282832 11188279994326724126   294695758148987217 
 8806799282806126949  6582352027564856234 14849347703645909771  6770934556517036016  7692429589165414560 
13612537920633901962  3010178806609367630 12146704947134679461 16755042361330539886 10814176116002553479 
12530786082853880516  6874782499487073473  2208934363781111812 13052819104249759379   132494262803677932 
 2328087619566571302 14419606381763322377  1532090952974018392  4576064937520972478   768760693621722270 
12831520123400472516 18202422124193175989  7044510714175791227 11402838648574160986 11041306601398378652 
16330921685908230754  3726261998499629950 12834305524155894739 18034709447886620972  9811906019387037568 
 1106708372259340148 14468798107202121629  8540911530110237409 11756074501073991077  1710387504318759528 
 5644269782622003013  5683393477824073484  1163317862429961857  7789080558699902163 17009498522064740771 
17362519980887016909  9218554586668648361  7935373941068817280 17997413109120041757  6344497183731737407 
 5649166586165883618 17757447082823258879 17911587787466977683  5164219965711380638 12643971784596858409 
15176005579892943898 10836814150536546347  5163341453316181535 16022936095313835156  8991807759756008034 
14348217610072577428  6281848394550619717 12464178823488728570  5192492371194598673 15226542594192864128 
 6197319141982404375  3835983430479095915  8891153482831858013  5269881025222714487  2029979871753884958 
 4085152998383361737  9994952282678846849 16826820131677098345  9576681579163532691  9367184327584176984 
14897756364830170357  6712261492515152071 14015876760564271958  6544203240915590857 10517888975535088774 
 6738684850973202509 14410324010536567284  9507637933308030083  5656433688471176290 13998696484526459205 
13209241282764844578  1927352615783425699  5027060185341147401  5248577213344087204 17129220246957755070 
15029069446933464633 18353836182219408750 16631523024048844265  7488087699691531602  8443604597620426906 
11930005693073432159  1659151153937454404  5009721545765006835 10935956386553774390 12832133810686899224 
13258097293694313531 16399751951261466713  1327218772903105909  7001980945085323204 16646267075172239669 
 7977725486616422083  1031875195602019000  7940326280440234136  6783540555653138703  7157649712306563559 
 8629619817462020465 17379242163768326694  9356508238280720187   908901625696164314 17547528095379994416 
  778008066619813362 14854921967562476693 11157026775940233182  4269557235643785590  5298503727146724082 
12216677998213870990  6865895497875659504 18146930777379130978 17214125537964356913  9981554243901052068 
17152103025358126719  1292247941752578172 15321043861051303344 16098060689249998207 15017224360198821545 
 6328048469281305743 10414412442459072368 13954588198714288070 14884062877879901334  7673224888884409986 
16905293898774717450 16343990586929951873  1810649335717534506 14972832262500263377 15615869235181185333 
17691102789133551967 17444531493015876325 10136406079544133410 18075679842559677643  3570705015228820430 
15772193261456758778  1854793272760974237 15183176423601324680 11513966943704305307  1427723808586722614 
 2610453358949493154  2366139554002020262  4304683612885949520 11707139449951013714 15596355223570044595 
 4320269808858983299  2877543125170496653   227810247695351288 17244071194525966290  2630930710267426742 
 8083505020471508404  6134760185206454652  6581993235819742025 15960055499798167766 12449627671948699355 
15885688974452931311 15724261491441042314 13153946896699383137 11712617782942744199  6217620316106781730 
 2143207031056261704  8422319961963137798 13561385826935606014  8784224382617157254  2215437115712800242 
 2476955207137752943  2386062996020222242  5593983289323114310  5127313125932335204 12650187389702818401 
 9066243199811607371  2802352295492130238  8575954548784231711  6470066376733400991 13161324936279419684 
 9443459437565193994  6547115402937688194  2672508942523534716 10493550870755826049 12243129997925348992 
 5685433004397861656   587687419975317197 11745862035119275444  4020224856099081833  6618891523333488042 
16177383217115568236  2980082852161732939  9169697461915797336  7376079558288839456  4788292297151868848 
 8956912060051887435 15483953464417392104 13787393902336502033  4969748209441447239 16800713240331279968 
16191881823997920058  7776736308743695978  5662242183073830919 12881112971331248284 17043692137305854067 
 7995191005762623994 10678715773455144351  7687370563574157296  7818566595723954007  3687029030238076992 
10153174724306829164  5472262804249909306  9969036566610527548 17685732566041179379  4599129373270483748 
12212802265414544215 10911162519302588680 17444646255122973671  8307547209687927760 11444862149909059094 
 4514812220356773409 12296865299436588004 14387493928919904792  6979185521452751492 13082228416119326370 
 8903411566487564137 14839867959709702496   911983904731152926  5302781975017747678  6295755236795405569 
 8627703225431479115  4832133668252271428 14470996197690424352 15251436366727105281  1375946073227982147 
 7130784084015793773  5363053080638314478  4160383751028391072   190721852899064538 11883796362815681909 
 5559889965606074939  9848209799558729202  6172088738495885103 14828006771530861947  2493532187435796752 
12523384719066689468 16575535497356008384  3225142717282731616  7970012723292766773 17077292051048689553 
 1539456479692367095  9577406603380072779 14775018701304049700 14644431399626354777  2646140519438904964 
 5502580162521365246  4216476370343886655 15802216887494756923  9277625692935887554 13575691713287355056 
10472639533451352152  3565396023428421611  6889714390136301796  8805502539739288125  1762858887161422696 
 9645352378642624356  8563423393772383763  7888791648833220164 11166177328087222888 16994301786513571648 
 5902459996130946244 15184024819058851516  6878792314762435545  7915395367952335509 15260698846471738819 
 8207346566331161528 15344333067536482578 12528107495950896305 14915636948706650357 11765782160058279304 
10672217209670104507 17644083685019216514 11034675269018266382 13218954478817045066  9539249098056678110 
13611317939197626068 16537958292639160168  9332110293821709398  7475478787627990115 15829934662287573041 
16161887139150348049 11315028645205216431  7612798735645929442 11304678604977891816 10573617090928140717 
 2770720858854932877  7030725414334660466  6214813768132826010  6437978785371648344  1561078531188891386 
 1010309922699453491  2783081901731194832  5873388542204841204  2323293214931077642 11565435430743421137 
 1765146514259516350  1822435708907500082 14885233361873987676  6271828919791480835 10070008925288806156 
 7215995068451998915    91212758496654525 15164205781590420417 13851625516895455531 15836590279240845689 
10575497734764845294  8249149310788281787 17456673317759324213  1280866212226271800 16151931550225522526 
18071511870055326419 10078275719174942419  7396225403102335009 15130757069752545683  3560839264592248785 
16251219506424508580 10465334910553329402 15241583211846675335 10360938816894904260  7607668118044532505 
 5689451070459074885  5254441365583176503 17178349279766531704  9009737288496704880  5628574963412260468 
15859834160847076997 15094062991286164218 14385178144792608064  5645981180659921985  4840568373679580445 
17115787349592436667 13036594399021999573  7740576494489783359 18335119822678222874  5773689312350851170 
12969752544796276879 16229693462275034812  4187933291794415212 14379997854397776412  1821343726016932300 
  152514423567966181 12851557310417498795   282616062732218227 11482722767315886667 16117561427459940434 
 9793091959114248501 18047623734084406658  8889115747681895162  8498573302954609016 16876608691907804071 
14030734300663057573 11734130502797131491 16431673773435040419 13462426907045767044 12753640015579429127 
16025780578247089374 14855644672393839977  2631093981268155501 17860491160672371889 13088868373237598488 
18315173852455277843 15864522900418129470  1074894898151202570  1638800948083881693  2757306667328309195 
10893147710375876611  6693112410554941370  6952793677606824498 16295012571217495163  5043285481141378125 
13930598855347875214 17004590462092071588 15290055233927255539   121451207557802967 14314115598632700077 
17195910634063657628  2705074186562939079 11364611995565847045 13096365888689007601  5232895825400339375 
16845211523345057748  2860726072116470745 15232963511462873304 17635333316834328049 12476048055875225292 
16931026556494513296 14827804265667484848  3564535831199297945 14263392263377243595 10824090388049469902 
 4228581994876421714   361536760263575290 10978281812515321744 11073724663203262667  4033185606738233429 
 6169637144541644126  5209286347317846988  9877900704582624708   712980205154012302 14911461671696034855 
  724672770373038096 12757303915490941548  2646614554194362853 12765722270186878497  6871476364572557526 
  896797552738483524  9600996409293349387 14179534526592220212 10179052095010076538 16031985822895786237 
14093392183922371754 10404621012261336206 11120382124466813687 12778614448784462149  2647569369295917125 
 5799906013712428986 17991506225690865114  1273878701550119582  6514785265471095858  6027339775553108438 
12294458667877473468  4928679058279052215 17777089344191458055  5683763389260481813 15663115317879361459 
17463352949855315270 16218009368148925826 16927962832461731713  2652958477259904725 12033193739287701736 
 5036369221836027578 15094711951838932243  8137862141109368743  2650988530580501468 11899699241058057853 
  811612515358852550 13735608088787146740   304930460583580824 10160587689699065370  5127887947134129020 
 4045186647594911179 12197400789978669699  7801616458100484846  5908008606696636630  1578347987962128675 
 3371972235641791596  8692779217314472217  8801693490202385195 17925865241501163271 15387575721022638522 
 1997120796004372764 12287073348306921020 10233447542172392886 15435109556455559043 13485927629522298694 
 4589564917747149928 14050824710876569872   532498381817231279  5797053982180957690 17318429376362843981 
 3846816996302612837   515493931301243183  4989632230151089108 16384746679907470139 17575143741346607736 
 1717425804864513828  9905589108434094562  3342403864772579293 15456755050440095420  6737873255878055196 
 6103534159337991718  8696783064734522094  6000203312721237705  7320033187860691370 16275758944170428474 
 1579597330778248029 17406368689014846692  7762451704254864974 12397693253700085217 13214193936148242567 
10426592144872104082 11561935195107217293   744514682079814597 11209598952518405379 17138006935578140960 
18388718665278491215  2749520661766536748  6014979347753458783 15757126772177236764 14880304446462411158 
11353199485845586854  9546562537348056919  2700894082865160476  8891164187328101969  7184957635826413010 
 4838798074163408373  4980213336077481208   947905883748837191 12288202166205629079 12031905919126992557 
17992470303513873332 10386477895343776078 17953986203545055614 10917539348593192139  7970015119486607901 
  427764410835947199  5696915156242024232 17627766239445098922  8738131251422904027 17368886377314395291 
13653048946989792883 14183047231119618368  9496566168872215148   724270356223536914 18332153312674042478 
10283474241835488227 10061807001695638707 11946631824497120508 16943281250310101539 15794958808851145856 
10782183774156132324 17034851209544399231   559198297047793293  9201069668307172940 14042564104411548987 
 6307051700647722001  1859078163327010215  2307320343628800302  5492653341367668364 16334393770456632837 
 7669899969340304071 12161827565284887622 16577265905097584802 14511062116243295288 10013817108609884125 
 8831208963881842042 14442091010114167081  8860319689431757816  4055612720353649291 17590607081074468873 
 8478525893649952171 15995301624830887079   872027261022394276  3254999974764305698 11700681969699502184 
13357518228954841925 10292519383516785868  3362499738326693029  8385061381805512861  2962063492710683120 
12604896032137037348  5268514284646743500  3301384375031142905  6671729643535341219  6373287791667831292 
 6883605758314972933 14980892206484050260 10369284225667711954 12941709139823857352 14314852947214713376 
  773878890770246073  4954700702758323643 17924489662118277444 13706973636758940623  1037457980090796965 
11637122985808581555  2515513215555984745 17638692307286096180 17300824392157832052 15717186531482065792 
 6566423232432285261  3439886932795001553  8597685395718134961 14611915583337667399  1428556870325687694 
 1003032032758647929   384137822711910491  2843467289401204537 15681520634844351986 14612994457060985206 
17250243493645505347    30756155586430340  5872806434446614663  1726473303942573008  5545274510675130256 
16515527701635404100  1192094149349005735 12012286924070143460 12171675274479060326  2145217489368114245 
 9057224845160298943   267678158342466847 13830020124562723416  3632716200313813972 14251921845056522075 
 4695290720003119832  2749946793824454700  5478516420191945649 17563393875354290714 14069061303136628969 
17214213675519067936  8905457950073568075  8202662485027948602 11311273345862264108  6940234383198335660 
 7074842467801294238 13832371757768767627  2379706398976113553  2211629418933889330 10678899290831886994 
17293022879276988656  8636505823585415644  5595761705206995497 17947852309356230884  2340787518711840218 
 8751194052264978462 13452838686571049890 14036261470079343323 17337824070506376437 13532449186548087240 
 8685406637057430392 12161019674169765226  3462479219090738969 12836828720649725254  2922151386210186027 
 2908814642200247809  9580729263951829437  8159656832573684329  4799944398585291820  8575343150385287907 
 2115224059189472135 15365633850016791945 13064804689371935430 12675870769485606679  7556397438791234341 
 5473584076217273898   843612294726966032 14421629342651734846  1930642481117396544 11659625239999410359 
 9049716725486913917 10186592154612733494  2648462110272149975  3582297782467025440  3970306740334713203 
16252079143836791044 13681372134242547718 16824256632788036612  8426759370719396769  5662133653510349309 
10867393297330563924 14558615103500762641 10847342361228807551 13711338432921223886  6060518214644438888 
15490765048221353452  3299752127940380587 14726385866659784385 10219936805479202632  9527726095364774816 
13465039804316890309  1269842473846265896  4486699992684370680 14501584148542189466 16469410306513071271 
11739973777683086347  7001351118451426852  9291476942007133633 16327780653614479784 15887352248320060612 
  197874965680528904  7340435690985169641 11253228887581863724  9099349078958970983  8094045486809224454 
 9683409249086245286   339115283954447252   817514757131205699 14289855316570190041  7850605081225691870 
 5857326413648228507 14713317487256010850  1482226504680705717  6517553549708395250  7244940308111927179 
 8021075815833571253  7498876591471112139  5986123270634769461  8545131888738357255 12572719387475353837 
10504061517184862153  1456616817515572233  2707446728042280033  2574501161769732720 12170030706216358169 
11601957379841512265  1519296260008459342 12759068364273460196 11493915804765509078  9698605403503191530 
 3074789356614377339  7390583658016546468  6717843182762836392  9560739322737484880 17282341741635461703 
 5367527795943111073  3992617368257371351   108463915080764616  6214263161092104119 10036687717031660228 
 6809613757283358763  2095821598434751066 12499467840363124110 18150838183724726053  5188060032402838622 
 4306089987892484082 16154842513884854481  3153012546628332907 17642618298766978207  4602737714194203097 
 9170914681432451391 15682535801948489869 16155283055362371349   961349383199189069 16339643546103518558 
 1414696334845310658  8690971253589401809  9053502202373083972 16785536260890876722  5258993510817225245 
11181313755117137838  8542616290379435505 14839678609556545931 13838483111837244885 16140243301899014227 
 6765530379191333880 15517545838272045700  1024956500305964799 12567157755905630313  4130981187246367340 
11284294066622364373 15953664357211111398  3840147529868714523  9749718501190233237  5345152381955421713 
13021429294108408083 14209410164027892337   618938770569522263 14001182444646031934  2491364652922260146 
 5400866012188444596  2432148542912377027  1413236437016517870  8923596945359319098 14875417622519244225 
15697872190392944158 11605859000598814039  7585735184801280352  1385445435562880129 14285116293720850886 
11564295618313490556 10966123719664065141 14853145777119935236 11629434481721018519  7602762875002192060 
 3030318288502500865  6036559999677355300  6667135134226825554  9935769074405796177 14787372377645825480 
13015502204940289692  2297739588744483523 11937528533948712584  6667490799486718417 16173747100670393275 
10290157148374544171 15033084466480858261 17921022848722549475  3606962979249011606 10626842250139887015 
 8093531824570759246 10343932239109065067 14211706079618248546 12155996689385388779  3117176503636903385 
 7660466700160657921 15405846799152217661  4155967725006558631  6813145422756835694 15171344157494002349 
 2878655800827752922  9781013264424578957 17468832757994936630  2136946265049730033  8115721766042576422 
 2233522889380162977  7154616298208404590 13926831577273520677 12037893620290026207 15458243126715464929 
14893986914955696490  9850345379905913830 10068028608652879562 17087867639972199465 16986276315108277216 
  443485152378683219  2395817167864535492 11528153636290786018 15409931365618307211  2784921193302983496 
 2577804258074888282 15215793659623313224  7441826014599857762 14985716124757914679  9711584198013440381 
16193339169374272117 13585537200376276542  3548137117964262100  4440313125667736589 12450813712712787737 
 6722009178042141679 14032861685550556418  5814202508659667483 13444197095755288749 17050559662702743911 
14642158263004732613 13875951804254517698   907911536390271466 14063376654726742735  9372578059423609163 
14202878756423859183 11745381388421192868 17585669944613841124 13828400889719463974 18307760214732063639 
 7353525981639433978  8583356265476529270  5229928367411762116 13465286938032701479  3898141194159207986 
 6598583891500381668  7438708701323907265  9689486702834254649 10069876643111445142 12709679990909742694 
10487676734989331065  9587385609749481232 18051607017184518311 15633105543485078039  7552240737180013864 
16087054448383369660  4549431301398003746  7946734927106557828  2106987908039433755  8368109135407673997 
  158205234000584240  5210134693956400556 11656413217966759782 12201151888527792902  5243003982195485690 
 6836299139609050231  5790185425632047107 17805263856866874822 16330318980781130396  3918495168268318924 
 6820387870229369004    81804947375986649 14513920372818224967   434503696409788712 11817117319745142063 
13369758207066050476  8062301068997908013 18050553325198213868  3123987188836751438 18360619573380928626 
14355942272433655369  1859691142374955939 14215108556701738695  2269078489399659702 15645392735044033656 
14786196172646691303 14468768648843510768 16138887878538611734 17891351311600423438 17251308384304257576 
11563079855131756823 13623860774017808993 16922846493457812453  2572411505791709166  1455378252473598446 
16998146435399435910  6298457789843827866  2392111813930977181 14403182514385637869  1302767138417538102 
13323575797807837406 14914938116112806823  2587882473392980231  8549841898122160364 14035844621204402556 
  284572542162037063   512328465905576623 12366718300584039426  2958445856237028641 10280002994047223056 
 9396199949624902292 15816650542368269616 16377219934553310005  8237843797807325523 15920667857475760505 
11111720366815283200  1506116119523557862 16299190119996469301  4396941534755752610 10160920539551837806 
 3578873180205688769 17920231548897499124  7340896819247606444  7823336550076390106 16175018564605288241 

1000 outputs of genrand64_res53()
0.578783524795538 0.933699813504372 0.518009044259510 0.295424554377662 0.991120947205853 
0.483127419221701 0.458160041477921 0.021887716703737 0.580768863869550 0.750000147589074 
0.568938686279074 0.398142429948914 0.812095658210280 0.097032788133267 0.074321629031066 
0.207036672839554 0.437166465391231 0.186004622303511 0.730949837096014 0.483455380290538 
0.640200966406902 0.691683972825625 0.505474524007959 0.715322843360319 0.601719821010889 
0.936166269044342 0.244791898083072 0.309082207154802 0.060133190151383 0.939075815101628 
0.118200784234081 0.578133863875167 0.290218226473066 0.601059121133286 0.533545772777159 
0.447508801444756 0.443135229823568 0.567115996157540 0.426722303470497 0.492579159464408 
0.639515312880888 0.535157806691466 0.911174442035778 0.478810156105740 0.074192275599839 
0.771329610598971 0.158046888099780 0.328330119379741 0.328038749971174 0.086363689498627 
0.316914572852887 0.471568376764101 0.131138719745068 0.167943552336776 0.420223569674867 
0.225253792401648 0.297448477070033 0.001329790555883 0.246059159691098 0.275759231332733 
0.431342717826517 0.391846825716576 0.688680595010493 0.660099009674143 0.242849585110584 
0.718193621191676 0.481534559716126 0.919390953135935 0.047390618811297 0.269250637090663 
0.460518279160307 0.431772682210112 0.319944202251681 0.168878249091818 0.982050516377531 
0.974700388615742 0.866509686299714 0.210054883535656 0.861599370402100 0.004755124521742 
0.770367007056391 0.546365877011762 0.587626154576292 0.489637489691889 0.158534496006463 
0.350727305561764 0.174498506485828 0.919427122545314 0.705130385675130 0.751711494153953 
0.224154475792845 0.194006023141531 0.473899330509098 0.709741533587795 0.457348084040415 
0.797098415991409 0.582701777934492 0.588963631216020 0.436261313357369 0.883324403902628 
0.910445036476830 0.136157879624041 0.714863565093385 0.394736448722784 0.708241272284242 
0.884437990629245 0.441620487060333 0.775900170572293 0.314563908883337 0.318070496010500 
0.488391750788722 0.034015279481401 0.416402010260159 0.276020680598566 0.878442532372451 
0.830414219820146 0.651020207797366 0.247457243884660 0.877207227764737 0.482643722096086 
0.838643631327691 0.405754450695009 0.959466412533567 0.417999256306505 0.870246221547212 
0.593626482896174 0.006197396211649 0.303181127148574 0.946709142151410 0.867477189268974 
0.502484132932575 0.499760316522753 0.282562992781825 0.680536671813439 0.676009219041485 
0.254869384188215 0.289512898298354 0.099616940131119 0.186461359635842 0.455315111966843 
0.354904129983580 0.408021133903240 0.567019529624996 0.814370962430838 0.444743253005466 
0.439768354682748 0.261001828732080 0.776196046886190 0.878455500651014 0.104205990057061 
0.189676418906004 0.625499345115266 0.399397939865398 0.617251057919281 0.457703460235766 
0.719511272361264 0.628333592789814 0.591789257218650 0.508487253247419 0.272017111968456 
0.795259719699693 0.885331605745651 0.952589815899784 0.131185266637764 0.542473365896846 
0.960815125089537 0.552295503233347 0.704215657809926 0.424669798607215 0.177565248182517 
0.088649974462538 0.680010450230020 0.022567493000782 0.774912896739961 0.782765162871057 
0.144885466335010 0.081222319071921 0.214599950789444 0.829949596540110 0.625235148377685 
0.732190863356133 0.401945973629565 0.398238542001387 0.904531454066694 0.279181344729516 
0.791415080899942 0.939333995422595 0.277689920909786 0.147143797875990 0.396372783531076 
0.874471580511583 0.022996510991055 0.067176231778474 0.728212845984551 0.876293990536090 
0.981892599601330 0.847316325965836 0.489048110277365 0.647430464651088 0.095410521504189 
0.796240923335805 0.826368164216263 0.143730394841716 0.506671477990111 0.476998448645769 
0.050153544162185 0.400785443828029 0.532221193878075 0.961420483506250 0.044538849844214 
0.009584652801080 0.181959118650513 0.223381778237276 0.430837387551767 0.001474961232199 
0.855140503888015 0.753228247014726 0.149750614623634 0.160117658255529 0.783336970857855 
0.185900113490519 0.562276067929093 0.602539664795245 0.757428866556308 0.007534478182373 
0.060205449986370 0.591135071420023 0.775550882315809 0.124329255083708 0.661782840756359 
0.312711453060710 0.983492885540930 0.071487776179307 0.397751259497005 0.017315383121079 
0.651141222567710 0.183547642679366 0.087840840935495 0.982682861123890 0.024598833580785 
0.997637893087163 0.236144804224077 0.562777790395960 0.903939361860568 0.503882250477311 
0.168717172628094 0.627402929281651 0.911263670435696 0.659907399546510 0.688507548604466 
0.761241631155687 0.277273373867265 0.724634301104273 0.330654625367657 0.120730638438044 
0.864285284301480 0.436439741441643 0.311057158430855 0.696366972362831 0.357684150585966 
0.789260044489546 0.128266585836457 0.867883639125523 0.186715978722789 0.031414185218045 
0.748103980501720 0.750324077289386 0.168668991686501 0.468466931448472 0.768669855319406 
0.556596149692022 0.255968836666422 0.924907817705138 0.378212892683217 0.451553709044429 
0.497678654850989 0.137254686967690 0.842145295723274 0.891940513490564 0.929732085967349 
0.718545980112724 0.412767590150445 0.007055858697677 0.629787440999490 0.739253507854311 
0.681009211166274 0.882841617893179 0.947796386303187 0.311454889944950 0.264175458801225 
0.804353426539757 0.665801828638758 0.775135766426424 0.508452755900644 0.467311460836848 
0.275197975877409 0.829863175500849 0.887934582400110 0.544123394243191 0.255050738545263 
0.250749703350865 0.561329675439348 0.284798014878797 0.824121144579771 0.074235449999799 
0.280028474317204 0.783555789277306 0.054916809051741 0.896821866399913 0.405458238261308 
0.292724296799834 0.576533469563459 0.141094219445926 0.123829241992958 0.853203064903385 
0.479878362680672 0.537302776805837 0.562589028076466 0.988317339176571 0.086280691605372 
0.409831172223401 0.948347638261227 0.773063214535096 0.732114999061949 0.144726667524627 
0.356676009396925 0.207928293044058 0.075239261807313 0.386076777403330 0.474351496965685 
0.845252662404701 0.536230106848021 0.432751953532291 0.682609228876507 0.138468319115671 
0.344633176796953 0.651438279002259 0.036977489027547 0.575372475674514 0.997595884973109 
0.210973629304603 0.543952993657594 0.904933830422284 0.213390033613503 0.544373608568385 
0.727360435717032 0.117164634784370 0.659233975721411 0.407171498332823 0.426451099721298 
0.781566675452730 0.264140977322034 0.538947094102289 0.195792285733803 0.410371628165111 
0.729666518991979 0.552429712832725 0.979720808402877 0.740197915594043 0.216469975227373 
0.422044962316005 0.535353120674885 0.394541265605321 0.501960178290236 0.279518940030618 
0.979323631301816 0.111834285449706 0.774099650089682 0.517169773694450 0.026312533293017 
0.873467620615914 0.725673713324843 0.809596077058776 0.991855782659887 0.452069369672147 
0.165676571264169 0.925905667142480 0.882277145703744 0.922389602729033 0.290502844531847 
0.102828908106360 0.266275931047768 0.867573170025635 0.707291140279815 0.407865989407518 
0.716067132854979 0.546909537387886 0.436297059169233 0.503735215393859 0.633436987184331 
0.270083567248090 0.669003328522503 0.800550225271429 0.902597957157568 0.596607267397701 
0.947501189804774 0.971970772090793 0.776896918600233 0.391955390580038 0.494668499668411 
0.246574615386239 0.005349764016354 0.201739226592129 0.932480293730542 0.523927005590123 
0.054280356708429 0.890132472456137 0.737956756005650 0.084858126737935 0.562133966085787 
0.268308009290329 0.207253649060091 0.268633647834353 0.501929541065639 0.993877133351244 
0.191402562184165 0.601323778299788 0.371669981302615 0.173783348777173 0.446335716219008 
0.327177832633827 0.476929832087716 0.894889421710293 0.292449423330766 0.070530920692891 
0.126608028272945 0.580754283597154 0.639003997271736 0.178240501052753 0.278146125043650 
0.197869473125177 0.835337987398366 0.776588050740985 0.967862228922553 0.911895987929141 
0.644272999084173 0.690565166888839 0.902045565929612 0.529652508179651 0.918258288978353 
0.353099785060536 0.930059277108961 0.455175535354185 0.318466307888680 0.465063448133011 
0.882663210237873 0.687594873619993 0.239404128956190 0.041880839122951 0.588955369430081 
0.125266697339116 0.405672664291282 0.355190443445080 0.673045787393683 0.296238687597728 
0.310412033101056 0.609350184749913 0.793496082739825 0.544633500010314 0.260473687664775 
0.137479994237537 0.713598042045812 0.925763630365748 0.591749579602886 0.884101377741025 
0.108070082881025 0.551595846216347 0.468513866267522 0.349858636268311 0.149094441260336 
0.604310650522265 0.735343887672432 0.464263600947692 0.520825363691320 0.443799427345768 
0.409534995338150 0.329519813902213 0.388140643179019 0.127067750451824 0.491618499158908 
0.056510152891410 0.241715447725943 0.300612904063331 0.005233121895587 0.453041885344030 
0.583094762266370 0.979959762864375 0.414988812123186 0.387544211974867 0.708427390706869 
0.383847974185510 0.532579128335194 0.729479308477868 0.487497588996441 0.407212184800991 
0.871817027349849 0.937009742340744 0.111227164162015 0.374070941891583 0.481889348429593 
0.851336601402391 0.511626696883475 0.557738685562573 0.094404554441939 0.382790942732023 
0.421476325669881 0.385186057606973 0.796279950090258 0.955140168444492 0.494790209956295 
0.054431092434664 0.122824819058684 0.585162564516532 0.208489721860906 0.356625431185385 
0.760116380199575 0.936433713891053 0.380148074949598 0.470726818717790 0.731898921290280 
0.334711549002862 0.274500658668137 0.301019250517075 0.794994745039814 0.523168623672418 
0.778978434634151 0.858737941171046 0.856872914558040 0.473329523544653 0.583577418749186 
0.433526308720667 0.020413208596775 0.739759651132504 0.300534773236106 0.725435081153714 
0.471979855949479 0.692700542698807 0.982180190636551 0.483265268264536 0.788131996064713 
0.138508229127417 0.136465595514188 0.921793847209889 0.459663029128215 0.962782512928864 
0.371818447773545 0.456579127588604 0.615425183370043 0.807704007926417 0.568194154056328 
0.282743590737309 0.566329866715512 0.405632141796078 0.110004705162750 0.274992378110061 
0.568877921045294 0.088019647854396 0.430240688693725 0.259072062149992 0.657949532345259 
0.088123811813156 0.941790054478900 0.034520427339437 0.114203902347359 0.603492569357645 
0.798281657191047 0.052270614772218 0.422580364435922 0.186397000636932 0.508872438588562 
0.951745335471620 0.033277085197164 0.011365622197184 0.128003699509132 0.964888136099171 
0.423372379990508 0.252147870752071 0.355175606413067 0.422136030921118 0.062160930908152 
0.173406536466056 0.114877560526829 0.857959902338010 0.793469122392986 0.664643054163411 
0.800379118988374 0.458808439309922 0.535583495636120 0.021613016306021 0.939249602541968 
0.420730812949369 0.902129645441673 0.576324138555140 0.518134880314481 0.356824537941153 
0.332122754747908 0.607844664530101 0.788914386187992 0.508481280828035 0.842777005649121 
0.896867394866688 0.287111465878827 0.378046912307858 0.303909011173379 0.121093336934162 
0.759712275938167 0.399938769620889 0.068612557708416 0.343246340796318 0.551816802499471 
0.637744819075127 0.328356736532436 0.251932979416249 0.850735294638370 0.363521098268285 
0.443104241776375 0.099391664552513 0.548524752418502 0.872163262715647 0.183895318316006 
0.662205126654723 0.107836608847027 0.809524387331465 0.719755270463729 0.236980496779201 
0.130563199915383 0.924844352693937 0.132091852166321 0.197097687936750 0.364108867319080 
0.020256710427632 0.262740526019012 0.810221420840592 0.368525204806607 0.571121185768851 
0.401419038468027 0.344898452481410 0.239838453759837 0.616007202671977 0.297597027857011 
0.080796796146077 0.641863468706183 0.183642834260853 0.195676193945340 0.355392098771175 
0.354572654911476 0.070185889889085 0.273985615492683 0.519539934231068 0.818736064610194 
0.374785264884328 0.494323658085870 0.888453286470891 0.996325393521480 0.939424467235961 
0.658583086492225 0.277752543245328 0.751310393633282 0.547838064136980 0.501300380140554 
0.753324977628856 0.602979271187240 0.868265345538087 0.229332511426242 0.114998171741573 
0.558446987317735 0.465933636658764 0.523508629328749 0.006641177402664 0.070700871713973 
0.735192295657052 0.731731953852667 0.078086197882849 0.306794662419753 0.732558355103026 
0.904764772497564 0.420553139854321 0.754451919444429 0.697622995502901 0.193703164365950 
0.573824777231809 0.362798543689476 0.684270659398546 0.890578844441404 0.910328972739870 
0.149620792726281 0.488701678125997 0.176241498279459 0.983118376080163 0.061404425662173 
0.168235333188224 0.281122926561728 0.785253850811971 0.665784004408334 0.592747180351151 
0.134580359969555 0.947874740276117 0.454903180781589 0.044645187310062 0.032826303690284 
0.547080781552646 0.842318286586784 0.139022003919322 0.538312232618266 0.723631041311628 
0.594589885032922 0.950939763667221 0.270041190230224 0.437840919513302 0.532921920941616 
0.570562205381454 0.028045723792325 0.324073958735519 0.490628325382958 0.782730276688309 
0.373376534773425 0.757351861379719 0.093174443771670 0.058926136069766 0.268745324770875 
0.821176740924235 0.714964572341794 0.541943002542570 0.019575270374000 0.527875937755190 
0.304500557873808 0.282153767321571 0.913353621328052 0.187762408853100 0.136546866559891 
0.094266468576290 0.662304997562986 0.502699259011555 0.236021242388658 0.228208235438036 
0.791398140698636 0.351478577887586 0.089231525163448 0.079005849331207 0.364602401888158 
0.975049589489672 0.774606557358509 0.120708261049074 0.556450987453337 0.722769384547950 
0.384669323323867 0.140269278077934 0.917987695490943 0.324353447100686 0.089879081274876 
0.829707417006040 0.917208765787487 0.951794524168714 0.673081135928603 0.804789560789795 
0.181872192055887 0.842906160206099 0.742956167351990 0.430979411477162 0.876165837362807 
0.225013129197779 0.378013149099226 0.748063513284037 0.009672941340886 0.989977235426308 
0.618529475776572 0.269171364177733 0.731959403920363 0.254212853179844 0.497216130786906 
0.233782239188501 0.396727522575852 0.789284287273183 0.868927913237886 0.180589821326516 
0.471481742037327 0.751582029347880 0.637067757357668 0.422854465349157 0.783495344691275 
0.967378127270039 0.084831707593564 0.629264138413016 0.978743042968021 0.876256799055574 
0.619011746841825 0.476673927439790 0.441064191681156 0.709031183710630 0.189326366205903 
0.350054561627172 0.587276630116545 0.978410621573510 0.518058704484637 0.159058061263812 
0.419992329393232 0.391874214469484 0.029450305147896 0.600200624522213 0.702499986808940 
0.689170753284460 0.787646769167062 0.004659666958417 0.895698119465520 0.079701148187895 
0.443238237724558 0.644615772769047 0.093070363990958 0.421868163186360 0.149418170034867 
0.560695778421748 0.987363039617271 0.620200017783213 0.373842365236863 0.281525535877070 
0.753123344761083 0.345299112189691 0.916051214050784 0.190828268150902 0.059079321905023 
0.684853692733164 0.875585967233836 0.724069318205664 0.511248224589543 0.629263796200625 
0.148804311605849 0.725572592090964 0.169431959557564 0.629130552128618 0.508664419331144 
0.919918027326257 0.821649758869790 0.471134291492947 0.345839041691236 0.720143079653577 
0.975863494478875 0.552553756646543 0.146222426857154 0.017076055444653 0.877002125678692 
0.519725587598961 0.552848301075591 0.596824523615494 0.104270520666565 0.553085414156554 
0.121546022203997 0.930227735998367 0.722872901610657 0.594263684681839 0.069694499127729 
0.119046330046751 0.256936958531499 0.273408686752053 0.825089194098409 0.766547664036158 
0.571410749732534 0.993227041640074 0.748175751089152 0.640168393607352 0.037942310026051 
0.661885774045949 0.744967737275149 0.375924045414707 0.221574191672004 0.804480994060207 
0.319257192035110 0.410782046014885 0.975351680588264 0.218480184540768 0.372710197916168 
0.969276097546626 0.110118817758954 0.580322530041584 0.759686554009445 0.063504884839557 
0.377920106481634 0.937606897859987 0.464361400783454 0.235115596223861 0.265379029653633 
0.497245667291937 0.468482879259294 0.938976394880362 0.846281676915162 0.850064001590647 
0.092616107042218 0.589664885522709 0.492013747043516 0.697040985481985 0.003448182348652 
0.032978707307395 0.048560337980707 0.842884343451723 0.225740829684318 0.317220373379984 
0.746348648114443 0.348029818326314 0.842985296752409 0.993002359675357 0.480144892128419 
0.160708959007150 0.436835262901888 0.838976127115996 0.402204305071050 0.598844983057963 
0.365758586957320 0.244168300998174 0.060956633548607 0.936775408868654 0.854381051091305 
0.350864073479462 0.249858148040261 0.853765235644801 0.862440739804714 0.110791289576289 
0.431566173232699 0.609143233293375 0.439545892044267 0.936510484041917 0.047291760874342 
0.600753733598279 0.753896038914559 0.912264457070186 0.227879126647206 0.787472005672444 
0.966510541293902 0.113810502533794 0.699298203444802 0.801548984958419 0.615121242835584 
0.340137759114448 0.782736183665271 0.172233984734612 0.294386631974336 0.320394116214630 
0.705625683497094 0.346890681951616 0.434043310649425 0.815467431855449 0.522399006267918 
0.531647196636471 0.018728142181614 0.295847303478801 0.476861278228047 0.361463581780433 
0.158188210010364 0.351235715205626 0.826673400507517 0.959659231575376 0.363182444647523 
0.808972053113068 0.192361759728787 0.541517657963530 0.420911012333510 0.064268921969569 
0.678571086955967 0.480131691350454 0.536403784470377 0.920668052302950 0.106659282390779 
0.840760446398096 0.974928285364704 0.151926753520585 0.587019089698725 0.326376281144128 
0.218612430756675 0.646880223458395 0.901923351353733 0.154291112077162 0.786545094760491 
0.615280940815865 0.412666242279868 0.174512532464884 0.791274931848904 0.424254696753126 
0.801253893589597 0.027104749174202 0.094323750770892 0.992033154213256 0.894672013171383 
0.355207566109990 0.373193578606102 0.610467496471350 0.738446279434734 0.475665505355972 
0.216201253272979 0.125597242714627 0.463583425602681 0.299350492202150 0.746582751862479 
0.350791459014256 0.682331481875532 0.036595873614380 0.917729774913556 0.181139375098310 
0.666912191136459 0.405813706045810 0.696500928512471 0.025014531888635 0.228519182101953 

jump ahead by 2^256 steps
1000 outputs of genrand64_int64()
 1755774127614156228 12379337978661088606 10167375527713416702  3825592781718393704  1881035923041815861 
 6931595478393309774 16225682366358040975   991655519203849452 17385950468948654116  3454108493594779589 
 1254554940773699297  5364710956843625898   805206001896357337  7150323688361605077  7398894018206525598 
15635215810640724805 16812687055036453367  3040059240114084225  5257755547498018388 16305879951242531886 
 5647459453140428324 14030719796712784224  1852606119753219119  1312872893607713338  9945241258680688291 
12258174356237701338  3603696742903179744 16155986430754499950  2340235220479172287 14070766388086152523 
 3462632877615862275  3948372231401276081 16343244588666410172 16422276858851027422  8500645910820913405 
 6869521723365409202  3498608386656257440 11396911346553176685 12664104918342272596 15895523725893127381 
 2331469141920672920 13131790676029882906  5265270425090922809  8170191945647645468  3649225034669041742 
16975017480130084623  2344216143764523723 11508660619940330694 13308530547425990911 11056176678459611129 
13371371070610614800  3160470447032196377 16229512652203328710 17005670819909956513 17076948292450104363 
11954330071794934331 17123349172175440359  1761694215904177052 17667953667221264085 13808808629722259799 
 1549666561500556720 18161382321328235794 13779341038069417999  6442316618239916965  9243918142497465870 
  877074428480262763  5703024476472880650 16589024785450007905  8548211528022169463 18028504114305233725 
  106172593490168434  9343354661784586004 13757266703180834901  4652080732240177854 10927551672711470701 
17060252436935864484  9012798924426304975 14907904180986188548 15665783049649513921  7877277025588074240 
14704495684373637718  7495902012767489761  1580394125386870842  7705477936492269807 10162543699005609036 
 6135895566709250118  2076147948961189031  8827326026601415850  8862113001437060013 11228145122019900905 
13346021446312605594 15399117451301863463 13820097719071987903  6676286681136143850  1451887260866123360 
 8398982485603472783  2899182442733114656  8977437542511315082  9258493673515387457 10657212025471877107 
14549363743727776160  1093962790373157742 11810491812125604657 17209177536004190445 11845539180711324293 
14517157079841351411  8759702251309916332  7064938854301960523  6994584536025317181 11163370630053126385 
13696352302605862591  3421911503329117846 17108872766776155769 13238073879157537420  4550622118803109135 
12202164208004540886 14815257884584452119 17853566511417385388  9132434711685202130  7251827114525873119 
 3969377442817305660  8291321451294549011  7917777456473054064 15887476744587662698  9602570693576999159 
13185308850146936565 17097168229032694332 14906595379837209819  3422998159203784320 11938880887450697610 
 6538675515997273027  6629219307497941594  8818938056602096708  1235040741375935330 14479823514886448344 
 7069437436373896782 14737793080172341616 11596634559647961940 12562923095011203841 15097941629290236861 
 7585144679803268605 16666916258264959510  2109453625225378115 17681684502649592182  7050581137640462423 
16417654983554580826 12058353539365139718 14556731234671257291 12668329902798185302  1033417622368364768 
 8289731022051963883  9740170428518593437  1842417327324911605 11930312020620906795  7345034463718948921 
10945189441764558025 13259922679195190547  7176399656751329454 13217394959600447856 12930583082070823251 
 3145522074345414852 10403727529145060636 14600266646510811970  7086171842074888250  6091164286372023255 
 5226476682909441191  3414700896358074342 14945905746475139288  4195883212647437929 12474730289125674076 
11576917655362808812  2323392558829426779  2576834915593682100  6442921904566633774  4572095461744739370 
16816293883862075715  5916230246948436594 16156990031223069110   200626382065440690    60864479683651343 
18003245425000927776   406392248008526011 11658370586470837841  9482252945488723600  2008768714568809030 
 3575681304577502738 14586433811974774609 13437618446487246077  4947269932085470986  1528465155621611916 
13665522779121117381 13576929574211144104  1295782607418768133  9908547126833698677  9634473541880484725 
 8858129959433016422   444493636518436569  1315848793982217956  1584339311408961424  5896612396749235413 
 7096105037870960752 10172310888690595406   399035870264516518 13966378302580572764 17958657831578020745 
 8371867816396238864 18078383950559363032 16547254724185827096 12091318816960490991   131111726572475035 
 9042633272187544577  5275985466344560950  9493424028371829420  2676967487904179539 12409095130619164385 
 8988058707812675487 17284150042145868569 10305735271186407159 14154388894499802979  5007298382685368305 
 8650614259611870270 12933185738713175970  6936200126284588194 15005434416361548196  5053080031650153498 
12300051532956570494  8627456268681539631 11185538039377885276 16011892508907643411 15818839091388901406 
 3544969000320108453  7743292920757315785  4460489973448894204  2470255906731740676 12147768361541186874 
13921404832125470503  2573761406588146589  3345530271763726505  3840698552929076757 11868123330586364802 
13907168867455061669 14360927441433982835 14144937370628552847  3145082621259455268  7156469957736186076 
 1464765662121300717 14269104745717045117  5229191970144116949 11854692231331584199  7855220873648824631 
15196906233547941464  9692479162482999850   281157669627607355  8268754115463171082  5001223138746262708 
15937106893739619145  6015344597880614486   785658054344117815  4579699415315853284 11258426595281159053 
  308641213471608341  6377411388342236395 12896163319328241004  8749769788138817658 10013429835187197359 
  508263881278701996 16272554404499895006 13326240579751008883  6367585676798807122 18049813583910534473 
16927727318310081570 10259459815044199272  4313366661135877979   205972658872837632   604539540893362062 
 1200855365024913691 10423538281062492101  4660154781012676650  8356497894947652140  5539986611833401589 
 6680857243401348110    31481617472890530 18361889484576036250 15816854654193346600 11727650149630450151 
   67564069319132751 13924637573338407455 15472001649742384504 17599857476751022061 16778941098183576417 
 4621949799491454845  1270177116468124846  9538000638333297287  3812894123830272021  7505258840284632120 
13586349689004493798  3397755052884509770 14685859466722236925 18185215897741792418 10622088265282006540 
 8708698709480279900  5667315800238851391  8929643809046929750  7424286934889270203 15843808491145504948 
13811409256865804892 17938482141082379377 16328991865374510305   121781457733085590 15784445060823069926 
14884687873418936836  6742108129971050061 11961180922743209120 11404236472863495780 16554332827403627646 
 1103368652687094376  3204238479163371014  1132723238991261141 12260220592300777588   120271379135055795 
 9465725122323754408  7739899195553106670 12440052584491137691 18029328645594717889  3407533606086927798 
  156189167087612186 12279882612946929056 18108342561675123800 14379267777038652309 14768163834863266108 
 1054359898690978009  1915202043751833250  8801070043526668813  9492585043275224795 18386194654443712204 
 5433272050678251715  4679300924774791461  9875701058097838065  5219486866588204638 12918146700223232361 
 3459738621097560464 16463076828000646302  7214558855215424262  9686476891947859277 10337833574302752773 
 3336942499013569406 17904342049761209669  5694789607727755642  4324295484130397940  8185493863179155250 
 6582809661143235193  9217152263818543041  5336490571372892310  4144976293911278739  9877289658697270590 
14963130726339983327 13665459038024293960  7165992349713959666  2266388231511590827 15022135028087770599 
    9113057262583360  9767715208109896341  6648364080562789284  5160638722872243813  4669071063137047275 
10320486996615480641 11175553316325909044 18254026043583192769 12263653495269993940 13823702137345874452 
12712542549530809413 15131470254798858217   174468533235246374 10050256898746316804  2801673721345116919 
 1051271705093389183  2638209351494362747  3290340567552706148  8588378383220588164 14464473573154812823 
13241149059754812200  5408509971631966755 14705924401654058267 10624081654749904064 12580762602754799164 
 6674258499344513973 11872580836206978207  2955292702697333032  3877519682893824216  8492142105070408738 
 4612169368350973266 16870463818246924668  2993589871019583122 10923105515378789775 13514788719460858335 
17076119641484960914 10561784251664399429  4543773431281100985  3750163236019438322  4437901516145506885 
  252163300807565083  7368636622693674096 13602497905263339081 11776801395778249591  1301091591247128451 
 5623332497869680365 15039884481970331670  8005324063255705996 12336702335419549965 15465805162125480548 
12238318942506569359 17072538333386610675   551839142930337984   352525238404977987 17727467412181142815 
 5528895247323211669  6303132205697071864 16866810524635886331  6824805057008512559  1690361093204712232 
 8795602315169135633 14800607128804331481  6651872270232135298 16901965897746472602  7347431579961982805 
10991549777343157541  5361347147714540992  5422390255063268978 14791612880667376746 18242792026779955890 
14652776412865775881 12945246775435733162 11494125529694666642 16790777646114300339  6772270356699599585 
16266706099810580760 17250552724106519993  9649938102398161827  2463452331109150333  2933170233154631197 
10862760936790119801 16383958716877201989 14757538032078414795  9459740852816538160  7420272890291676343 
   17808171346691076 18176035691018484897  7811227319105799938 15679345760649092270  5922746748520977382 
 2635310745516719572  2488311402921118142  9405544932342893239  9349557583212776198  6114418758084007338 
 6799585091723178324 17918465617779401750  5377312210803322093 11653869701544846671  3735786102008330016 
 8941454312904923064 13399190749980374162  4369082995282447377  5991981583790504575 10229069928850658475 
 6586732728104705082  3448646095433035545  2612946430851718370 13549212992954959336 12743214462729936434 
 8949371460048314857 18078539270365262026  6184646974920667274  9680444492226160010 11395640299802809433 
17429240360102321486 10507095254220374922 10542770516791830985 11756324630086998204 15182211480930295746 
12651001620212758289  8844713452273765405  3712784242864041504   626001996603237706  3518446008764893364 
12541117364891573470  3191766934083296970 17045212462251991427  9046035980980740090 12401287806617291530 
15647749243690964533  5385715517522821562  3802947580278267407  4810031696274366702  4434329666362058587 
14502931468937506324 13875896134820623067 13911222688170547520  6637587365174901339  3686081319095621287 
11579548534101278679 11519731180353204349  7019458985965387111  6654035626137248244  2712855104061408114 
 8767926679113406689  5789837900043926191  4062246282082386745 12192952621879518422 18151050782168409561 
 5735810034294065334 16954870174702174356  1387586854435360071 16234653179420500122 15177429878194880596 
 4742350646027381534  5786942990381571499 13681000736169697227  6312067581858047102  5983304838954644864 
13666870012635111202  7476670926682433189 13050478872583319525  8058215269866239366 14222387190289068395 
 1509123165183223988  9132011049892197152  5607576515600072403  8555742708176797661 10767016997596231840 
 4954578975040063704  2346999430714592963  3323939734605499618  5764584267318447675  2021203047958511588 
14029814560287945977 16189196590704894800 10088937361114089003 17011310157767132508  1626865202226843257 
14968030917755080663  2218334995135404689 11343414590160602763  7004342443445998597  5591711308993905617 
 3557337114729727990 14087644517339653352  3365934464435113775 15823249960250599627 11715465798677508739 
 1985180452828596757  9988254501458742774 11059841523249280586  6461782694846746604 12446680562065402527 
15649095582296274740 16164859735240577105  8545457824211219562 16628804057556710150 14231866117900826068 
 5947236061690315707  4183700504452191553  8237494544468625633 10268053404698540564 14990690814894154574 
18367112407452564120  5294103496366676856   557601723335857745  3131787115278674275  1007229385324745974 
10672254499678847733 14579048315998031729  8468277011514801235 11139730703556145920  3017685460032503276 
14034739459909517514  4935907590935515105 14701934929244537700  4420731384136889845 17050948340317507681 
15027659332482033979 16322960978083439977 12451803549846926869 12028344375196697722 12636586459419585574 
 3991248596981109339  3741655860073778346  1627101455677152958   887180000597819340 14987469774173670321 
  690299486364418322  2432392217683745849  5275601570606436893  6846343905643708732  7293425455906758195 
17603174234207278481 16397751402819200377 15822800680442063262 13948279605755427873 13491068649416456581 
18151148566307163245  8201496591600049381  1644421174426751132  8700467003278368496  6793086498960322842 
 8639278675789097544  9961972767988317893 11214749758958930972 10305881971281841585  1897344941407395239 
10780215631646715349  3006691836534706367  7279202034657769268  7493939866538025375 14044088712958997386 
10471613504066281660  5128263594299869337  5935627084679704558  5679770050559185696 17556281053670745655 
  215461158871234203 17092538242192470140  6375472932719971255 15230243295826644515  6659194642001973495 
 3424722280955790867  1996385022482872536 17722047487174751868 14559046330672509950  2817748785195657761 
 3009584037613002520  5422366021979251989  9859964688439335072  9110900718072071009  8626585892481555126 
12209105486996612180  7269770821238841810  4770559985613609606 16914446544007182295  4396574624258018103 
13748638586399225445 10234720581144418253 17917060821793355480  6439352787668334382  9724514791270973493 
 9070556448316228830 16340844534806690100    64294704995581676 10372379193019993976  5253672077811195813 
 2894304053579554480   171107607606877185  5587842350614137435 12609605004667597064 11561836010523986970 
  424563393975713061  7648129664505410411 15047916403505455512 11820851506227064953 15033443851345080681 
18342808031015434595 15979596802574407924  2236354118794766592  6170209200661592770  9803997935891414593 
 8397648735721919492 12280026580368132595  5840243309560059738 13256960732853842649  2154193334783631006 
12058063350602238306 13829215114575878130 10030949554703622986  2146321854200264523   698702425151436351 
12677389978418610069 17283026438211346076 15789962436740117907  7165865460135738612  2339548152705806951 
 9678014250557116601  7045594268254947980 15391207154260787372  7578247194679816189 10750160975610021809 
 7310361591062627808  5608744122104629795 16109702585064150037  2069654706001123004  2948373436863284367 
10452231563410846611 10334283526123611510  2617249078733076436  9408689297595966046 11844815600336115189 
 9806152935862431024 15415385853054904549 15233343242223848120  5908417130045384643  9168918383996187865 
12394617005119158728  7824028042335525074 15491017600119856670  8052780124355560897 15277990990442599552 
14673235395989598467   236398804252143901  4401550762948699885 10245808708004032687 11573509382516298095 
 7231350273734828165 12226805926535773945  7054069498349337205  3578379423016859550  5925676648946852926 
 9176003845725911623 13591009917631042389 18254750772883232117 15675163729261728304  3137409976557912864 
13803295577073424070  1171312441854126921 17332214694588005464  6605082853197877599  9585669715106175603 
 7004755418407820159 11503473893611349498 14492194814096495810  1606996730611019542  1917021429689819392 
15687163236218135638 11859302261734179968  4917254877974113588  1762415455629585158  6207705712181612863 
10079556875712740129 17664980870074571305 11702650582395797982  1287395149843439429  9593184730761557805 
 3834148643305530811 12388464934941888487 17712304703109510894 12653062698466164121  3742139949035310314 
15254091973142290095 14207899303187573557   416239577490151833 10205297669945814581 15200236018318983140 
11457585431557197379 14268061755941970371 17019469795616768904  1397080573430834463  7099233935444360453 
18121472903404463506  2430431092288860814 15524046305359851772 10502084853922029363  7532921387032133943 
 7312439427786697569   640992680157238046 12585040696257663155  4726068242616458295 16596759320588134871 
18019995249005206272  9538165152659069526 15805934685255929138  6312242071876787029 13152755951609459723 
 6131958013182145849  8781334285083331405  7964361282550873301  7048531371444534492  7215250742980508861 
11528731116218308854 16182422520602892613 13682459882630463170  1492233604812594744 12044164116267467624 
14358011708392373139  4590015999633848106 13843695501775674236 13533248989695944929  6141176631018412830 
 6103522477847502046  1359620194066408518 18019764433663614226 13143189647210951657 15612157901390576098 
 3030736079797905312 10724283098853792601  8432779227905509747  9057950370543605994 14668424323773371001 
18440980096060973050 16134705201412565439 13132909193389383355 15381639373155884363 15774731046944843001 
  386587152800849794 13103762687897256737 18138573053258264446 12626306542972316519 15457149150873690254 
 1763129939258588540 15044632921900607351  7761774803562494502 18421708710496917772 12894212285491124612 
10520160263065182646 17006002518658679829  7313315128783997063  3298441750500282137  7599698226254826457 
 6138472184238026671 11539543221791984298 16354932393019097621  4606398347234511623 17201330471126266274 
16551422055796329716 11595282167706017721 16676700071200668875  6603456356509845483 16890243302651556801 
 1031367985708863160 14505483087243680266 13952852003117108410  2816542694755991335  6399171056150941107 
18185590475325390514 17954289903850755535  9665411632943650334  3603040248090512642 11651833882706499086 
15681784685427818096 15728732248727620981 14696235124136269305  1809975689597705505   257249196819765249 
 3433895787882770891 13694888818361063897 12174760406024519420 15757623468368262180 11075290668227253556 
11923331163914207687 14482053198289463854  8483236261243496569   631899976396519784 14274862397426216475 
13614998331171375406 15853820564846141877  3627586726640659897  4568494356047231565  3933174519656155367 
 7937569429406673256  8183098079347879821  8758956726144914688 10077577696740155431  8280315003974115434 
13579567520676810997  3780965817566933071  2326918438166639518  7873738144704669746  8648280298854561414 
 2452083233599030900 11704657493517265486 14242676759058719609 16370687105966054782  2916109122812941103 
12408533943029022548 13056906368324587140 12776871926808183637 14735107836655384020  5649511330538371988 
 3785109985957552704 18413021436694442808 17139397694937027894  8460847777636269908  7697315717816224345 
 5972636294175467031 17208257527737399119  6517563066767715467   219163231022386752  3005509809264715890 
 1483764666392730636 13588832742459445596 16746571995710060690 15465309051629834171 14637591089831959836 
 8054857647115878137 15912987433754801957  2221387414294098852 18195716352995420883 12137618190414467406 
 7024725307940440891   323493850517230064 14740018988690888908 10010002435460202228  3881598000750881449 
 4707076276139740535 13802173621541990909 12315366612987127387  1330803151905100600  8823000594208228468 
  103633737659320529  8551226170226538504 11257129815181315504 17680824969889879342 15497651401854273368 
  139061012323774024 17428833408945776818 17815138048110549496  5053302787330702440 16452180606015052105 
 9212140788377238592 11517797711016480686   548226085548355187  4625447987208521242  5394826529335275012 
 7216153898869917644  7231791791085414927 16824855729552615321  1850384361575744934 16424266644768445003 
 5125453407713055242 13419386784161268519  1727007439270369197 15924393233233631189  6898956363096886230 
18195787557703027467  6801550911659071414 11955981807641778118  7598683719957303615  8882337102659372061 
15057125869619399609  9196885262809052625  8629487214314262073  6195107347674881244  7826067264650705909 
 8478463016457481344 18304358329201869927  2129724670866646718  1463726889453132894 16699285568910296430 
11051822667518633423 14458307943962756638 17446920852703175196  4294247188249359833 17582184401863466060 
18421881465201703361 11844830646611045727  6176248990169409870  1456769913899945546 11772240253786274584 
 9995036939511516737 16662348314955541314  4450760696226420026 10556753360005598579  7291414021813834397 
12581740687226420684    75283461853308856  2632043389259682268 16095192032299453240 11285630408181678826 
  705848499605510495 16662045706906472311  9238021485537647419 16185048617286674970 17223828541921108224 
12797346326405428746  8545693030163188120  6368793247805137543  6607228644212876182 11643612446771733983 
 4554852198043713482 13377923547940099897 15191559411797419621 15148760320671614507 15468465185652163585 
 2226577935828284023 14423524371906992508  4786854593408809239  6817778008786001329  8512836689307879143 
14853632141431693972 13184102821603129936 11821390253524145081 13311742601046610995 14761234970717487496 
17969980923394221267  9195561147040589542  9610096620168178828 10363860451682934958  5887980828927153297 
10311112487519492223  8489079543882569638 17485510617705217650  8811198632286499563 11316046842483257265 
