1000 outputs of genrand64_int64()
13580653471260351631   973085330299955016 16859760210403720947 15653845651840737603  1952579246773371037 
15323554529775581425 11535474742318547480  1642782542125861293  6487856619246701085 13459248361218433611 
 4202443533840151779 17224311530251900597 16338518960824088056  8233726702020930293   433149293767737740 
 1406050482385914372 18300172931210550494  4384914375810493463  1133736856065595751 15685332896043776194 
 9531005427780127104  5620939151287601958  1639949102597740307  7312551346461782652  6547163544156838096 
 9561341812805709983 16944288050238694726  8161949056236530322   100390112735287046  2920873764957562449 
 7103716500033848508 10010487051396994260 11100586775461397504 12054413284559840639 14279228129124058545 
 9586954852181128104  2088370082904613377 16104555556047683573  9913541610591369304   724158936449616894 
 8753000404984550373  5094299889145349618  5720484386835737321  7161200921445970544   329947411055068503 
 6903673633095832947  3376710737545372398  6978273290756250510 10399759905793558903  5724903250866203796 
16955585738703571358  2599280474394803038  4370599425650112815 12692003552885353658 12879428413248562556 
12875954206407803279 17455434710365547568  8481781676304917880 10418557247554115407 15532213973945073580 
  782024792892412805 14111649966939035457 10694463684485478250 16670917656939775320  7898560845431942550 
 6571133550828176958 13922331877544197663 15618949190430501238 11452741479723183761 12622049879110207589 
 7419582076780772469 16789258636964128123   981569485796567291 13769838404712574170  3357607105294757722 
11009856205057417782  4710604197300342474 17644930413473531843  9353739276724728364 11913863027188983984 
10569970874455093048 12709053223205276520  2268190615401043701  1399478978629014754 16597167243709705739 
17943025463862258208 12380017215819015601 16518907028733207224 13507492785071935865 15234698503280345230 
  132156943990726229 11524871477096660984 16675174880915490320 17220542769640180052  3906362048781296163 
16830144772330653990  9954328026738843670  3065903817127471681  7686939076356199605  9519630786213400498 
 2547483747673531392  4696110447422919484  6343548099673139559 13564491532199980217   773437236636023056 
 4627353075159343457 16808962186481737356  3282542701376203494  8884888489733456216   285077483115429148 
 8037575466929363433   879028487300515452  5422148328921567353 10699983110413728463  5447693167255803001 
 8624128909332376013 14921156205275772519 12388249185285894177 13512121484537107811 14770389937577944881 
 2847563815804485567 16941587899585446563 13497332819063682725   689812105371505128 15414506779761311786 
13474492216262124804   694536433054457363 15418046090405827894 17622044537604452753  5761438714775226976 
11772303865038909158  8629285531594546647  9362269013110493210  3200349234710294520  1459243555851830304 
17511635543460990679  9036896574360422959 16314643220976515560 12192527522910858733 15955003064529359270 
 5306148280955639051   437750635464453757  6365364297869147177  8140894982719661895 11878387300615874597 
 5594446082750689919   919592447905041264  4070481009279707041 10964212560661797376 11480390371732548460 
16647433509726174835  9854093668118169872 15066010257782931144 11804949816984409004   491567632321580173 
 1719486110031366859  9572804105156961026  1478734288402244975   916569381002771278  1367639606546302438 
17201207683346079908 17685972652238982792 15361054156450312217  4303336687421602559 17906687364314046574 
 7025212615708198441 16359555425183294291 17501547691705553299 16887096196926884551   367502103564125490 
16773069499996608031  2711757853557741922  2696131749938698094  2259903150081287541  2793862032318738143 
 3473238062061410877  9684953984244924119  5821043823424937965 17241454501137421391  9665354538059080105 
 8215744608283709699 11142187709997513639  1883065917270187696  7721858461889535714  2545246790210594167 
12486300890797042031 17956598472925188663 16436108142488318017 13835747742865364605 13490855285492793309 
 7192688753054875160 11967604133808586320 16303902940779367703  5915528492517161903 13297723609993704238 
18304827778783062582 14959941731608989254  3920353419710377248 11104007204084359186 15287370875692641023 
11613490014619969787 13530150891902135938  2475518582141734176 12474171410918058559  9046473887293249559 
11806663963153989558  3927707390479001896 18271503359270114628  4177551251296570808  1648312615894131445 
10339501455454822372 14429210305208812723  3288093346674379751 11113588413247169584   961257355340123132 
16802862594923141137 13934703051839600051 17366197004950345206 13772947381339425075  7021619527388827622 
14360745577032660634 11479675159844430919 16175177960234993002 11308829131457859621 12636718605129007926 
 9377235690974360526 10153626191366050673  5083373873894932918 13280251792954475719 11939067898670610588 
12940267226483013705 13255031901189047582 17456185121591522206  4742596584022016198  8691551556791933226 
 6475425974551545091   152380365232637079  1994468319774082519 13459582711961832211   372777352235668180 
 2377570992044233938  1502241846214652042 12213238601426053578   884683112713303960   448291456655978218 
17544599146896199622   943591749801211926  3501702932858761122  2136051433049266988  3680829581428145648 
  599543746132923106 13105930851102678621 14837001927132749124 12982480378176660997  7351941814925379748 
 5082523748687146305  8771865731927107326  2224621095121154250 15197443584371810237  3572276323794493838 
 3819175960269241897  8867018013527603961  9121535313928746220  4087494129668156138  5314931155934379065 
 9824035505079194681  2424909041176883926 14766266514033055494 12167192024647672560 17048320253126966998 
 9376170162032734787 17445954582036041477  7594163895266957315   107548116195064122  9999512419647591241 
18385120268617291374 14539588653132302007 10769104606215726155 18188772817296991975  6287842597189046582 
10151944560090145115 10106434575556731877 13664759221658039279  8545640399385280860 11227937300863720082 
14770874496146570359  1949334921603888068 13676645644060115649 15145209564903497316 12575865766195330437 
  521536883437333023  3853680414251390658 12614612148196191614 13037266741442821243 11375049873253463727 
13851099076596281281 15394624162678203469 16917470217177877369   192107773292940529 17238020007672625680 
 2711153169674618277  9009291665676744975 15624179473195756960  8062369123101134758 10717488314116789023 
 1471430896010373328 10936170554077003515  9479116104175682869 12582530946429426097  5389482772824552328 
 7372919865514092371 10034027248865951626  6605745648995439662 15051230137336644967  4504121494905531270 
 7854375675683116494  4094836069659322166 13932172608306300368  8563752921737216954  7068929896891899507 
 6903495376934649070  5136042656572234144 12312753591831402867  2485462560414651533 11773808018249302220 
  700347954360993713 10160475632240225947  2124334767577564371  3073665333866400369 14866000084594119375 
 7247053514283214399 12271283979950437306   320396488171294951   325888278448930700 11220512946829110808 
13823872194381332014 10286619505075928206  7821178867667072616  5150003952585097659  9345155130695434113 
15329658804434008189   839718118244503134 16199232737403813712  3983198605297708326  2810586659058313642 
 4055581302062674020  6701982933744557860 18169033881375049186 13342682122149426479 12046033652400646767 
17007301198344105857  4857874963690068483  4854835424488419980  8821077379505957849  9625851376223334878 
  725430528027745540   866230267985440496 17685303289444390832  5629631276425695981  6809662150568641546 
11592443613299852296   711850875526693155  6237896311660351256  6268670364543168732  7315980375142405206 
 4925677056479127377 14625347723535632966 14634866331151103534  7948496338847416362 16286986020007496745 
12898915694429967616  4805496263856500482  3327591199908201625   148513781538403567 17920002148167501963 
 2167639208500698887 14618340946779293240   894697690897470069     1698479118822438 12543839921643995545 
18396097298197924444  8770522145304033434 12421256378651616711 11721594454302087289   683926217272673312 
 8566045329855593237 10703523610166375928  5541698721445228415   555940490635871877  6451322748155527805 
 2411868860790103450 12883485752451051977 12117805947598680668 12340169446745381471 12548307271222296248 
 8599173317441454166 15363736311445413663 15141489012136566927  7419951005456356942  9681568816782313072 
 2587751765687866799 16586995932043836429  5729874551255414144 11703422232249906751  2396734482011847822 
 8549044248883194787 15983782459230748141 11878109824303816712  2862892396053459133  7329649898784228650 
 2076790524562706630   241620704204790684  7875148873776560149 12628031528977275336 11633769775696880856 
 9206310016856027368  7016625098251244068  8677378442134341831 17509143344627059053   654453136027105251 
13705236461640382588  2290613748018611953 17092631368512733450  2747981450967485846  5865922935779958603 
 2251822100270504920 11318909450432243438  6312827830683033526  5534789998398433398 10442770303238098128 
 5471701952835778710   223973192188535249  5614326920359268718  8208701256778231082 10088032316818090757 
10475373729898149494  7688739182698040036 15985859104023483310 15326947011381237396 13455148756954560262 
 9545852907219236202  2572473037875104576  8059800792209213140 11517433633159152850 10719099105475954868 
 1336834323951287426  7994281813139999122 15864260079809034617  7000817121100339897 17726136816621536664 
 3673374124591078423  4650825987166766739  4654899004051376399   200248854194949906  6966814734516198005 
10326692848561570846  8525737291456474895 16679676016688838850  9102746376737880580 14992232291474497418 
 6616189261968520324 11301711790185686416  1158665301365347445 14378772395092342615  7755512024494267218 
 3810638384443305391  5361207223295320363  5561604068140573191  3579988335400759587  8749446648172480466 
  658681361470894217  2092106142423230027 12241640838270810023 11442035531221972987 14031654546438310347 
 3078181146400110333  4935801804457189727  7228237363817979126 15057765619523057527 17530669912409865387 
12838136737638980690 13661376937028148097  2269040072040894260  6141167440387637021 15565352173432755754 
17224363636487729673  3758353623171718940  5056756207771117320 13703037017574352995  9536099946736580158 
18240929475529256447  3990000896857422181 11051089140804149653  4987623223241292256   400379650494616859 
 5534174690413348677 17528136702758931380  3472397777075893700  5811360703645836968  9126990792222588866 
15548841032063996576  2776712559116868145 16138634866326786542  5799579535773126311 15291596363380163902 
10051087365364944360  6900612129248092980  2885214930749214084 13262076802781900925  6272796610305687226 
12526385860044193106 17097372831756792382 15529535090864939499  9036935271976796116  6430004199286309886 
 5776388196836481443  8027297553531971518  5866499158600605127  9497521776730266786 15026877489714654685 
 8755311521855552761   389291276763326563  5493056120935779324 16534768339893655267  9570268818888519778 
 1705689650078670213 18200612766610293719 16179187780042616741  2008882939788234695  1981096036889856743 
 1503089694490404259  5253768252006058250  4386215048870370988 12392054326147171566  6772985264351740550 
 1436261699062195220 13222294290657741000  7995490330224745685 12197005026817733592 11179586731151769976 
11522388681828500425 17556160704038448308  9654664216076046981  7468833895606148770 14260596259934588013 
 1585401338832368361 18015341793721987402 14955622255282450340 16458072002302013150 17709230423325345274 
 1059135754544153273 12342056899203512709  9417690239382617380  2115472262624733888 17393580636184050738 
 4688807824724558169 13397947286152000239 16028694414365085153  9574342959136870841 16539498589391467828 
16737649191684318699 13142256043832803932   230498588284419592   969324626141260596 17584299477645520418 
 4029091397273425222  2001302022761262074 17554435625902357011  2202602237587674621 13076253457532930875 
18018760824912978567  2773490992937044084    91614084833381638 17925295018546535951 11738893354087049446 
 1791749751954975510  4517460247186932390 11330241905720124831  3798257400192904043  4050480825468768078 
17687884489240661795 12542115915886134498 18218395232631172745 13906113444637550547 18087329409550278548 
16665483972342212527  2765298922991050030  9108190573060418795  6487876230687628850  4686117371800644634 
 5592093541503155049  8030475163545322236  3009611438180849754  5853819457149175247  8536041624640495371 
12210880496187274018  8105478903496758452 18383948489580163418 10760190566285373139 11095050198726655176 
 6809497066581221837  5237225071021012610  4425178326500031130  4015670605997621657 16150117824986948404 
  791449683993776058 16599212391257110734  9746140406727050396 17623845838870809788 14413032998641219712 
16698850872153534016 14889612062010219317  8593179452443177263 11002333897698905011 15390618919513679707 
15793185021166066322 14359107455003630219  4086364763844544163 14875115147929148271 18212421971170204032 
 4625169311453782838  9363382613386712349  5711017047315185690 12673545648855681523  5049008292428187135 
15800658573365432001  9065111787469921353 14110477682146324664  9157569718494221443  6137464949197905165 
 2679106299532957681 12419714184531416415  3993355222995928521 13325131681940934925  3225999385599034140 
 2909673962523358114 15153907799275483925  5110348804109076539 10869004345644622676 16984720635923494645 
 7839505337562009767 18288460069677714650 17181767418403503456  4810867773444127853  5664639815250292643 
 1544088775187468549  8073757118944280133  9687263189429429238 12138333120726997876  6208203145780664435 
16822260398840191563 16488567602132825256  3600610357913138676 16713200451917502737 14627824803317410030 
 5315996457360949082  2101373299430287483 13819883274056677600  4434830310929436053  6926223874061710513 
 4076711732889797924  9027134533617500084  9776248057521181786  2186395519313977998  9424936632239908874 
 7436116997946762805  3133220176805824189 11396969733010500348 10528047086313130830  3734532875759387952 
 8844527225050764690  2574609142799173979  8805353232009842017  6960278400066223704 10841964087941694883 
 8011346904427496961  5331879661473969043  9442210345154320737  4894521955723544215  4246235962393228219 
 4167757384540089110  1155542501860117596 11080255408004160654 13343820629754147761  2863079301860555574 
10360821277022524819 15898372052353573529 15622365483708271898  5112583291445315135  3075473975460159054 
 4411868057533888041 18030553069861793222 14576954251498980876 11612340457257730250 17862902897198749510 
11103923806696241107 17961192945949371946  5135249430176070640 15977221581481484445 16532360233832028556 
17261179386185046118 15662579217740952457 17432518915052635125 15626009887822190055  9700256152205574583 
 3410163821712064123  8768519930269995560 16486695599299391016  9003348542876196537 12730925830364416362 
 6771764670759457002 13446670947123559320  1082732194148338711  3534521701880025171  1375313428000254955 
17861087654647508012  6584141132712445519 14239498811160924155  6335493838966997111 15608917655315886550 
12775009969001829204 11209425486803214158 16240077914912576463 10702943626282746299 16706024921179569051 
 6250317123548396126 11618061940604601908   921790714600691966 17066214317381064999  5478508587106274479 
 3866424700200951802  7346569108594607389 11859786170216974885  1935621819379148190  7562650840133079200 
15394284106723549250 10195575080314142980  3015708291921774728  1327114601030368139  1746901074587828033 
 8975159488305451569  7790750894246005911  4720611022634536052   330926405848422208 17178270156649255650 
 8744512357002978228  9129945397894693634 17860282813898129969 17862071421404394409 13348189986499619455 
10133620906689150215  2291123846019653376 17692546363913046955 12413198198298227347 15275678562168010954 
 9205999098087907190  7904080235945267496  3265385068236054955  3889509499578544756 15591333719526176001 
15531820052559851861 14285694449343040752  8013402569612351461  5276195959982928773  3360543505259027404 
13129222572914233557 18175853808610785776  3776979603714442455  3401706558182488546  1954879649893587646 
14701198411914551316 17867335821253983075  9665246566533553229 17142282145705880923  4274730233894175959 
 7166360159439423827 14575717966324672595  9564981238949983606  3519966477946591897  8745228705031708522 
 4863702183877661522 17201839004445744246  6817879052958777767  6476878765940228086 16032663224674925091 
16511370498473570456   708660168517192471  1778502219156944034  5596674510410558348 15077218339700908741 
 5393066359650084764 14008658235147432700  4474890781106892452 16558496817729075252   431658868658766746 
16774080355365005591  6652475768740837773 13678741792429432244 12938786010430803221   308016890283038171 
 9851161283071889376  8354668994198395154 12569076984083805504 11625968794633946491  1703072804554238707 
 1251843179452163018 13412374072355688959   429595379392554556  6194050514305525380 13498091971347874549 
 4206127728366620663 10522450833476327738  6120300638574781517 12896260530176828045  2806297724136590434 
12543208388616716590  2580877239307898054  8708934846106435877  6309145525792234299  9334009323377991378 
11138178464746876810 13811831096000210841  7584587568880581169  8802680433001313712 13972861357834364225 
  223481712048051263  4298507644329017513  5161779130359544692  1382714957490997132  1613325429589799458 
18155373669725075226 13064073307207806738 10556357780903138327 15646545901039106124  7679617388636744825 
13660337116326958345  9997983997201933859 10935026328391584246  7407541338509948906  8247164417755789866 
14831380746034912705 16787601984195667135 15493965647996600520  1961268686462914134  6619545145037329067 
14121548376774345742  7450054852069675741 10653580648377259558 17190835283981429145 16988832899847442168 
 8671682941345780770  4776573294323318413  5016666849057415184 16018663408424123270 14018271964150606831 
15270520708360722408 14315021401216421561  4907169127677415673  4254676988233085717  2511857927180282868 
 6260627776897177227 14493502421681954911  5553835755411689089 10622656872077519962 15232894441478018804 
16869142626802672094  4129197398792347275  3360685427305607225 11798133855541866253 18106366520492758994 
13663596541655984008 10693643090815379506 15420425975728877237 17382418219709236228 16070495407958766851 
 1856379572547239482 17090081066426857749 18381537578252380600 10952868695465553771 12392930399699696507 
 2688117967508061198    95057736289571870  5794266473570403303  8026008211963280182  3642724230650104274 
12188894930268881974   440596137261301634 13473759652390648111  5885990816426267261   698844122950706315 
 5226945855816383757   177374114500531853  4191101297017763402  4084887470478675704 14899873561493247271 
 7817974566279020313  6782964432355371234  5604077518629440617  4909553218635954444 10989414161316098089 
 4269821192112929941  7456253403062036806 14805092125389054568  6263787689767582394 18034376805009717702 
 1545226462752461461 17333231838925204974 10401137790527414505  1085847381123136261  6335531644814423413 
 3011354637671986410  7325676041594783377 10816952632655545729 17184238431889616227 13473625666305896516 
  929885049130526022 16718963980994628434  5597930152629888702 13878467570870703155  2290614707237440552 
 5305639058867862920 15457781353167372796 18040394552462307887 17446530996681593781  8026253233576932017 
13459642656272207091 10389195757059830446  8600011728125459544 10687180584833924586 11656539907068105795 
 6313694143585765261 16742178627866654349  6092344515706855154 13200715800076731551 17134711720426495492 
 7435458791551570720 18443477706782674962  3776482677042891795 16298260643116700824  5791030563397896821 
 5139738042897858427 17449462596897734857  1191651708925818020  2251967435868820376 11279910402216589042 
14395981780047623900  2493639189795025218  5432479933285707782  8081699321202233280  2011440172878267309 
11543324079119699867  6804609656492972571  4245270397731075061 17914485191112247802   351627824131067043 
 6746916758765389837 13812814068311512312 17597433259250283546  4131997443453800138  2537235008284919782 
15397487671418564260  7470519307111958208  7191752616540471786  4574851503349848572 13452742279790106837 
 2342781663370091887   521255619757727919  5946354018683393371 10513001869118644192 13134430809491166661 
11364654733476135080  1934299496138914796 18163118529764519742  2862291753923912329  9071527010342605045 
 7534172967015321899  7900505746055645702 17424330387639055703  5079036326835564532 15283652583674351692 
17360747441628790689  8005359372062922216  2408121503425836575  8468554111985123764  4027668528057034660 
15746812237039207869  7037053576781455775 12748236485049016712 12208427937668796435 14265201105248649045 
 1933473540916158206 12104441277368956509 17021105643156852534 16833325931549500944 15230394391000625946 
11702387565535970831  5284805598177234675  6507849189476371602 17612586163508151382  3812695743851589766 

1000 outputs of genrand64_res53()
0.265838100528622 0.623822815309415 0.245358420800668 0.176782929956594 0.985778433007836 
0.942096424491594 0.485144175879187 0.511853316471818 0.633104007766414 0.306984981053221 
0.432347940575496 0.778583849483691 0.601033724318439 0.248859860961670 0.883292838524781 
0.128596699265722 0.643919387875724 0.617457226262590 0.997582186880988 0.476674443107877 
0.250404897183850 0.961685151444785 0.233303440780847 0.399941814902413 0.691821533700460 
0.308615035175196 0.858128013467753 0.568735102548420 0.175259793548879 0.558091884704019 
0.415942770921522 0.083689253447357 0.750246734966040 0.024380996218583 0.697337351815806 
0.462585075575373 0.245116445721855 0.371234604114855 0.798861799394583 0.863824909412911 
0.554505812476991 0.282411029887434 0.829892640126109 0.878706898322008 0.056885440422826 
0.164820681557340 0.688359591428945 0.751281161878026 0.886737979772204 0.496890845831812 
0.319339553550009 0.600337615206520 0.417243687518374 0.454663868077986 0.005510772080078 
0.178938603846198 0.070143746280099 0.443059628333382 0.336585286048429 0.897104974239567 
0.351026467589692 0.975734625269697 0.241688555988165 0.411258689117229 0.442502135524517 
0.637619734047975 0.731101498057449 0.938246950292388 0.643170399126758 0.850859415477424 
0.403222632084268 0.986860823726466 0.858750774622796 0.306200621798293 0.772107730644157 
0.836032632380294 0.283839753965375 0.773655888628552 0.470898710719348 0.209116050692044 
0.310794414996730 0.675046993678500 0.042438163526119 0.842446327579008 0.037579493650942 
0.891814552331603 0.300188048174088 0.526669916762271 0.228908929205323 0.711650868626607 
0.823876298688039 0.210848884689824 0.542909510123265 0.432975339299281 0.908529418084945 
0.660011944533343 0.263271915089241 0.770703430446229 0.285082794047399 0.509416074205451 
0.311563324605647 0.108091119794473 0.890982184170109 0.808309453640392 0.723238181140702 
0.192988521979436 0.434820428743051 0.622325495577460 0.859443776087839 0.819487185678847 
0.743510187974261 0.107733959211467 0.958358507361993 0.590862735802354 0.824713088510517 
0.588763591940883 0.997507000949268 0.267713582703447 0.073149733439696 0.145873641626306 
0.386076416711893 0.871989967226415 0.978748694740428 0.204779698929845 0.093631259684563 
0.282969458063882 0.124719499383837 0.281705865195957 0.455510504924316 0.821072596359083 
0.887388778943536 0.931533267187659 0.018356742318904 0.654190613436689 0.985177470064960 
0.663612463424902 0.211411315629098 0.837340903190112 0.446390635309616 0.976694482820863 
0.449983523692169 0.390480715007253 0.934006247009610 0.205485727125189 0.860856486394429 
0.559252411725831 0.776518932825288 0.089570232678454 0.386469486812748 0.750539668047872 
0.960460246003533 0.745863923405203 0.358954295414869 0.864489780499878 0.180616998785097 
0.958158961883211 0.988371165828268 0.566896988758149 0.334189701324907 0.726075269170020 
0.361265137246237 0.126854185132929 0.083639451545678 0.603429670431442 0.891114315087230 
0.072155346739516 0.695357801564912 0.776216890253013 0.247314778942034 0.817902342380221 
0.535416583165129 0.521384214255421 0.416274685908677 0.789270063392375 0.474987541946748 
0.571472761376075 0.567418436106335 0.412644172931699 0.732132859790303 0.301889707777930 
0.194925456949381 0.417916950079884 0.414630469172026 0.026974174512307 0.005947450061345 
0.840737701202783 0.948038990145073 0.053458056065224 0.264511154191819 0.364725644128247 
0.496614556277160 0.407889206002796 0.524242935792368 0.672811267377093 0.066625113835585 
0.342150454978218 0.565399111544386 0.211760758354682 0.572131404587070 0.260052250962170 
0.056012036820861 0.840369571146798 0.089535528210918 0.613929491056648 0.032409497507843 
0.916176128788508 0.313358412181027 0.132896836326873 0.586745974012086 0.678471951599225 
0.972625922533144 0.943614887346143 0.045542197449121 0.846514707043893 0.274684469990939 
0.514287278515485 0.783308490119084 0.090444984546271 0.610814626656714 0.485834425043038 
0.855609650701589 0.777936244320409 0.898881642262793 0.350860846474548 0.299965790112029 
0.419152814045332 0.889828247972479 0.955930281778720 0.035671779596064 0.206081175757634 
0.394363863260304 0.349355549978642 0.452447592624752 0.175418398120694 0.942655966576252 
0.717288378710653 0.370025155238719 0.153655258928880 0.594324291946075 0.113093554763736 
0.599016891173613 0.963362664242980 0.289243261396626 0.757490121457642 0.929853981300537 
0.163781717670155 0.159997409476736 0.657340905851429 0.534222393145414 0.785011543147335 
0.849456237971210 0.121288749209524 0.060571262086896 0.397727649896081 0.289708782436771 
0.405539225705398 0.031558819906411 0.677955273502375 0.417469759684840 0.464871306625483 
0.107664191628904 0.173882438200960 0.077663917560286 0.411086641589271 0.980240202735279 
0.643566664040814 0.678498766322958 0.823595068468460 0.257000865169536 0.034197762916942 
0.448549981050661 0.101075131134955 0.337850750588789 0.963743540836417 0.358488266755082 
0.042626369587512 0.901764556828045 0.949562675853333 0.078743782429054 0.971255945769439 
0.240779721082609 0.563702688616217 0.232644290011635 0.531438680810026 0.959348157767536 
0.832350522208209 0.894231155963089 0.149469864419434 0.851934575060795 0.067357323170911 
0.294295419236986 0.376405735560492 0.081471427240432 0.590641510040767 0.180451042058123 
0.023533511018764 0.749745337315245 0.567118515996261 0.752809069107525 0.944045434258068 
0.627913203974790 0.214338664884678 0.779615623046286 0.456680095450851 0.397353922736248 
0.968357521901099 0.842624575269409 0.794086283583376 0.183202557566070 0.411725021834395 
0.518195387828785 0.810722981142666 0.399575257816279 0.274570053363884 0.975252680891628 
0.070168076360983 0.441662194740847 0.891327404370970 0.133610469978697 0.921190763371763 
0.583679433601370 0.792137848657358 0.254511007835458 0.259831873608971 0.296586220677278 
0.848286480709297 0.891227396633559 0.813267810904818 0.387531616227848 0.195540919630363 
0.833333865778525 0.616089733448954 0.708784221644174 0.369239953395016 0.079458299296216 
0.517641196080179 0.742666500098537 0.822615471953755 0.086518794731553 0.514656353131523 
0.050092561154705 0.892404575590830 0.849906458543461 0.919217028603132 0.394376845857062 
0.457604450627493 0.738098869978842 0.497799936416538 0.315595416548135 0.986674886124459 
0.542448698739598 0.561464383462949 0.616287247851446 0.420643628754390 0.294417242822260 
0.291381578101192 0.305661777297628 0.961285710328157 0.270015997381489 0.846327503972428 
0.278539858476537 0.222974359886061 0.780517953291973 0.176059375939867 0.720931799722963 
0.939890110122284 0.761549661269976 0.854932467811867 0.665805995281458 0.314328430393182 
0.622698098645027 0.456044935523814 0.748616177196624 0.861712072712005 0.213702026638602 
0.149542539372199 0.831955018866746 0.035350248652647 0.691623377897209 0.994447127903641 
0.228611831779447 0.485795944049199 0.497393702751981 0.777668094828530 0.508872687014111 
0.004301956267888 0.769994925629687 0.958839919801353 0.700397151900313 0.003898337302125 
0.825663449757911 0.642088008314255 0.642421994605244 0.643602492635916 0.871418911090703 
0.231709691394659 0.861322493628490 0.796413086672246 0.949477701345319 0.843430793660991 
0.736792363448104 0.893408700004073 0.747417676146710 0.972985479764332 0.240169557945860 
0.661036621165091 0.838625288885874 0.622957243258305 0.839112182176994 0.912213418044737 
0.985096912322315 0.832554968922611 0.401408313250863 0.237419825466271 0.299964596846152 
0.010704290132724 0.564729879261741 0.606985637425633 0.937890417243336 0.223389384256053 
0.261599828540491 0.174835451495311 0.476155033439132 0.204706205055504 0.952399822559057 
0.252457074424437 0.465341685852748 0.680833676781387 0.817883459883486 0.376488071466921 
0.074112160737488 0.514761533195657 0.539521506152712 0.434366613688916 0.250140210601544 
0.849040181804590 0.496442820265211 0.076789100186976 0.359364228554481 0.496674703575266 
0.360349862399830 0.882053386357861 0.884940774527941 0.777620758480716 0.504493857108197 
0.018450743902636 0.119100390704140 0.409054239763389 0.993593440207992 0.650498752260514 
0.340132354041013 0.576405570483913 0.436190801442672 0.095801656819065 0.599685605117770 
0.390409439940880 0.640725733063736 0.179999005624870 0.447441662453871 0.055448457360950 
0.865244279122579 0.830402770217655 0.988721520848293 0.550545701060627 0.724643925234926 
0.405844288392708 0.792564071825810 0.538333646799769 0.524248790784544 0.193900631346463 
0.140005337676972 0.984591219967742 0.516325921559663 0.060915845054425 0.655414959224507 
0.901080370647541 0.260325179670526 0.846683351217037 0.557037793875508 0.092392070690735 
0.021720525849847 0.449344978948779 0.625924574312463 0.539490296691659 0.720699142425670 
0.531144314516716 0.774170387525106 0.482394071898604 0.216049681833067 0.495987955043867 
0.540017333950100 0.744016847591362 0.518326336411576 0.900971015450086 0.501170502771647 
0.932949290664171 0.415524757746096 0.376809959279969 0.745949552356101 0.368041156604793 
0.638840787936149 0.507484614440355 0.684944025020993 0.301850039263031 0.794014761585797 
0.804342608871597 0.852012239573406 0.577146442624133 0.980908513737349 0.903622929817282 
0.022165914578805 0.032898514879846 0.546192161586743 0.971855167252446 0.784369680499378 
0.011721700815161 0.993937352754654 0.732650744248179 0.272900980360468 0.870836948535172 
0.785780986768184 0.473071504424761 0.122668285529221 0.134692151350348 0.378801819920814 
0.532684441066763 0.006431217029608 0.703271802410411 0.778526304158870 0.797450556332645 
0.933340937091529 0.332820170866608 0.961634018934221 0.410313016577148 0.667727885241002 
0.574173043811761 0.863766177173085 0.548105779439650 0.427497020022839 0.747641417241837 
0.631098096555345 0.236220122444243 0.606179473380284 0.041639314110050 0.844844025141410 
0.662606765800368 0.357278005797783 0.891909207434307 0.903893789457742 0.845564342157658 
0.838745787322632 0.794065666540368 0.939156332193479 0.516783463658674 0.334509306792327 
0.340106346340114 0.676092084691733 0.309238951430996 0.485856021860210 0.116983660097928 
0.227494403772101 0.097300208647727 0.065091218267093 0.024255662503340 0.807104599126199 
0.858593266232847 0.587287121580685 0.767624903847899 0.483932202010047 0.271930547110038 
0.528053100876442 0.053042440749727 0.081530547572647 0.358289196390329 0.341457637955190 
0.700198858410308 0.805303812558794 0.621230135480867 0.800666355040694 0.403522996398283 
0.417323074584280 0.700927541563468 0.587652164447710 0.263570088167163 0.966817872344183 
0.079028559753265 0.249292437909904 0.400057893430077 0.114218914620407 0.488191093560275 
0.555732352933108 0.995795430793901 0.844007664212321 0.553946226257308 0.651148749875338 
0.049014659782444 0.781129576105270 0.923260834781236 0.033289656611032 0.303841802787132 
0.461691195772572 0.765377469431868 0.606506408540335 0.406940963587612 0.108909334611809 
0.320454128816041 0.083432225474404 0.448592688837473 0.756266344309424 0.446205677509750 
0.580717544489278 0.447287496550708 0.532897433201878 0.682794384796378 0.308077196314887 
0.962479099728355 0.686994284852190 0.657560243641960 0.833955353523533 0.713202846898652 
0.976996278596538 0.139156160882016 0.374636688495760 0.246258736151020 0.480694634558269 
0.296698545537200 0.158571388000011 0.561347178570808 0.100299080700858 0.095441462605484 
0.974038063226123 0.655306537316872 0.510460043692184 0.740228102042328 0.134542451248647 
0.683344333527527 0.809965288337773 0.831372627940502 0.960414506618089 0.703952349744595 
0.808188022265903 0.438901423171426 0.477665169895730 0.655739494555011 0.048850793874045 
0.293296120220633 0.663683219495879 0.010399906532507 0.086969143854550 0.230783624895933 
0.876105444330473 0.478263324750266 0.579656741098969 0.029513108017768 0.169459263476362 
0.379898995894017 0.047801163889676 0.258557638559151 0.586626113932751 0.164913465949171 
0.764397476715178 0.410221705705674 0.444419490868689 0.907280007424751 0.896428255638132 
0.742876092451702 0.121395541898419 0.839483998170678 0.927581365632340 0.960419713394350 
0.715064547466738 0.898479251076634 0.323943747002552 0.613685560123154 0.636755606838003 
0.558742757398609 0.475285616771360 0.841804866864632 0.107291019253951 0.564572551401194 
0.167554022194525 0.894073175049523 0.620689010508032 0.572942861763524 0.582690120766086 
0.786996478843276 0.331460296549056 0.155720534406406 0.915858875538272 0.283230194102312 
0.032575704082243 0.997353396837045 0.008673699846126 0.771474533244581 0.787361920770705 
0.283797253767740 0.047282935717108 0.471667172519004 0.305703684146939 0.173670972383461 
0.002603041029463 0.506722669392575 0.758911773503787 0.390169223718025 0.749413331606279 
0.159608251704375 0.486966224130662 0.874258231898157 0.863789092846872 0.057980101920367 
0.922590342653809 0.039834583820967 0.308479975470453 0.866659547405999 0.734049808979045 
0.114807637027830 0.098660779894237 0.865511154126884 0.846393496735729 0.173570630135897 
0.895099333276909 0.699324559962067 0.266979030314754 0.260783390942685 0.145549197725688 
0.730314876420451 0.679493775550478 0.106455485255684 0.467823457606784 0.066787014193269 
0.881172328993306 0.016592800170872 0.723319351974343 0.266473939626440 0.697340174872602 
0.170552041520470 0.537830753427765 0.493521888246838 0.000577095914334 0.579505574452521 
0.855477865524493 0.589187899068527 0.409313325788113 0.548414253183781 0.356312940879140 
0.531885562608578 0.221796976417596 0.701866213265682 0.152404621060904 0.701870591850212 
0.784715605789494 0.070117021653169 0.001143003077356 0.995832658048762 0.783235771279601 
0.595957844093231 0.892359582770474 0.021243295667142 0.532894717026565 0.103763948419676 
0.270350697906391 0.415331109425031 0.705110880565039 0.313188921386127 0.332025445863941 
0.746372951487661 0.180282004789647 0.389487381976017 0.539968742024417 0.471532056584230 
0.105305245114522 0.875875167632232 0.862085285402759 0.934880269581202 0.000690222426856 
0.644579421693119 0.462793966428880 0.507972255619372 0.671155204787604 0.960821218498718 
0.601547459187731 0.316254053317155 0.499822066258559 0.950843768753062 0.427347735638433 
0.358547850024870 0.494806132591814 0.024525753657658 0.392270726774214 0.960120567220827 
0.330553099826625 0.875962623702887 0.740644595020676 0.989725606801333 0.507682369345099 
0.899173495169380 0.694526441253607 0.988077808280030 0.574392401323277 0.121880893657235 
0.852879760766190 0.710773061351406 0.720490785377378 0.385529223851003 0.392260434912225 
0.222714191519556 0.779718767036371 0.902973068127183 0.262222204708724 0.790387836656847 
0.853497682425160 0.970136516914584 0.323980168975890 0.092119127970268 0.802015181902852 
0.994412227951458 0.388536958895048 0.442342931332954 0.042753296092835 0.288954490769937 
0.329960985721170 0.976264415660515 0.126949696950054 0.664564035721522 0.521625618398032 
0.973751190672296 0.108462458263997 0.230938451980277 0.520967137619554 0.284433679600613 
0.140406886217580 0.269531841318668 0.312802977444931 0.127902120606766 0.979164048034104 
0.877051378614459 0.071028292505087 0.054014493862424 0.584551144896690 0.485086040109592 
0.197542927123908 0.439099858003532 0.971378132246361 0.969433254975306 0.264301867291419 
0.023306175973281 0.244140064665029 0.670099883085328 0.934378954591853 0.634409164038171 
0.375404505897282 0.458157042407827 0.374553635257957 0.699010062490439 0.418109509144444 
0.784743843165556 0.883925843868952 0.054235479447317 0.140506200515563 0.193001271488380 
0.799495601785406 0.853918984182637 0.210024273666627 0.752349360827246 0.559306564947254 
0.100370396724734 0.334739592684167 0.125581991941352 0.027297965081687 0.775851011197604 
0.106835223888815 0.567540036854733 0.670784020000242 0.987139632827959 0.665746410340075 
0.696410892703142 0.941609504213805 0.883902547876109 0.105855246407464 0.220049555729189 
0.554561204067090 0.049522900132569 0.317970595864727 0.340351743171296 0.740181158497732 
0.724869482232445 0.586013544562986 0.031198706795192 0.375127141848346 0.928790518931928 
0.370872758704307 0.331646828944625 0.878083963171665 0.390691320246424 0.590619420493209 
0.455776786210114 0.589309154816083 0.561039882872988 0.785793394802713 0.199137019627394 
0.071925982958790 0.131977398638829 0.330078389539149 0.319116720801220 0.857062734758997 
0.415723776221752 0.221210336396160 0.718816628693233 0.889841454280617 0.950379517589267 
0.242667463977060 0.411724565770728 0.733013868335604 0.809656279997705 0.702178925419510 
0.819954694637936 0.265455086099090 0.306042584562370 0.104271762448128 0.766336029442613 
0.173624752019406 0.864492580108269 0.653600169678697 0.620911027036199 0.111010894871293 
0.596522973028582 0.207579489209994 0.773667778413065 0.995663991575918 0.903782628488397 
0.132474921144606 0.739014451520553 0.298042249852965 0.505076403748147 0.967077027442900 
0.101133815281663 0.733498568098006 0.762654228920445 0.116039081626980 0.396228224452340 
0.432679958145620 0.183138130917080 0.028824312579482 0.579630915540058 0.086012960221528 
0.584759449307314 0.644686638196350 0.707431754550033 0.779868140243101 0.103406742147193 
0.256601925807786 0.623748343865732 0.239524400836187 0.002714286009043 0.063056888012043 
0.015723511029032 0.999802726520064 0.413178779022221 0.936318413493855 0.584129013706649 
0.710603150777831 0.510107902175914 0.449904369258722 0.000859578982306 0.953599924828467 
0.563391624343883 0.610955230748745 0.486488007454597 0.173078774760435 0.877552046001486 
0.286037978880831 0.504128316503983 0.716559373745183 0.481513180161222 0.734444439248157 
0.909037964495448 0.929639997583037 0.781964896841025 0.234337146141562 0.305245316323830 
0.625898360530688 0.929786248120773 0.351559170627800 0.623096011596151 0.021865083348592 
0.379443542124224 0.992309703374471 0.413801891847856 0.263758557544531 0.466817106704486 
0.924452651708771 0.891597619378981 0.138523064015583 0.819384915276333 0.336623125129506 
0.100970259694562 0.461135806339157 0.257733898213234 0.071668751055253 0.993329727225972 

jump ahead by 2^256 steps
1000 outputs of genrand64_int64()
15652364454349921365    40908815113048071  2006791144056899943  9634162030323256411  6136413427250872891 
18062224167280442273  8319536284709911074  3229981598829031439 13308584688691533813 16400886902408724859 
  766937556923251142 13201855395560349252  1653353920034665891 17036405980190661499  4110501077933439156 
 4489493858623678345  5506929152673321543  7071192186279929919 18231430955769879013 16294071925743046784 
 1992091509112340463 16817590993985217535  5470128809840871945  5490369077567392029  4715847439973369043 
 6280370296011562160 11009879947061736630  3581158118272197754  5250396124559561926 12309868668213646810 
11830157468862798851    61298171129397665  4631201567276721611 13667164782582721922  5154593845863983030 
16234178725829804086 18419069731344410726 13140317717619451857 11541894820544122628  1433342130794293166 
 6121684770473477046 15285643586628490324 11933166698484173484  6046163274152404386   392801777662701202 
 4028825810778048835 13267079271013551193  1244702851688681543 12670481934939428680 10560814082529079318 
15446042970659213093 13525848403476119202 14562537756153528612 12328518236805576060 14077450586542006642 
13088897842264225825 17247324885136578277 10628301563133626211 15068610891142624017 18026290151247347448 
 7971891093824540821  5331706416182754622  6889814152039149312 18196047210733240427  5456086759628408708 
 2510973018282497742  6896798772097066571  2768634968367549204  1453228360290721436  9421268817733010490 
12467319018283209591  2268259214904814585 15958304872768233151   923932619825081366   452464039408327763 
 8065232154488051628  2063110539239553807  8056771844893049396 15071182116187887880 12089752221717678675 
13558480779348292699   354013783761922652 17245647717369584430 15908862696341108684  5760422711987283180 
 3382511275836768074 17650644201673338443  1632532509064006377  7603748459633230714  4421265555249872584 
 8295483747333584865 16048594602726398767  6653272113070470826 14021387993879614554  9289761903059129167 
  342113297148533554 13161481585440096688 18149838445804352185  1568603113208459789  5420859321469973417 
 9223814699662906969 11481310314798447010 13656359561420180487  6523109213990467497 17505501255148887658 
17286372288446314206 13392643792862384083  9478045605779872678 11332794351045003731  6191119890510788753 
11784066114096293708 11180919536572177380 16501473610778606680 13710133952000522763 17054622238430706306 
 4659213074539123240  4213988736843416461  4803459664470865998 11051266468823052327  9618550978893759876 
 5697478715200765040  3826691235936644912 17408776381456403263  9419206359620524855 16169440953388984435 
15177121933503427314  5381373516280949323 15523824280151966334 14811703456701230122   242275042510953530 
 2553132121856196909  3911647508938768386 12082475638644794905 16867467601655373779 10923673370415164326 
12451635300089202815  3275765218496831420  9762336672243067565  4596622459853309282 15064840945661749959 
14382201419032682115 15060042786232670830  8018959436879096006  6163461989307056670 16403958557959378215 
14253679452666589394  4219403284024048912 10993445706109039093 16850527901756318069 11424914556736478211 
 4425982224595618055  3013107499664974630  5302619278816572310 14514931293569946043  3322066127651876563 
 4895606773585309055  5229562044553559818   953596906167490622 11448046909007969762  3298619781905157390 
 2184784397559215915 13296009862176330485 15971151827129356639 16698422862491808058  6454190540674497605 
11584162973101359406  7041368840630819456 10961683353150279895  7511110442808126682  5277475139549974112 
 2558114421905224607 16061596578860404199 15977500661979298453  5782360834279481263  5778316868521665805 
16777940454365746888  7968643113168958617 12967125512886751421 18240449367293539945  4825306868126180997 
12644084148156716507  9926464812946944659 12391426619718827371 17204182089979345368 11024458194036348053 
14761219812511292900 15789439412596510330  6547945596084120956  2064479197558151232  7570966365239870938 
 3728165247667504602 10767538416790738079  5623193602856315355  9220898635316002181 16747332829708790553 
18080752873156014383 11308963640648766661  7418026953724265603 10349884642973008214 13110754913150205978 
13422556988290019465  2662965505101253792 10810470015718498855  6646178139470099375 15078637586822628965 
 9616198838756237553 11621807044780895406 17002300799059413260  8024945074545522100 13127075190849944121 
 5926359851685748991  2457105794446492949  8618020600177311972  7113996515538062377 14578423406649461115 
10787360060695296106 10201961132505754459  5165834616589278805  4638001050529479234  7624917466120121654 
10037300652889516607  7858653938979526843  7266812850520964919  9460735983890909046 15695335151760554379 
 7351943746593533241  5504522087048753253 14492770578884131713  3236848532752235905 17585772699504428353 
 2780709128519705943  8808657062996032603  2327915501903961887  4087235082265078773  2523087790629764896 
 2304075145939677717 13903696920653392486  6197214295829226475  7986240982153993300 11255389310383760511 
 9265948359655057601 17000692066348040950  7986363265215421002   467415337637647651  5887203656869710601 
13740661794171232460  8063304524137241009  4749116385759537949 14998231673198707736 15680602957948123884 
15325261339107148796  9015064843474581372 16154707636667027103   928135566749611947 11921994478870843497 
 8763061168033573031 14325619467414138689 16301106807541790425 15469906614616633314  6391287069438125979 
 9745147097160188375 14297501468971074143  1803208849599088094 10019407334054190514  6526699880454543095 
18253205591484557058  6532288700897134253  7489188890331980781  8980079983575510158  8651559922861871863 
 7690711790193871021   193215536638517623  9315129336415769907 11245719106044407539 15910057420849977176 
 3463945997591795647 12331174790031272426 11724447979402117692 16987328872092622508 17558759710543261818 
 2989437471081159286  2582868918560714377   100419057266212139 14062680010971485795 15004812216359367455 
 7422333604794918736  9762073871306287341  5248518799027716634 11871927707236750867 18157571392393824685 
11991779936975208575  2630284479462220279  8027950308976414670  1847269447239750147  7656781292644795461 
 3273619013183666196  8104458948383962209  2683377848856001591 14454411547068194288 15351717218282494967 
 8030311956487511909   911117396932126657  4148074505717254367  9837809023771787153 10136823139187420305 
12249913501956345219 18407306645630385730  4641751644502960185 16707073382348164641  8867653030344415301 
 4323944436432710545  7405116274005203183  6727204849574977172 12206678929413381621  3377963585218972696 
15389232780513272472  6418041989987497415  8918752302174540713  4084628585885726462 11344809316536246984 
 1259359010389072900  3614770519075007534 13688061860242145330  8833507319165166513 15385009102126645458 
12313009759840162697 10195391315520276273  9292433774825152635 13791598119169714706  3453291301381855746 
13868257643098149213  4633063729347526628 14092744039848960048 12774792886750589524 10353337522777240831 
 8667486489625185107  5753866630053369341  4260341969754932604 16776176557596358696  1975224992962281252 
 5208591466755177222   134038486386581308  4657388652184870457 14713754797048127676 17515176895237027845 
 5291544197213540398  3618871179197251559 14537587468951973337 15817185084808594413 12489453850094645656 
 7762379641362755584  6190651060055905729  5911574375593135925 12996290868225773744  4294109742727070389 
16590595520824206193  9912093356729827149 12126847692033250351 17403266289206556183 13485578968675954047 
16439200427951354207 16262044752991718176  3926167240752868561 17812142640650005351  8747218528917772145 
 9110975335617185443  3771746293666941897 15107994713397370439  7724403364994650667  9680831514716976229 
16068158765679920617 16281490798452821960  6521419827450428498 16375481721241358627  8461430340589409497 
 4001743901838346588  3684721086830620697  9447194165604978178  7472594628870795140 16445159523711378629 
 3790380202716097060   622203899852659168  6614169535702786271  1915246006914268293 11497796856350737878 
12269990009867868821 14677711955520288399 17994202201882964716  5826232779157153132 16245015448525955384 
 2846029489634081670 12279149084959014068   195738874788079895  6080849079512046655  2419952388780584775 
12373771014228286272  6044553613141421926 17244074923103133225  4871277771640509081 11589376051200046057 
 2800286506549407918  4155359939783333830  7709198328671195284  8851772174790979398  6806166938893341418 
 1577714328225638091 14223581216091212004  7020565376395039957 16652216917514318822 17967498011465835944 
16687820268358333637  4277994278367437114 17636343049003706095 17199608617345805320 15209104284200991341 
 9135897272936484868  1998494171425820438  6347326915616620989  6661448030795599823  9972839029332498118 
 5179374380687982467 12669478029853104630  4127928012517611685  1474970300409235944  3939098745190148936 
 7748292659208245275 12594649751098338321  4946957794298210554  1006190960766932866 10841920195472128968 
11915899328522678327  7296905006510340985 17550877812651529119 10688657620537731929  5559297044659027472 
16891410826029021218 18067607195767649268 14673853266272961294  3507594834985535747  9631217114899348693 
 6263145624970466789 14481524273107197974   387163688090807371  8499614468536536362 13771157850922751669 
10657705401854891997  6412934271689148856  4137883756550930355 16930836270930785451  2086134057421574242 
11406004645679855551  9457817929104059125  7975553004990384083 15266224109320716910 13265238198055525152 
 8220479342518002709  5050488399848693352  9902276842437667602  6149214307540762272  7374727960687914860 
 7821800080976267348  8422376161556698358   915544173984937054 10413797133031680906  7076360425411557291 
10441250172920989686  3083670371600252310  1745886150139922859  9673978755280165215  8682543530891771547 
 8127792084099468213  7876539557756434175  2736449760052873901   380895623352114880  1322796516763401739 
 9833070632541760756 10057295886043450958 11265638656422838685  9752959695005453614   575786377567847908 
 9882591518480875559  5900174257470051588 17614812211972062665  8963755002603462383 12441290729172307337 
 8772134048184546228  8637449923233332159 10701661685289129121  6730253690694787717 16239633533132047847 
 4831641428383038790  2522305656094769187 12947335970524361774  6403033737594085480 11667380750319787950 
18305950245322740717  8036820888200052881 15557513060546613442  1584236374256587683 13410328443392046920 
14629959642533533579 11636656944031528570  8084858983705082831 13720057434485177062 13547988811139709958 
 9577726269250659065 15241948234131726871  1325979529890355006  8465708395423896762 17634744143136859606 
15776710477973799297 12180143195126921141  4241080166149301070  9799807325447009323  7422899410561280377 
  693991288297620903 14235660351166644178 16148292682370393526 18062205086593610723 17849876054006029072 
12645828074594044866  6691107681934396547   728115090055931678 10002553512788952447 17918718052963435493 
 1211275082816841039 15092421520720625016  9511666281236861153 10746078709048286132 13778588687926615226 
  766394629526013173  8641153601276318190  4113797797242539521 10414228315169014465 16839151678321651011 
 6910966633512663051 13711650974940001639  1052819587073880918  6986839733283391534 13833724546757292833 
  637759519550315964  9245696316349896230  3345165750612310841 17297005096595439445 12303452500518704016 
17565741875872880006 13855460528484570156   460742422275859770   576772563829296291 15591547297571865910 
16135213450915228067  5371941413985803204 18325371646096926338  3160716323804023629  4929687137044178918 
 4090436109413403232  8129394758095706310  8867061309232853069  3277919510768367047  1043502968622514284 
 7549183718018742534 10054424912916844207 17214689150833756311 15212428835908723355  3135975503494031623 
 4727750760993073455  8907242761494995275  9649655500397809352  9611656952239881624    89964249098168810 
16517402839437179667 12537028258236767309  7516944988084115615  5713666646748075838  2594454634902414815 
 5098021484383653560 12759465129323666872  7944618584609050832  3954632440890154238  3696333453433480898 
14353307273565736290 15594692507307142798  5358603782613706849 11849890647203193299 13302468273195682795 
 5652981328462182385  8271695642305582704  6021580948190973801 16246656567078315466  9935904155806403859 
 9253005280652693684  8361246087805162893  8201268898922795441  5715407173762382236  6599909919828833646 
 9186209857120563115 17304079198927878830  5103466140205311583  1821326851920775864  8078339635788851098 
 3977003649187644657 10389106816901135248  9545626413429909704 16654128943929740317  1680610044266571798 
17228031455188944782 14907114617822211364  9722822433731238120  6510505183611499395  8579334368997313068 
13443512971292761797  3637856845552458881  9517984499471262028   644324658657272293 17660096645754247664 
11413520898600253682  5575996007505139917 12057979042913456972 15742637906172717600  9046880990273400370 
10950890553354755004 15274254761840328719  7211836203486479692 18056808592935741580  6831484157368467863 
17546533476665858201 16104122324192770556 13260198066015025482   970515282869350978 10051622930282529080 
 4734785134417970176 15601064339656492143 14080457560448566199  6820059054612724082 16530952573160180824 
  455805683490318854 12436030416911862242  8218623151481301374 11686024791860330769 14734819388531300069 
 8424834957184496056  6320856428062849599 13209620928723972813 14309195322920648114 14287012859784316212 
 7464779255310260628 14078743973686276278 13461722137278304234  7410807698967246996  5642961206309173813 
11889851652842974180 10629279113703787688 11176521093875902481 12693005223097970292  5061967724117831172 
14666417998393728668 16007194135566982287  5135279014440572246 10406386959668720288  8075764789285893856 
10727198056955036489 13460361037709344898 12564398792770467214  4641106809439384209  1382444365799220582 
11734783866061237153  8449307171996850418 10814913024590844749   114492312237404266  3834083513020390187 
  286227494460838366 13718770005232767668  5495260590740119756 17258044493819030732 11144233674578235041 
 4959103895798098790  4745594435143301925  2786073600839631009  9999370618441573092 13668166518448375123 
14045831875932594697  5388645156803937524 10746526458914284200  6188628389401685449  4097021596913071039 
  716122553215622973 17950996231824606457  4072709352204533341  6941821886828000845  5770856124782932012 
 3095974682952197482  3630033109182914018 13291775896018625550 10151974851336183859 14566631389213126063 
 4193875212592168812 13338527000695818484 17723052525412973676 17267041317517533788  9977407913791402509 
 3421606356004957790 14059241647072604734 17014943765734850915  5568064187096925800  2273066921007250976 
 5615797631597118984  6711354394949443061 16367730036347989665  8669664827489743699 16556325659181977688 
 7508990539526315094 11579376079519574020  6308114490921660807   936973890901549190  6234299603769448400 
14758060906151503263  3383911932666235153  1573288094927652755 17261406671864318568 12724016913625514879 
10436948032549539148 17342984983296807918  6956803655296148707  9832946251263681580 10755620262021832082 
 5103388357517943184 15625325898694602162  6074107712985152690 13075673790509887093  9817187415276604514 
10332529493776906115 15217689232948515015  5223081676523259882  7719552511754749163 10603448474760720124 
12128671365312274815  4976335527008152672 11033024123921531994 10501249581112701083  5943453818662236773 
 6913972959304482484  4946404028282637163 18155065483151358042  9063103699844628243   343142055821489038 
 8124825829189429063 12592424952545356899  9196227910746776792 14161819180261638796 15042352004328972343 
15170180720396170860 18374712480879279715   175886091375362593 16224134109305265553  8092552889378593282 
 4444450469756613397 12165771881745763629  6884203760769089836 13679560238473294750  7103431685269165283 
10158001107033671271  3421285352052036176  8068350109331947508  8709746979168842824 18081447476518562341 
17907744027874457180  5075937577545068846  4734008509419437903  1718828168820733323  4399499428645435815 
 6617621192150948690 17151809670041676474  8658532055867304045  9114274808566101397  7112587378796223313 
 6595186244806369221 15959035653435694306  9957965192341945889   624482093735521038 12460422457790055892 
 8980698615164166602  4453475706351051318  2928576060704130233  3510778972723864704  1573693008967197870 
 6678462171085558488  9693232459610575745  6819868004991814168  9295355261429478299  2769210181348672360 
 2148061125581193650 11802438726188443416 11878154428994074462  1421320789952727484 13603575113807982022 
15150260756429252058 10755182094640778000  4406588887031706371  4108157158303061610 16774634726882425338 
 4584923993761026159 17390967305200854358 17428450304103800652  2720495171083040651 12716392891117275731 
15380049626921652363  3935356150100821021 14761577600241392266  3785207284626883332  5096145600174040045 
  127433813910883373 15017889864038132542  1906731259138375766  9955127031437470344 13863309992347365837 
 6118786675713732589  9818060926788875555 15219906865773626222  7455179020228244421  1455321758336301063 
 7859134788448366919 16020566117553418650 12371235415671620353  5962531598322587139 15721605500129266279 
 6455932381342360755  3489911976276303156 15072654186981533034 12742286651440805700  9721172987719607879 
 5402714318957944352  4473358961588198265  2365845815634655137  9193175391138932992  2534247197460541610 
 5219923488440051831  5339892755446192580 16288942529145624986 17180230369771652470 13514622975207018289 
15026796454307102871  8751235478080644905 17542646754981627227  7038626250765606414 17560612285425623737 
 6766476063235558901  5543853957367828450 15110262630698047552  8228657428422132301 14703892867911304194 
 5192869158588747652  1830562192030037737 12580387162400964027 13939886426898561960 16107120026881736385 
13594567938963264385 11265650834186848204 12835852365008038719  5506645712341366327  6914856139776967834 
17283704847392579291 13169070019908183822  5339494443845769637  5768851416673839682 13663968810347631456 
 2114188976739601636 17756196344382024030 17311667126631798048  2200265641060889831  6083325405159451182 
15911766833920654117   350877335632708855  2750745664833904800  4009133852571343652  3143625657873151982 
 9354590223699552004  6652310871329970842 16604217914801437522  3441287071288247156   978352149893068269 
 2038398960731209618 11615626001306201144 10197785508846225230  5342658781853710304  6304491233555820017 
 4057096176671094408  7194348958256955063 12747288435542013749 12361576791393344154 15996902798405639316 
 8138717291114358613 11823004615132235674  3628043594242874078  1441103767351354487  7254085779820261444 
10750586088338584659 15407310227541489933  1752530758353498469  6770562504705994106 15655487539230198924 
13792438240935393519  4996871362879274471 11570791587959335755   402090295129638736  4861110211603354344 
15391273565929419943 12804583553067961712  3892377121992402836   544164818807932952 11484184359677532004 
12431009281678897599 11354680613761803986 15172696749767428619  1268262368696527669 13822755222418875394 
 1413808172747773608  8658450224045604339  2953773956612391381  7911509878527547053 12458605097313259040 
 1144881460412990989  9914161202536568106  6865794014260969275 17242048515446323141   172733012365029809 
 5247132060117944495  7935070910471391625 17386682845778292852  7281781039870469724  6384056468390736070 
 2481570244936114753  1661524846645474392  1709704655715629718 17102481925403305638 16888767579110242716 
13739994800133102338  3972134900544021597  6254812901112187965  5627537531088140235 11821097718172413096 
 8103137648190678129  2385381127335196736    33973746357558784 14850167176618362107 11135086034601416993 
17768644803828820658 11723172173101904652 16048271960290050012  7921040751520211394 13792391419877602512 
 9633514093680373216 12457479014258196901  6696440307139811942  5186471807242873337  3166449739471588572 
 3715393234746998894 17682425405820276768 12198880145883568555 15016977827236877458  4241193674774226788 
17377234154634848289 12977405263689707494 18167897579427082894  8361123322279393935 14989776733328602317 
 1236781572867428731  5604258348359895337  8032523196615649053 13586685471654229156  3140418024969487348 
 6742271608171614945 16148107156095421171  9508013524627960190 12883762289819772315 11885410619579879822 
 2503092265075303404  8897630430276307695 12933867076392010270 17715674908732837400  1605651122820631911 
13314042251670936758  1180045964191692862   893114305576981283  5610829828092868587 18208773707537823875 
 8090392472519017802  5623557812381314629  6986904775211290397 11475562003006356286 10479287825015345194 
14978486930241058527 10582848982377682141  1377908891991777841  1223269018048762139 12441225770925958385 
13797363220489797839  8682357675196895569 16993422349409131086 17831471228070370827 11951901191074731132 
