1000 outputs of genrand64_int64()
  660776260361690518  8732205874980548526 13135543966028065218 13812015545553152792  9312884593930032931 
 4206919584926554024 11206240658102576518  7918803217372733462  1141881226260406796  5545975694192344925 
11971618038321567567   547850995703506238  3098798986034830873 13570346370557685657  4944537953597087133 
11938429652188689825 18189289307512079407   395273539756848407  6510590374313754033 16627231150412537769 
 8956677351288891835 10367595465311626519 17953031556462138072 18069801740973013035  7921721235385531920 
 8465610614143315152 17914502691315766511  4150554157092305129 12748471450020937680  7256344168060557317 
   50499712874050525 12111933935907919781  7865058474683679541   609405061212464870 14970957244202127368 
 2164398005120834586  1928623999926214277  3128311674118153235  6413134371058702485 13757567454253413557 
12219200748871486835 13506181724684239662  1332649204437408201  3744721478050980528 18127417633300580685 
10646607878589977169    70407222256213852 13934123932620915965 14927584200853002406 10028085795265905768 
 1345387348440244720 14651261453488281256  7767258071726695119 15854056349716319894  1983353695487282710 
 2445887882765825919 13502846830788542394 12912295048419098824 13309130667674178378 14161058858725313856 
11640887795462728748 15527208005763293401  3933886014727955271 10578866672424777097 14548318462862421830 
 8134817403284689395   488807893564741227  8522855751040561185  4445988821592325414 12818259262180037374 
 6558180120183151874  4364355520507059121 14290095234700480641   447994782152133352   217619819383053392 
 9098736543960388008  7097072137435189575  9111767981275672134  1560747838843843117 12174332901279583821 
 5069873232039534034  2368152503015294999 15630889569297927724 10133775503796334826 13790056607914225312 
11949911232686879738 10134962839639433855 12116453866608253449 17924823642785164654 14400935967385582300 
17131962721535245663 15242597722353048350  3130553587468646593  7249818372775298366  3497631822222948594 
10049733779338407305  6557744792257882980 11034749543461534994 17550742276875284331 10757408710722142916 
13363623140068666334 11026669741052200445  6797330580313152713  9372623928250419380  4275386881065466687 
15640002227708969137 18190374034732733933  3730201237839724974  3200657530841890109 16900262876651447932 
 3486326957402309152   912098776902057323  5715711248169778483  6539370535529582785   631356572213853157 
16420484225811884393 10948916656346683656 13586486965101530468  5240918437327584921 10634924507986328955 
 5953497271847766419 13859495524398789609  5737061024129519022 13072684830735338953 10727020488768658257 
 8952835930988780859 10948802796036643444 11983714131648725976 14211574701022778255  9818917441164721882 
13398625922042668925 16535933660214613813 18444126996231785032 17136922410339538142  2077365625123896916 
15334334743342975458 18310662828104740825 10427412111549611864 16401546183820742374  3084729742014201598 
 2085997616534723114 17862294134702469005 12291342813928870657  9850450221387673098  4936830641668219955 
 2121972617170023038  1629439199007669009  6687449661565043793  4909136360807685636  1717873377896288280 
  273874097588063542  9832142137084459669  4886496676403486217  5162293904264961359  6134188978238551422 
 5827885227205538717  3661847467791447048  7630921098616780750 14439004703250976779  3020174443604020802 
13728331869131975097  2423759182190987700  1513873521778594546  4271306011808929076  4743557890867282276 
11439617707877463745  9570259585183082686  9915632997491363990 17114596305491644167 16371414860583206646 
15543455039174941216   680597974468375509 14382147229750042190 18400757546675502520 11562525706039036813 
 1476005830310491432  5036091049835553555  9566543005562128962 14375135717230121546  7061533589352477084 
15432974004225848008  1708977928104749476 11772645002907119691  4573745407767356088 17204757162031797680 
14734871205330996928  7642401203614910398 13791317293292354527  7376159136658197080 14790699541293353078 
 6127537011749360191 13501194101532802000 12062188332732184839  3843949736881071143 10742806592942596171 
 8387093536808409560 17119601996629717563 11557654947078025665 12183482805950046971  3775587281965391614 
 1546974079261368049 17808730208274028883 15046199740970850399  7784434240432882910 10285095869119250135 
10675668695951008252 13164513303983435551 10171758789450842022  7375617279898011394  5056432462415232669 
12024613968155709213   686969321930792666 16439111864607894035  1656361402252297071  9324450643624141258 
15048296877480798766 13804964424338843627 11188295106464135769 15369205047788115069  5697304639571902196 
 6742152222081005097 12453848871564527733  5988122138367410782  8678591364218112911  1909848649948562604 
 7580193722001983309 12726553347713447315  6356365995651316354 11653669346268327652  5970592912978661802 
15605502841303198156  6200142338191068742 16359968220251716061  5590478660540199698 17799137386405892369 
 8094674337260995199  8420739263393523390 17209515225302021109 11508692291567405184 16116802737887188935 
14285684159340284994  4478755148450805067 13306709835222361001   199376334046337377  8127780979021622920 
15120784162165018698  8830542540225495021 10572850699392920617  9412556347894706635 18167663683788899091 
 9029988930846016082  5822809598643178912  4123214581879011526   749834921398360344  2564599516070085787 
18156868760238938046 17908374103903425038  5291726890408971490 13490525531662809501 16259403066073747528 
 5853291226514021485  2600652940267353393 12454643752779693848  2284872237020668139 10691713749369056167 
 9158765422164537345  9956293687452049169  6342304357435659196  4710871126664385791 15706325248058142723 
 6910792445982851638  1735022558417813157  9770132548764606288  3511805150026652280 16724028624035953093 
15809647631219285493   555408247709624644 15519173088481368693 17461394860569097327  3245752329608650130 
 9182733694334605634 14477076118469428579  6131655692586273859  8109121769043705474 17852459322279440209 
 9822061437970544072  6233633351645490710  7999402391196913831  5562047250013439088 16499232224580506429 
14005759373812867093 15632625825314236399 11809079872625285373  2296718110142521712 10607201211375790408 
10182744410062307993 10255838441460963045   935445992086097705  9569910830582745606 12940922724944885357 
 6498978053290119512  4276709007458474788  2966099537931434875  5485081580952567889 18124814186470922541 
15234505973173691994 13815342995125105183 16671691719376835395  6748607212340737951 13754806772098539546 
 6481442043291379334 11809020781260408401  5035012282332063395 10765425451922665300 14268412419311614631 
 1617621872221441507 14911270288894223756  6465599601669646773 11006332578001296567  8996205724441073737 
 2326662554331269439 11006307663106625242 17830976390950630941 11754533224293602326 16808616254897984696 
10210869064005548471 17438506336835068363  7778157998776043333 18001830520727951427   379871110163000461 
 7375985718722512610  4076336517672051246 11468000744817237074  4422819058810259966  3848933423044694424 
 9818334073201875753  6157434874185294547 15069558851272355160 15604517586261627596 11762953067876234584 
 1788736045996235961  8696963303213171840 11025593514389398325 15453412850623164002  3384508904135840058 
 9336581121421429569 17891368917245590893  3506400794878084684 11971132881060333514  4702728347302401168 
   24344296843323505 17152825460320212152  2527892457003896916  6738054277975051095 16497664064823833298 
 8673518553368827554 13613419136906240736  8845332621636104805 10359769549667187847  9877695579794378561 
 9178887057933353424  3939450425783959576 11512450753367040600  5667178898613763655   596426046849735686 
15645703508240107995 17447615238202741197  7737247718623485082 14504750304421110916  3081280606624346409 
10957564602895477303  8185121515930389968 12206235116230540685   339892951825891143 10082738365770188627 
 7210770952036721851 14762440235863647255 15733340858786007111 17341001417429833910  7089937794964634670 
 5382561113274747610  6753664888113796980  6183165506662425026  6988980029049961681 13733780792946002993 
 5168843830417842493  9988487669481585439  7380549794036256495  4775511443301297798  9351936395502900317 
11067900087185592825 10900205139178888402 16402033016238293004 17969108729156736106 13043207543934868909 
10658747301600067032  5684001285057917621  2900678165458330403  2415794406330128380 10438523690047007907 
 4137829896689326819 15595239529406651866  1229973571876124130  9196651088444029107 17090190075364058337 
 8898279433217907705 17994865977327808918 17005012466651725289   510387330718547551  6939289074840348523 
 1322661791870872809  2063445384522139929  7758730923267418073   945637005433611454  9991973426931070775 
 9663152566841843262 16336754886662168584  7950811255075292089 13741766601757170284 15373000038476451303 
 8725742168073254467 15811303899590287581  5107063027475682704 17976574766703896816 10342133303252175138 
15157287711901626843 12189347881064591738 10203967272945684491  4150872858577816344   846797757437941098 
17982389056468592976  4507364372766776808  7352123293750031275  8795901637086520655  2020431651075891783 
 3842969769084925899  7014456567799634419 12860991910396551126  4623057833365687457  9088745607106256151 
  650448399993709959 10263812622389171532  5667133466682668356  9497360696793233675  3988163357099908691 
 4092201697069945230 15149549633187142106 15506913644357900505  4965823628844050475 12794077745074365199 
15954058199086327327  4768950334506824250 12517100038200686509 14854971448607096337 10039016972079441140 
15331681568118478036 13641513042630876965 11759134595230333305 15704202749104309441  4517146828142813483 
11796775191629391537 10964752631518528450 16286233678105220718 14475178068537532121 15814143117106347475 
 6995227769303131803 13581664058996338459 11804653130401902963 16597188072658620745 13167742272749879977 
12915743422941796360  9288934320390225194 14825865793212116391  2170625525003443219  2305486055516724345 
10871150714321069940  9433165090467484633 12109177994744356192 17648384747339480470 14089292943662635619 
10220478423613857891 11826434591066795984  3069014648008050495  4468608341703492522 15235070155187837120 
13223106981465648011 16063932731729305259  7994990287566317020 13834413303714763643 11291632865645071561 
12537947088968369957  2724824840886576510 12957912322274851221  6878708990538551580 14361501445988900787 
 7446782557932158847  2316429378530573866 15605744038455625688  4363037857338327604 18076154003121555198 
17671465808007378657 17434631063099870259  9608791604573466441 14878275761497132300  9481318814051413907 
 1210170841637795522  7311549603493841242   784514462713027199  4533884480441656016   438277427191792843 
15063379768346929989 15939245996896795571  8619922719746290864  7847161085774664190 14732740392853000264 
 8550793306665857736 17789320095335306101  3629985967221673671  3579819151485328736  7275599450411091396 
12006950131769076057 14860093556157581918  3054636163255832110  1512202244613048854 17347298451809323825 
 3764663683347998110  3124771294212488474  5600922543559016701  5509362067302610733  1513606264459237424 
10067390106591146673 17523209267967735527 16698427020367037313 15459188524360513306  2312338044423550090 
 6176073924325387861 13539164329858515575   983274805789375584 17523055219406022415  5789992379019340573 
 1958696612727077447 18422221732173507209  2312820897700980674 16165359472637922680 12683846374084102996 
16765500322848553417 17860535389416181532 17613981660778677007  4982306615286845871  3300300470197410124 
 5001525501521903350 12040360346733843880  4780455042087743963   848207713949526722 17530641131104931756 
10362842555469728724  7546878218478991104  9156511006507243960  6429697540163386908  2193653802819826374 
 9791579101170768817 11152068331898594114 16826580269692405852 18386964147527741186  6223809120711905463 
15298181469602980282   487893257159063938 11450121209270896594  1174870030570773801 13848231327546576812 
16795932327761385939   251417907550186664 16690791549343244698  6228129206675952346  5442231185354115217 
 7694977070657649634 17987296016778840081 18326605966637086693 13293329206518937229  3341371284480774567 
 3935731959011368851 17592619915916381878  7890063649095579977   295146578061433286 17501592175613151651 
 2444174002212957282  7295273308584041906  4363846287333432190  2004401611021424642  6496455623666070417 
 3918397597979854345 10654149280224631638  9758036857715065590   865069571901699518 13501354515632428844 
17119669793784056507 14189754347307235489 11328655851427594990  2570280296724711115  8043873927867830017 
 4410432006654193795 10216107419491806638  4852735866144701304  4327260902422526184  4817403025214663395 
 8609105759292479063  6181812218161464042 11249574284151904514  2487340170911325525  3134618012692672425 
 8553934905141000915  4697741360467109473 16428034494270135360  1265490018548873061  9939461379902469911 
 6084268802187045091  9837373301314931029  7905542671387324400 15323259293262398350  1777988484471842624 
13302457835190368606  8940278721114078983  5790047048052238865 17170629236336770959  5084159062933289131 
13295369547452253772 14236876233227126901  1126479746326721369 13656630566573254855  6006884287409401250 
10669384240623264588  6870675227292785359  6398848832473352659  8175606945616198955 18385848036354902667 
 2572040453860713333 10634118930747532909   775990327994438729  7307754590521870382    17145508782964621 
 1113762106287798353  3137943912985883983  2749485891526660009 10533088293790710206 15276370863571707013 
 5698333839082653434  2476825642466986674  4903412241486490444  6813472331498694478 18411274002420735586 
12829861060764025918  6350268227412131842  2822295893045460663  5637644249034394826  4105053263942814813 
 7447240626551984992 16307264937417711766  3461086480024479350  1584564257148987181 17319885064809756765 
 8519833638334477866  9122328273531042309 12191556622370755558  8236972105462371270  5224767668504732398 
16005256684483390477 14131176132605654421 10848656520028119478 14375690420606936649  7660385773569817849 
   21985413955551686 14943322119676855961 13374242739148810631  5886773421166619700 18147974141373449493 
16804541967319886859 11580879848514941785  7677626581164785227  4166609171661937427 10986815370987647958 
 3129699152127094498 10863415555829450835  4458546583402257514  4440533423855344647  1740395246731359880 
 4567700991901058717  3004695442103317356   143512101148630806 12102577018621182262  4111847420368003346 
  346878339108471656 12888888224464388731  5838893544129856796 10525116506675887925  3037471453625367152 
18023584983486191436 15490891806404587139 17524643938309858215   323056528067488165  5985339202625251632 
 8713598380128701482 12221072767243285540  7147896854983628040  1905871840333148324 10748399619997641052 
 9349118741368454135  3315901738602348994  6632508126647614416 17387612266604702063 12655440645639081569 
  156542617260864059 17566405058113804883 14171284895009431467  3417354908995113878 11300236842731676799 
 6407117233113785916  7466979059704947519 17643276804326724637  8211450582390661057  5471503935401805585 
17190538521978577065 12741665581213264816  7706494456287611165 12273582125848861485  2918573288688809577 
15650084618641193602 13082905332734248754 11961408448158329681 17163349575284369126 13608459466664231366 
16562484757810589767 18137013130901678680  6162633926960816738  2956769105163526087 12897838615744739497 
 9586671187692319525  8152187731862970548  8277893933945991720  5709248949539727346  8567925967223913066 
16300642910967530382 10361022462902489538 12830757384319353812 10158306102629630848 17176131218980827363 
11453981105134468774  4315809835000087720  6944176767992347750 15028847577283585926  8362197607805332365 
  169634260864373025  5898461804425036290 14614190113474263461 16674538373936299902 10407667388513247053 
18076110258936184208 11727265000965748787 11578769707349070883  9461261205110208091 12680674941773850842 
 9945846989888916104 10351900274832764004  3446572814918959682 13318329907230560012    41378309103795243 
18212329136104798215  1247743286240517430  9138761008500660493  6948886200194047079 15595834968359695098 
10833731357281468958 15590375219775831917 11069089961322357738  6410170510283775016   794056885466631162 
  464696886374249187 12447634240708556703 12299184362155366427 12325204902432472931  7396975474249314449 
 4679488520530370834  3248549126376745173  6176887701172800232 10920093348311616564 18409141332425811095 
16895027250162756054 13536823914412683722 18277088984863427488  5664723061578502264  8102964277459536174 
 7329559036619257349 12637964869115304325 16945544892790835168 15039279415564936971  1364049502304653705 
 7637229806077571651   837440992373830621  4871009194630933212  4061658871137597615  6870826327306722999 
 4143896442616014835  7368621922681965650 15907831079897607077 15477560273110969425 15919523343553249851 
14934993334956102640 17009428249241950819 15929764078424111156  4110847139544826774 13534708358234317671 
 4953103012313480258 14621104550069989671 12138493839715185970 10671916897042533411  9700709210206023863 
 4970274235803650981 12758443739772676848  8871757981874767267 18196257326078551529  9241882263864264078 
 7133501870431998306 10760207754299998454  1379033827315334509 10747041272795252793 16002699676169263681 
17237887079570624542 14376636986160435784  3140231840762481872  7337695314051857291  5591590848197482234 
 7293396922163017479  8681398845847768135  6693509470853828250 15736555504535229939  6754734606581792542 
 6400924072474648483  2981060291324553659  5528026080983682964 13726331527169508934  3128407966925278705 
 8196935719653685929  2131297840190500849  9436941246078230446 15794236929195249145  8023570901199202188 
 2835100306559888682  8982408022319197851  3903657912307349197 17079951197433709215 11762157255442667364 
 6148554154198406962   167266121794225182  9295660461638339546  7710734732449406516  7277224738706644740 
 5985071609311015072 17772047175401244542  2537046492620188221  5497712513537750590  1315480940325987061 
 3006413936996190567 10841045341099514102  8694925281080606379  6932059726172529536 10097779958845280889 
14078335536363105397  7136598229074569238 11433733286116081825 11404418486025686858 18155465663606589293 
  742230273459638332 11174590695725191692  9874859106449161233  4227287575305214768 17120354983112073163 
 8251606862853441734  9745401280631600338  8453705418914006929  7363241251391886264  4467601284130237801 
11918928465169311702  6583955186265348862 12737015220294193856  6147244260001245469  9621317874359531231 
  349896208555191058 11018547262608611911 16938441953743257178  4631640340774869280 16123733135656769146 
 8416321670909508271 13599904775827323340 12814400653502006181  1034039340699294774  4840197366481501745 
11097361773653813036 16571449307726122911  3009423433808231672   551036243951784789  7726531593218495709 
13902619823906169855   693544226266704743  3541504899059548702   593112949871406739  4214004947511123838 
 6682000639797523671  9737655054983154405  9083338383086504394  5088067401617435361 16770864702639469353 
11096673778589292158  7855089813710306493  4452059656012621676    88892285923470736 11171695028085612697 
12487262983687569302 15846793528074646288 12915394867501363711 15105161594582262926  8819126323652750296 
15406598536861025951 17242617000060784609 18397929145945896121 18371053775736356718  5166943029669182747 
 6535603623120047040 16465813533009478451 11552256406689777914  6717643664296983851  6882363894966835612 
11960587933745511580  2855921771617890953  8683182536128643532 14920478919717209656  4243730165978130397 
 5767425743575432868  8202730007520962829   386733508823631141 13506817812984233847  4536523838035762815 
16651681715656958925  6118202168236114134   799238823506086966  3885681778197663143   580520243143597699 
11624222391404460013 15557641969345275944  2462586873377809788  9093231848208391638 11877036395883505458 
15892966373332856664  9482691075015279448    45403568413545192  3168073771049398017  9582383867158973664 
 9137542354476600781 15834193160549580500  6626825645740485763  5357952720013656035 16922588218120614689 
14467250953841573892 16832547275301512166 18220900765432100872 15661547836180029184 14239563726883452666 
 3608952674312004275  3007702404403852797  8067287502103838728 16410592812610671166 16955437086567589108 
18287599110234142698 10939399685208748589  1744743776792790765 14515974235729678392  9620898117876525353 
 3142601068260651133 10140307231745349739  5312542726451228069  7943445406148862261 12214632429994072719 
 9153892902634959786 14680979018443089162  8558544995759626206 14597564458160532021  6654084132629081341 
 3031119718967270555  4199074779786604830  4653377182873452713  8334384858322903899 13968021149656808059 
 9827844242093918228  2391455179022124562 14169656644049843960 12728267373724413761 16024151500708832504 
17581589014174517918 10015151801187305142  8296544412168807462 15444073498646809132 17384478903453950076 

1000 outputs of genrand64_real2()
0.848550378472758 0.325511318274788 0.252400947677218 0.443846467896493 0.661839068176152 
0.879857207484804 0.869829278091130 0.881374135869459 0.292143429547111 0.953616350208031 
0.083770770233050 0.026486073778995 0.051576708434324 0.641389229135107 0.960697378370255 
0.020461935766855 0.117665658171522 0.962792822949838 0.296437650942857 0.891700236384762 
0.801856349960483 0.903619851592148 0.459142441833501 0.832086210870308 0.066987837828496 
0.549266534809991 0.809425894555417 0.866481367539481 0.756130512335119 0.198150113918074 
0.971506432410183 0.372375726653699 0.902458738675105 0.979865002650075 0.336308479338107 
0.579779905866003 0.137014506442076 0.174652326705963 0.268760188177329 0.469088455666002 
0.979394649552816 0.964894870039995 0.930379922483368 0.308087991508453 0.144949206434012 
0.348005634298898 0.415200879224386 0.126431332101331 0.615521211005524 0.611759241241481 
0.773150303331845 0.667049159983046 0.968846701849342 0.075777492159102 0.673620869003069 
0.786923709150071 0.316908954736919 0.639898136934872 0.106595636478300 0.765210841964146 
0.539492774111800 0.139917100740306 0.148247843991170 0.884405046380385 0.131563298057310 
0.373868412313946 0.066494900309041 0.859092739669240 0.633724071037911 0.019260237178284 
0.170584874651576 0.539425496342980 0.860594241092367 0.242574271649126 0.940050748623699 
0.807451406237190 0.407001002465622 0.512712421022446 0.711844875560972 0.918262781221868 
0.464341139189608 0.660686960799972 0.113856392621176 0.260919131362167 0.824218773834006 
0.936253180958704 0.628633917326157 0.798263563915698 0.929087067722709 0.689518542058407 
0.269526260192897 0.647380953697892 0.661818195144850 0.653022659672627 0.794126964108866 
0.854559276522194 0.717870649574940 0.235257970614068 0.982473605678738 0.218434187469399 
0.544890503216469 0.731973557269772 0.817349785256192 0.116431958513011 0.843909139548862 
0.452649262525446 0.294782226711541 0.445674907302401 0.860128921319660 0.259212740326223 
0.196591935542442 0.507130747987821 0.518054343207134 0.048417488198166 0.732579779036928 
0.967892362729189 0.302891681102736 0.058460772184053 0.083060127450793 0.813510012141404 
0.957276860933237 0.332001351364440 0.238845415279247 0.984833063178286 0.713066175362043 
0.584556621766731 0.770548408671499 0.958623845830688 0.191281752753493 0.316914007653362 
0.574172148514234 0.630401533977841 0.227645900848162 0.099609034531704 0.981723595100618 
0.573344753616584 0.801003243695666 0.234779381321295 0.512894637942767 0.837174201249126 
0.125693167250851 0.447453481609270 0.044699035898003 0.626035135483399 0.882017797574055 
0.501562949848918 0.035176763656605 0.289875449403623 0.833578020035602 0.152496516532660 
0.703013957811328 0.566590327182256 0.157086871867004 0.977209957488693 0.818818743566473 
0.065224580363130 0.905400338303545 0.616428573017405 0.943895334717841 0.329612456181999 
0.991251583238846 0.157948364833219 0.643881633864898 0.625762069042253 0.863956863277734 
0.146668738261369 0.128002250204301 0.336876440729968 0.678278941350011 0.625794067232116 
0.437232998739740 0.055374268607231 0.483407033042587 0.961918813817183 0.923412916431385 
0.886871942094758 0.300020816884719 0.991172046410421 0.220841558031670 0.761389793771416 
0.829650013521063 0.017230039291852 0.002154820694078 0.534488336390027 0.332663046120918 
0.219645548411220 0.582096635126271 0.018159716204649 0.378499812129118 0.716363399013905 
0.877068129160961 0.553967367704510 0.881270030145188 0.160032032352009 0.574780940055574 
0.896378838481090 0.736704108373382 0.758006371979998 0.179875591999782 0.148065908027386 
0.290677774324851 0.878728809682086 0.036088728114890 0.245143198419563 0.320407973327214 
0.713902519365856 0.724960511875299 0.237123726883534 0.353337936249997 0.702793547908932 
0.484600423581834 0.099032717600375 0.335114452022004 0.008410179566819 0.974230865209695 
0.741216364102736 0.689537013883608 0.782768122189671 0.256145128460457 0.281459641312263 
0.388415281408419 0.011045024000047 0.001160480023878 0.344606435621353 0.570106966315434 
0.255181730405311 0.139836508931470 0.691736482012534 0.099322634971178 0.950825607864865 
0.474298950225841 0.460211992594068 0.928635754361076 0.119981030649892 0.043890006828405 
0.901235452267320 0.076221649097958 0.831946561112008 0.749921151133233 0.499147237345453 
0.299929794296189 0.215576072693898 0.065014231216031 0.660327434253085 0.814523558584301 
0.929480518718930 0.396338228261560 0.502509829441961 0.937130714172499 0.646555127712082 
0.437441154816747 0.420533281346182 0.552274007937769 0.129139022679397 0.094503778728514 
0.984084349306161 0.396982004763180 0.986693126954193 0.645402861910177 0.346255096593683 
0.808257620218972 0.594471771256244 0.798810254259255 0.447919530561887 0.307503434219425 
0.689832867235265 0.984049229133799 0.513866257060772 0.240703377064211 0.426835841594742 
0.774938578930710 0.397891944913970 0.246561714675093 0.323930636723069 0.588541759497955 
0.684744298725766 0.707366448502477 0.536485400575251 0.759477473675140 0.985163103409410 
0.760047363333355 0.979216832871224 0.811124712247718 0.310943096860700 0.392825728394053 
0.252438854173488 0.483346000171103 0.315842512608737 0.791981473820357 0.941805156241453 
0.536905391072388 0.318727001923092 0.921251167469897 0.586384752673215 0.381270813322388 
0.053980937788061 0.218503111263348 0.302980535586090 0.718930568894810 0.724507404062360 
0.330017253139883 0.625724954199369 0.952627918337152 0.690884729908763 0.762691246184789 
0.653246698966881 0.424748194696690 0.739472042448569 0.887274983171016 0.863782167265357 
0.138794241768301 0.553035750840220 0.858944585754216 0.453171478823845 0.984005967348266 
0.830887745232304 0.271498930620482 0.538127711151683 0.187399111852343 0.272229434088144 
0.853762030237501 0.712136945369574 0.861392810807097 0.304610585233774 0.788937104038075 
0.964171431453184 0.739684685466882 0.777474590602557 0.630826899118010 0.047030149896527 
0.486455539263823 0.225457687747248 0.975112487350999 0.720380552672280 0.436182658789848 
0.939255527478806 0.051622129166839 0.442572702702732 0.213384625428196 0.227204652295183 
0.667560132732392 0.868561652071342 0.625611778954399 0.544783358497018 0.113863515125443 
0.751092079534486 0.624476694386193 0.084605015122589 0.862862333545691 0.106729862572829 
0.668112847707907 0.601851759790236 0.252466694426249 0.318426626553326 0.995543239189987 
0.658590618452365 0.434091434701765 0.205247498041306 0.600722846948654 0.077670970680010 
0.200461148422072 0.118892498733681 0.963636075649566 0.806966536746085 0.737429701207359 
0.329717110404550 0.067087572418063 0.964364392350648 0.828501603431389 0.220026261513223 
0.191697419263211 0.959546429547487 0.406628670392558 0.443687751630023 0.988702428466456 
0.611401474675724 0.426223530124325 0.218470479586166 0.451900483441987 0.653619201161189 
0.498965791525499 0.458489316447825 0.899141358321284 0.460991044495546 0.582208893856560 
0.295166694788597 0.835942859321516 0.840281209363760 0.056427010079717 0.863660504079015 
0.971090675028568 0.300821668436496 0.428753312687740 0.540854919129698 0.154483578600321 
0.705543424887460 0.028709928230256 0.371055578248380 0.130598733673355 0.099867198301045 
0.608238729874361 0.303930996453738 0.969925596659331 0.490145872692480 0.227778165909092 
0.442543550201670 0.394273261937140 0.566804628123046 0.973254622673947 0.381487274814216 
0.849237001196538 0.913282949255799 0.363653118837061 0.797017857458285 0.594851993485636 
0.758613720986595 0.424456893548636 0.629572725278118 0.418075213380102 0.030310561033373 
0.579730971052714 0.111420474491965 0.591238044924366 0.317310616362320 0.048336923677889 
0.549743267845961 0.112373240573443 0.541024953032530 0.478955444985019 0.033890313888592 
0.430905522059727 0.190233764109634 0.267192263883582 0.132758235481286 0.431929514295889 
0.576052916516270 0.298799372058625 0.935512352873895 0.787717697124485 0.817372187608067 
0.687680626274859 0.436583346727074 0.165689731465153 0.147736321815364 0.461060904494618 
0.855193231973530 0.996565146591422 0.104037088200426 0.633718800264556 0.785833231333534 
0.945247886042921 0.283883550966881 0.275812557744876 0.560417720733210 0.443441109161590 
0.107453692400416 0.889689599767064 0.581736889147432 0.129383539327423 0.254304358030155 
0.392320975755603 0.835689299682842 0.471327681588809 0.094463732775167 0.428159689737472 
0.855427499446633 0.420364955242410 0.062491458080160 0.317982968586052 0.572541195530112 
0.567186795845540 0.995683955559731 0.599298313001602 0.770075401054856 0.985257368950450 
0.364873932210780 0.836840263471693 0.509291759466439 0.242878223840470 0.277684295989342 
0.648168767182331 0.624884625237244 0.452387151824230 0.610361764988640 0.908981890529739 
0.780789264902762 0.161076464901270 0.426295397266172 0.311760320467470 0.872419810947536 
0.973472187306296 0.370339850082132 0.660734407310452 0.681846787770362 0.130716723575893 
0.861936890988501 0.428945256657920 0.273603077037768 0.950258047346102 0.336529815211751 
0.303126807501426 0.331768582390100 0.806600274575441 0.182708024230038 0.205808138405609 
0.618107639636130 0.101711571048259 0.943782418514546 0.336747325876526 0.873063649547621 
0.190498737060543 0.415508257731525 0.720116001017234 0.143348757806114 0.883845808017118 
0.301049210373680 0.516387901096032 0.869813919470140 0.752161206590010 0.762115602152385 
0.280935093126040 0.703117074489547 0.820137610213742 0.981518206010545 0.964794761662463 
0.079541382203215 0.927961938342731 0.081775659961471 0.285073401266438 0.115205600425667 
0.395256677296145 0.609414022874060 0.843555390433773 0.187916882471050 0.808380710047108 
0.844864915030490 0.311755878802791 0.963236640602474 0.452468040409644 0.714530293372310 
0.773326351071502 0.903709330669312 0.207711248755043 0.077345295972288 0.894390627434170 
0.277252707210175 0.314254465716278 0.763534852299389 0.262634091160755 0.460899528072054 
0.424357274705035 0.184419458139445 0.155594971849898 0.736511717433841 0.775896395828242 
0.747380563119456 0.996224156436583 0.408085189892841 0.465956632540748 0.049476453211182 
0.396551967686603 0.661570288181255 0.520872181549199 0.062483342499987 0.551032511537828 
0.158292346558197 0.862269191070582 0.015142993049491 0.621128607420458 0.868165542244249 
0.661744434848245 0.377338855913731 0.393379945307400 0.292240015208576 0.784490878675680 
0.689124373689765 0.917034007189987 0.257174134619705 0.189440695728663 0.140864662256171 
0.272895948863369 0.901996354197822 0.339234104135896 0.637862316837083 0.761082315544795 
0.405153737451567 0.164922541985506 0.692736231342555 0.597165574997647 0.361580466748078 
0.105553010655935 0.261463521998722 0.759975402685636 0.073986069792787 0.115933971952867 
0.336181397092245 0.950509789411103 0.991192342443997 0.705194626359747 0.923963489665274 
0.340313274385797 0.332836150799654 0.838782477553054 0.665998639971446 0.175367227451742 
0.099254881416564 0.408906301746148 0.640528631663805 0.185719145443349 0.621257331861797 
0.372909434987424 0.485998430609696 0.752028925971046 0.371087925768954 0.773722598252947 
0.981477372738478 0.631598206907618 0.425147805848551 0.067987444527523 0.580111726805010 
0.411070092296673 0.999170586527557 0.562174008248242 0.817443736874504 0.693667873428584 
0.515208716154370 0.038489493577752 0.582355709526271 0.726165412472482 0.830893409237884 
0.323454528703761 0.126312147528802 0.738344178459683 0.094602903078123 0.526385839363660 
0.083202528323679 0.991640113143296 0.132975882575805 0.602228094719841 0.827653890174378 
0.361662832011865 0.725441818277684 0.571485976973708 0.611480410058195 0.737974366076946 
0.686111268093723 0.102389721820080 0.829512111446651 0.968186249662706 0.029138953736491 
0.194113380040640 0.282370823367866 0.907915286493621 0.474170030532431 0.219042392516176 
0.022692504228286 0.389492620469175 0.702435434140017 0.691740153570587 0.482815058664817 
0.211765412007140 0.221662038505049 0.141044775994617 0.177956078829543 0.800308389229099 
0.278935024638610 0.076039108134087 0.613202783478670 0.617230204938222 0.862677731093286 
0.826800733894817 0.414257680226131 0.967426289652598 0.853778795586228 0.775525603109854 
0.588499033133696 0.603667249113292 0.061470756760998 0.380379899226000 0.071230955083440 
0.688969549524148 0.096145699690190 0.725902257465622 0.946481059872485 0.663340010634687 
0.546298881490036 0.035905679184210 0.855690199977732 0.517670750293562 0.009245750279565 
0.605595313195487 0.194529136331282 0.528727000229166 0.599890760179446 0.897225265125409 
0.353276285712938 0.586711169799705 0.090163496799342 0.201286923857040 0.338460256166890 
0.131060552152728 0.220661499394313 0.981981929544548 0.862319482020737 0.648265514942453 
0.973001292497629 0.300990250233951 0.446368198185800 0.199749205870402 0.388521059480669 
0.137980734465554 0.852322269470589 0.479512911219758 0.615887943995660 0.892510068701206 
0.688107494002031 0.949019328656962 0.778975579342400 0.786109666157656 0.765229806445106 
0.890085177505871 0.535644001004380 0.465335883006349 0.706297292670521 0.092635586841100 
0.288645470310323 0.903313642293384 0.975596894201180 0.317411727562849 0.365375248048358 
0.789093675986829 0.495193785528961 0.561387295937018 0.816982838229799 0.792257877046625 
0.646920721521804 0.465239177113027 0.471556446312871 0.899654532380277 0.297877299060885 
0.180324828286105 0.560975369518189 0.689627376122223 0.028895470935943 0.014829105952055 
0.602359338849549 0.374253010870067 0.067081507757446 0.890487361046262 0.128846364020478 
0.615046141731587 0.275479549850672 0.529590136177466 0.572905757179688 0.551871347467621 
0.095071812527066 0.543819776752251 0.540822157639482 0.516549839834913 0.553325950788547 
0.303250256066651 0.192084448677070 0.533248095852821 0.219739520658381 0.133126052407927 
0.764332395212724 0.559542582583049 0.308518285774419 0.344340404557078 0.014132195710897 
0.100384217654972 0.935937376920597 0.117031844900289 0.520861380868738 0.146255955097905 
0.917770777473611 0.543676120867423 0.539195236605215 0.419759208800307 0.286484570741985 
0.723869566661173 0.499432758953403 0.104322120521990 0.162504208857488 0.209018687094834 
0.057970523623916 0.398646687457511 0.315800033858230 0.338382160683586 0.291130689296060 
0.004026721304606 0.455019581861920 0.098827829970715 0.365326553462648 0.345238442902720 
0.941111157141373 0.208054974672832 0.563028969221369 0.745834254312229 0.083805565275633 
0.187378585065781 0.301852317565499 0.339819181736782 0.771155176728940 0.776227320461344 
0.990993911156477 0.328692739079552 0.442925325740399 0.077048896621738 0.690324719506629 
0.617606644707793 0.097756322083764 0.167518368701602 0.827127915893348 0.471702444299326 
0.938870088745031 0.576443817429321 0.538693808658643 0.940519334111502 0.013371054306133 
0.707027166828039 0.230089227516939 0.576920406554379 0.129652987212164 0.612473824913048 
0.983956214317911 0.163968343781356 0.623558999827812 0.117752701889547 0.161404269095223 
0.829750337520828 0.731770502042266 0.726455500791736 0.249639694251452 0.036047421430197 
0.666197046975565 0.142781851969208 0.609152173420807 0.526670981869253 0.290746359556572 
0.683518521334929 0.033600411643317 0.746848449788038 0.548647966642711 0.867033790293643 
0.424065178781245 0.201972672917373 0.292371150911567 0.124962077812483 0.914329220312285 
0.913350978307523 0.484472258989028 0.957939771449165 0.601672466507193 0.335480228980318 
0.163993997096796 0.445102498817382 0.678669878882607 0.316171734736748 0.546042625032154 
0.878282507691560 0.970935247508703 0.618629335166536 0.835634304433524 0.581258926065283 
0.643022128542380 0.638064463391124 0.534522360852099 0.998135132894600 0.312885569337454 
0.448485045146746 0.220872007367772 0.499459918260135 0.510198553058287 0.937488372131768 
0.525351650429651 0.667986841923297 0.644692201708364 0.833665816238364 0.901060512336486 
0.587546474237874 0.253051487870941 0.203540967805045 0.025675301528536 0.740401073745708 
0.674408842595296 0.919017280302573 0.877489698135518 0.916707910979066 0.936679427138561 
0.767828701047016 0.952290052468847 0.844411735941150 0.854968617743913 0.376494129328464 
0.879885731321737 0.762938171694547 0.756827962119485 0.002271953510299 0.550275037639442 
0.757725723299571 0.341793072691985 0.177128885250041 0.065729554488263 0.715557277759564 
0.764476609242871 0.454129466745434 0.436261436966332 0.703203171269371 0.367995340044140 
0.759152040387307 0.426467078844522 0.205585689685050 0.395053548974193 0.049416059812230 
0.862189476684344 0.128640054353681 0.331071400999803 0.989422749648131 0.953979094714898 
0.525712264238469 0.097044608292924 0.261414289238988 0.230116585457173 0.833097349317803 
0.556860006666960 0.685232554974511 0.276701147546813 0.584989106419072 0.844610136897981 
0.860647362976386 0.162222360873207 0.496689530631457 0.870693170448869 0.406705505552931 
0.583845413188224 0.005750148654588 0.477539316140180 0.124959786328252 0.588548305588248 
0.686100500041916 0.927751065879839 0.841682665499226 0.950717596156889 0.331560740532496 
0.791242717124777 0.875930877649471 0.409647127305306 0.712009342481534 0.178302178200108 
0.181204320120924 0.570360469929524 0.823057239579258 0.595730488260451 0.816695565320310 
0.242103219114833 0.355485739064789 0.344868310768975 0.210436083821976 0.285033475688829 
0.133033134208372 0.759399865489065 0.838586435973812 0.754011366070019 0.559552212240990 
0.320793272117819 0.426567160376255 0.074944563037549 0.832203694923873 0.388377280270300 
0.654401359197757 0.202524801175260 0.853641774833437 0.781606985255729 0.363167095001909 
0.701370300797800 0.255569615860113 0.138888797446267 0.591542956066064 0.570524067214297 
0.684953465453933 0.489367793039219 0.495169015779863 0.769688165588582 0.804460602861796 
0.250235578239371 0.994540229317726 0.513794153191791 0.945230961077490 0.624087517003677 
0.948034424257115 0.435762257448025 0.010974914109229 0.456399274193893 0.386911608925035 
0.182767822674524 0.723220439260751 0.639995176891930 0.551333358338127 0.701098029966898 

1000 outputs of genrand64_res53()
0.584038099355689 0.482508581088428 0.576526789841651 0.720919503812841 0.199173740944724 
0.584125249455568 0.151723461779711 0.497601504010715 0.220365861387717 0.520128388289113 
0.109332124017933 0.191643523705695 0.176318405765636 0.993634265549426 0.308457415613432 
0.300777876596271 0.904157339274365 0.293432316848983 0.242492087147464 0.252756116705685 
0.522000333748407 0.735532462992779 0.919495511460444 0.628673683975441 0.365729901985228 
0.615695478898474 0.726759437280516 0.805393154650042 0.687922270066352 0.139566093332009 
0.952569596790321 0.433819304333394 0.742521761737141 0.214564797951697 0.966971284772929 
0.559982584780439 0.132072167809349 0.241921328246896 0.535263082200166 0.304984132706435 
0.701138554866664 0.838230441330626 0.861545859994761 0.503775234140248 0.300948528673021 
0.243457119293264 0.804481157600849 0.971199337351018 0.571372831888262 0.382592538223787 
0.716381600424613 0.018542317626635 0.370462155942075 0.248562159315173 0.181900373862955 
0.482971014917703 0.044375098929401 0.330001579268707 0.172200892384037 0.278290504084125 
0.971957813720071 0.346956585588006 0.094617652065864 0.612791347266953 0.625621087359558 
0.466492110111080 0.063857708184724 0.250780512598946 0.554699506769421 0.749081314816275 
0.650527093143258 0.136588698717832 0.298250901318274 0.940160634984826 0.170350453362412 
0.016560013133362 0.160018029469323 0.275710052905306 0.962596164734523 0.344233412117953 
0.701983126257112 0.115810662804817 0.510193457498298 0.336600526834618 0.874858592801711 
0.018790149113477 0.041478261590466 0.703602938731558 0.920422069575914 0.545094685291284 
0.380571451820479 0.050269215740306 0.865973756042994 0.468804232244276 0.916896404153036 
0.502276770685031 0.348699745627684 0.310128693784687 0.019097159732260 0.207223110461889 
0.426811207426087 0.202017212881561 0.737971726734333 0.457958476667485 0.265064015418198 
0.223239892822537 0.087764834978297 0.786728082202962 0.260445933123059 0.627224383776470 
0.282234721668653 0.100949859495622 0.597507093932063 0.059849708083625 0.862939741400317 
0.127195905442654 0.364817296834426 0.600485334997309 0.111336406460963 0.091121973091039 
0.757816630921519 0.492789206138075 0.187481725198441 0.510805190586205 0.386881957271005 
0.629306034160430 0.610356650951156 0.225039197660741 0.627054954895995 0.673936749413435 
0.681105740877554 0.637493366009977 0.941682752339302 0.332690931981306 0.978352042379931 
0.546685177399044 0.786593422549411 0.250890175665618 0.785998546342673 0.843021261694429 
0.638570934557719 0.301583572437612 0.368807318341290 0.053078895482011 0.775012908851621 
0.178717279547031 0.395895012022739 0.719686881332314 0.135825910661110 0.681220725176385 
0.571590094434527 0.040499801459752 0.025358916870112 0.640433688844437 0.193009099927481 
0.174711403264558 0.148402823059922 0.481305216823430 0.354064000851929 0.160988214676992 
0.620940161491482 0.604481303095995 0.582170613202633 0.750756999747018 0.303527570297929 
0.495165218648679 0.697601269806141 0.265313662174028 0.041381293708730 0.162614165837233 
0.361653268411926 0.196674933014955 0.176082900740751 0.481319907750862 0.000268734814138 
0.344476739385011 0.606725115565425 0.781303179922218 0.516614768091320 0.977586330225987 
0.894377830768106 0.305820915812176 0.539068091606534 0.491195856718643 0.719046934511816 
0.650531377640160 0.664411040818710 0.606202335992841 0.014078655155601 0.860055461207890 
0.143419947559773 0.456542350297895 0.073463670007474 0.436165770795645 0.957044835910501 
0.892144840059018 0.557625838126944 0.564048778259983 0.424218412111341 0.708624108695282 
0.688650925793818 0.534244813712993 0.370285461699498 0.801107687505166 0.501338172377402 
0.409656329257644 0.550506455319412 0.442146816211127 0.444829472769375 0.332676474013233 
0.709097977747883 0.395597726753888 0.918520284082498 0.208371730020477 0.182814858353728 
0.661768390344996 0.101245788281765 0.058292399995233 0.946159244260965 0.305314639998193 
0.237991786056851 0.772561720402032 0.795889588236766 0.805868231202687 0.419520547698139 
0.890250839942571 0.405264212043968 0.174554884681202 0.694717704740357 0.023594133313302 
0.826604680966239 0.178818588826547 0.867118003021641 0.930269541059918 0.383086368210052 
0.475712537540299 0.537542818435922 0.601725293694388 0.770673456607036 0.956613089141219 
0.005933510800773 0.503242986393581 0.894023515850056 0.105485954275097 0.980988385977516 
0.912955001508157 0.449182012536436 0.485643280458268 0.000384188930120 0.168804287570226 
0.899968494934481 0.172807146440891 0.314775461720976 0.431857033355284 0.992417985066780 
0.703884027544676 0.541473830048894 0.119902007399654 0.279623644376189 0.030649524787389 
0.419223464120975 0.950035000096321 0.020736291635265 0.533444812104888 0.744020797211458 
0.815284140048525 0.465076871907629 0.188346459482756 0.047560593279785 0.135597234167097 
0.443928363830499 0.636507124764644 0.469066932924777 0.619107917729604 0.660365106949323 
0.257658083716939 0.951968794504768 0.660658474675691 0.250769670065880 0.619752268731623 
0.402167715937950 0.642899247311243 0.656721841945704 0.265534416077635 0.317351660619198 
0.637554152502480 0.381867934341679 0.231913874863736 0.689242490691774 0.533212298429883 
0.426881943823434 0.360146093569322 0.425266240228311 0.024639466731932 0.867801880159357 
0.163329147379892 0.439442297593775 0.971377421116109 0.714493910746763 0.434143666587179 
0.675741191213757 0.284235641842033 0.029355134629551 0.552255833334380 0.334546889225026 
0.783484027993962 0.625734433228468 0.807876909514423 0.134128576347652 0.894023653881337 
0.285039103988921 0.022152477644672 0.268697512998330 0.049212616932533 0.669274073876473 
0.372412809608410 0.807100331053394 0.436710575571853 0.738797672719517 0.663482435359417 
0.690146331088444 0.396126479427267 0.116389278394312 0.795045243724495 0.707407342102985 
0.051813903129570 0.318517379919769 0.437197384917672 0.649069331912613 0.094112830474883 
0.188644889790027 0.673527537520829 0.857316138158774 0.832498579843724 0.772371657296931 
0.320562766076856 0.697544756383957 0.188192930096987 0.191604790395794 0.021639408915838 
0.408815766647599 0.511108619278678 0.278137457710961 0.543133336250733 0.389831290822752 
0.284793809859844 0.375068550537733 0.749393504541943 0.632764496936265 0.780020071811039 
0.087705837003935 0.184345114660297 0.770255572165102 0.708775723399141 0.867865983392071 
0.828230967922180 0.628198350912234 0.618248291500762 0.121331799344459 0.441193406042298 
0.398798556947456 0.833299806813447 0.719460270982361 0.197650759224324 0.322578916227705 
0.473879019569860 0.404524351079859 0.817031729826328 0.729091852730804 0.353840676666102 
0.667713889987470 0.807718347658329 0.147098052452667 0.593245103244256 0.679204660074301 
0.652686257777689 0.941211078479194 0.914687088268738 0.025307336340471 0.750234184817480 
0.987144742027322 0.722002148951083 0.524658134792189 0.253864121836632 0.244329427319249 
0.007662586342389 0.385667465096252 0.996650093408305 0.948524149993083 0.872975128416455 
0.620731655594691 0.582193077638243 0.815748414074599 0.002479132802045 0.903196863625371 
0.121647259226970 0.128252106138100 0.557534913667506 0.890523542486719 0.625178905899703 
0.498712337245815 0.113550498155372 0.589823784189675 0.702797880067235 0.147658547180690 
0.069233724606628 0.361707324619035 0.716177489688316 0.335683945025752 0.328947325154358 
0.870001802511299 0.460654528496431 0.805474034162364 0.704680945684443 0.511069758502765 
0.419925918775247 0.145479768230012 0.044057931241930 0.451508068663874 0.635513525984835 
0.254161594405923 0.318682477276444 0.046810682388279 0.946829892625236 0.292475470319519 
0.037253422430014 0.505537677426892 0.104062444360315 0.900109346998518 0.539026903550285 
0.129887284706783 0.000377659109346 0.164888968200555 0.457290269573774 0.453747370823239 
0.799690262811327 0.586722322589007 0.936210713524918 0.240913208866334 0.522192179049385 
0.869139940802541 0.463732173658355 0.807449600319026 0.100588637654583 0.329121798994030 
0.786673684814884 0.299651146627194 0.859716986702327 0.134756229824870 0.089231032031436 
0.195886753888743 0.177188592034504 0.084522005458484 0.772875816579622 0.702504826724064 
0.181517243388989 0.382258604362730 0.058604664026851 0.200729041045352 0.061982997214871 
0.680970077686787 0.759042254834596 0.734335656591104 0.325086480892768 0.845477348248357 
0.834426023597143 0.137615231211809 0.839475832284963 0.623950075836151 0.918280750279064 
0.196474097107101 0.284702445835105 0.353637420527537 0.338885146408839 0.475962463095431 
0.635480055723367 0.151500253437082 0.703508934793722 0.473828556394936 0.103802733491015 
0.358840240720261 0.730800348119085 0.149040629429693 0.458593029491044 0.404336753578485 
0.569720778256609 0.397293597487265 0.921769646457140 0.044843231444050 0.572405488038649 
0.930795528395103 0.436639358474391 0.697571196814642 0.087572715330237 0.285848079083301 
0.529725795267236 0.994907431716685 0.919915961415498 0.871359460732114 0.318793651184695 
0.087772911233625 0.517194419882522 0.252428675326890 0.709836318023792 0.911096621372310 
0.776852400946993 0.485094431601796 0.310128092592366 0.655631991439920 0.986349498405230 
0.991840955893455 0.950382495512318 0.785002748226912 0.832696078085412 0.599134217682998 
0.665795031588681 0.212885672323584 0.767878375741885 0.226259830731643 0.071327532223120 
0.874335491721599 0.753230187710439 0.497280441169784 0.012656655489682 0.294014935782878 
0.318364627684439 0.095020942469800 0.892038100463747 0.108617500899577 0.764379260579003 
0.354142434023022 0.581263608353839 0.143899725924489 0.532453672671552 0.947124329878249 
0.621321326904457 0.148928452419052 0.885852119093097 0.916389075595932 0.901992520836009 
0.083283190911296 0.065469831639798 0.480850589999325 0.826461728605244 0.193769996173125 
0.927695180513670 0.985201208477185 0.108657778410748 0.950072669624580 0.551653396468922 
0.068631318851757 0.840252799216775 0.389858553371868 0.939543069442858 0.796759287990095 
0.502941188916557 0.169267037695264 0.394190054504523 0.779839446970660 0.068658985789695 
0.285486245438711 0.335059814508276 0.822826053644898 0.093149475804189 0.068083358819823 
0.824265682752122 0.761605016731825 0.784398034475362 0.783454842068192 0.412857597898136 
0.952433393396107 0.395606488653439 0.014923307931770 0.616972606178250 0.923259247357821 
0.827802925888167 0.964769955520711 0.587418804002016 0.333535914750530 0.432404372306832 
0.878969226747382 0.637640824843134 0.064041650206869 0.933988036762176 0.304154331026640 
0.296971762742037 0.435304516397665 0.262536818123456 0.643871637562459 0.619767536812825 
0.178527012710609 0.497676104994452 0.777622082766809 0.632200685091952 0.436670135359916 
0.181725219705475 0.707222594964030 0.404397638884525 0.912411192702648 0.181237641523852 
0.863801463246752 0.411703069574114 0.124279901249161 0.428110868026606 0.424654278436230 
0.351683923014516 0.203838202071699 0.751076608905483 0.502356758801782 0.426899747977983 
0.973233592477426 0.160901565424406 0.449531004851388 0.143229279746230 0.645961478314482 
0.533572343026352 0.733132568367612 0.310725603448145 0.760316409690467 0.218572208967315 
0.330908046164431 0.848147627161722 0.090687191346240 0.600272187692451 0.780931738411884 
0.850573530910186 0.849068675374870 0.776357412137593 0.737351438953231 0.613356512902522 
0.198159845901187 0.726539361891512 0.651105452102057 0.256631074126258 0.344266561489365 
0.863903599548331 0.042250628260655 0.789879276856139 0.604514012605317 0.975992256348766 
0.138708096016621 0.840321905839734 0.265391598257094 0.841769138131207 0.033535484731457 
0.055570532536786 0.436159037411723 0.711508734517388 0.274513951693083 0.644775757114270 
0.929065023905734 0.733487089904024 0.300770257339101 0.027675805686747 0.786540968798349 
0.612619552453964 0.891506514946805 0.144406117925062 0.565424516780132 0.262422102384220 
0.456419913445274 0.128597810036349 0.627729779278725 0.263682437350720 0.341330334363713 
0.173848405359220 0.026529254162720 0.165885524163380 0.087965239348520 0.990530859602123 
0.189405347302544 0.146016533688662 0.542591882078438 0.457960709514664 0.845562832390220 
0.751962055833005 0.102285525589053 0.318098054441298 0.813834329252880 0.268963453285024 
0.992538098893089 0.724918230875592 0.674620348594372 0.595977227013602 0.735724676161390 
0.141911830215105 0.574433214818852 0.203776395683932 0.617708111852850 0.201987530637162 
0.542342370471328 0.100701814525645 0.689647298094738 0.937754887939334 0.833678157032764 
0.503126595851198 0.362541955932985 0.007342247778459 0.561903562312301 0.358117234858387 
0.989896551043021 0.741290876290111 0.222342832887030 0.477307758711759 0.273779763180320 
0.562989406542887 0.634280718821028 0.294574781257973 0.921947004033139 0.018616804000727 
0.675042753344690 0.252333046488925 0.635743129480605 0.461116634076708 0.443050916129860 
0.759063292612361 0.329931292877586 0.096097110327452 0.218494338775086 0.854552295246344 
0.518895982084766 0.656320838229553 0.109066017524056 0.119435219843088 0.305281255625582 
0.274050381734181 0.372256024050921 0.387881111242951 0.901714889450799 0.941078401418565 
0.723551189091884 0.704547340153440 0.380814385068105 0.939734290849958 0.639364038307613 
0.421591355783786 0.599454468688065 0.667464497042095 0.029433045631604 0.427205360725699 
0.996625522976279 0.550553438427521 0.031131519768614 0.942681034688984 0.667435323805890 
0.167748444792653 0.000438431093129 0.078970938480208 0.026037866996602 0.796108740751847 
0.027802200138175 0.424084977119965 0.102441233262184 0.225662337672143 0.727997338879754 
0.065140751228444 0.501614983586498 0.830626646874342 0.007819148390882 0.440696156589030 
0.922768839505995 0.488395638879390 0.074143650639700 0.090458604660802 0.226625225199899 
0.350935665174920 0.179720639851126 0.797655036797715 0.264874515258023 0.350652854807138 
0.675458894004143 0.207792877158097 0.823591469629175 0.423946669930778 0.468566256347502 
0.066404295702419 0.989799399414325 0.860762041146238 0.593691794287551 0.086468724736983 
0.002355759173715 0.242605429245424 0.816458221059704 0.669253091413372 0.851814190926443 
0.869114341320982 0.376603258143924 0.357425069214222 0.786115236603121 0.197358324675537 
0.650105790080920 0.614057343726673 0.354871721138815 0.129659977662708 0.692127111891674 
0.473096872506872 0.526576315626357 0.765470247395316 0.827683799937566 0.131305549341553 
0.918179370099979 0.012148741518739 0.467436419420186 0.554329857542609 0.192584052243393 
0.167643782647529 0.209818607992144 0.581370927893781 0.139874167422205 0.719905328499659 
0.921349360276790 0.550354082727545 0.370809210713296 0.021883145519681 0.552063120150013 
0.306238475918829 0.748723395063097 0.494366633623951 0.899997478678546 0.156148688532911 
0.258440449428685 0.236377168097029 0.489911368426971 0.770254440890040 0.285058238152506 
0.277030854072644 0.680327297175828 0.127976596009365 0.296997082681240 0.556815906249565 
0.815577368971211 0.380883601521758 0.032462669750697 0.537111943289296 0.238865499334907 
0.543741221243291 0.352335101953766 0.600967537670543 0.918955774305720 0.642338634656271 
0.813035840718912 0.933105530353531 0.812999847454931 0.005233888211959 0.846489377461833 
0.547538877315743 0.373383806323369 0.408062012160582 0.581510888665695 0.093553778018965 
0.829648900014335 0.210200509891513 0.135822702421527 0.183901510802635 0.534349864631595 
0.555168759232536 0.084549631424337 0.542329319041864 0.166902410050454 0.831179215978415 
0.174237342238141 0.572208008828602 0.383685899710828 0.168868714878496 0.347969222881609 
0.753767823269079 0.534784706271940 0.021564585715401 0.181804666820619 0.337654984453465 
0.036049424632375 0.497707575585142 0.924630730077913 0.236173845857133 0.814428685975089 
0.551795581860706 0.797914238208258 0.701336319785607 0.117779231781113 0.292795944870392 
0.440875833727824 0.075343444035761 0.929526863724639 0.789138618564268 0.513978509789342 
0.926179732160514 0.704296625052919 0.652688348943123 0.538232349075050 0.835669092057545 
0.285309757733326 0.807372609100845 0.414884509631209 0.228734782975253 0.308061588765767 
0.907390324942491 0.599692176134524 0.513197399280063 0.232320954119580 0.417442152474197 
0.170622310982687 0.715637618972036 0.824767603782149 0.633052111474190 0.012966971201005 
0.413475153198797 0.703867255691493 0.872835666871284 0.693856282486868 0.543194694053394 
0.277071578011480 0.184331595452482 0.462160854199666 0.522739671127407 0.811644536427859 
0.414359704843972 0.863112650422228 0.157710635781631 0.894339821630707 0.088763608889527 
0.395918256364782 0.306223978521164 0.073757535982307 0.668556880945447 0.408747952308059 
0.015623202316309 0.357873150270869 0.726434651416675 0.101713358693468 0.470698373965476 
0.341728863270085 0.901839278905891 0.106809968126166 0.577316569796329 0.301787884126062 
0.946251894094822 0.983989419967549 0.268017400233444 0.875564781764967 0.183714354925962 
0.976343215100436 0.666254783372661 0.358796352883507 0.326147157734858 0.911047553402231 
0.753083792434898 0.896962750583408 0.330192018170828 0.583729999891347 0.869182043469719 
0.465837808789908 0.056860178862848 0.009824473063222 0.316141725262748 0.222892199891724 
0.387066593597921 0.718910582314282 0.465549468495748 0.599553063953099 0.700538323146967 
0.029591533963359 0.055295218793704 0.676867444020789 0.231287821948802 0.305454611500524 
0.334066341168480 0.519255368190309 0.771535769994205 0.297962438597448 0.623677248606565 
0.344564455843138 0.606197773250044 0.122896124285603 0.691356017604757 0.598232396251267 
0.064584755561840 0.021811174724496 0.344719067101262 0.343069899195095 0.870963098575732 
0.991043393469275 0.922813749972017 0.838693229600577 0.765342148946652 0.057270232029766 
0.663248318212064 0.693673731289811 0.226622397382216 0.307997337434035 0.334468871205920 
0.336868637454555 0.774366669974272 0.678462190353896 0.853620572419389 0.461502867406387 
0.806253938301067 0.493435649809803 0.181148541547805 0.538565299326326 0.741180804736901 
