1000 outputs of genrand64_int64()
18032628777615616150   740284603887467143  1192962065219695441  7931148906626169507    67551352629280514 
17396212846587472058 14592650005657990259  6403910098299803584 15564737748975254216 15102001777141384920 
  294951496551707997  4963824594335254577  3820027875303607454  9739711047268441870 10892278883835029164 
13611662449694629329 17812392299497120747  1412220421810235278  3040726555940801368  6117460382420220687 
 1490926442286725254 18376183635074681121 16908203302470674383  4195163103311834301  1456780638323736315 
  572739325311020854 11673926195382657024  9615745146345299771  1684978873714698280  3355506014015950916 
17781408521780005993  7486235564064028182 10323460450971757272   926186273592762330  3432587381002156578 
 1479827964257149333 14730335608017492318  6114935148152321037  3158707849644890375 12253185833394476934 
14727941556680696109 14110187036619876750  9713342354103234195 15909263683386547064  3367914597809528507 
 1701415259300217212 15271298915107313830  2570745599302803397  4457048907814654244 12185775651427941651 
13506642634160061198  7946341748777970272  7688279160225820256 16158894756669158690 11228829594459768553 
13409374477703348306 15269991566117177919  5341376370698064936  1555122103322877789  8565192100827604683 
 2453637202668599136  7526872445138745926 17325984449481878181 12159048736748378287  2344347275658129649 
 4497419000477325601 14780934331375203611 15143113128592834221  5323823232067883362 17866981066275497615 
 8780795037917258358  1011829571097376147  7758014460448339204 15527668253526064252  1209256222383162817 
 9887108488596559152  8659368334968778065  9904965932251985994  4234919031261429946 17888442046591510948 
12196423833553057771  2736539964881790348  2206804945567793278  1863436926117004778 18185675187997886733 
 2313206624948587067 16132972298248645272  6255440925136881531  9572803109282981254 15714379779646561547 
 7725192490957979838 14710862396175088980 14093835587874366608 15254341226890698687 12425206062032169150 
  947713543757200816  2823075960022300942 11967115126924643680  3276314498921251445 16227576529473482539 
 5950432911500896230  5079250969721472265  7538082761570732286 14531770717106830377 14786357843642954924 
 4233767941894603708  3997329639880719381  9085557729704158993 11387921389447292853  5284143923336259529 
 7007613051420679191 15007447192074846317  4483096906184788937  4391351752163215440  6778222721012595332 
17608455112437834464  1057053034670903424  6456018703071806106  2109500746962321254  3286726775429678267 
14585287787480129914  7842835369288796987  1947418865505832628 17528586080734285850  3638658833335630288 
10559655332930366168 12253560586373141977  4123149031228135429  5307507827303005137  7795171283901006272 
17928053398074634575  9427365729783722961 10028578707097434994  9035545350524050883  7748197350582525826 
  656446865601334511  4917103964801947963 13716200707495860241  9672041367724743125  5164919627631830515 
16607641878967261098 18014595974662785352  3375444858420948286 17654897047833804287 10193299841967477933 
15042719413139651986 12514107578806827027  1477107831077125546  8226843398558851435  1045340738376054975 
 3699769836529613984  4449620532567677635 14486257456917130765  7441751500649517841  9351579697714569992 
    3207468276033978 11144143828197004914 17733433776144211092  9470042217193415473 17152291616772197628 
16666653329675064406 15084240718007262801  5689160547003779903 12911449762591674823  9174640118905543931 
 9828438682055177072  4835208220235667595 10522082484288354390 11708757534213909564 13026518706965773890 
 5274455228333546015  6479330434058489093  9686201850431789710  1970280305416260489  8901106209271789974 
15200313967935461947  5523760947479728547 15632959282324467889  6907651992543172081  3261861525094305624 
 7264109845665949271 16408980513959368782  5577711448071999892  3695981281419444586 12621283741487004927 
18183777790864036870 13070714962036649327  3758629862747006145  3387921155356117216 10395519517161225749 
 8509033259008243676 16632393560488202855 11951639675214424667  5371200925793363140 13836589864360546077 
 4018553824256862883  2295503437301233254 11562821961256226257  1538541802420497022 18202417546903662678 
 7167365034134956382  9514959171862647911  8720496352239720670 10802773724492906199 14612926515575169470 
 8072789456838147167  9291147428052923890  1737964326527092334 16732205430248736307 11342168020925454693 
 6082257568791768006  8547018944180307534  8436114114831217125 17748213850929065109  3238760996803238853 
 3687503961789352743  1679489169868009538 12597138512536890371  7414498402386064988  6155056550123748849 
10729321116158711785  4946204185089676687 11148936823552991929  4491321603594329372  3657391842198624303 
 6397619881664830442 14432024012379351785  5435341970498868737 12906814660853718896  2134690522436486986 
17208514755944472115  6172243257675374165  6083024413482791127 12947356450821153153 10409235038163385985 
 7469555598418737559 17156416494080214180 15023004293021763551  6988217146167850882 10122265157018107638 
 3205615195092783849  1794739093425862472 13650416305780888273  1461855115766683557  5995331249748491161 
 8457808264043175861  5931563789911153899 18357944684984068788 10226535458766087886  4773366329568204773 
17638512401427010239  3922166094467838090  8191128668333508795  7859812459553259336 15076519572996986336 
  420850521054915170  1848613256700071456 15583486918542238631  6730480640191807515  5514264356799728755 
13084475700010123022 15972240876045594951 14518643524676965003 11693645214584254431 15614934259217170669 
10647948341396018860  7251462542384743921  9757816276506558898 11424418452349078102  7514708485052187906 
16068138047797421172  6457579244344521631  4335067693443667138 12593680499727296605  9333289759883883410 
 8731440826090408686  2969553381638140306  1147320810825643281 14449220427389538822 12913628857644809619 
 3641534819079143881  3290437215106494583  5813398166363213336  6816547973660104531 16598385745232148202 
 6846946928872792426  4492684887298994010  7531377236915616419 11903959133169634416 16262977984598513532 
13023638517818388586 17073784021741661869 10731533897048864133 16788072671991495804  6757608465542350649 
  838366689475969290  8725600815907046269 11915639083883445859 12780549922916688427  8097579043538827737 
11927314718799164834 14256420987390681478  6850317807129582914 17689966381866628954  7842060503655323636 
 5839554872962340216  1080639937917411663 12796262609277942351 11886375339996074734 10923695352589558792 
 7127902584442345767  1453012645964447669  1851074053794994866  3560592383811621561  1849120738271609554 
  478088625010458429  9756300776852935475 16703544853893014753 14595863474227433739 17773839626687965017 
10064975751869848319 15858491311902460045 12241763775766935827 12429923934855069132 11643974573561332417 
 4133144183901086694 16747263711307723850  9528516156111063445  7673978853704822669  9125446268909903639 
 4139733351009900609    95744316160900350  1782511411246383415  9409497266559078452 11313924520411322223 
  610741046079355178  1698998104057267433   193759198130312249  5816261335374346856 16281314217399069909 
18185250946496038468  7555163636931973534  9742001543754930068  7308792597305697559  6408611260376877808 
 3086791487795977180  1994280495127382350  6082156692326418503 15587081586639476538 11056049034109185590 
12316472345639214004 16139537448051375968  4538111849328270304  9638305346572275935  5071110303520655940 
17084209899793376470 15960533029106082541  7328743658142218273 16100204458825861550   838857088381345350 
  799609843689055038  5714471277007626671 18398653381149990722 10085783195293300815 11441430119965550765 
17738237868624773965  7290906080588011742  6685324351206599141 18031714779482441490  5054187903648361710 
16183089613731646958  5685607450628401929 16913066697290058016  2321037823665583638  6840772752375042598 
11599980291770396046   744115651237365169 18442576845577918184 13769857632085613554 16385831538913870417 
11301550400360806398 11752853087189998965  2896706198209767464  3584377901153596785   306962443756391354 
12273771631101855144  5170165909081932016 14404299353886040535  7197825620335786254  9070569741758118659 
 9823039119316546178  3265633647989029347   824991373608511986  2108052225674580040  5707863738118181689 
10423207599940872952 18332484933819120082 10907063089214625605 15991447673637287708  9755930603947950822 
 8199502974892531921 14789882820072706293  2085396385455584742 16093971912105551990 11841299368024628667 
12618147329853099489 18219447011746966611 15951662137055425648  5138713783490373017 10355278979986653581 
10228814994558248327  9128660712376945681  8764959775586084308  3610701350182251932 18210172430104436796 
 9527027495781817853   804969185575891471  4176802837525784092 10282725323794860349  3279162563475936921 
14734457423795080462 11118629508129207288  4419786940655383123 12104143058947821440 14191399333189883959 
 3953871463469854612 16186994585868474253  3971379095545705700 13778155363243945447 13740395132257931842 
 9973369819571074839  6752632544553277255  8947055681413046111  4144646922466115453   632239556211442159 
 6038543785091601431 16539348064105681150  3639560859568278740  8377021076160277176 16785860397193666459 
 2369943076751497767 17600185120697644411 11735550444346805249 13151442601479014672 10623389069246144819 
 4330485088691055675  4219517890918217713 13854087160263247691 17269571581103999584  6173515638563308106 
 1519012496166867434 10286711659780578400 10931698245086562703 16179229554987286372  8573604690539347919 
 1734580422780759658 15264478497686294820  7290772315488298979 10216788084928790914  9840680803759483026 
 8751001004273763713  1301346422504426003 17930397486109153132 13653100967371578193   685787277240921457 
14026087040634446468  2853542083138475053 17054102920362845978 10660289689411577401  8693445985694108681 
  951238386417393493  6351028878040336818  9586509058212465653 11495082594003644051  2951791548936805324 
12998592222360647816 16945680180730789841  7810307638582329117  9944187576738279745  6432991147425204762 
10644490682916881258  5624524111582666194   340242082831179291 10393630453774733802 11273009775227029140 
 1320830487777646866 13545157596341411620  5276545758071531182  4262744682966143445 11354354728674392619 
 8434350105861248184 10633145085100358052  6238125224084739804  6576515545169751820  9803586193760912343 
 2065705407139013414  2136319834121401885  7206689549551708174 15760583122089662268 11897647310369097683 
13230083148538292456  8473724053717905384 17640804837786673731 18173518375662292938 15710957860153162494 
 4291088180646500613 10677231400498670735  7332759059420760546  5672431855313151559  6143100341896971026 
 2728090018733295965  7028335842329350406 17664031669402185699  6500997097482758756 17361621541362728578 
  328921842655530391  8574912463693013166  1923588074900304794 14690338238571094518 14991993422976812943 
13203420021977477800  2127365907166486535 15175629365758811528  2988035017770864348 12644704471745211593 
12380351288447750894  4023034603339140976 14504015149616989135 11475640249207070361  5565119648261589822 
16900859374997264627  8378095004840717171  8189867929358728132  3334328553644143495 15333170885565538454 
14491881194257763968  8419893370126719837  1246332628885115513  1733693818151465202 14935215385355176794 
 2359158925166881063 11268390712415234473 12200728570770653989  6044486437567009219  5260015641287726754 
14542923124859249929  6909900115556184794 15856023177260096416 10299938048518976181 18347539531987826250 
14193984677073030164 13573467309432687292  5863563452580299565  4600642091570455740  5925334244316734367 
 1706668196803528997 16891341797317246808  8950863178378744480   383107122560354413 11615510023449833052 
   45868729682039086 15335898194766743158 12974745594328536310 17586109945796430407 15013012243278974496 
 8572127985811397193  7126710482279372904 11148752920729147292 13680998544670926812  6600692056464547994 
15233834859720556164  1528914470897117505  1131893758341266309 16580631370084535233   780051674883532269 
18284245179165381612  9580567826502828686 14761123906110238748  8671273514566449389  4061826979704637281 
11554240701155717417 13818628368569338916 17729285482059714908 13343822852462638773 11973568086354109710 
 2103229980340507334  3663875542855501427 10538853213645427868  1603692600064929452  3111950972768560805 
  500198818898540158 11786594652139976370 15760983947633942917 16352487825813602304  2158143744308765959 
12980404538278961410 16269043637301783278 12296119189941034473 12744160427553312234  1238588163058302834 
16783854513265900100  6399672723229125946 10962529635820018217 14922181584768094877 13778423358320992894 
 2942775913613462947 10665369331191028466 11430701151775063838 15956265925594244040 16042085323247279761 
16964749212360991548 10996389999196180112 12566932162123821424  3763869010860961551 13273534181075827380 
 4638944223201023881  6339943438253514428 16009397464678822143 10779702058667067311 10766329725170454811 
17287713514595775136 12381926266132535404  6962631917105326375    50838730273149376  5360134816166504159 
 1130554746063783079   528061990861654427  1110358518550720284 16072124133455977587 15604405854838255047 
16218273764488382738  1461520164719370818 18423458162562143108   724120041447990647 11546974389510031735 
 6610580655108828203 15507300977851577192  9575530593202772308 17344356810267956795  2840836073871043901 
 5404971334461738536  9851359240353404482 12991256565145978983  6140282850890833385  1232277653774074176 
 1478606099609497903  9052889969641440480 12919665371181160748 11642271679978168938 15979126481368299850 
 1689327763774897675 14259457621267382500 13748624006233440463  3535658696607805121  6365596543635362219 
12483576908958391636 13557913481193996878  9734769259039510954 16105300692425509503 16005532764659335962 
   33396117194626604  7095525930583402472  5638090899890481165  2115131216826816151  7554425382181961676 
11437325909762045081  6065486953467473001  8067919186259321274  4730530325909618752 15818700079526673274 
  132701129371417920 12968479305998192342 11972368182022092133 16010802956937066360  3557880792404907798 
 5750706082656068500  6841482927123723512  3774720901545437019  1384493876977355883  7676111125915333547 
12444575853457284044  2883168623838638627 18359132240224102229 13494236213416374611 12150089829381205391 
  667059194833044959 18265072933595673470 14664010785195012124 16340661462622434362  2583140405397749710 
 9006133181672536064  4330292842749628733 17014016864947819794  8583121038970300207 11988195437806287068 
12633960167131337540  9327957796692032119 10288353458592426626 17291032837359647277  9929088082924914377 
 1084414292468626612 13200645260629476499 12854075749456025750  1624743870835228283  5155299406772326076 
10650169230560485946 13694909484951511362 12349596018750014884  2982227977819536198 16284644032904184066 
 6791135564093462204   339488425516556438  9286092906456407824 15494514625162258334 12348543462533711816 
17777642876050543460 13857539425375769920  1842426071339934847 13321207353966372109  7122286166974477547 
14850447185440054419  4989746333194925277  4841565154808998857 11638784357283662858 16511024966132974720 
 8714566079600253787 11118109554214698720 13194306463749215951 14079916625477458162  7333294424885641386 
10106882302042698793  7333653551019217635 13549095658681386453 13942118755047252650  9167266936186047046 
 1132904767669874600 12633335802908862111  5254464818412436744  9845741429035361536  9720188743848044695 
 7374784924724906901 18276530616829317001  1860020201548079707  4730086680887369168  3041882883872207318 
15185498616424993938 14191590419809450984 11144806789574596101  3364325516905432453  3628603413585776730 
 1058371778814398084  7408575197637303913 10337124513312110042 10269346847181497998 16100236102276519944 
11238590915104873984 14454120368892779294 11451491333822820100  6142766748117459207 16820414167801379025 
10796119511826497076  9710781190291466186  8730523403490961003  9779651306012501807 13189016516535268592 
 2757522940913406571  4076370927959935645 15543433685392033892  3763747164390909926   884118134440489647 
12298196927008857275  6039712853549988884 10885733238498331756 17698445496105439672  6542918024025695247 
 9889018549842458514 11727878806134395477 15002670026240500512  5628009623305391828 11833354308283288885 
 9380081153008949631 13787869691349555063 15011213997371565971 10455198046400430772  9719033716252567729 
 5661805158123224762 13763394716517617773  9144588793055467358 13621493790873003468 16475971676882582738 
10575435638372282311 16998292520878850915 11568308976185965338  9858904575676567543 17071041975700238464 
10577300554100966990 14312344452968810141 13982828124512231734   316139797549049802 14711461404805419738 
16406287594504121634  8022240569409776043 10661194226820570207  4904499348704653481  3530427232879357161 
 8648427472237224814  3991487562323650215  1060811546475917407 14749797518422933235  9845502644158681588 
13035082316173603259 18059335724759442785  5263460792736069830 17306444396213724137 17165805855504767539 
17354584302913013017 13834645845241522343  7456491661214326844 14219273261798544217  1566100457477582904 
 7428526740624759711   136998782455529353  6707543747529307481 13548233000810969970  2833553577845070729 
 2850162653174267084 16733319352351026634 11645068874233564305  8843085412655909446 18334272065036267706 
13481730002757003011 12688721765647150153  4603346040387549889   334579016270414127 13151821046786486896 
 9929734717789302796 16557266540796174355 12093540266545087716 15846062800633996598   913730791329395014 
  215329384203133075  1378105545464234989  5442704778797739799 11249930097340354121  4637911443226005336 
 7572178032712832523  5643837649965671392 12502263791408490623  3819399729162874404  1491097633209714092 
16838868501811490385  3854331403772824644 11299092375937964593 17789760016741886677 16846359630027133618 
 4821867475877321677 14769984135042221085  4051436307480570855 18391700304046341606  1603465831336066216 
16370202221444020545 12765944297421958692 11558153310924107926 16486360892513852840  2616014873983771421 
 4338242846649995629  4021928302898734812 18083278221177841152 11935816197098187219 14191731567728184676 
 7005885854398862578 10378531009510475940   603148027027749552 16681736370246435816  5573553050645207438 
16421137809174911090  2227528152048332666 18091340138139342319  1865939930325608120 14219414581120848160 
11763251464236000658 10052364863913415910 11961029542165793200  6121465869629593775  6605954068824739828 
10065114228781043222   430786449339804041  8094377040837347825 15667537989974899243  4022563594361287329 
11494828040573517326 15415236645707939123  7231870412021734961 17254742336406199064 16596126155311003881 
   40198046522635629  5092115630418872004  8536367235863431625   398590133976573910 14404271166443776978 
 9923255232475371772 11536461481810471520   343926290800990907       58429417049190  8856359620588630029 
14907575001300479375 15267291912676786917  2533870660163562670  7138240238518159041  3072107766578212546 
14390018565921612549  4741246294812736612 14029741459872433043 18388627057354757753  4302334402292863409 
 5905816664628013950  1157807152158679313  5708873806195347085   144160496365923433 15061287308102439345 
11136970800411041427  2141745010920986653  1831852773318366403  5164198166908912798 10720730706941193176 
 2552223732125705802  7044946462715687115  9962005869189685666 13029749467911090097 16365202342241512631 
 7465499196947945791 16211191952233182010   356984688458403560 11604384949090773998 10808091049276604338 
 6462127336398027026 15076813220069354002  3010503251236124247  3132028039702152344 11487953169674423863 
 6468912196555580995  9835475994764111418 17638749633084551688 17833717142328894815 11098992165537296878 
12801102563881252554 16322929224229697325 17383860968521599255 15243990001743438970  6135780515229686352 
 4919419954907305176 11204948008148628607  7658628377710581981 17149404627635925545  9969804949707520397 
17083039752972640829  1324711945166594566 11752898799358621379  5365611362222883212  3627427132690983833 
 7776554327523455432  1047486235090675081   145824618745164582  5144334469288656694 12340560067183734463 
16105262719245033872 15668740937845796762 12860549114573114791  3699228141403409206 16170699842577391405 
17037638807921144900  7655715326508066522  6472282836318539924 11881121421426257198  6675502107905156822 
 3841102404208615753 12941937291158912024  4669150943512824083  7114470884320023105  8608466903459067049 
 9214836879580954529 10777231670153874946 14825806007931452540  5942854125014500929  7587737303591335012 
15364891115715880527 17469595929144400113 10918131015430249128 10413225353633192670 12033470922464478195 
 7558012416810174720  7837417220645878145 17520160123244886374 15020707427212703291  1839974650130907099 
 7088906098683178442 17899219844692782022  2722451082502423045 16987690548042931765  9904713855130618210 

1000 outputs of genrand64_res53()
0.300763150828410 0.822622448811998 0.354530984408169 0.455247338831961 0.642742698460742 
0.753898028021750 0.657045145505672 0.425706729335629 0.208490893812970 0.394948206578928 
0.550407169527341 0.536272119434908 0.580231117077656 0.651303134631469 0.907444491660271 
0.581682992371668 0.477656744980152 0.743212190392777 0.190455384507109 0.315515499912262 
0.482103246531739 0.503860089901994 0.386086432844093 0.383062104128840 0.291181793804857 
0.646975294111629 0.610678569533457 0.114036289166917 0.249710491076832 0.222610274690569 
0.286228712319567 0.745360397273864 0.777900431265645 0.177953467764040 0.163224248570920 
0.394884185287470 0.011221263319914 0.289417571079013 0.557294033161848 0.384327133530909 
0.693124993226799 0.931428490939856 0.519634628586904 0.574825726633355 0.360589004459074 
0.337281620780984 0.333062925771171 0.952571662791337 0.213845564691603 0.983245558496805 
0.529668568294843 0.701829442018212 0.975524363087216 0.468828916841040 0.137215827858776 
0.276637117804706 0.143474154793457 0.018510693346836 0.513038784411502 0.520281202310910 
0.212831086696405 0.276977226087163 0.452951892784812 0.590511307658869 0.938860608842467 
0.308822650038053 0.995466633653005 0.104406302644848 0.987016586369714 0.021386181063244 
0.223192264213709 0.204021574988939 0.874655428589808 0.623770916351313 0.162665693761590 
0.207721792321832 0.795718278711868 0.347141868383687 0.951536229356537 0.027649332892966 
0.648718376187751 0.278430861858194 0.610043794457978 0.356939813686919 0.880999047774198 
0.326392530324040 0.528702520645269 0.056795324732124 0.594501841875680 0.374641622679567 
0.822403197282742 0.066059670021499 0.461573686123799 0.237532004142867 0.302212610076448 
0.088790543746361 0.978820393548478 0.519078808550555 0.052755225818431 0.825775759474781 
0.069870952732427 0.976968558228074 0.084282009627176 0.005085133423013 0.559716327100675 
0.259731569641827 0.145675570789313 0.015817026254274 0.070733759785539 0.542379701130134 
0.669132488276984 0.963800819960532 0.839993624098138 0.807413842256997 0.717109452204060 
0.806552585115834 0.900480475610266 0.031057788871949 0.516416301179443 0.545246972760275 
0.534814284718465 0.448112991286572 0.980471084509115 0.498832711239217 0.254908164015681 
0.338917115471987 0.354151195027586 0.277470467826307 0.470229930248573 0.468881466878809 
0.710697893386666 0.429231666059012 0.806606247606668 0.339527778417225 0.013691963251695 
0.134685789864863 0.909746732204390 0.110770723711187 0.583962418109085 0.427717438249128 
0.238464370423208 0.210419621182894 0.303838437777879 0.578723922363819 0.776880277468595 
0.793580600922193 0.847191336571112 0.342659300683297 0.299530866963845 0.272506692039438 
0.588744701457965 0.263335694868379 0.447210534160842 0.153534735458354 0.691659341189607 
0.303676057244153 0.109800807612050 0.077396031053424 0.788025208946425 0.419703848419764 
0.504289220046990 0.096315687273172 0.584984372794194 0.119235468539912 0.650306584219362 
0.584393481604296 0.133486525278432 0.871943531525688 0.154098877821690 0.982725815227750 
0.166577482594110 0.047814043044277 0.437425790972634 0.437615567221412 0.996243698541442 
0.173669886039797 0.795152282034850 0.723424988927496 0.326199840246916 0.456868359374833 
0.597438742426126 0.824981365665811 0.991894572624932 0.240248362887949 0.118635107513891 
0.122020321103457 0.408716857439236 0.312867375875800 0.086808619107636 0.487795330406210 
0.129540350796849 0.285390146416420 0.924508718327464 0.074775994123672 0.891091872692425 
0.233525892203497 0.636501564169360 0.896673845737835 0.986814596389623 0.658273747490003 
0.105344191509462 0.920219445829875 0.617878375902793 0.959229004240787 0.066839193762911 
0.783221656003411 0.585464443235649 0.372930243045223 0.346106430166030 0.876342188128300 
0.026352804979533 0.398346645322212 0.047924297912318 0.287470872901764 0.905171949648188 
0.021167476028575 0.462410447849933 0.450204453441432 0.024725959841984 0.470695777885012 
0.319191245971430 0.738745590351756 0.937309911233768 0.794877566316011 0.074847058547273 
0.121653272410539 0.902497078965924 0.103885843324408 0.664674477280743 0.392115427231997 
0.706798924948732 0.747307367936602 0.640970021147706 0.226987410985763 0.629099253428924 
0.426887849580266 0.336474637375644 0.085948977088185 0.847764125504573 0.621334095003236 
0.191597692370515 0.541772196468336 0.299567963378288 0.609438925617157 0.484928323775569 
0.966382956377599 0.284876908053845 0.673780398936692 0.216625977701701 0.542961251589241 
0.980922253797998 0.286901824180294 0.814289316956117 0.079825083505798 0.746693425280706 
0.998459339197701 0.423124425273750 0.329114029321596 0.377913609687828 0.589573537223028 
0.303398872945985 0.354164137193005 0.629407878266989 0.441302642988552 0.593515301408504 
0.076973472002602 0.663147944300533 0.113485036145691 0.727253475127208 0.385890109491301 
0.668263318001433 0.968312577862858 0.599198244515724 0.272515488947831 0.539357663816782 
0.648388067363808 0.846525225172764 0.261774861529737 0.643481367003523 0.720959446311008 
0.208815333195706 0.677342553539479 0.345034539772673 0.795655234929064 0.787652188816273 
0.018470840340382 0.601884350404118 0.206571056863704 0.122562609093716 0.717282334588414 
0.612236153394587 0.773992179463064 0.313339639911642 0.915200791600457 0.430438637196368 
0.467569659964356 0.072713219016322 0.962855397698415 0.519427809360116 0.874658621466866 
0.853357038927477 0.869062381191311 0.368601833953562 0.442528344875143 0.142297632397860 
0.719127611132118 0.377858560082611 0.156778447444087 0.634128426589536 0.838751745552710 
0.843475820689551 0.332034162820837 0.946604022901456 0.988102351171336 0.521719259098218 
0.675478954942177 0.504729679989763 0.355401553231332 0.056033255793033 0.524649611011204 
0.260530521098629 0.690605790737856 0.447125050541312 0.734693057825244 0.332338371332387 
0.186795237324741 0.667918616379285 0.847906216423058 0.759079301935707 0.540202916834956 
0.420676061958047 0.222367816323140 0.016924884295451 0.034917498849388 0.779374841726795 
0.940644848108937 0.806637524717918 0.075483841522466 0.163750687306031 0.378481460844855 
0.638508619539140 0.528549778312205 0.574439575174152 0.595862175542535 0.558289108677027 
0.559904912988854 0.940178275142233 0.243221779928187 0.318300709153393 0.605519735571301 
0.833841361416243 0.972140136366865 0.695475521846092 0.380075253355155 0.710755281257711 
0.308376084463922 0.250217692394180 0.756320777860131 0.215112468088856 0.426110689273218 
0.557703366727832 0.247303228063837 0.228029134125496 0.967763238924344 0.182754099908080 
0.460141707567155 0.075538136527321 0.890953157924547 0.389803908663572 0.495442317493894 
0.076456194696972 0.986420962643650 0.532761426043094 0.217850904592192 0.542351093588914 
0.600209514656667 0.641864118936710 0.497068272097011 0.421041555017211 0.216858946272924 
0.971093028843374 0.150423174575924 0.402225016067491 0.630945569892783 0.388650847525178 
0.958727073649315 0.735173845136637 0.337407167063132 0.620464451023519 0.902168091376471 
0.901111975958597 0.514683035099694 0.046887037170665 0.937744237859210 0.392565991061913 
0.900747857552807 0.038395867489786 0.701539815772973 0.881778857239493 0.526024354732812 
0.404851172569761 0.307959010514729 0.876710520793627 0.340054747597798 0.918058518572832 
0.959900015716476 0.886727463979583 0.756911959832915 0.666425235394293 0.541648048682365 
0.205665146410902 0.447009331400388 0.556253712866885 0.211488956109673 0.841462776892919 
0.665489182874596 0.824678247784339 0.031200098099735 0.497991307943336 0.552358682212277 
0.722401145788422 0.103468474266641 0.781278789463023 0.595131378587018 0.822405153499441 
0.204626615107366 0.851651247744587 0.030011934733570 0.345830258335707 0.303290843164668 
0.276407163293864 0.257021570778379 0.734687534018932 0.342979393749865 0.941920856306733 
0.008471597740024 0.960463518558254 0.209149432931507 0.356901891658813 0.769927621965341 
0.838001970976605 0.168750138815631 0.873257464557388 0.787366188996971 0.588590051271894 
0.020843838954442 0.025325577995767 0.185157570411707 0.305618596929589 0.661297461114796 
0.576198523842703 0.938186234241351 0.389755166739013 0.793756662014574 0.083455136326963 
0.710102016929326 0.650758439201014 0.635717655331198 0.951339599165361 0.630408464634043 
0.378046137429050 0.335017382836561 0.573247116457013 0.537197930475817 0.385392229440899 
0.391548319665587 0.625965618648854 0.381181526756217 0.217093289237156 0.728802428712516 
0.968620131561206 0.620927287028627 0.610173799785849 0.733790352130892 0.493045703047559 
0.474297314523109 0.376891241098875 0.237160382051682 0.420811647341369 0.683992617870088 
0.754461530710891 0.268247615895300 0.427347549007790 0.998667871665750 0.599941363200639 
0.520939573051979 0.136512748784412 0.266675455342293 0.855439232173596 0.330337779168118 
0.503796200320094 0.904449134241868 0.326585688780429 0.263707172269124 0.851704213847196 
0.284121212407568 0.301706929395526 0.510936533349288 0.565768502928798 0.857299383457856 
0.804568785359498 0.894045246366176 0.019580592195728 0.251381232359036 0.255044836203904 
0.197958977612471 0.941350459430685 0.602609538739376 0.609916217029665 0.003034531090152 
0.088781418948066 0.891943045063728 0.852433421808662 0.409689582038752 0.006576727251759 
0.768981304172866 0.071065172562762 0.615219276084956 0.445581009933092 0.646318096256263 
0.784454085671333 0.695336939128260 0.441659124166191 0.981440900702677 0.807563553031701 
0.268034005185465 0.641585988309021 0.692826079470063 0.652044582879602 0.068458434354760 
0.870768391496837 0.863929571965360 0.693707224237706 0.646101086259697 0.026624903195394 
0.525910203741012 0.160392283728686 0.690973148350109 0.732818519885460 0.279326775133371 
0.554312717863591 0.744965686185180 0.758439548862446 0.524970101070710 0.220052796501519 
0.184943423606083 0.168774037332753 0.965473290252603 0.915779392016268 0.160503918349892 
0.195944566838391 0.374929259190297 0.845806312302349 0.745690132659273 0.611110848612665 
0.166531768435217 0.081036672502949 0.981811045386658 0.406158135039225 0.210411350588378 
0.238365727224811 0.299615089895486 0.475018357396063 0.135524099714889 0.678102095072780 
0.539538158959578 0.941735749028394 0.711039553305211 0.775169395295014 0.917184203335900 
0.258519215754724 0.446025583707765 0.088441165998574 0.669524238993729 0.894909298107874 
0.213035074410364 0.182666076112294 0.689998829934553 0.531132416754306 0.105650333762967 
0.961020328303667 0.216781315927041 0.153007608615983 0.169822521431471 0.173064694964688 
0.315285676326720 0.239560873248289 0.212069865031685 0.357800270855920 0.686832638511683 
0.222284917880110 0.694282321145686 0.052931258480088 0.160306321529754 0.450163996481467 
0.369727277778629 0.454259159026337 0.345449544203142 0.697093582721661 0.214131981724313 
0.715735280718182 0.312654124403953 0.194432875103795 0.084378111932871 0.693433118904396 
0.264679638439226 0.819482461415765 0.720618251249546 0.069482160122055 0.398754541584759 
0.503260067408785 0.311086097410338 0.520131542796106 0.993538187920643 0.363128588737700 
0.761532046037082 0.369906713424715 0.314784700404568 0.499049653438965 0.323952130986082 
0.983083329579354 0.490434542747211 0.255827612498158 0.770359545061415 0.779023604311444 
0.713631363136655 0.602628539122735 0.825313816124163 0.519152168946969 0.466228855728226 
0.437515602772143 0.540601106520340 0.811840615246359 0.258909598948355 0.176730126547908 
0.633013460395260 0.264339194539418 0.716049112431712 0.640560919073126 0.893359380908304 
0.726091979809161 0.077392260239166 0.368050521818362 0.723592591926715 0.902202106251218 
0.279515869820026 0.278145349196117 0.045912507404407 0.941363926184777 0.314043385389363 
0.666927048448803 0.320306662299147 0.249475243340969 0.377080620711113 0.930405637558623 
0.264157040865207 0.476439950378527 0.191250390638134 0.267653943691956 0.012305653513073 
0.025182556627936 0.746278924647640 0.720519273179633 0.185538553301667 0.859999031892125 
0.164016354404627 0.926235841378260 0.847517223361338 0.730478888210659 0.231948420520462 
0.802834394925115 0.978669446824555 0.497521477870810 0.329768804781440 0.877541794974063 
0.885185406551377 0.978541394380231 0.643156580188888 0.880157621953947 0.466508470952517 
0.971192915258050 0.376882530438736 0.154226429548946 0.009215105647690 0.831746878817157 
0.490775132161460 0.386619902262091 0.299660795222249 0.772681313284711 0.908740625120708 
0.095345241116604 0.666433846772280 0.227985456004542 0.699064132948455 0.734862007451313 
0.346299815478164 0.033438852754428 0.432122689184417 0.503794599353103 0.276918112398271 
0.197677357115049 0.856947102495312 0.641375689094096 0.465166293509072 0.895551972853726 
0.849474449182478 0.589000264789286 0.919800634295184 0.530321701303003 0.954171891346481 
0.068137149693169 0.108249322000983 0.416156786557228 0.767258455932765 0.543292289257157 
0.662049187024610 0.784601021543032 0.804460187201085 0.100985701622892 0.038890483215293 
0.954844451407209 0.805868088820160 0.821951269231323 0.987868481934450 0.127800365616928 
0.789904912101633 0.289695709539947 0.688011415910435 0.590864012646072 0.729900500925297 
0.012944610977999 0.129632546119313 0.810506633203750 0.704515497948209 0.015236470358478 
0.832378664731796 0.358816459668823 0.599637283181889 0.018653157057840 0.744135338212361 
0.100705774028965 0.898949415890841 0.982819372643319 0.044400960107863 0.259912697900291 
0.584807437409015 0.539754730626046 0.231858151607732 0.244796619206293 0.413969085201133 
0.487975822924098 0.349927652634715 0.886900127571416 0.737521794812625 0.501427772584879 
0.472289011655345 0.268362500313078 0.025065879907131 0.660535260588154 0.314089552259748 
0.253509809354059 0.149483134256039 0.445323090878535 0.117395496331608 0.935555182170270 
0.109351837429789 0.442431588240457 0.257257819176707 0.177335555446316 0.644035248379326 
0.909440007998173 0.721858392338510 0.070702946976363 0.628134438113679 0.237380876547395 
0.541671123582498 0.427366929593001 0.385391189740036 0.508486023651146 0.343618085208357 
0.926570966161213 0.340071317189587 0.898887552138597 0.762467430237066 0.027755541383067 
0.381106011083798 0.532848112709641 0.988606412020482 0.876284379924008 0.489774213552664 
0.859804295225468 0.010003284235498 0.962922735357452 0.406081949863319 0.129230520697825 
0.793995012349893 0.516141479854706 0.635393865296468 0.500546863413351 0.155961859643558 
0.277668838710264 0.893241667832133 0.596145702241674 0.470490206555342 0.181059702359201 
0.381234303439946 0.183197399415941 0.180979433674830 0.971355806299271 0.010441513225675 
0.300236720676587 0.542578576305010 0.915570493415429 0.818866402634395 0.388403737627448 
0.195341784786656 0.015512814872155 0.642816396600409 0.831415129428584 0.114095523703643 
0.350680544398250 0.830963925083262 0.226530393440673 0.950843397673700 0.397381491550951 
0.303888560865465 0.488945090824035 0.598930218878011 0.574062154523383 0.615329705578519 
0.716839004709136 0.145368319005714 0.245533744720952 0.200946282566677 0.015789784955693 
0.421840261839899 0.543072415118718 0.772731813224410 0.629773081232533 0.785149195623199 
0.370072342474722 0.717232747241420 0.986755258226098 0.253219169864305 0.993482831421010 
0.293867249092029 0.953292606361074 0.206376177842811 0.538285456589010 0.501057165376703 
0.590004306470698 0.925572644613896 0.014121816906637 0.174009767702673 0.439912159920551 
0.454183618004382 0.487109145365765 0.729488822623771 0.795721655992029 0.060035839585135 
0.609276422239051 0.214322099901553 0.493446684957141 0.257833308434923 0.186391840824109 
0.242351300219244 0.649599002408639 0.739660176246807 0.745807595762969 0.885578567989350 
0.518910450435070 0.952016401602488 0.197155151756944 0.627864395028011 0.758064392657694 
0.274056280557552 0.428585583276844 0.186817557338083 0.988806784757092 0.027408843934218 
0.965156994270557 0.306082513549311 0.079877897054005 0.772433364020839 0.842296364620770 
0.380414677124761 0.663977658852516 0.314906584401804 0.632758519693542 0.767499429178682 
0.384249500019007 0.593479540400899 0.099385898809948 0.811801600945139 0.551854235756865 
0.513880098185839 0.595568926811938 0.181689320873752 0.384614133203649 0.165759778854912 
0.482527485641372 0.082673733755564 0.380422301453645 0.553108010904306 0.408480233103321 
0.268144608363225 0.921275300330280 0.057360566787199 0.054257481283885 0.434194643312632 
0.112017864805129 0.060300228309114 0.326448236526094 0.494200964318860 0.130902949090552 
0.945970389288477 0.803450762376772 0.903974057822249 0.123449669368960 0.976624819096068 
0.320339908325102 0.419379658795119 0.877135162900996 0.155783598526333 0.550501543867695 
0.406736855925649 0.938921921934665 0.053589888960907 0.869437933853983 0.290547058297253 
0.369791816013362 0.809889415569730 0.830217035435503 0.069280675544478 0.985543949385386 
0.840509444572441 0.339241939911477 0.256043561698032 0.418359183358751 0.828528932541104 
0.775070058525339 0.973340580229373 0.795312943716441 0.534456818414207 0.333129668177727 
0.317014636684154 0.780114341895704 0.972966495399386 0.370227274344525 0.637963352918124 
0.026673293915046 0.327956891225798 0.547694565137866 0.770500742444559 0.492015263020261 
0.659786130473393 0.070770296815076 0.543348325543275 0.749129358071111 0.224055317844905 
0.505983567148470 0.455189000281841 0.008876801783266 0.563930542938878 0.370750713329718 
0.485182108635169 0.292291766041080 0.711640574190414 0.783537473589014 0.553996171699538 
0.303707340945517 0.892604159485385 0.147737521825052 0.193095201626169 0.081082323459521 
0.728042376165569 0.011450138436791 0.671214893486886 0.328238911975420 0.569565023930599 
0.252449804687008 0.994416617876717 0.939743869397280 0.197627184315617 0.347145326876947 
0.774281293902925 0.018742398831509 0.681874660164638 0.086300834738954 0.490823042414624 
0.838910833757335 0.952042284819467 0.254040957668872 0.734817362903903 0.760005218752301 
0.001513010853023 0.758010461117450 0.963232080857511 0.427380506744852 0.068853734217335 

jump ahead by 2^256 steps
1000 outputs of genrand64_int64()
11845405595419148668  8931094200362214478  4384543526105179230 16423418898181143672  2744772859954324340 
 8757746427145998800  4298617514707369206 17257156832084576147  1719944112575970453 15873064115320426514 
16566484328047087363  5987524842866657483 16929261532904698265 14127131948607757922 10592545371293308348 
18041809030710560264  2386249383914781280  4574754458761924777  2335785251628490362  1991230115246830985 
 6172483604555498168  6682504458155622072  5446779121648484292 12302140142729830393  4191546562810697366 
 1012841784965090700  5884396479199464558  2159816603549419910  7579437859823341723  4420022852265828177 
15927336960471742452   197622983267745901 11260135925460919339  5854315805917612579  8941124375268816407 
 8894266839778888477  8107136989485682112  7203663966445393047  1711773533113961989 16114668851611534500 
16856936086683123225  7722635374074658329  8195792045121090844 15179411015546520918  8615889574153330121 
14458595134404644638 10923448294539658703 13623706197700238251 12420006866797929160  2457520183487568500 
 4021635890172723044  5440632956767671856 15894382726527165006 13222808572815581266     1614837365024706 
13480413846391589392  3340314803456928663  7364964745935970141  3692355302130704746  4850509393661229914 
  362179748713852694  8245598842935886677  3959641450125845465 14263292707038683911  9006545411452924433 
  698291645419857015 15546147578218894115  6553809239282944651   477734834259744000 17631920331791982060 
17284764598745355929 10544332817568897270   890960337652658229 15172714615630848913 17561131155446277155 
 9155655718055432767 11966532043405764564  5859750744767680869 17687187313057062478  4145591685685819820 
14581400244426394632  3944580534264758863  7771952046999286616  3810384590754750175   500218895945850976 
16974331764745041859 16212040413380606727 12435690586007192781 14278953254692585534  4509998923421079861 
13934045900088127639 17268420450130125558  5538257645675132354  6049985445742952000 14090456627240146433 
 7516401119777705514 15653060778422888734 16622042942092990859  2152295148373307137 14057354629864330019 
   65445634975275727 10074212014468630700  2166473549425467220  5237873891987192254 12724369932277184587 
 7597906185415845978 12870334937266805041  5113552439398121525 12975550976781594003 15112449060291216825 
 5907015469094689843 11184300085548866617  4561929050446415842 17232742351010826273 16805041014288566253 
 7269940604368212497  1638385327235222173 13644565109752522731  8318096768527675035 10617014274033621234 
10831486728172259209  9817398837566897917  7231306423173263215  6479524452597902592 14383316474933707431 
  832222534712053504  1634640334074675472 16003172589106189438  6831099234459329218 17632062850214642818 
 1762628154227148400 13909542908310438688  7142989894528176088 11278523383111218895 12359258710993835232 
 8901083358576007844 14808629381446097790  1900984132809257313  8411123603265093249 15813441198431157471 
 7527349927968588652  1819328112036825500  2024115447939718770 13983093235677890225  5957348358394255686 
 1479458509487085083 10402195850623098684  1284343960586966066  5367371314902784774 16337982663846772630 
 1531604760735057625 12937883172242449448  8513242138337638931  8866111136924339801  1051298878499408928 
 3984686333542349451  3606196552431404968 14197936824221919915  7682207008762703986  9713880836266995869 
14338316994150410460  6033815933635916605  3881202278471208628  9462798372897257494 16018027005269037426 
11988869816589043218  8579682778134887587  2397948715197984573  7028965490061559722 13590102014160980305 
 2400165366967735580  1655553318674777096  8302321559693337129  4407536910282552632  9411633396209854198 
 3918023915178461210  5187480386554944175  3200836437674334700 16825488061512169363  6618930381035131932 
18082639974772489891 18321054163611207375  4636096726245124417 17429268687681681514  1092303299551098710 
 7210544838827510938 17541752460629962673 14546016255064727976  5655897119663219808 10721911707258508589 
13598944643018557806 13236362333319427413  6412319035967393789  3079539524198201749   105470231577724253 
16878291491291056355 18214614272519826292 15660962251373648272 15460547376149761944  7616421502510468668 
17102295995756169206 16871687561467801484  5071135982527996695 14252849199447606048  4211219774514803595 
13664688091999816190 16412246464743418926  4457432242631033471  7610206750072161376  6712727145561340534 
18381768192692598826 15928083084566815855  8237207001230784257  1864513169802581058  3169713363419443884 
11673126633299508039  4593148285425176337  2280879126923603346 12387682380883559511  2343215515361865084 
 3289286849991898705  3924965278377459498  9981002507653957797  6732744214044168393 12857932472966241398 
 9962542035055713319  8488417012144191072  2076643532099913428 11219799457194042978 14207687903815222543 
15880333865402595981  6748203610542059191   807976410846581899 12905130131784031560  5478536435060850078 
15401599196689121260  8733296931733490656 10359800298145426726  1009943028702023027  3505795581641863547 
12167521615844684855 13627634851295962435 10407440681621259733   324107512886118185 11836520147837744620 
11695810001961016008 16096041983686971903  6868537898734756840 14269092599095559701   481919783197178952 
10051540106915886631  3963419439717421722 14461515611689325804 14632193609255111162  2251508973274409483 
 4342663241553786786  6213705326798458415  8427738847861446293 13694926976570871189  3462302390035935981 
 5027202266048052393  6423417669674839555  3190504592918041222  2898297202562348918 18265469868711541527 
 1967918106747891105 10258163342339784259  8975243144558149346  1118083843780325116 16512524311597565025 
10767831806091094069  9116983190054713628 16516913236202544089 17043039401756148933 15527096897212974323 
 2446287209525716427  8854715092383551761  4676481221687733472  3853786236663265372   914414029074686250 
16213639056695202157 14929246735872716459  4199430012945094858 17855630552464794452  7721348003567397033 
 3468026017912329374 17354681344908700341   407715713679284785 14615455301760789558  1215053023718588421 
 7105114230392776092  3910626126030039653 11848652451660135566 11362094926873898133  3641764808243258097 
 6109677651582484339  5726628572944723568  4676561812335426418  5790176144779587886 10701976659802554794 
17289752238289801281  9570361120783202524  5492845426240279673  2155861145158706594  4866803386731349969 
 4890451763702768526   104996128437246597 16936899472101218870 12490241021107821263  7224355544801573421 
10220989994110675545 12210176619155306163  5057866681803928571  9153191813348741630  3274921204777390796 
 1933553243127213224 14992234378974765307 15798818004921643182     9835776084680412  3655593992452938680 
 9709971996789467206 11215032739729341373  4856139487334484039  8702434916421935878  9783947783169798161 
 7451273092001923362  9869988311960179763   380354872904435113  4714421645986661451  7482118307048390158 
10980504788882725686  3370006256713409481 15505213306860460634 11760326447806148168  8478284268885578344 
 4977176486336536114 11550508925733035721  4411404539803619733    70214672672986606  9722531646462143775 
13697329676224948319 12852364956537495570  8310666388595139229  8168726336844412787 10641643405127957126 
15514262184377448850   968457515058850007 12375631461306789800  3109733669558767223 10767145373268603999 
15084744577386569437 16417497571267782680 10863167216584455488  7331771371030895598  2551155144220533018 
 7590960182438296668  4734782528917081141  7909108680448378509  2448311024629686084 15235520406983892542 
 3238987649805474579 15079790642062549635 10018570605508836049  7653070719926360149 17099220974789693104 
 7817523926030500257  9738292717079935366   326694577286346546    80760370933342730  8073251263771502084 
 6560937235312474256 17675976132674168043  3016173956582056126   981800370892794902 14447045472412365032 
16134394024038846864 14592182198236889404  1871217655160015490 14716262204782269486 10860533244958976557 
 2034516170895305925 18041893494568309102  4127362226111138437  7950211217481646220   560032818213773939 
 5116337979200570635 14646125925213379941 17648044946127788590 16996230737124523416  6916494088552558145 
 4172876459650812605  1645651796300065103 13050370318915932529 16800153770892834619 11286031987146335112 
16091538981426552285 11608324259565092373  2358694716337795666  8811440078689380276 17971064551629903292 
 3249257460043172173 10591063584183087328  9081563769635264870  5216919412157567506 15157756814545934843 
16338463022013537707  6338897253535019354  6440373546511939877   585142735492591139  5695791510670988453 
 9891500462933608430 17577113493351287434 17434670393410633132  3900098366925386449  2345427834430354407 
12002415613206487516  4853970459108910680 15009412223350458322 17179304060300644522 11580470973544443068 
14934165762648058259 13011413437626651793  1779956110341303232 12783757704288704763 12897369856743847757 
   87189333474598739  4744245487530727949  4197586830514393158  9861086399393068044  8247731147921860235 
12897584936659158984  2451318147127763708  3876812787143078551 15518446501183084453 18042190821977952259 
13607134949001041704  5095738627439927529 16702337084869862853  9590786617453529208 13882957462149098479 
15344024266098931415   323806668755541274 14433174194918373060 12418715037753876690 12762144926579955454 
  865872198541900143 18233979893056291742  3602794904788581136  8660542039655419679 15750710883648998018 
15239189308498614896  4675136806683673569 16864359779047211557  8769129682481243635  2968743738925723944 
15261671159952014702  7753561908042641945 18099770041554325694  8739929851237448159 12246385759546178503 
11531421472859694990  8051954051896718625  5200873766486391135 16430491207110289734  9962572086771130639 
  336861944433021101  2337966314834342833  8004722876239747679  6720878050810343180  1930530605622778021 
17352208054893877804 15655216549807617501 10732622135605886350  7937417527745902397  4038192240080688742 
 4708184001741619731 18295200374184836734  7557464041116195634 17565595689236855715 15707220940129556073 
 1812592642203815778  3611798825356269127 14171112858522293090 17534241545306270162  5477396462955333186 
15605203349121501044 10118205985285840145 12071198722095498870 12869075162942752782 12411936179236268660 
 8553867800418581699  7058397029987574498 17753121853115984075  5319282434621824976 18078533891109492043 
 2624851157248682749 12920477659084651516  5658289372374522143  3595218966653901315 17003286536974237679 
 1768638909397356753 17434125204817840506  6522571753072914370  4768302584994418593  6674710001951197129 
 2843906833889023820   301592557540966685 16973612942790441715 13317118489130478826  4750939602844632346 
 4615103392527868751  3343435589054811339  1024593930800898784  6704901338642229793 12888439462196102268 
16383701746306314247  3404968961284140971 10509166674977416325 13552400698464173784  4324240349510444960 
11646252429239894442 11824057141063983325 16637344908741656571  5977273794486262295  2862821847049706554 
11018318138905476447  8371164281080936561  9744172742535755249 17365975010827518198  1960923029847128902 
15162060002936186201    53152795086440417 12457128047727938826 10125306282207019059  6974624292430786777 
 7897615920405148702  5805274709341957155 11253195042333031094 11153671116547773619   547330829752540578 
13204884303456072199 14156012092033490133   946364797948812919 14221720989860462239   972646402727500982 
 7344873178275841667   287745796995231641  3995237938075615397  7865962209763195876  4849046871248145475 
17185721089294404622  3508294470791780043 11768394020780122977 16159161591837231039 13401321623715959057 
17168540597589147422 13141846778957546462  1144105552000960423 13084072958055559117  2811227627370166481 
 8615904277939117873 14404540205473640056 13446335805952655219 16076501867088373623 10846996203587427184 
13937630298967080817  8760158922470683310  5651889116186231816 12908836321299563977   622898042182124854 
 4506282126445914856  3389294970140074525 14535632105137782966  1334279446893147333  5085603583945186642 
  499855219376397857  5324132763616120524  4587693864885954006   383737936729860739  4842866840242130395 
10462214071845776557  4322892097023292171  6326950703938515216 18199537146951096374 15249995915632032277 
 3003145428054591346  7105539221699423032  4976958428263003475 18201970940763197288  5573593576839825177 
15776111889673244647  3929068853073051448 15373524394845086241  3431451606678522885  8184829208767481610 
18194011082457225718 12516475061551907155  8649224407741569896  5287383392445206730 11944788026889977107 
10966492990537441845 14054410258012624039  1492133253318198886  7818953202268297606  4695208945031022752 
11607312541814278454 12835860842620566390 15823946096283662426 14633596541575446947 17777073529748046430 
10824422615201749141 12798771194888493712  8556605743825078751 10896849282146660103  7269266314220003984 
15659187608175332826 14918882148005975665  9993576566821880129 18391473547373228210 16835862177308706112 
12455477819381375512  4335934785919971086 10062105680012762689 11543593366042588289 10181531688393453906 
11590044030649374908  3558060823058104887  5637693049351386322  6755972490155590700 15980839834845904598 
14580967739579654042 17121560169032908582 17602193669189903456 18315859271105945570 11924031832221619328 
 6686700248973418895  7905945394945463400  9549235227056350682  4415558257457937984  6613828272076795182 
15723693620992013598 14781963597649691993   414328262648417112 12025805328059762365 11945044088379124506 
 7829894930575539462 16553666636118887678  5657938603272957295 11560770198725979557  7595178907609261115 
15615132760095618827  9319495418328593340  5756860860769612993  3773924268543930521  4790514891719790432 
 2661328494219109027  9076886900632229845  3498651211588662227 17263409955310379241  1939867886569697916 
18018308599670208835  9871029987532948737 11266885823531982159 17041546131315696540  9116159145121316125 
10051718209899480315 12392856445646794759  3093819060913692830 17347628995993359319 17654726895724097602 
15151315595564685755  6642574464120378068   163690506933487925  6421754757644067988 16540886522837945603 
17502849763139328093  6258881953037285260  3974940425090313384   759188777209160057  4607070008863902275 
17489688853556051353  7316252363866946759  5056849788736719683  4260427521520367707 16659710168172765282 
 6164439776748456046 15544100518052052853 18353217562361584521  4262707349956681477  2827387216863272617 
10436129555061319391 10633400056916816622 17483965941152150139 14993236075413917064 18396994679705069266 
11218952343342999409 17915587106905779364  3183863831154259473  1913238126824252105 17259180411253329457 
13442224279833902912 12298693784397316180 16245097891949598898 16794904093209815418 11516384474792627161 
 5436600155232147296 15712314511386862296  6040474672003140295  3596420470176309124  3889297199113258173 
 2529489955203475508 12980668306571186401  8999872195511009702   116961331219615888 14595141030871917630 
18014628452797727779 17283921540705540406   709274862554812118 11798482619901527517 16608784720525580978 
 4851729532938363175 13516654817928301318 15635080788071219205 14355492270818714038  1921261496254260498 
 5122291810624899072 16569112809968554876   761707952675558764  1388359013493122178  3483319642127647076 
 8466398747982490123  8562471283125711159  9822131400319898830  3825559146381140898 15959122630892980637 
17330558211796651970  8580568471184561002  1942232898824301111  4230280482873310779 15804377543031655729 
  808701489810844076 12491143821237048368 14430150072627715907 13737771105658104733  5919129038935144302 
 4923670327358112311  3998282257317977233 15337117777980774820  6891551739531594170  2475158711949490147 
17957106948293936503  9810270278065074354 17912042325770905455  3613259551332222083  3306860239800928183 
 4821391487979353385  2480572862088102906 15633054604727619809  7134508616620732984 10912541084422918404 
  182114505963762335 11780785970274119857 13127703860354414586 14500823756154729786  4478849722790397540 
14477847992294430878  1344893745194300212  1853712009182847994 17696193732580178281  9767673532900998127 
10839520625589099203  4456920294533576812 14112054736464788421 17313873296185389250 16172435551463473632 
  886585584527112395   135689030620121877 14119532221472712594  6320253923334961686 13443248585526177084 
 9817499315627093635 16008740797887314553   969658222294027255  8363584357782666015 17699928812777633173 
 9930265687629199368  4883794410098094887  8815972036205840181 18222108395820445711  2611390025651447440 
 8163366471628619537  2178716955689279572 17405058920669814894  8972241876363420118 13364761396887631879 
 4897702502070805933  7352339390395959900 14012851642788089839  7363660589021163598 15607275920744858202 
 5176248292741732865 17885174453282352904 15128424062712658766 18332904599265758398 16344416557880807269 
 4968183075538722251  7665886784918273023  2380168476693194203 10655803614137576789 16599476674940356607 
12028130852054890600  2126319802390512005  2133138779101081197  8619450145113627510 13837829695165661466 
  319247815300157884 12076317842971824285 12474683678789984566 13157707111691294854 16707668679908008613 
14027423155670011702  7024981608850716054  5214049554988700959   455148658879391064  2758955548468323545 
11547183299742700530 12020743551076928469 14526846327468077928 11291898365772669307  1412360251099785953 
 4034713623505919501 12188683370983485329 14567961991672173262 10523802051484987709   661814045056132046 
 4946599552559540175   281423997606082195  6088548993901039750  1508675787551362346  5945758502111730748 
12728821915241566194 17180320500386833984 14506449546683557762  1153848305658952068  8906397882678919382 
16986013232241995918  4372894083094040375 11266541655379485390  4084082749216644710  1687920700147484652 
 9218457602227338418  9359577855855429852 15479065125225368846  7094327647010382656  1314648667213030763 
 3513157496744965440  6556686434511822747  5758155171408038433 12037883881542754755  2095877996126261835 
11360645778054929147 17338079474036547261  3367328511373653703  5798487282096950265  2482099102542588460 
12758848878167273190 12362059066690845491  1640217382060572598  8381684701165719303  6985087182352441988 
 6895776216183007998  5236466495911112280 11148988834048462509 10164803809588162662  6757449454693565568 
13559753376940512104  7853520461343939689 14970736707509412022  8755500263287735020 13929384208956503377 
16266933650751311154 16330991449139602203 14038327034442442800  2294060142726508167  1290934157327172903 
11427850746163705731  5904312998424881959 10194924945592828058 12982029494974486995 16933675827720966724 
 9583958191280304013  1621110527640624957  9077490037579833584 10533750773160979314  1553831483782173998 
 3720026319534927408 12803212813547163060 17235490580438629581   776498247356190251  4066477673532966545 
 7401359960878763496  7590645483686941210 10213721280036017363  1929203217923337946  2465945350911905298 
 8591609089002609056 14393753473940002247 11360528043866499929  6227238954975976342 13556704300534563983 
11363747637095994956 12986058750752012706  9806577182572267690   730312208721333951 13847268773042366171 
15660377608626494751 13995179201749221500   178776904068858001  8711389562279733061  3421014947124693551 
11275608363496272562 15524707569792949849 17112793402697026888 15819767707955473133  2442996641271923279 
 5054004809336744365  1437764482880807103  3147009042017683952  3548954254746409960  8920646260027583050 
  631011411307181972  9098829209862736006 16766136317596745297  6098984199882873646  1851370471900616188 
 7222429182632399102  9954540035163930605   961783641418397396  7030670242590049484  4248407283988961110 
 2855995109584947764 17950664475051766039  8657281529889621087  7718591817637593065  6338003789645771705 
12185194332076948272 13848103091847391781  3363917874058708425 16531784863980658391  9593203327664329434 
 2234445380606891060  4432675254328486541  5110762990694265879 16569906687875022396 10824293082308941133 
 3957818817829335263 16589282353348596885 18079757657556325815  7104609789166358247 17444207588505095230 
16726518198338311403  1290394309150943521  3840278986682604135 14335890227212232025 15029977083351587250 
  110487832367693524  4409649572635281611  7680188561068193216 13498045245015999250 10231757249472123457 
17825165821573639246  2835995439577579428  8358541830905126050  2740013068019576216 15680412121371485342 
 3921719623211747202  8618416986087480177 11966562399134268608  8975624050749355086  5294643488170062822 
 3591326478041125518  7535679558575632238 11776312261603244549  4189294137096702780 17890014204387857097 
15797526317079214849  6598583420898550949 15371284116727060667 17378389350674967099 11335897340010981811 
11530582206898845265   297938857103579502 13631252089296710965  2905146590732853628 12793088330961254185 
 3224899151459051464 13972330337841062048  1362891687925706675  3179975935706390788  5079582608049747081 
