1000 outputs of genrand64_int64()
 3698867468831301870 17061922288668945088  9425389310295022832  5253074967848184289 14330774299886515801 
 3172340697207263379  9664025061202247277 17796377429431934407  8544303353605336833 11930888023113617400 
 3154710123151411761 10837708497908932846  3586960858401834650 14477401400347540848 14025322771195953868 
11687580167949629113  1792426822856249791  4970154539221281936 15595356087920219159  7583426086370235969 
 4884011888148054322  1158722812799074854  9095901820473742825 14611032011156657888  1129699816348656965 
17723803002106303711  9921663334861524785 16426142293896464246   659904867662589343  3522447508294098671 
 3982178907605038795 14733943305170070587 13241098843095690339  4101773478577448759  2145972829024825578 
 3665692330644738351  5176597466160157027 17107828687904494169  4228310116318478958   782480295899565468 
 9570307654645298183  7874585906324431285  3192052054659401681  4761987780241371361   654612326715777255 
10387534659474462414 14983716028809479102 16951927617298126522  2422751219668015010  7420363366468115372 
12314491156733541173 18190116492250130014 12641593180142070228 10248524759577513021  5618126612950756878 
14836384188017774448 14510853067604961777 11427516750092662582 18081349577514222165    86467293039488287 
 9979333811137249613  2353373411278969804  4975649605834114219  5328605230920986682  5145182186432228418 
 2980423710961317746 15446407466466433770  7819644188941882600 10520835551646281192  5983922239120815346 
 5632717178538029705 16419363525205425341  4488668974335510484 12421600571348418695  7577199177945697828 
  568201530453060533  9380727446495348077 11503914156157998086 10130600963096417922 18344981021479719312 
10213709465588102683  9150424046812629248 12205126543121283238 16036913850787708034  6520209752125136885 
 7194917021540605601  1769312769361456987 15208542997203268484 12026166184432122065  9542136740613687492 
 7413084231570904872  7277849743283189614   954851567643415647    92274316596884656  4757976390268710674 
11019444630442597586  5680574143879261053    61282414446550395 14564602531011756936  7913201522536874755 
14383783885182598424 14687360457537043263 16027109074999399435  6552835080309609006 12427702692914506096 
 7138808720792883298  2571504092204296168 12243113480498210684 10593580921551552560 18076761213898672611 
11059391391262722640  1387780573711925175  9808791944127318806  7269783651880047710 14748548179234703697 
 2003617939906060525  2613492421275307812  1919800028043701175  3735161363842282387 12326912530779237849 
 5676583085742440957  5686528095149847846  3701843852229769937 16869285810073113320  7983317835893196820 
 7526546497583166677  1336865011931242301 17293106199059300531  4347214541978075455  7362478713370427719 
10141662745072698190  9629296119510155456 16967009068690942074 10809165277106811069 13199600822355255879 
15802783502160474569  6663207698959144543  7935740160867031030 14106033435107139315  5295190423521927053 
13758239893443746305 10194819167793364389 18053453822541735188  8414457640289557811 12887113347669957884 
 3780193215222992489  9632152859181767302  7948205897744981263  4619706080943427646  2647373490684440063 
 4371126936933960753  8168106666757337734  3213985109149456853 14061776351373152610 18114243716443071681 
10844742539269241549 16369171987726696907 14567291237251347664 10870299970078521702  8155025701243150380 
17260497685673384130  4800635664378226214  5169556267082877748  9335781270941783667  8930601651556820348 
 5765274420814202816  2829070389915735529  7737834702890895774 11072685965521977234  4854000003264677921 
17119265936205613622 11269540042759450829 15459095781700052321 17458275414033697969 10208531961210666831 
 4379399532517462785 12160873999959131238 13617540281294487565 13144702045933170526  8839145016802911407 
 8044082447176687313 16597782523743701392 12256722013253354666 17871229968287565171 13651030859577436748 
15136093637167698284  3325289936163209694  5459711462338340374  2611837927612979015  5269601830530874040 
 5079594831021836974 18218346156848450212  8526493859599377046  1534439796356137118 16199308121026127328 
 9651140841246700716 10631662353059333561  6335583753451577704 15792763359523165542  3614560362873334751 
18376851566827572391  9442483761779130470 16030350569112901487 13724277046415188719  4888518662265578414 
 4811974724140354834  5138654521296293746  4204197027619717551  7534608235447187555 14582540989110173039 
11451035662636800789  9073533077575279279   160635663587794406  3993703332528067788  5055621199002373382 
 7042291974671485328  1799648692568740295 11026385174887245314  1056555065782339627  1394311267517625359 
 4938262326997259590  7919669484767633472  1990310736580142634  3336120477144248129  8893919805028828700 
10598621429498892793   384748768712695284  4069586582217668941 10172468217361179660  1428429533544482607 
10973385206222216579 15525270155684744380 18256713904095728321 12633469250867374507  8311515864891878039 
17848738600728732990 13467100298660117566  1883759620296755101 10858950498348763143 10302511397964913711 
18237141945881053930  3542164651450974682  3076179316088494119  1231282600197274580 13805469406140402514 
 1134358334834065702  4929306986068068893 15815474793934363992 12980166878118698756   279593282073953986 
10819165254240108710 13273190676964509349 18136537581887387312  1650344676353654216 13606551126146956630 
11243175392197274911 15688722401375245411  3649658358307578385 15978415611598174220 17062806389524372484 
16204991741963970894  2999465133138861457 14881420013391626093  7020140437147588969  5600552266161035882 
 7682228844368941952  3980160445188134947  3724039026539168232   650386073222480282 17038494470661427219 
16475991795983297728 15110315166725954682  4438699714455125539 10390699008956936064 14964455484149925063 
15382222039609601283  7974307509791264061  6462585003858727565  7061253717951656926  1584341462647389755 
 4212443399239129065 11933318477987754214  2364716984471654355  7716616963388577059  1923308326478699310 
12770129422999489584  9589724804399042771  5719365462105308427 18289619168940495500 15559896958317786302 
 7532403460076813599  9375309620351304283 16254190862484892244 12036259521814745479  8497900579906032595 
 3129290174789990734 16147682724793771371  2621392190976145302 15618172107334605990  5131693241502598820 
14946216557799996040 10204981765988286522  7616879233107644320 16205458023997281203 11554344968364828952 
16329100822615494434 10607403140204960304  6298411709950473008   245993045017603495  8317113697887217433 
13459278397803223447  7370195762747681379  2858998782547102416 17586282050604012844  1295690107563739909 
10143108787817141017  9648547178387677933  5574151934838140515  8275464895446502758 11041494763049968326 
12669893699255172721 17053829332361348645  9837615314061413629 10317618961472854225  5743313184733152939 
  326564295588908100   210199997817597232 13154656675328896994 12110071987260044878  4043623690742006359 
  369396952794261459  1091980096975341800  6030619395180707875  6093457115338747048 16059018396735025802 
10308073345862317027  4678097163545473566 11328036209649071412  5508500809465925624  4140147888352808842 
18281890162350295482  2257389002652350782 15014411944903587631  9175154019989816404 10724871741598964817 
14089644510449089605 10944214530807040373   954399217307945363  6586327380498685313   150062265722644180 
 8822445205285292787 12429734739218892929 10222232816020772076  9140124529742219545 11215264533387876759 
16213397280421425259  5191664657685202777  4202616972772371504 15090242290900805570 10027636053492957742 
 4673331632636869411 14072387496553366293  8306757378814118014  8852560420062972798 17517781981948350232 
10461852285910827620  6080751503981877128  4046738652717590906   874275962468439248 11231233114435479893 
17766657978282599753  3671376031147197801  3765056147917157956 15356183957231255986  1893306292868220963 
 5793532736047200056  2778450368164692584 13400639947216263297  9043551008740190467 14038491766087042687 
  900340352707542312   662973127697888471  3473846319270118482 11952301713557448039 17011527554616621557 
18190952704145145754  2146893238325789555 15647032615423923710  5470965899917823798 15026726855622603101 
15890385714211807361  5145731789997863431  6385152313028594644 10162449131214735035 12483348242978986063 
10104254769945712794  2583342812581770625 10898732249510166471  3673580061295513882 18268030691645165216 
 4669510239359450276  3429298108515801596  5495183719428903316  6307502334885209617 14164282192671589986 
 7935688212836831924 14920135790704625500 14597352074770196752 17455690878467495006  8204108857862408360 
 8955050728625574835 17547961133831493096 10446858847306755083 12082003410403942891 10535567641446979528 
   42995782517696798 12306504413619963725  7090786142510803146 10354287270674391265   825780937212620920 
  885905765687077803  7428153100314568340  5412959566090259377   649321453700106483  2847767640384984717 
 9386085122220297838   648408643176370006 13746547696235577488 11434268364822883104  1207893939466926423 
15743354860672424186 14685811348199327671  3793244869438020368  2309628014036679535 16338459130905562537 
 9435097276204547101  1650534386037371629  5889641137676706052 14110973738516859830 16558021122341132646 
14613501087777313254 17134572733403686704   593472452969832287  3142085448486468262  7309146679464357757 
12892877845312482139  6794926553915637367  1244210895227212513  3441804325220993835    10874084886654175 
 1818738843028573129  4662965348272332256   588000345962227306  8880001259981595235 13452602845562259129 
16301870206288077501 14007975310367006303 12820277687052875456  1681177511316907944 13895937211642247375 
16570100463234970357  4689483716729657259  9202190239689932711  1678547840478963920  5823142282878037387 
 9306686739445955156  8584140719741496897  8459248523628935861 13988829828765296681  2231806142446767065 
 5504319091818370039  4541178720597725265 10884113546052792647  7833343625731613976 17814685921512671324 
 1727382005294537626 12585024236453621134 10361377589718635889  8878806038273679120  6892186038049006593 
17491961166294284595  3098736925730947555 10259508883592961548  3161573660922260716 17307642124794522587 
 5643695647857413260  9980135649297453653   331813993002039894 13965807510938572309  6495166911312124793 
 9927066642449388033   501780472363068809 14627387294467928222   173717615556439146 12956824753731817338 
 6785486290414775207 10141666863040143643 12755861284934960211  9046547367861958421  5493267729588766102 
 2343644712986130682 14880179907803006171  8593184300860803888  5895414742048028965 11409468221608985512 
  376830288755619840  4711766190186757620 10130984462920031152 12731506316875995129  2350807104482040021 
 3967127662487724038 17598397056697342856  2378999691205950800  8704719522208621355 12068175642487941797 
 6488392180973054857   409739291961142478  8620086853846472971 18105633243665212158  5897734104033767670 
   97331608370918743  6984513157093594008 15982301239453699025  5932943007150591786  3310111825444403419 
10006883779167564402   266506335680189009 16541105486560545304 15301241481636963074 18402037995797800919 
16750177163119826200 11113882456084256726 14588854632512600318  5882518035440696091  9941020639261438591 
 8553009833717881915 16669704277137706263  2827503037095343451 10223833904684673904 15478110752426329490 
 6619925218600822396  4711295888145132424 17957426131864982598  5797245936294525842  5468091205852800603 
 8069194887109510304 15643548351251382456 12904727359009169143 12772367766693988634  1643375470489205399 
 4150255396491983157  7655023749321878956 12361138617747554347 12299262957827941471  6054739953041836085 
 3130474116014238647 17934037772487839162  6620889848319545268   939631671615227722  8245712382304111491 
10653618308030804425   407419724534556600  3382096109697556946 17462680151930477132 18268920070130876746 
12151151025377727011 13890842677799014157 11463021494446434828  5103193357819633486 17081375382470383416 
 9716260170765448282 18429450279845209181 14618637395981330927 11850671714040612782 17960308384528075681 
 2239034942559984224  9182751418133868032 14941940448256763396  4846955327329859641 16104136322688965817 
 1119691277966373527 15962892556697222566 10181972480821706608  8914819569248587888 14252716238589333464 
  728658161515812992 12591407640722360927 17450178718475706083  6804717082751368702  1877749385682131586 
12815413670197981138 16855968565015919749  7751066511169560792 16090686468175985846  4335847501042370543 
16350401618417007909  3417501722540779184 18218084004906438890 16191719627182223658 15330218721321856483 
13151524771844425260 16371671275854183123 11924373970451526623 15483635209752275006 13811989369159090840 
 6758124061712294206  8462637636001775200 12425033560241525737   878259116313959646 15246755092953037258 
14977401730180521423  4768097966965874660  6995958081498605448  6213920666889193564  4441543253939588451 
 3943443378459330569  7083261225049322373  1527496381637351876 13517231543870212111 14616581684735480882 
 3534142381802979109 16154611958677796087  3167534076575166229  4953104078275914500  6643445385419383268 
13906008907787851360  1319006883890897367 14454815227255810874 13064797109916550065 18151506781469507565 
 6429081329438149817 12293567666735130690  8068953817239193245 14659868918267774162  3227819701366221974 
14186067572710258513  5367800790441808815  9446077462798497023 14647847056592741355  3703263479404141671 
11993502270746597248  4668943852154563075 10412712519600182966  8561475924994330740  2812101085102351200 
10426937181396835131 15454411619780042678 17314726601869308304  9508783978093513696 12671601868705002877 
15438548314988853084  9315069653385992690 13436438274839283064   492296698239280238 14741848323302282540 
 1235549418044180894 11274590545823639234  2643214506394633493 13171693156495432243  4458003258542320566 
17682325371338437242  8002755226488817342 15233704973188000110 15884684721287091759  9546977098595746701 
17264427428086133202 10879730616551141812 15005503419213488981 11325861429690906115 12385679528904623348 
  635329902344113104 18265834161324815691 15836683479147375625 14653135259323440663  3733695933528984632 
 1771106756836879434  6011826534372457881  1989768398634365939  9789808436935302763 15308204647122118590 
17420971832118266563  6803570937220861787 12543940346180461639  7107529713589610848 11318760569731084566 
10689048621990802071 15796568322593224602  4884887381882557062 16952719009191969444 15141129548552616674 
 9996203738290076958 16955040055302846624 10192395676303668225  8977060999278250463 15071452779220885505 
13703552703927491356  1197427638912386392  7596194937122290083  5556174854989327449  5250823661398025348 
 5027830817935035081 12878797726316995570 11505049010420740398  3885560533857682253 10537948892711572413 
14950358975525933748 17846314488672560626  9318545471892035903  3685503860547704393  9001219158317156270 
17064979683363843977 14080353635621576895  9592004584633847188 18005849703938631513  6837721713956526171 
 2004602641610670787 10295441116984908421 11272961802663172312  5315972137943283353  7071957436089182506 
  361669114124944351 12450579538692576600 11859785454316743624  2757633269794073065 12063338663870198685 
 7508645823999903260  5961972481201233666 14761264466755224078  5430224533417000029 16614745701983138593 
   77308896305494131  6416887578870701350 13050521913429306229  8525941328355519379 13465108853860911047 
12478772472069418491 10379754530197492796 14663086985443132945 17891843322613639772 12287342342165410706 
 2642538602062847840  6348270710016714925   732522797829681002 15067756066926013365  6780754054551050295 
 3086963160694544282  5410893610919177503 18264934262881102466  4921196547520383685 15804988570594347089 
11935960492355872457  8417292967339122057 14088424525516405843  8812492119175195119  6222672190680253729 
15901851805109565618  8410893082645423536 15364728240996679836 10501522178144782053 11636953735087373420 
10010351585040945725  7519424628657792129 10746268854303465470 12447507686436092768  5370641181655965191 
 8067814698245994255 13307111000159915703 11079845303172929322 15294547939498894336  9664307603779582374 
10679981363131333251  9885737647276664443 16267667625883702100  2406878551911796168 12320549355264969095 
16152616495030256803  4322719855871687043  2328872556935793734  8505406936374617485 17343785698572733408 
12959228071134362200  6383492923829296314    40859206510162410 14609421618328788886  4235448729363803545 
 6451694563356595896 13163002175086265739 12519766101375389988  1546510650762086958 11500168201921295966 
12499056977066807655  1379108529919204356  6831197686118276145 16133148958525516895 13934439128800933431 
11406268882423888202  1110237059728698862 14782294982306414123 13113641698574496117  7840908919053570730 
18327946652946359266  2901692823882010396 14305453891707207892  7876976939314859645  1281897584026545305 
 1854342866694819861 12625874362376614403 12641906741796051391  6188402193353894294 14209629424733769478 
 3930199570378081676  3099045905456564145  6939411269539921472 10918810154071648522 10293561608553273995 
 1656361098746161666  1387823813450365548  5337141578218277250  5052083436236445396 11813889029321356766 
 7453238110864803335   515721631484692131  1892172939434975616 17269209230459642013 18137592248448792965 
17509118846363830981  6539994871744316215   416398620936570874  9758358392492504243  2282983511235843011 
 1712888426469691710 15546690848487397620  9148257172970933544 16644071046924389469  1473279832611030520 
11709776030772560117  4036232721074862808   194512159476594181 16334758903768550662  9580388585447870500 
16982885132471593457 14836411547406946493   809011876554940930  3139867885286271277  4082441975651738607 
  609163446932243989  1092479886218412578  6388768072042675146 16388344059440706965 17402547788785622012 
  766845638571190976 17485917828325793571 13223458326636732518 13886873102200659849  3270708387602102839 
14635880848478925977 11362299961372356183  7717205392546717457 14191789736475331804 13993738304853204074 
16253516115225898544 15247855233826358451 14346963014633890014   746588435144143392 15503239796747269833 
 6758218989296619462 17632303565625603144 15283856291826617289  4245337827402762665  3051442131109857106 
10058468875294160056 10245486154312244579  6199238372354865787   192271104481053571 15482696231000617203 
 1536122167972602964   255561964666929174 11622924862558286387  7742217819016735875  1148630996799911178 
12298221168087321242 10870893194215050652 10074387889098632009 10135989150456643258  5516484120669714685 
 6413134181930231150 13031284836996801076  4855084598283591783  6670033491409284907  6874761933785904668 
12840550872621562597 10282578428737768974 16395389629724508152  1122471566470175958  9047922071601725423 
 9201501253195211100  9684557252078665353 16482293401952204949  2217073579418382692  7870798560242568465 
 8742630895195613165 16617027373427081686    24229567985362967  1845764456861996302  2885905358178447614 
12351028368747963626  7273335001807007137 14245400489952871190 14582534246002539539 13064948325247244742 
 1251647074718709131 14041599932164310735  8912609908207650269 16230802841995553527  7846896611210397473 
 1451245366942482955  6177778488891840242  1732803511717749749  5863341702690887240  7575493580624977130 
 5020268123420725302  2691542673534153813  9729525581324572649  5390633003136941936 11387582882834613131 
12979106512507332407  3156501306445397639  8232021943972289169 10919421132988401364 13175754664831165740 
10782172079665253299  1240975227842290524 13063517868102769412 11784739048800774071 12221142650848086637 
12447236549008010625 16992140277126826372  2750905167012318329 10579516238581179981 15402764813701427279 
 5756311719971196814  4698169142910517193 11366891318967815851 13352037018577044820 14659712621294685317 
14279745673200151958   343199848364783469  1065373956768532233  4494024569441574457  3287962342930172567 
16102851219201214042  8942866107853172897   472418759350538253 10026186661745993619 14852445506493265970 
10661602302248701830 10435799244119942138  3001580651898215729 17543792763246011803   653486800488421938 
11826263808968316179  3612202116503097737  6927994326308069116 13689841340927948883   515968956732822051 
 6736810230600651246 12054697315268280215 14864346281964982777   872527543276712380 12452971983471740507 
14030435101191981727  7626302126976198866  7692703384498989424  7858611181501795488  4675725965947211632 
12292525558273034001 11993602560999244767  1291339897006376247 18067127880314019756  8135278320245626369 
17939614650993439009  8928407349128336976  2217956377567276829 15050570877222980037 11813047404955584325 
 4083409702622830628  6395034154783760132 15700574681969764306  8800254171591962449 14761785432424802892 
  683013440077895448 15508477141843861286 13572049888730029227   731497140357098660  2520709416797092406 
15040884041374630985  1225117972275201788  4813944493962704820  3287720641333058987 11366498038338746844 

1000 outputs of genrand64_real2()
0.793151620533300 0.582239116678157 0.108347892868486 0.547718073988663 0.872765428222845 
0.228332596827589 0.356666318483471 0.529761708642030 0.849626888891187 0.786927769620748 
0.311115737822620 0.687239643136663 0.776407486944167 0.592606921702628 0.789092154455421 
0.420356309999725 0.746279280813475 0.721397826714263 0.497871914088933 0.056268300438843 
0.630388616584852 0.901058026233501 0.949250696560974 0.131592327841577 0.930250569352291 
0.613084132908861 0.874105781906413 0.709366735510411 0.617014158272653 0.044795252840870 
0.470401066147995 0.598439396646067 0.942347197619830 0.438280403441849 0.426374035600219 
0.385420868519043 0.730345305469525 0.633111366354623 0.252385742823940 0.161407023680732 
0.348489530450710 0.399677353220578 0.423495543784173 0.625467883314084 0.685926733540753 
0.736577843963337 0.464974884122844 0.671277110076992 0.549487956765182 0.503841591322556 
0.343949318754429 0.035744771228254 0.615921387637092 0.868149020446939 0.917736634977092 
0.341961768444580 0.387732954379192 0.125175157097713 0.433088990871468 0.702163513626548 
0.094756879601513 0.153318092586379 0.024382407360739 0.717643383939595 0.015493127031684 
0.873646218780270 0.153096408674690 0.914555257650567 0.108245539211761 0.330458471610843 
0.064848815594489 0.484430321057272 0.812421835050834 0.312192526993310 0.316836605852873 
0.232651843157855 0.400623462799849 0.549925101949616 0.308420306841991 0.585254583469973 
0.587475260435668 0.256601462817390 0.636108841521730 0.002631286730505 0.075684344393302 
0.549512104986347 0.003312849618199 0.197612794818319 0.377922506448030 0.248785312187110 
0.284505726444508 0.756035767497865 0.505072956770737 0.702243922370159 0.334906996141433 
0.288605771625413 0.877142325135381 0.906875985834674 0.463562766909511 0.465693196218964 
0.877644416469590 0.730972520855885 0.076611046866141 0.190672180912816 0.326184995291563 
0.440616743462973 0.160622830536014 0.225546437711154 0.240397507201993 0.620228216905607 
0.937834959730266 0.233793909071191 0.157805855006973 0.950611829062071 0.892294278445451 
0.481175017560139 0.462057963038463 0.625542893405656 0.102673724132138 0.318723038421361 
0.617075040062914 0.259983189905527 0.114710055128201 0.487731908506712 0.484856054397655 
0.913839327094156 0.557704174594312 0.503238100381343 0.810920810046858 0.352202790041193 
0.125375437044123 0.148994437762388 0.207759415576534 0.344286826917033 0.615298907977528 
0.808775635491521 0.271447520364227 0.395530702497076 0.009141522669681 0.471799596426598 
0.089836239740297 0.797948760917720 0.452165658754289 0.414212699084206 0.375008646739541 
0.524241139908521 0.327271354938114 0.631835971180173 0.030382325943143 0.316418376950304 
0.996160836109076 0.701081639183815 0.368440161888991 0.435849302328226 0.547988395196949 
0.593848124484441 0.977344292999854 0.752846108146250 0.750534497583209 0.710314692390855 
0.213787936589070 0.351532434606796 0.889482072021535 0.494984294968505 0.906466660428621 
0.518016637653231 0.201147658596246 0.358238649164611 0.046859827224948 0.359157301591207 
0.101766875341443 0.489539596581188 0.629975760590282 0.228929072189034 0.756103008239111 
0.401682827605868 0.265695335445123 0.040288660562815 0.601964798877946 0.188933210882751 
0.680985561633746 0.355659217593563 0.745355290033944 0.998490487684676 0.268130324609016 
0.063820305890862 0.209424043346350 0.747747715820014 0.947960111396601 0.151960725245159 
0.162806981230751 0.769516419663923 0.177182006806625 0.296996077564916 0.888793131630637 
0.525483933573549 0.423517493135906 0.921108800277786 0.736301649214904 0.456321614400178 
0.115206727997881 0.635161782932524 0.585004180473217 0.550991337071465 0.748750280041700 
0.915314006312728 0.796881954944444 0.535050837501004 0.620649560564449 0.062795199807232 
0.545240453188475 0.233821505874987 0.233219176192552 0.124929173978595 0.874299033243489 
0.390888921403011 0.254444599367001 0.242953996529220 0.218200064904589 0.613301650740744 
0.854184842158195 0.175825718704156 0.386100607523177 0.243834676269170 0.724915164885217 
0.201044723775700 0.839045477886684 0.700965361625209 0.076689851071340 0.366053522763826 
0.604427164121153 0.514457903129356 0.825894428134212 0.893916297443391 0.327134086070807 
0.664018085704594 0.569357435309369 0.879480300613300 0.498014068372654 0.403643945953438 
0.006047616323455 0.752189205391471 0.209290234273349 0.178490484321316 0.505881829114756 
0.020927363701802 0.366109416209996 0.987164534173652 0.073076112327802 0.635521764633505 
0.444374839821141 0.915690408770694 0.209991140932645 0.442336677989809 0.834929834483052 
0.746406640003617 0.562082163449950 0.312929483646171 0.623769655063662 0.561594720301341 
0.224813505216174 0.139596075456112 0.300203792378217 0.114275480835582 0.792710293593062 
0.542379820137753 0.811892206339989 0.603423165706746 0.156122071461087 0.884561239042234 
0.217315271207386 0.357023927890773 0.221839528572660 0.105837055065157 0.337254000638454 
0.038494949771945 0.752433039643338 0.651164968049169 0.962966338015445 0.498592419604855 
0.512234420905371 0.923169211743088 0.621966456780371 0.877320981031019 0.787699269128530 
0.233898553688812 0.755993726853241 0.586221617279069 0.450250563603420 0.872343344153028 
0.436018943584201 0.167669323976501 0.364207684487735 0.841581099007543 0.886962151872003 
0.383268525014705 0.495660981016408 0.774105310464255 0.929582956071087 0.862971927759853 
0.850868437707031 0.173779079564247 0.852501636745848 0.462259210446549 0.059057583393008 
0.247601672206657 0.357097512175271 0.723578968011171 0.746487105070187 0.190896533085206 
0.356196881841770 0.456379632797691 0.855765885555209 0.049730332550094 0.426954885169691 
0.047382738948079 0.706511672125848 0.640580019032078 0.413325856198975 0.191074118089190 
0.394827568203184 0.705273344962346 0.892340960640373 0.420386692638595 0.198707204718515 
0.696810942639042 0.918358270728487 0.584948299783821 0.132570640015881 0.350342639659890 
0.575738637951193 0.401943476250130 0.830160071076914 0.260015156785845 0.371959286399580 
0.671082680921238 0.053395586610996 0.046559932323371 0.536592317396868 0.367235566404283 
0.252509905888114 0.615643624336709 0.823891790845989 0.446797562629348 0.300129837319215 
0.910670321842989 0.842008682090225 0.006236740274830 0.856729778684260 0.070287009912342 
0.994024698225875 0.864118549310732 0.030035112340486 0.328978605374477 0.177132785498952 
0.675603659611153 0.225758563141313 0.980016167836356 0.808615134067494 0.745247238066247 
0.137996743640003 0.386751112718175 0.614049911153199 0.897021258646674 0.631147791986366 
0.960089145732401 0.026789907372368 0.434416832121539 0.643346163092016 0.258014140737401 
0.380650000245466 0.203346291950956 0.163207006885502 0.255362652796563 0.624079094968218 
0.897609812849579 0.781982808026925 0.565726123231251 0.962941316792221 0.178944805152823 
0.792732326430650 0.562082701508140 0.608617453216758 0.017889990486456 0.477930740050380 
0.989441383666136 0.456398200833072 0.854220065480389 0.980286697739615 0.511806388995922 
0.074594803839695 0.084006472768108 0.741157421179904 0.685444334840648 0.868493222501024 
0.796335790394186 0.676807259361160 0.147733182678801 0.065149493471437 0.551714517718080 
0.601942423633408 0.754248987920862 0.520050815580791 0.584835933670786 0.845612540831927 
0.392802574478725 0.180683980096108 0.014310401931386 0.201784957628575 0.639774346009779 
0.365808694280564 0.627713345463031 0.165746708756135 0.153497246647237 0.467587411848432 
0.379356757492695 0.943493272591031 0.931721561904345 0.209910258341243 0.122588197642939 
0.397047829484763 0.088746556822025 0.116299431924611 0.949289424643709 0.416116294682805 
0.941563632747420 0.561673510141205 0.748566989871428 0.287393599252662 0.314024126554441 
0.125291544639959 0.757185127872726 0.896234941757210 0.496698063395474 0.393860823793795 
0.967010955386409 0.667378639782020 0.847751069106178 0.654657450056713 0.019702996585871 
0.779087052515819 0.048654157703190 0.186951185322485 0.662454811612822 0.085943531137922 
0.936254537005942 0.329670326592704 0.895906704631669 0.841052138009342 0.769591630569403 
0.027541741880767 0.082809835558494 0.592824672923260 0.011314206973701 0.221731232309672 
0.118908897627591 0.715806111530388 0.151128276038556 0.039215165329274 0.096712304202901 
0.554638852070436 0.185151566108951 0.012060545516449 0.257587447162310 0.237601368384502 
0.190168985233401 0.799893450096713 0.037977147294670 0.567299541831938 0.346397461996420 
0.196943070310701 0.610892729028492 0.390837543096730 0.613431891347353 0.940918685515121 
0.264123495676776 0.678116914139811 0.614158610519103 0.378075371202419 0.023381590695263 
0.529094893356647 0.538481190333011 0.324133877526554 0.466443385631879 0.016416439508617 
0.071339131954137 0.963650443301627 0.226736102122430 0.650100933030243 0.315431094645513 
0.559178515126014 0.968144956337409 0.353020735911113 0.760551114681928 0.567556962604420 
0.899392063375879 0.308230291440060 0.907344203343911 0.951571875259464 0.664132312810102 
0.592186866510161 0.667314111844034 0.398920908340093 0.749636849147247 0.565313342344107 
0.641235904660202 0.063440252469417 0.078685469153864 0.283092076764986 0.131291078580179 
0.413608283007700 0.681610769657856 0.334392493666941 0.958099087346961 0.440428453609900 
0.118751706039346 0.368439824723284 0.155109087575130 0.333583677217458 0.954950956218134 
0.967866614260902 0.925556392058011 0.827002853336080 0.088062431569857 0.884770595226682 
0.846202702538569 0.445113959571097 0.025750195149817 0.266478669476293 0.737295497568863 
0.185473736908118 0.952864402761466 0.965932066645100 0.992310893603039 0.544520464575402 
0.624331624882414 0.147824638200203 0.861577526940041 0.998182582688672 0.769325787034149 
0.634069853364920 0.912179485102160 0.360288005789852 0.205058007999895 0.583554323102028 
0.452820759814560 0.659246611498660 0.268717293048866 0.004202619919147 0.510008303296696 
0.289999381010765 0.531449566145349 0.353479165903653 0.264730004226958 0.295796722499244 
0.715092101192497 0.421278838972099 0.596831207120641 0.361821436096496 0.958432180164287 
0.101961670475137 0.825058402656684 0.487521876544677 0.840470360810882 0.990148775734876 
0.990637242858334 0.932948317375981 0.443323755085704 0.845800575182739 0.392301995486955 
0.804267374503484 0.407657987706747 0.306176238330088 0.177833014721625 0.450669141012818 
0.904775537929323 0.212698976611926 0.602703138859788 0.498363920071861 0.715976689747494 
0.969012041084906 0.019403786785668 0.221056307197208 0.827571251052396 0.968359600286838 
0.372968018096520 0.416485757937394 0.622651093413465 0.986508282915501 0.768856701048151 
0.638870594671684 0.979690739151337 0.124934759053184 0.710460839212382 0.644734510867205 
0.894260161626813 0.868286806776705 0.592629452693818 0.242782277042547 0.331755189949633 
0.521864727306586 0.892896431546441 0.198216367772949 0.265110030983279 0.298020207441266 
0.100290139201923 0.185246876531390 0.581785601986244 0.934576913057777 0.695703611355646 
0.993189310970500 0.673057694403190 0.599767910133517 0.775625010501973 0.487654037693637 
0.575589064316648 0.480119060486263 0.855010469207170 0.028518443194499 0.131185855251601 
0.397655767442011 0.569044639041661 0.862343084972846 0.005075135995305 0.850940716191737 
0.447160963130564 0.065009187805724 0.801004442968385 0.782579352052457 0.483315994688958 
0.823671525043359 0.282988171566971 0.429650599007087 0.846177351845288 0.233850956344430 
0.428694020676701 0.385551855455991 0.852297060189060 0.255767765662191 0.949201482690284 
0.274262008985972 0.994858101466472 0.483295934784780 0.837880864153989 0.371066248254160 
0.249902632938097 0.961713537034846 0.150483166654138 0.364172491190254 0.547684070311516 
0.732723442187788 0.011680563932896 0.069769470113209 0.241381658752895 0.535600783201919 
0.038494400089667 0.786120293317989 0.239008688684081 0.281266528565575 0.278215481374355 
0.207724235185075 0.473254975092007 0.893831540949726 0.603379851012371 0.740275847781634 
0.093244911154550 0.107763546460856 0.917077910785978 0.146728217477954 0.028134311175256 
0.508541095464651 0.517318143306378 0.476811111259879 0.443866086856104 0.665963473765199 
0.526441906238601 0.750737140399982 0.036378732878639 0.536336471305655 0.929172439043248 
0.758117220966335 0.413944380124574 0.502776557702822 0.445047498818551 0.856337039986544 
0.022146235343038 0.499254496898010 0.831889198232995 0.714070687096499 0.513054860885075 
0.112525368389625 0.651884601895113 0.629657048472338 0.699965550604605 0.322802374964428 
0.402257137164928 0.567740377756455 0.638875055305883 0.927423147701248 0.737065189415003 
0.046040435347484 0.694248533984577 0.599834111524452 0.496418208234635 0.406531370750902 
0.806916268407916 0.412377177306121 0.032049385137701 0.338854865203742 0.167955708640825 
0.669385161755180 0.310719548037407 0.998823806090360 0.439434667223764 0.680329149645637 
0.219406178942600 0.130634393953636 0.259038763962485 0.243783635926517 0.144024782666309 
0.156792774788249 0.673825184965417 0.238612508335879 0.173170441148797 0.658204903978438 
0.056479539110862 0.167415901474763 0.159998999587208 0.978794215480263 0.942177465479263 
0.193009212713109 0.524220019602017 0.531676956838751 0.220229038470807 0.988016602988807 
0.939073452843736 0.439403255263498 0.551547665182443 0.540476993341988 0.371960302841898 
0.398418213491066 0.719486915646587 0.028739151482707 0.626591974878877 0.403184919607032 
0.094352127021945 0.979932059086988 0.778426888161501 0.147060130147772 0.118470607210888 
0.607663619477408 0.338482095211230 0.995621563108238 0.639143613222620 0.434665232435693 
0.591437709881101 0.131946569181977 0.302749420250951 0.798636643909133 0.427455933756622 
0.775953912529739 0.208071357914674 0.121363507801261 0.460338951688572 0.379502290571992 
0.537310534871577 0.879716872171973 0.535929191948335 0.126744320455601 0.936281959941747 
0.923001299462408 0.763667310097852 0.758485728051291 0.233814777490352 0.687159438745931 
0.289819808173772 0.076148503353336 0.393162619709294 0.831569473282805 0.778384279412102 
0.947924012514416 0.455069100996443 0.046050280691361 0.053500591690931 0.178917027282273 
0.116588513299114 0.831709354441481 0.839333795109885 0.977079837220312 0.669929944588888 
0.298316700907929 0.502054064722893 0.081761852763467 0.831691555062156 0.803926667827063 
0.116486818711280 0.492968013576099 0.756708289769316 0.067573073953014 0.104014871121390 
0.157954221143785 0.331630727342068 0.523506414752606 0.841482586281971 0.313420541634577 
0.509045641249459 0.071588165085220 0.429878678397153 0.228996355236072 0.643882722981489 
0.572712884294663 0.753836123147095 0.585837004689047 0.480624159453479 0.464625981051176 
0.300633758274511 0.929650384809609 0.228432463882950 0.600716280151460 0.678648540136522 
0.846119303296338 0.978141601462286 0.823623925789999 0.757533684780070 0.734341701558480 
0.778927628907415 0.865731667706240 0.260298645369912 0.738604778104901 0.577321521027036 
0.645309150370937 0.189992187754231 0.381496126311587 0.933900664150878 0.037237792494012 
0.944329181411194 0.378398282795506 0.413428461434570 0.672692425673133 0.757299610912597 
0.108991513706190 0.745170181522386 0.062251857514937 0.109564489570856 0.558329816295927 
0.775400412554811 0.124465117857916 0.173128580431265 0.053805063446972 0.667696970656119 
0.132034311262952 0.376087505138343 0.839049945752921 0.678442764293040 0.755184281151926 
0.649193923823018 0.635667265469588 0.790994805866117 0.909428049988295 0.494174605723552 
0.549466524408376 0.769250260882526 0.345545082311282 0.847568556360648 0.659888529236782 
0.933167158725130 0.840931270603785 0.142448790044156 0.854118580075894 0.269294434328507 
0.050735404850314 0.946983788842762 0.510891135403863 0.076065715129225 0.886978771407496 
0.037496419474388 0.526794622102501 0.881238202318913 0.649696645232621 0.520121865127122 
0.793301865820856 0.798650481307661 0.392047119007443 0.132692427947961 0.491927321223311 
0.816525111421839 0.433359437289103 0.559550648656415 0.251550255532981 0.340611113439963 
0.903377868035975 0.553726128046924 0.839955252136506 0.994205829289528 0.825704734245510 
0.868455638487146 0.017344301665917 0.005282684512323 0.167144840424275 0.409022798959909 
0.682684510460113 0.957082836491127 0.853081912541175 0.075887861136587 0.951463083530616 
0.605360373156799 0.838795768203803 0.700213500014292 0.756217138411657 0.419678852509453 
0.354815923763476 0.567506161961769 0.242770620349405 0.312512763573003 0.216978319294424 
0.208762894908274 0.773580131770876 0.277851848001204 0.647511767687042 0.724707511045384 
0.951909506943784 0.009911444139833 0.281407926693325 0.077460882428164 0.958126233225348 
0.560481884617816 0.727803496042267 0.695881209481302 0.567826962598376 0.067188923135344 
0.012569764969134 0.164957401322527 0.899884223379410 0.246754911080281 0.050497557818135 
0.761976372865344 0.496797447927804 0.301516419044835 0.062787967965837 0.391019311698644 
0.934317118505723 0.292284526236403 0.658207330410356 0.343599620927183 0.341904270078641 
0.528817057275757 0.326408183832441 0.043693520927088 0.972784407942167 0.837465710790244 
0.859564259552352 0.513091508779558 0.174849418665025 0.468945240323772 0.251710820543101 
0.887436554828554 0.948414801540583 0.546825064977636 0.638099010872364 0.278603910381303 
0.132501162431518 0.650064533298393 0.798963186606341 0.176718705680034 0.424341427346737 
0.399618478908006 0.002138395100289 0.279207067711670 0.000359694067210 0.748432099552206 
0.935033489115806 0.122104252832371 0.330534773899545 0.619557933818342 0.213315268536566 
0.132490516874168 0.108208824269328 0.523121037583743 0.199923606607277 0.261379698056354 
0.982019580862215 0.733015120805171 0.695135356850864 0.254504426000990 0.278040940966327 
0.639370769331232 0.687413810079430 0.786857801714427 0.735625712917965 0.089601580832660 
0.881083069225938 0.665993209895950 0.711472297373195 0.651340842131030 0.161140935566281 
0.031277636218225 0.169279472041306 0.400382808428660 0.048069633175182 0.209299589032673 

1000 outputs of genrand64_res53()
0.367941256147531 0.954887883139338 0.778592427268738 0.880699964525435 0.617374901206233 
0.300198695269771 0.341788909684703 0.622400315445305 0.022684375319301 0.426862854360891 
0.153807844246558 0.148968519887830 0.226245507011583 0.369313288121377 0.234776939798746 
0.063152391791017 0.485706294728853 0.381442731438605 0.271240475478632 0.024437701021422 
0.768220737794873 0.395083385648631 0.653457779131716 0.483467539482226 0.887602886892228 
0.955650146527132 0.050791987660628 0.348708788704807 0.006919443938560 0.307650364935484 
0.159430666017082 0.516385060908200 0.764902231042039 0.158662599466130 0.994385168946180 
0.033433839019420 0.500249138493878 0.786392747279594 0.328656946594812 0.498197445819577 
0.121307240733554 0.682639445337954 0.962910666305729 0.842248881939972 0.720004959721714 
0.205065100689611 0.211916403766583 0.610641624719399 0.733840641335929 0.500972925569872 
0.326134539425760 0.961383798741025 0.442823708015154 0.821409577744935 0.060946072835287 
0.954059094157737 0.463540427395126 0.495462804231677 0.653884347540295 0.895671757715533 
0.014015277770244 0.036340758502137 0.098818691183889 0.603289238333419 0.153395902914887 
0.461989433819631 0.113730833000870 0.154782895953101 0.332698383081804 0.639806899224507 
0.817925185920091 0.845909003388965 0.533152600054372 0.400702758100509 0.852495570950973 
0.046589309382579 0.066675239147912 0.186347276960398 0.373267680390961 0.138867929626457 
0.363892501848953 0.967801173564046 0.221815364165761 0.664438988799811 0.763099701881384 
0.619793425917381 0.249298182402449 0.653807405981566 0.542618533715964 0.225243652687923 
0.810668274568266 0.350266271504788 0.311802970353657 0.683993301257236 0.329242776466951 
0.412274372014056 0.428969263378306 0.070327387410702 0.538340683511338 0.520894619297697 
0.326446683931700 0.608314664225599 0.222873563279411 0.751579364393592 0.741046886836528 
0.605960344377731 0.520875551999943 0.249033213815952 0.638386116845873 0.274961363768654 
0.454282876732505 0.264842619324473 0.700496598579624 0.420250759259128 0.069124587123050 
0.991954941037850 0.619716934323734 0.247220719595550 0.837738869224166 0.583530488117629 
0.147956794960276 0.922441413769570 0.895860517170960 0.170899015267137 0.289210750748347 
0.584476177567476 0.291430375984170 0.609862768840231 0.028445555944123 0.123912378332871 
0.575280141913736 0.113825247744024 0.178964837092814 0.422389491252829 0.674179679114288 
0.328761561305008 0.053049055292987 0.774529876675115 0.667032860618949 0.225374753511652 
0.167914022911054 0.195558411511489 0.041175695090342 0.012488097243780 0.989992650211557 
0.252680924424684 0.634495263574381 0.489341800494382 0.277079188327556 0.142101411357341 
0.420825662491362 0.671144282922693 0.617671260820206 0.414176683066301 0.633517804267008 
0.031494747027019 0.210945342659385 0.916830557540323 0.583293272218720 0.225654834809448 
0.518798120770507 0.305669497317281 0.784602493719031 0.013562478177942 0.463445607889433 
0.623802855898534 0.522760346806543 0.630241574465986 0.235821694929652 0.689262453923249 
0.999253010845822 0.440424249786440 0.703440954537445 0.083599124895139 0.757672707153008 
0.394511544084302 0.135828809124653 0.085764307042564 0.439761825890168 0.082760787535475 
0.963305476154101 0.123075371772696 0.849715789065312 0.921420887991649 0.973231112725493 
0.837441955707847 0.302753073163467 0.873825495531924 0.350806764307936 0.637040906973499 
0.039692816305458 0.756360180553073 0.511033903924199 0.371598351070334 0.704093304019386 
0.208352728170789 0.387357626162896 0.725767538344982 0.628928609405747 0.342004695684516 
0.114257197964232 0.138636658424816 0.467981295517397 0.798292449593149 0.781538773321309 
0.227380886055041 0.960197397943228 0.745699937650249 0.155040953590769 0.510219677274892 
0.516046335773828 0.349706485612991 0.738191918252732 0.829562693269147 0.411541144255144 
0.291533013890612 0.525372055348739 0.600236699511062 0.242906326776080 0.926326198152458 
0.103391483595547 0.452864561735627 0.755517300901666 0.870674497963575 0.547868936943219 
0.729548636084745 0.630581645964543 0.688358987541260 0.997214799153427 0.505490038881965 
0.983798189167401 0.065398687242435 0.327398812846067 0.398247106555697 0.937761166809673 
0.710855748660919 0.175151340557721 0.783467320913748 0.132297102046094 0.718275799280145 
0.219213260476102 0.512421155243612 0.785832972398004 0.946847122696370 0.859912336032628 
0.473200121865780 0.007332130205064 0.019075285519716 0.475591047418094 0.078383097049155 
0.732728719232424 0.559745322201556 0.713176543511354 0.619414851544160 0.122957683402579 
0.815304085476188 0.486199919142103 0.723703935250837 0.733448803311791 0.231104494937109 
0.223128858984069 0.215929954040339 0.626086791588288 0.967158750626983 0.300166963109610 
0.234731092517706 0.301149178629418 0.533627246658690 0.340613647499724 0.239624594456356 
0.424773732150894 0.281915932680938 0.843958412512240 0.523993223067781 0.694419076604511 
0.656503263414899 0.050955303573970 0.532132769980587 0.916010361707947 0.540758992754107 
0.400914440756886 0.198228912019908 0.084542251113988 0.347127838473940 0.174340860013067 
0.024125923854734 0.509806015767937 0.844149302002981 0.648471752256205 0.780482555542786 
0.429712284708665 0.316535638973308 0.517462454305698 0.590057277264836 0.909605831762445 
0.819016310934575 0.249179322085642 0.704636093205623 0.909747009083510 0.363524029512487 
0.597036976928969 0.862098347308604 0.789898350615598 0.640008338580462 0.421993301617242 
0.284739243882927 0.460257044595269 0.960196950122790 0.208839578808834 0.735133645096914 
0.672714611400790 0.369801980774380 0.898304509538325 0.653297418254783 0.472498578848431 
0.715315318173819 0.504591860061706 0.971589156494258 0.074680944252778 0.899700310804360 
0.381069365651371 0.954237057733720 0.779152440641134 0.381444820482259 0.494724253225907 
0.678948339733452 0.750726913257330 0.481178263610636 0.692157741494265 0.617804097343124 
0.835442663773519 0.232993603219077 0.711441519443121 0.958334038353033 0.970053427221301 
0.779128515209752 0.145861800346056 0.652965112525216 0.837969973852688 0.379279379136714 
0.480741515109102 0.939637980390223 0.190956061243788 0.116381994648877 0.271727680500527 
0.292967035088672 0.768974147296299 0.794587036107675 0.973986214001790 0.073413617274556 
0.061540579937846 0.346136452574122 0.812429346706165 0.218224936656007 0.358982833875876 
0.852565624197402 0.100219726067954 0.515404641147828 0.570262114534590 0.668292100577180 
0.384974103437913 0.184363149313659 0.126430106686013 0.660976712536308 0.320882873150896 
0.498518559559832 0.575909004558428 0.713766502450303 0.069152075651405 0.625988604996421 
0.490945657816052 0.182340556227183 0.299177766590284 0.657013335370516 0.851207073130186 
0.693527340543065 0.074459100241398 0.215359353508065 0.249057764406030 0.843285736470323 
0.045858145038304 0.233072169580828 0.040384283826649 0.880542547727171 0.809149489817917 
0.792518169150583 0.819306113414186 0.071733302419829 0.181514809139385 0.382841519410353 
0.073669821846368 0.868249177470611 0.086369979383403 0.053867913612074 0.809513548281221 
0.166306902049971 0.822261159578660 0.607234730106822 0.693546862166751 0.364304265634865 
0.830041713006797 0.083078442096859 0.958059746473327 0.419366097968506 0.509270205171826 
0.121335727621698 0.497517784380412 0.425558142306709 0.444506646334743 0.774826425554902 
0.098523782148434 0.985678041904141 0.469239600307420 0.907256703314905 0.480878407242858 
0.800796678356313 0.988276120085398 0.973777478608888 0.438643731448427 0.962813013616681 
0.967113771399915 0.236367380255803 0.376943581082786 0.130711006309638 0.548733226371235 
0.355688445586785 0.210395879615497 0.822221907400290 0.746281101449233 0.422841600881577 
0.243640397048040 0.377602909808683 0.766779405161184 0.205701138045781 0.120463947494067 
0.492660356369907 0.220520242430646 0.255600083443076 0.824875659868618 0.279512782365652 
0.838632441427717 0.398296600347409 0.307820484895786 0.604254401383307 0.903306578975655 
0.386981237369435 0.427292518463366 0.209890209602523 0.886159793581924 0.116600330254711 
0.486975631565337 0.990174803000414 0.898123017400944 0.203785418708138 0.678091028601033 
0.384421437748688 0.681186262836220 0.084138953502625 0.860678301236336 0.717022128310394 
0.813107168865496 0.757513456282881 0.152114411681219 0.646116335114360 0.519854950145450 
0.544279344990979 0.726892690603002 0.237801637666122 0.978951866108269 0.464405554463613 
0.636252898691828 0.687783824784492 0.104811476179126 0.392636209830855 0.310885799570114 
0.146180435994844 0.877292251223600 0.807762135022013 0.798758036759560 0.136865776282585 
0.565125751158100 0.108959962461244 0.245807343003503 0.108433413092262 0.697135242909659 
0.546503911647985 0.551223432765885 0.594586122460490 0.626887984610532 0.128818982993221 
0.609582531778058 0.361553728037381 0.751827649388120 0.967093437593909 0.281390022520556 
0.486176368329122 0.077862991785399 0.838132786870880 0.592116204008421 0.929429533417327 
0.087702927772803 0.143874341450893 0.646924315851463 0.986275607960923 0.509417917383137 
0.753029064345716 0.003544389726389 0.364146523227775 0.024975920822013 0.958932963438519 
0.523981330631960 0.636746186473005 0.387522447961152 0.837618402748437 0.619455459352903 
0.160029829055328 0.556741672467832 0.258973208482127 0.281654660496391 0.921707756535665 
0.885917543492137 0.009064767183446 0.212711381304139 0.538251723405247 0.582963044241375 
0.703537080432139 0.495337914060769 0.569858722242821 0.786764755978470 0.683613558093205 
0.142836305595131 0.820877392446620 0.304072444734834 0.434920554641482 0.401021721524912 
0.163918955932925 0.384367817785537 0.867814355967114 0.413489728953272 0.239963824232204 
0.528138602850035 0.542203636326301 0.898385968684108 0.296966513384730 0.571833419970731 
0.450904654475585 0.735067506787113 0.903764172677533 0.955650827294223 0.408245695453416 
0.746900656098284 0.992534991316754 0.427070468454582 0.350308180890954 0.574272833906893 
0.767111870330853 0.119473497340800 0.647490571048659 0.470818355652724 0.136443169027755 
0.347608826514306 0.483215802599287 0.829240351477001 0.498245710138099 0.004795635896780 
0.720478684553145 0.568842729170487 0.105180805281462 0.956973243156979 0.531708624625687 
0.619316093299252 0.325120083958317 0.573103793443989 0.820487881901671 0.491328854646076 
0.980168848912219 0.676492857538435 0.944525202828334 0.554622292050825 0.556141192485524 
0.523124881255313 0.677189979391181 0.886906751855572 0.385751393233788 0.870713790537969 
0.371822789573985 0.156733776614319 0.619570915288091 0.094918839150001 0.650819031091131 
0.414431386180470 0.022462837065117 0.839259337513915 0.211379332368330 0.011610649121111 
0.468892593038464 0.720628144089531 0.186072273330046 0.252392750813466 0.787902906909308 
0.694425147019742 0.673324804078086 0.514833210496673 0.139715108722498 0.103232096956432 
0.092271577494397 0.946845035682458 0.673196122224216 0.454923325444802 0.195671800241275 
0.111329372207528 0.213594666255043 0.240640668072383 0.863980211771135 0.068071231204921 
0.286074884080588 0.143499898782764 0.904674820721161 0.940463904736116 0.725429145833293 
0.166718329629753 0.798519069313662 0.756892003078057 0.772564051633083 0.287297459240417 
0.831352596010305 0.862655735790300 0.524436872250718 0.575429534924947 0.938437238181952 
0.318407439579199 0.666178827492291 0.323371582749137 0.256339596533656 0.170758888525836 
0.075304979349364 0.983940624009635 0.743574643422680 0.409825267464136 0.470688176940917 
0.912753174480365 0.450253819771685 0.802941673477189 0.810973693636927 0.947232970512784 
0.677340552747193 0.962709214905797 0.264180999652213 0.527799663082918 0.190364722857099 
0.424003381504345 0.507407994571936 0.598893117222467 0.114399685588143 0.363665418050973 
0.394196017197931 0.130370068783528 0.556587186752472 0.099831703983883 0.401329683117997 
0.457785303684741 0.163176602563327 0.134935805832880 0.258510206560621 0.055254932714666 
0.459760599332892 0.824072226793652 0.181686220606839 0.534970879902372 0.048894208874579 
0.735236597823120 0.603676382935530 0.019704728550907 0.193009000464743 0.221925123430012 
0.231945563671051 0.627655545025476 0.410089594963762 0.692614325671868 0.982874037562144 
0.428554803737290 0.261913438688939 0.744314228720035 0.341025755863063 0.307238151283390 
0.884350328275797 0.393146878830821 0.637338450041989 0.157860075245391 0.573687036735466 
0.039123978092714 0.839876534319757 0.868503192436173 0.434348931438561 0.008660325830675 
0.160601465599115 0.417911715221100 0.296001565797597 0.871835665282447 0.721229590612755 
0.849677627002839 0.556942185465872 0.847907106918422 0.470038505362130 0.443168710655283 
0.034037438114736 0.498588256211514 0.912978220271410 0.832887069584013 0.212060868923677 
0.542274847694495 0.330001359698382 0.962079318180592 0.826668613641238 0.941897685340933 
0.218714791781865 0.296988803335616 0.798583762178859 0.256064965195342 0.919448419403323 
0.259896393552981 0.984801971081714 0.650091291947682 0.724448174201945 0.310380124903776 
0.214913200165365 0.975865555853703 0.187711082099373 0.328732047664030 0.892388349447807 
0.555592492777659 0.252374137578559 0.976856048283698 0.165323917581639 0.232920042384062 
0.831791991739151 0.017127049385771 0.616011495057772 0.205972801568056 0.263856039004533 
0.980055564806528 0.856911669764872 0.110338740358295 0.545830252533161 0.786650585589902 
0.034921695737166 0.853886267693199 0.238222827754680 0.315610985441035 0.236243038401636 
0.172774177005683 0.046829530910042 0.147514617105801 0.760136033050804 0.945639914122535 
0.321201986640142 0.076047671596149 0.709448767549411 0.172451996086751 0.200531290787773 
0.779803674948915 0.846072560918606 0.825502464562922 0.919005852355885 0.213986629612256 
0.478382864327491 0.133564735207265 0.678607429024815 0.864328703616469 0.961385879436754 
0.130439110490679 0.834811885068828 0.005274874331821 0.796334919787711 0.096703741747459 
0.989869509628673 0.366182978427801 0.241940101150753 0.562138351582705 0.927303939556522 
0.711037611111887 0.491843009580932 0.994050587807144 0.743849547352150 0.676552472373198 
0.658701560595214 0.245556580028973 0.669427653609018 0.467715893109999 0.494403914568767 
0.451440329915062 0.701398855631154 0.616742591711299 0.507891578146341 0.770925441909248 
0.834797291413829 0.494108175611821 0.654407057704810 0.219565236553145 0.503528937602904 
0.543861218072330 0.507603536846485 0.775326738190790 0.988992573517402 0.990152028701162 
0.596520279813297 0.424902000223974 0.470967421248620 0.028866379572082 0.497820684324910 
0.848545797368319 0.929763079608707 0.469304631543118 0.491431614218464 0.420484698076800 
0.842903333699268 0.158514936876649 0.911849691605093 0.182427721149964 0.975076401792816 
0.820918829214048 0.485746504094533 0.803811607586705 0.897631812617536 0.894665906423514 
0.633144567901320 0.632932677731443 0.387416081783472 0.481166130864865 0.836285402960526 
0.415423865783321 0.127250711605976 0.223079844285658 0.441836207794181 0.449296381916024 
0.601688187919010 0.459677232297501 0.363461284848440 0.058601253137351 0.831264436381630 
0.696045771007145 0.784042422420357 0.075406585640428 0.267426818553568 0.877143050941479 
0.422839547821908 0.640968857774713 0.829954138695427 0.940964306546964 0.761986194705891 
0.540438912075154 0.296644328635992 0.385978286427755 0.239080395578744 0.598060641979447 
0.639984193617856 0.312750616494609 0.848467289456365 0.832245079343869 0.950951475433147 
0.555389435710242 0.178659041043755 0.847224170065439 0.485433192126322 0.806296470936992 
0.789631352645535 0.785462771619294 0.932008599912401 0.884966372791779 0.986329862944113 
0.776755198137627 0.435630016267349 0.417817943340181 0.019202220384843 0.014741193413190 
0.017270095952987 0.327198927344603 0.699642093998196 0.253532582585272 0.759067183616819 
0.489371875364180 0.938950646189002 0.137591534908838 0.520747417568514 0.660956535423074 
0.617911081093156 0.066201114256411 0.241984889697200 0.051546731136164 0.062055247230183 
0.281936263485097 0.593009197782067 0.313574231268089 0.048790105366146 0.615533165458977 
0.422383765063504 0.925595829962594 0.042416226773470 0.916843782647178 0.652405040785795 
0.874416350278150 0.823584189692312 0.583833617920726 0.948061176276600 0.144763807292720 
0.852601192735471 0.453801596164224 0.821110402559639 0.988735104929734 0.913141860975894 
0.092324778049613 0.746704756078821 0.253530438015375 0.805792582581566 0.255485660033156 
0.046932044800466 0.626998353087956 0.086750257744292 0.374010184550276 0.598402832548379 
0.863710371467480 0.211674802845930 0.210195528171753 0.686732050146908 0.629352077008426 
0.080110505518331 0.502391378827650 0.757236566135434 0.455679727352015 0.734891187336862 
0.069188954796231 0.867415055178969 0.205451652368420 0.984086994654777 0.804756119143122 
0.923135292303339 0.933442114746094 0.631971879604942 0.881115655310194 0.425669502990278 
0.240290633632216 0.877182347755217 0.946257946651563 0.019883511768844 0.052935675297684 
0.002722216922581 0.519120767187690 0.181633344357409 0.096305285775779 0.836094423202244 
0.218695649219515 0.662473087637789 0.506171698104404 0.352043551792728 0.899185632274758 
0.643273094002689 0.632634556189237 0.679096236632330 0.420249811631145 0.890614327969233 
0.670415085511483 0.841508216239087 0.290957971170458 0.510349356234745 0.474915318244697 
0.476518038606761 0.944032544519785 0.010792327061502 0.863167280239791 0.744179229966130 
0.977021691511326 0.690015011748419 0.509811850670471 0.023232393278277 0.400926983795830 
0.710357658110348 0.494298297932953 0.196372517976834 0.527888088053186 0.781343964242823 
0.729954670715335 0.975317669538799 0.218574121628356 0.647372628415145 0.419418098408530 
0.599223789237514 0.146342005543205 0.280323665385489 0.550229673908428 0.057990434596533 
0.183924443861158 0.065482925157375 0.287335850695561 0.181535996490857 0.558991089652537 
0.597641906827898 0.207469170026133 0.977605373743541 0.090896914562749 0.059297189325304 
