1000 outputs of genrand64_int64()
16882222793411337873  8081990971765368597 14252666753958129408 11126925061763154179 13394438099629347437 
11912935574829894899 16110600924041540228  4866706536749909233   518539071650117148  6424099523509151520 
 9881426745655728072 18061256477893251865  9692618901726658210   443934290291045038 16168760397566622314 
13993942535672505673  2971285229259246646 15249957409116060500 17520006916818266008 11252861062875722975 
 2599013706602032191 12687723297976069599  9889473400925296917 13692322852355375177  3910674798427203560 
 5828332000202723317 15844183797332225355 17889198479983402082  8198783999423962803  6789481613651300912 
 5759136158613133688  6591205491588613711  5955932643943129432   391230727085429158  2158040177950226492 
 7880793882638018065 16450778291673521935 17073894760970418670  5577022522906349199 10718847316087683268 
 3487562783476253488  5368670521643723188  6000971485960002877 15303393011308447799  1149028619526954094 
 6664558781140224692  6821191222329769937 16240920017711818441  7066302248611760246  3483366773532597105 
 3338071516705606024  1741432292752009318 10362230245425994506  3767350064445779230 12817743662256633848 
17530038833280139422  5534701266368042923 13634034729852682734  2678314039681416277  4376018194861411649 
 3545737256743402346 15653768086326290969 14117222485919961667  9181169754214978115  4154981865357102468 
 3880470829177318015 16680171573446622596 14298583644911137573  7971694160316338854 16217730926897652501 
 5962997824445844377 11260897825511515162  4026529643285407897 11131272178490803010  7267985432188049666 
12799271219339927820   685533966284302881 17782210517433164487 17421940856476609621 15817579490857733278 
 4024294733591473715 13283294521405203190 10953372531969381366  4478756865639507370  4171635024897945612 
 3647586788465182067  6225467301049466442 17285052529915976454  4192251386002656421  3026751227642086610 
12485803749767348840 15953069873777986025  6134173671081182539  3445426679267428170  5567588879955228546 
 5881158586746588331 13797522360452822254   259935681363033994 15355112600663177200 17334598250525367872 
 4546229800998246697  1571838540665049950 13782059217259779379   459448120511029477 16860021056676158386 
12213485482016749212  8926979848645605452   130345980695095997 12160115864356219015  1114166924213600691 
 5327799639566820456  6180499828471537083 14292676146084220017  6446820686199415550 10880813637827650737 
 1474983542211828027 17507256305119367939 14662828630495932257 11032391610747903315 10465174264281244155 
  194580116237264250  2614541383085633307  8177861281131389138 13485788730789943514  8384933073527748899 
12436774781404827831 14736892686224121325  1707522622728126626   869680469701333854  3926545455904398183 
11892623213800336159  3992451093784582973 10536074255172489311 12071872872802761869  3433570441026383589 
 3770234426535531542 12960283547675356794  3699825450947842139  3935827620573744547  7355358910165715062 
11825336211966516891 17408339129540973645  4010779609318130739 13945988028355029823 12298664511306826907 
 6385120960840355905 13919711023140220185 14401731030433918555 15195223953198190016 14784767147930758254 
 6249179729891803659  3064951801540807881  7395307685925734466  6281678968330975389  4926956091892564644 
 5840229111636208650 10354262738029248634  7400425925539942392  3382197344686818269  3652675223475159082 
14366770612570980640  4420224078312514397  9049097373301161173 15960326060885051013 18138085051529014201 
   51531236297331635 13655513714198559351  3471639287725931984 17395565842981036818  6935574089211405106 
13978558737523508426 12418690403679129734 17458629831046071851  9067728758150154982   122609876496625872 
14557271976464914076  9577894453634073633  6468501318900647222  3669431797722210260  1938360340524337994 
11646159641812085986 14364186079009567539 10189681318178363771 13951133580105115361  2952794973601414261 
 1322394211556570051  2747435059218573125  6774993659942575140 14933020220543584513  5240652066477420678 
 8293024818282295501  1904559753169486595 10272496977353813518  5007700586118678148  1361049221384382824 
 6186723163949249636  8912770266441066409 13938959352955494752  8824993866544590332  2097340186087900091 
16961512787346978745 13824794646549475117 16868071155356333649 15886410303980722424  2298889752276123985 
16922308771049500463 17898946906513009918   878411392248893344 15805342850704398814 13448022583470550341 
11265497000353107074 10452142717332795880   365789921841169395 14331768633432002238  9551523955483437906 
 9183200738147835409  5881133582540668264  3469059256918872301 12683072233822485042 13129594639775511465 
 8713691949857236788  3747765199906451748 13666568817180619264  5102099194058872240 15452765063708849608 
 5778430611777581821 15435239089710116235 14826580202051854323  3629132925317874892 12530056109427994612 
10866077982443714452 18359552075943406953 10322080310244302807 12327648962999430715 12188833996613178115 
 1921660335049943912  7706916851719327245  9978192671355140912 14548039775939003358 17145768587665650932 
 5886968705361768248  5120697528504337432 15837105641543140003 14433608173822177153  5908179903982099776 
16847199634015306872  4804696553229112045   857535625465765858  2573517102859701722 10328366144510743480 
14239932882012181340  5276256109677858257  2345563683539453955   708959096235896766  1539707219729893051 
  235317407777820876  5599839696441968776 16988967483934175259 15301861577855026016 13484842884923629810 
13367454338480708427    34775147461858840  7502780587999736435  5528280615514406233 15986005835103411587 
17933998013386447505  4971607474225639362 11127559676467600921  6715089835061653019 10254055851603174149 
 2972515479464202815  3704173769574714430 12052135360081844967  8262848667263258002  2821712332838079603 
12149758589275304562 16279255775463807664 12203128930179672677  1196177883725468347   949585856828306588 
11587500495563962918  2459337291239459607 16081837057808359522  4139912762269569996 14786837783222127720 
11736516690985268409 17773471183260991773  4598951203164694062  6954284285166895906  9994646567241560992 
 4968776613520504836  3328352241562791513  5385525817932469633  6713780047378314185 17979726516078629408 
14621499914616982929 11069550358790791514 12486448368629119377 12114699158193194834 13410025435745143624 
 8951903596392002661 13220659908035677721  8530652809978209478  8565948669846217590   660500408958559736 
  466408738259790829  8306502622026242318  4110968625103498066 15094816945822373847 13247980196317734285 
 6695523495397739988  3674024726736116144  2625779305366379102  3245805423683895543 16369854230390001273 
13697878178174480846  9048749331735007996  3246096246858169913  9077506880911764286  9600006418748310088 
 2683349644878709696  6673348634238441620  2070821501276923856  8534585000446725928 17213937169143206928 
17666760133136595121  5569254559116521198  6445681189894632107 10451079925443754023   870112275852163470 
13717172667064712740 16275649410758117675 14932143591205268742 14881240316075657338  6647901063457734999 
 2763941438217128116 13371573626209103129 15202131194893917880  4614049054013527273  4233913728339426513 
 3739111505863361197 16911619460400305762  1628904228765238282 18169622749621626271  1107788598665947991 
 2498544173990235618 18196554648021336415  4331690053893292427  5667556775540724486  8976468639830663222 
18006547144634930759 16046371535885790235  2822097657162187069 13400002644682102950  1116472781539643185 
14692515622245227686  1918092404929867751  8250520054482922264  4174432166092261787  3769157696753309753 
 6052224918899641124 15876055394746764699 13818994529668194898  6554182566660389296 12191141653546533388 
 8976172059989046647 13822343785565158355 15115028992605968809 15553241083074949480  5198996033919552474 
 1754575383862233165   914703743147400254  4706897756873239940 11906453935335738376   488457468444552560 
12216425546116206718 17653446189499242617   648339752056522338 10904316034734469560  4920953301963128120 
15419079369707888903  1050638443762007047 16181170790553732380 15193720346534800817  7519680923855726376 
 9403286670566108966  1030910189666495585 14563719995755236806 14463212978915514562  4724636332229372033 
 2654164769193169838 12481338278817759672 10358713443840047051 17646294834620430854   768804183605101582 
 3096105719880113745 13733801244340028224  7965700935217630008  5822218517865533875  2271220400214251562 
 2003980113719964081  4474427728626944612 18091721048701379780 17592514373484656578 17177838165036821967 
 4094837209828698718  8236716047718422741 14137672096953359970 13822011967752189552 11561895539084936210 
 4767603468241373842 16170865743960590572 11046509525257387517 12725990699255334413  9475233901809501876 
  908906195299075021 13933333679435364657 14172654272436408442  6327359695138295486 13991815937777710822 
 5604658992559332798 14579135837643117064  2030326492527145961  1657082266023655119 14097712923082216080 
 8771907643101060750 15264355793674448220 10185325769906586369  5038148648345606340 10682807996611690744 
14648541938706929353  7233004485534449393 15328934765514668875 11102557647728035414  6527368425368223813 
12329484988802341395  5707278025378076737 17265802763914869211 18294643830123404500  5110744563776557846 
 7516438230157576164  9026062620669630732  1192402748202641560  9017432626444742916 10612153389611791783 
 1849539985616183280  5364941587912536151  6359794363232360663  8409606153411931092 13540572218002805343 
 8050184538975206969  8363122751551717197  2735241116246512115  8784113818907519544  3900345531961016735 
 5923544876798647748  7553776202864109494  6246092991526009366  4673675048795832507 10705322389219213149 
  517714227082571795  6777593923691935421  9373800677726281538 12708134659776510757   838095403779806421 
11548650194615721139  9819886117061226320 17098892764484706982   108194002949432824 11602433060523834396 
12259636792825616923 10803800473375645441  2079387018704859161 17200688218113269944 13480453690811053845 
 6278257244764749178  1682575815802176527  2469040203394147202 14989947324804612370  1947810980417625962 
16358163151061045835  5854130020405252093  4154078538950231245 18367848485697487706  6449208358632557258 
11398268586736601611  1306192986768566276 11302130175242117515  6330142886992982638 11746263163350319044 
 1773839963534263698  8539281137202746518  6414476463743994743  5842378491693976723 17129131593281098449 
14154254207809319753  2119217291224346990  7809277985410666191 11899893612697229345  2458136558530971782 
12420777907570290319 14876814893612710055  9780759675414029828 14201407212871756431   354545440005800056 
15950225919807820328  8459304729853236163 16750008549836897702  2591408016457350908 10859194645349483009 
 8833666446284781255  2427044614218102478 16587167780195828197  5475985510945823504  5078912249752563530 
 8073304244271844680  1153277699884443057  2096526069584678693  4510870395542065848 12539640624937512842 
 5429149292233980937  7438845644331829680  8164558333248783885 15453706874826395484 15295928524943820525 
 1579849414566190871 16649447904820715839 15725403428649346855 11137850027773039874 11558218433812871499 
16135039570735044389 12339472561941497640   995981410098118945  2460972547304345889 13800997646460407716 
 2100074064472124221 13117512682168781429 15555045140900888207 11456028142194908841 18034680977360103291 
 1693522338095429706 13443995070746705175  3889811666944217714 16981447245070376791  6903448320727144060 
18198841277008314274 16671871290215311943  4988621310422138871 14826477757147945025  6058687799707866739 
13729706025518657998  3149265183202168134 16469137569945768249  4838085547540707966  1363103021035169560 
 5986037385420005725 15146248349444113030 13632918701797220035  1236287813461100888  3315757119014450344 
18008644621933237582 15408963390254062422 12297576737318001474 16563053307222545908  4888849580154971193 
 4380854971624113602  9465062963012105931  1391673022343528063   321677269574272592 13652758329645749916 
13667019689096016587  8999794558835381670 11009073188908751939 12841236158053932834  8720282243042340064 
18151211197067583815 14806921583888937496  4974017581720645810   413178331603842344  2325808180784163656 
14462651916521022366  9030515226549714236  5946378202445601998 12155093397243695746 11178262282585195542 
 1922989426666405255 18227123503392646262  2566850342089954970 15980431488147435027   161594753605321109 
 4868009597494013276 16409471353338136744 10575273655447279118 15520948976053319216  3698558130215201472 
17645671917120580952 17242167683175608003  6633684520767528299 15467567502910919414   276531892589611661 
 4916971391150207806 11800106547161730258  2641962526172481010 10453626230432119921  8998272066047808566 
 5861558452845978105 12081255099860715617  9198000533219743785 14084604995523530045 17022909860477690803 
15294739964204520927 14214851898999642387 18095739894795793966  3030387553449177755  6180478644945436281 
 1986830212959833012  1082439365272235000 18043161194232060896 13582028712764982625  6012755113527287810 
15089654554921922064  4692735619044339152  6210252806218265891 11008368093741969276  1180642354313106381 
17896059794157964585 17665070377330608361 15510127592166679388 13491544273220225086  3593406758321571712 
  123685461976028529  6992568935628544347  3594722207315730553 14846664829056714398 18416908617389562327 
 1983166639870937049  7777298577735833538 11528176488948699705  5260143506855559818  5519213416360421025 
 5417508967578870778 16790759477889915592  3936545969355241979  9793861295055113463  4763571759567276317 
14923039570287699348  1994512652490861535 13320095079820047011 12610860506725917705 13411700998436800913 
 3504909654989659405  6199516235720991651 13231800779151831449 12777381270113832092  5538749633418935764 
 7090126583457080261  2797424812035778591 17810868308146724995 17691104145521213027 15572845848938057495 
16099527151685820430 14652714914006855344 17960425040350474906  1681261514689406721  1163927611887930071 
14040580603920975432 12528760051278233076 14356011999539157093  6349945134564286617  4013407625283843113 
 2091069244039592303  4419097916678717251 14419890720073271186  1709055195643447686  2170950321227254854 
 1993696223841475482  2082397957570370326  3068155746325052977  1792551357854584412 16900276456027051956 
 5424997860568653856 11365839095810663700 18421783472467367757 11624155426280069997  3972222664652291520 
 2227253544532330208 11465678631733544297 11464160875780178576 13961982698211728624 16989880336795867477 
13197373269344946918 12442975881767787077 14615933480708187350 14350573294734754156  1492931746682478680 
16876722438118664061 13875033088107929477 12232342310776990221  7480821635562956343 16049110482721826847 
 3863178907484878554 11209933041279814768 14325374307820914617  9306462617272727931  3060419048563740973 
 8448791502994314144 11299204864547654285  9363874179842437122  6603785838830179061  8939472937173630196 
12705467784853126680 18215488995464397727  2902915286451099126  7770223776897622683   314168070198089904 
  910492619520253924 11650519783506891434  3823961693585908996 17969682488845102177 16517204994041255957 
 4942592985561818731  3052984934012974978 10737427705919172024  2661164573845889661     8410950837011590 
12002808690927428718 12377313549962913809  2595914011306895129 15340173428890533718 10417100848261015193 
 1886387937308535324 14442885665780869047  9111554243645663021  6521392126610061640 14644951961348475371 
 4378569577255726292  2389231933301513085 15371497863176582616   289764575441083636 12870377186588016220 
 5827329436769618480 12355059287464136490 10024701680407213095  3145985774624640856  4855028100754028604 
11110937036775159191  9749606908425495677 13774408540647416350  8084599820102582575  1073959301661134321 
 1404518077313072921 13461709269114529576  8858633642528924453 16061163081978059774 16897507052211748940 
 6443004652974608263  4622082797637615336 12613309080170530117 12971268567110261338 14111825942269321334 
14487190960514770494  4078600835071853173 16716122524786647292  4276890967810400089  5327103964990464650 
16557139742065377460  7996812480024824733  7783170572896192365  2784836323373489327 13734249708731578022 
 8579701771201058236  6186850891589723753 15062570400424184431 11347734584325606735  4524142779593348079 
12325208582867695793 11778670322279378847  9259109319246693978 14877226170982646480  2340353259742652879 
 4542324353064229294  8266471670983866322  9476735526509987249   744857566214329882  5475103119755102298 
13642775555581178829  9469408445041625578  1208555182173358916  8617463107030504660  9173471235216549439 
 7508313770262544251  4442229136671162628  4592172006197388031  6129134145861578587  4308930866579294873 
10000875959270345590  9215860788506214318 14676684574196665529  8171195380767631751 17509284620330934889 
 3116347231418890619  5153893735464839152  9010807664433812348 12919372432372640879 15331290326266944465 
 1232325718549868124  4087959905790829352  8984582274159796023  7019212633941749297 10966348114420500536 
 8482808157517970271  1104638287714063597 10817588499807851651  2465438890897573876  5890838859593270740 
17222986677799642340  1572479362659661790  6076959214741050075  4715852034129147482 14944985867866166420 
 8330975375490290158 11469284532072156972 18146394094697408641 12956806875027840096 17168364489933598692 
11871303251269206448 17570226814468918881  5975491042494735173 17868299037518365023   676934446756298065 
 7148893903971198506 16256935266762787138   375214076170681621  8796619269977035105 13169782563112190304 
 2438657833998285021 15171556478876771569  6258524597514158728   214286775129515856  3548860862068770165 
 2439304419468226067 17764940007870089067   369378316563236803  1721554720562648160  1539009179510447401 
12328590668546208855 17290089519445725262 13938021886504998912 15302327723175738751 13736406249964765943 
 8504061598540138592 14265546147008326456  2755901714260375441 16640594726355563132  4051242877514773156 
 9137420443304927255 12226457091351779060   805222933931567734  9027156491837290853 10172395616336073623 
 7640119500434360661  3989556449455622208   520869819818829769 14946307175072345495 17973264630492997261 
10047257338909129165 16453194804134712426 14027226540241257789  6876182704274235486  1135267094634591138 
 6313151940916507979 15642267703025836024 10124551990621140679 15767587098394712922 10158235611011543630 
14197358322946179935 15866032629550883295  5025641589212202118  9131476060707635099 13487173619843715244 
10578874747248428249 14644329695114353191  8452974074099965258 14264346243822955370 15532419270068589453 
17317023789492911944 12264227025371514054 13682939289886615434 15101241292319068203  9175616935840562299 
11111230203420736950  8878626114291678219  4988928291435183627  6449218668964705110  3732633433513844728 
  689814626914726491  4852526875302862972  9872305540314955983 11967733972149908045 10448485215784883287 
 1199623805128567488  9427514948202392804  2216697508024563516 16581188354518012472 14628573601906879326 
  685334749714839489 12488516282362705485  2507053689622560869 11647249516252099323 17343907448848314688 
16467813617167639826  1150075082997137170 11273879362034894835  7184869830367509495  5816263288338490059 
 4251015531693832199  8180859353087381276 15127347830116841309  6975695732214145779 17128394794382398590 
  311988448714077070 14893716751658974179 16119125996248348204 15082897669954734332 15414789560226108528 
17543641083797545470 12847569462729697564  1614950622909457556 10635768559586505428 10370086459997003908 
  323062649437446036 10015859877672160370 14697595304893466441  1736387061104451601 14259394543831572638 
16180073872299948984 15642584462823486065 15247677218469402721 17456972127812272626 17189436376246529670 
13191907744578686854 10256911506785128241  4538766921090266958  8785569560553568358  2314942670362554134 
 2047189108138245385 18178546856580373350 15584273464726143095 14186646307776388001 17945232251956218847 
12570115188281422847  8640221719831949877  2606069689908386018   356102071011279588 12442504214644125797 
16249772650959272643  2777406130333021871 15215262386528562116 15239960976149612863 12476310734230153994 
 5703675186668470336  6617655348471832303  6838265884533091571  2446943775785740685  5685728117494305913 
 6202708258539478076 15913102035433717653 16149088829988209825 12445631903135029993 18208033981847395398 
15528447234190841791  4109703241088244339  7817713948757188886 17409150566067575514 15231416992516348022 
 9265836326027296458 14737449746725844845 12144232993912011887 17517328848569506462 11218487969626093310 
  804452338875611231  9466672196043697187 11387143459073690120 11908666886015268135 17089977906260232948 
 1788012495268755561  3028273845068154659  9231800374837519695  8409267799023544251  1677446531616336584 
 3168104425269454377  7161376713508938934 13585962827743449829 10535931480869359667 15363435726836780864 
12255201844384701386 17949633013965649869  3094404463041215624  5083816383580854957 12638627506925816755 

1000 outputs of genrand64_res53()
0.286245296404996 0.992050465207768 0.584351215894993 0.766651622091133 0.893799696315642 
0.822643593114548 0.813335194741090 0.442012411314515 0.156173529829656 0.656675586195309 
0.378803070382836 0.290682080926724 0.896937668263319 0.264161008858726 0.535382374983458 
0.838616223547358 0.852778071467451 0.346533541207094 0.343970914627665 0.334749041770046 
0.159656647641673 0.388297066748958 0.029618404044511 0.380735912596215 0.638393754806956 
0.443522049964756 0.944348331885686 0.337907937744808 0.717721549075198 0.284909355517912 
0.205695518609798 0.070611872756580 0.169073852799226 0.699476912744948 0.814640744994215 
0.571935527481148 0.563605838231311 0.895446398622654 0.052784380067476 0.242664331157339 
0.492938902045087 0.333048360883944 0.696991973784829 0.061671541854409 0.957027966483239 
0.252640414168661 0.347972154740147 0.094566136311033 0.456984474986458 0.951298355093016 
0.597184348307469 0.669404992515705 0.551774981423034 0.359804825502251 0.381097938063044 
0.190700942847185 0.650227786243842 0.677046975250084 0.092454083945791 0.939623803801174 
0.855726631067496 0.094385883062851 0.548908741667851 0.522031547173003 0.745181791012374 
0.213245920936968 0.421824001786570 0.585022840113999 0.256027178825921 0.020704021787995 
0.608284760022823 0.862655548619051 0.266327308270924 0.105225573504292 0.648429795355965 
0.644413301576922 0.754118371268528 0.194789368528154 0.609047916694265 0.465084869840168 
0.242215762324913 0.604166472686956 0.831620225453022 0.357652564136744 0.776231689417142 
0.760231550447162 0.565269051768088 0.191344686732478 0.794618492904268 0.326300334967000 
0.196543531551950 0.456544119845028 0.778510988875112 0.520613211634905 0.901616982334695 
0.644946755515354 0.586865839543332 0.433802819457127 0.228987539194623 0.935115888602533 
0.590702538603922 0.295295649634610 0.076886434328823 0.989907759244855 0.005799539378932 
0.862286157872572 0.591543055846165 0.888890525609640 0.673096896723037 0.676870200722927 
0.519772820256873 0.362985182735142 0.859398336739523 0.284981306284189 0.989150933945105 
0.828897402102285 0.374418254098301 0.917143159787384 0.912415587520349 0.510772831124246 
0.934508573512612 0.020859582017457 0.226180003027533 0.936409703247307 0.217752311848749 
0.530399577364674 0.805554818389503 0.798651036145261 0.654362342044742 0.993698494513822 
0.329187760118201 0.844870485709338 0.846094787999026 0.658381780561716 0.765110683376317 
0.787759540988256 0.800451836426123 0.933927217216081 0.601890857684907 0.237851354634862 
0.605222586838172 0.570797608194826 0.232024528844171 0.616445890376951 0.175188619898869 
0.208225308674483 0.945187213542989 0.088111503602018 0.159570528909122 0.955070067537213 
0.192583011762279 0.802544872175847 0.781993936989380 0.394526239955958 0.703517787791721 
0.180639038169789 0.792018399625862 0.378824148841598 0.086154995996947 0.982396290630893 
0.362848184362037 0.557721595717682 0.800608506427980 0.234068596620180 0.669078634878942 
0.867285387194541 0.567779627418673 0.701028828197494 0.757894556952144 0.391265223036691 
0.051318978144638 0.652885125080496 0.338021735921237 0.651019149307140 0.298543747907116 
0.999796586554341 0.944900726078525 0.526591831009623 0.916834084723620 0.402036345244059 
0.861106941761180 0.108324534329416 0.812555543044289 0.058614053411535 0.673675775384772 
0.410525785737196 0.717341909679777 0.661580280666715 0.870028662157180 0.575449700601800 
0.056561112487423 0.013168259279367 0.107633147724458 0.306329138368360 0.856323895813035 
0.985201349286237 0.968438661904206 0.185679562018934 0.661837774348869 0.420302832693385 
0.656536245762394 0.039352455776244 0.705156392869607 0.923879850325847 0.819371248088463 
0.874721029666426 0.198165514640919 0.238113850379071 0.791335860401001 0.457368192381699 
0.343064173206206 0.673840811035165 0.279935590895658 0.728164749323494 0.883674896904745 
0.099520024141697 0.417995572851186 0.476188218817986 0.271826452123569 0.023194012496996 
0.925525788134675 0.306193361009532 0.593781937711595 0.941217915143423 0.091284552895276 
0.234606477309109 0.333864631686883 0.940168070130204 0.847120669218821 0.770900919594245 
0.338759291543154 0.562283090197486 0.841336560606118 0.253445187460854 0.562890462879401 
0.336775443401527 0.983334076966134 0.612281142624758 0.440701496143839 0.484062773720241 
0.131875390995367 0.476546193470742 0.056253183263830 0.781374206403160 0.452725079508660 
0.135413334521909 0.363299228497402 0.916360022119404 0.677834895436013 0.667309175188706 
0.865937079032008 0.010820348551723 0.100607839202657 0.523927096448525 0.242966899419882 
0.611437141663248 0.037310823713238 0.313013845785492 0.831094720097892 0.086777657884314 
0.580904153766082 0.668717485572402 0.545155227519828 0.109307460023379 0.011530128232384 
0.841779736990022 0.996187720838096 0.216886758626324 0.455779256771139 0.094814355845450 
0.276237923452014 0.753299338012861 0.560438941175482 0.887286085149627 0.881801430554350 
0.924247170463932 0.805880053555610 0.043970594884612 0.684723987572531 0.600363549697513 
0.475064492398225 0.591058222063388 0.314168026354579 0.826017755168496 0.532070149052439 
0.543061623219997 0.068403256312428 0.812581579396970 0.564799374031901 0.555285589264451 
0.207978785368682 0.025009864837459 0.547956515139190 0.973227644765653 0.158015715208489 
0.133107676700544 0.477794288012692 0.535891441245521 0.356672436785648 0.169951816159653 
0.095422923513290 0.024333282420325 0.640318660460174 0.138149903926862 0.975773423547432 
0.507618027166493 0.336106369945890 0.176575329050812 0.317751999322391 0.457915373013039 
0.008206444120084 0.647916640323844 0.925308394000585 0.011880877594673 0.385909559138442 
0.471215593547468 0.880545899126131 0.758626148086740 0.408062035876189 0.844647260619587 
0.097625538483531 0.047584265229861 0.982619963102260 0.282925164099787 0.638162569003380 
0.096564634875444 0.861932909950618 0.926554423711793 0.029864655699068 0.280744335841249 
0.955734059565601 0.023044395599346 0.170265940391214 0.851583425606005 0.505140610440884 
0.569772388139306 0.251419891606376 0.624236588914717 0.172153868953990 0.693214453629567 
0.662314035525301 0.823129225236658 0.799342029106726 0.641183926682373 0.049293078869325 
0.118342740929957 0.347001349993719 0.486103879449052 0.873447755651109 0.713692246121368 
0.376686266349402 0.232070564135860 0.774984112746375 0.667821862131998 0.805688976536577 
0.056977133965403 0.836036431192209 0.775022009029854 0.680560013837030 0.801792667663584 
0.933156362667534 0.939474742860970 0.215079586547973 0.331608519007295 0.436520237997420 
0.133139111893773 0.572644210565896 0.046244286038374 0.160886506616238 0.710606114167324 
0.913966436739412 0.209245602110149 0.667335806091876 0.215111370830363 0.488673332771140 
0.116587916409624 0.976628538458582 0.687635783509522 0.158872333706446 0.455812837079906 
0.163359228862030 0.465564439631859 0.006810481450449 0.890357199413138 0.553239236760751 
0.023005425673003 0.869809297986679 0.204734023506495 0.274916181111150 0.829463545948434 
0.097419976212243 0.824549900935853 0.668392221186686 0.443556941160186 0.034894737312628 
0.559253803349518 0.276734938615872 0.697883220035789 0.931478433633157 0.247750604945813 
0.555893161688718 0.112163423372382 0.054356053698499 0.715554221324665 0.499262469251027 
0.281619584062797 0.811323257889798 0.495709537178826 0.481272393023861 0.508358232608000 
0.798253088502152 0.658797993791601 0.236665980090291 0.244886154435889 0.444763522538930 
0.454944300954316 0.880613890964934 0.189946546378998 0.379886681765988 0.344564932028369 
0.556768918676228 0.950032027314943 0.972955765551341 0.232869178693323 0.750976133149246 
0.088272304235142 0.181975437872171 0.002396555232374 0.673218550044886 0.380132584173312 
0.115465870482329 0.792729982082818 0.517570320687070 0.071495260924921 0.980339997929455 
0.280090284307751 0.051934188133101 0.470067685010356 0.891886364644812 0.436115790589687 
0.736785174446863 0.286500898635894 0.686113075544310 0.036853403776987 0.219805859188018 
0.114304224328363 0.689629708848397 0.420414285165612 0.174421159467290 0.691781306023722 
0.808604760678032 0.125796877553112 0.090040788956406 0.742482472453609 0.933081766888623 
0.320975771141621 0.524511248935273 0.776309086018336 0.750568460724751 0.142301319044310 
0.086226610143167 0.051782633972127 0.337727724168375 0.517717691577362 0.106280375865021 
0.905144888430390 0.634809002889619 0.584748907680129 0.606229306677951 0.046694286703805 
0.625452420325204 0.655678787804149 0.845520805504531 0.439704900156022 0.521922026674277 
0.111453945371234 0.951238627237664 0.867061704409589 0.504095187668372 0.219784334468715 
0.198337551950652 0.874846644788909 0.655967772800684 0.082789100032679 0.827346663781900 
0.667804828850129 0.560301396300773 0.538063664868209 0.706347345820524 0.530569177650220 
0.050974782388076 0.195148754009654 0.920021622714081 0.895392291870540 0.248195320545374 
0.185387489843011 0.106253060520779 0.504560377358729 0.538792502328495 0.808708057747918 
0.565084245603055 0.569977370817281 0.334458099583926 0.074540121864746 0.282166298925045 
0.833876916602023 0.572683070203639 0.187606942771581 0.711784342072986 0.639990388074569 
0.855059992935219 0.107079370171267 0.433177597539689 0.798702207586040 0.036047880254791 
0.810721891783312 0.211780476241304 0.443634526512812 0.344272114898980 0.641427600238083 
0.987455508993096 0.242334959096519 0.110921588598353 0.354935923996436 0.710362188266580 
0.649879608053269 0.402982733922222 0.772995133532961 0.738429228128402 0.572597118984794 
0.889220368149363 0.583545696638332 0.695187838148560 0.796533788266387 0.505425327547327 
0.713387762924511 0.327980200054832 0.746208584939316 0.910276280192271 0.677154291831315 
0.856246179145742 0.044832523943465 0.788729634263634 0.568769175832354 0.585545613780879 
0.668112478713694 0.188127703048621 0.657926503322364 0.205459330205619 0.653806198880816 
0.537458270185238 0.654808878704850 0.805447143593765 0.975310286012896 0.792862326752852 
0.690948043921222 0.806843068133715 0.818674892851929 0.085978002734212 0.244984647851823 
0.035124899337339 0.143396068646078 0.952716728143797 0.389848716513073 0.180064547714990 
0.591008903676683 0.258338085814414 0.401479508391042 0.540810696642386 0.782561614391722 
0.530775649562412 0.025554109236900 0.055523835720421 0.666584799126023 0.653706530284422 
0.621382625008574 0.208146540806710 0.067665891657896 0.597190126894024 0.394573082825125 
0.368159604904951 0.427117019455857 0.407429907471222 0.726077180167245 0.337065020288106 
0.322924960578800 0.706465945137269 0.942772135717744 0.688843867074676 0.572369782196959 
0.787328020345270 0.395272923571026 0.122597090107419 0.183232426969067 0.381827092048410 
0.486845900300733 0.935348456174864 0.780694498919800 0.224319285382012 0.200086446126220 
0.959353245940816 0.767073304831040 0.400950199038040 0.188473105970508 0.563566929302767 
0.688629821276549 0.481488082503509 0.098980270723232 0.385472729646612 0.828651584323726 
0.304380938138070 0.691141501910323 0.778447904938442 0.477972011130472 0.120875984781067 
0.472090897388088 0.611828655342594 0.229398250547648 0.261678579518309 0.436748180031724 
0.061364213178264 0.123064543316194 0.327880145389947 0.936130896739886 0.591901688571692 
0.492421560384579 0.563985602286796 0.162089927656227 0.433790612792632 0.144346566706504 
0.810748207235346 0.308791756667987 0.446957059236438 0.479986850707516 0.331091360099694 
0.541580030107418 0.981995056267551 0.388680424129079 0.107566344968487 0.207253436193874 
0.418995922165887 0.137149795437067 0.721580857417717 0.863960166499236 0.713096017031335 
0.883071374611753 0.089528875525017 0.261111824848766 0.617526187151743 0.031149894300594 
0.423194995798420 0.034026258144198 0.988041556906993 0.037977842705351 0.590529648617814 
0.380959163531332 0.043529856730206 0.986177904198170 0.432144524293504 0.887334261043667 
0.425162796848364 0.748300977054390 0.565403238701160 0.013728017704380 0.653518565576341 
0.325224989728603 0.740837214423867 0.161312185737152 0.914269374914181 0.005253427236359 
0.212913032213354 0.538187330777360 0.806045663001223 0.148615460821631 0.324836763110944 
0.504699843395424 0.811884266834177 0.665100564127134 0.974128626844336 0.787210855434540 
0.576566226126216 0.926195836315615 0.416022354938480 0.383089788634344 0.137130277981054 
0.083112308996363 0.930359194953551 0.381204156339365 0.094507969049582 0.324547893287483 
0.823349568863608 0.303451867427133 0.023140188620307 0.876113990819202 0.089375405682056 
0.727109174409379 0.112108131135368 0.185422984416055 0.849280334355721 0.866331414987899 
0.604090805928575 0.039875615302499 0.766291865193150 0.628281984572058 0.702183599751008 
0.411188127635492 0.695472953427647 0.629758762084638 0.090223464876094 0.695441567116106 
0.203393258237494 0.084519431593964 0.236176519767555 0.653306590578926 0.273175908224908 
0.102978905934405 0.400246584301375 0.449116699814632 0.525807585544440 0.315917788822908 
0.487165415486689 0.390734166395791 0.372753526420864 0.871633276203977 0.606451158852764 
0.085770328761644 0.017880917150069 0.463341415773002 0.243491039900111 0.755226651442737 
0.044436928400739 0.643524701796177 0.193309645019220 0.828049788565364 0.170730970233626 
0.668104260503810 0.389491263952656 0.713777585291250 0.269456945732385 0.198262085903775 
0.936801477919167 0.380821484622436 0.731839297845058 0.341296769437993 0.710999715083800 
0.220010392736416 0.404897833632216 0.407933167447898 0.309287256480979 0.772627518796082 
0.292877926912361 0.488399701225490 0.230618198324502 0.146073984278867 0.673232553623708 
0.624102295114430 0.008578894354340 0.955422162395237 0.093004013203740 0.200338522126787 
0.010999937374302 0.285239125502761 0.813767400696849 0.437797434139027 0.884110599558363 
0.050909640802755 0.418061563804520 0.415468615565060 0.031173850891840 0.390539725510107 
0.329625174658821 0.552070739998226 0.394783246002142 0.829186981720625 0.823678447479121 
0.624406572488821 0.761774687248274 0.163285158425190 0.782700697823120 0.443797935909021 
0.015344463145173 0.823946032732377 0.607483241146846 0.565031637626805 0.825012623704311 
0.132892884296365 0.116143923536507 0.075270517408080 0.825451249742290 0.260650506489932 
0.299996116608267 0.385620361457861 0.292875958491259 0.605988398385328 0.828018606873911 
0.875611123220374 0.431149876683857 0.754925204268294 0.339905993222873 0.158662783906696 
0.350848592708853 0.811028505496519 0.267615201050182 0.213128411599052 0.822368668762691 
0.425301696956698 0.591430042169315 0.937998036544613 0.942216131629671 0.108406608765594 
0.539255117164946 0.060040973515445 0.452278661656317 0.818146981001664 0.502467580683865 
0.347707719005656 0.190313149392092 0.329129014635863 0.321430830996837 0.841307074967739 
0.152416886463963 0.085408090966173 0.109166009807006 0.171805789507141 0.532642235427326 
0.920193220525287 0.153441476914640 0.821038511523529 0.156277531084236 0.675314326236531 
0.904597559691218 0.878555483860805 0.198254730405870 0.075896078803813 0.175371437070039 
0.304037852750602 0.417208930513151 0.636829071545652 0.055292873737307 0.438245450857416 
0.655605891578432 0.674534210606957 0.996280978872343 0.433697116525744 0.032424145445823 
0.625489293448751 0.337053818951178 0.231260231654208 0.720614411599659 0.040725015686355 
0.297991689289889 0.616055245601581 0.316877211331145 0.407759332828450 0.921052438332600 
0.667234870442650 0.380785058418673 0.412829631233155 0.098807624610545 0.835555870750017 
0.005216978618979 0.954195411780055 0.321843512394481 0.490669504827842 0.767006646576276 
0.731475934391816 0.606357541883721 0.180841666650184 0.172245341910447 0.911469851500076 
0.208350928138825 0.222075917362612 0.206328465467246 0.338377060054594 0.693630247318354 
0.439981601574536 0.488191174201259 0.392269726927937 0.110687585167650 0.109715255187390 
0.065635700848023 0.114084865733296 0.627575127967574 0.111805273830074 0.428493331640321 
0.256842688836818 0.950428371429063 0.914048624520830 0.809659224226362 0.860134613413875 
0.444640036568479 0.626589290826457 0.065746565736986 0.597130045629756 0.036424601962903 
0.274403548321050 0.677190720471792 0.819453887970377 0.157598624143286 0.400136658479955 
0.340520505835466 0.955848947944792 0.367703202554900 0.872612897602171 0.120893105687317 
0.373897632767895 0.769461137497211 0.146401788263417 0.003332741962403 0.148041788634066 
0.339114643084504 0.175205895938055 0.770476718617662 0.222326634724561 0.309971912752663 
0.762012622631468 0.655912260015600 0.580927725447633 0.068404612655805 0.995809972168582 
0.243507145782732 0.565816786337565 0.254233298695470 0.717434445387094 0.094035592889290 
0.216216267639422 0.410717716412092 0.207379732281905 0.439558571404760 0.377448310620015 
0.142307849487157 0.371524513849444 0.179301179668887 0.287052589635439 0.459756298378539 
0.614890480896237 0.091934371798941 0.417377455605410 0.294100428944420 0.155905173813697 
0.929391062873340 0.145131798510278 0.122723673856320 0.800641775051111 0.768557476901409 
0.065853791335318 0.828985752382004 0.703447899192852 0.274577167502478 0.187907110843885 
0.912650335248008 0.663770970290306 0.886550661683256 0.156114685057780 0.584947096340545 
0.251349023124042 0.717877641051457 0.539569331507530 0.438919186213716 0.734829343594974 
0.141819118770503 0.909451251471669 0.728493404054191 0.299522618385817 0.357137883197183 
0.926302086518724 0.466775439171348 0.089057750531921 0.080781166631793 0.629529702657434 
0.243419166610163 0.255155608197477 0.951374304882858 0.264061854604848 0.813066836270521 
0.611116236204936 0.832964570878875 0.597993705210855 0.901180672704232 0.197397213859526 
0.506711398695531 0.192920977211620 0.167738582091712 0.615367457366634 0.787876739778131 
0.365901467901448 0.846418053505088 0.638784418048867 0.123506426350599 0.408699573299946 
0.884369253207214 0.013067202468048 0.116768640708469 0.509697748023566 0.205389126323430 
0.873021705921942 0.585647061632740 0.618862653379947 0.596115557919267 0.572441728090658 

jump ahead by 2^256 steps
1000 outputs of genrand64_int64()
12270692598897246262 15738707892008736380  9751316488911967232 12274484887896311970 14213902457969949458 
15879087773682292883 16632569723764395744   527594209463474835  6956459784620546230  8190992300004643916 
16866457316985652278  4867017749798635058 17225060288553505902 18325284676199961627 12941032511734311690 
 2451445557669361107  3699605092175371976 10501662739652025582 12249333349094472608  4339583053635780708 
12012978359852109967 13475662198915854247 16093729937656274518 13096020711329715854 12552637942114454267 
13121631241943429173   711988082087474893 16519283403632277792  4249594395501834092 11628882954184154165 
15603483798883553022 15277320688638411043  4751186031182099398 10684103532964396375  5689151417607357915 
18203690130081372345  8084534546519412311 10726736407028831505 10745624482855986980   328249908438720409 
 3815125881392981043 18100798940876873814 10025676049968132142  6401458175377692932  9637721393771207471 
15190473760867986599 13797733139435418371 15914541583624458092  3281050217605118111  6094261346584168616 
 4259808552629554063 12974891610947667670  7684042432659973000  1143192539535372988 14735598265805492336 
13398907042945419946  3327724980594149231  7360199052083411601  8326633628238407576 14025208168296744080 
11829764026766756132 17476558429878947913  9959499828274266512  2541638445618729450 11737272179106134007 
 4909225204414298218    63822432959315408 11901026146093109700   964174026446189634  1100177059342977413 
 9113164795668145030 16966211643105533924 17422717869542173837 11394902453448560873  7056740087298348596 
 7351207283630477529 15385692318813458965 11892105952059874107  5276836848565992286 17266734257326290290 
16973017625289345570  4776733649612131063 10735217870266155830 15926826494487447075  8013100894612696165 
10415371009331541833 10780850039345974881  9599560379227273578  5370962659260700262 17785037440898275369 
 3743428307650171570 15365413164260282329 12757435026726436136  8165471475500841272  8367261251840802831 
14367640524718802050  3132566766110836328  8317907808698490352 11472720304310101635 14093851042772670813 
11935605686874663881 16558773584071095174 13245203763241074708 15158178427147944653  7893496156299014358 
 9936384251348209123 13330639079127843719 17483578395495731994 11835152655974477018  3357261493140953184 
 3502988368598869798  6277875993072274813 16907956857422976700  6072141792593430397  2395785704501011878 
11815673205231146137 15035919826535972060  8698818227153874173  3625292302717017828  3003404136175842803 
 9110863121688124605 11853550809398857270 15414723081931891572  3047370250885304128 15404032890796455118 
16416408072159174240  8669865723949296782 18062540845018077730  1491067893973899895  7996328076773510785 
15551927957696312631  3420495741122357535 18130773342815840041  6508591381271851817  7396872972937825610 
14635337342592492586  4650859097446006627 13607882111689348662 15269049259450161181  6202101981167183099 
 9734210186343125698 11618329855305811502 16740567188003032113 12257905268457922787   391124125684755955 
  537069957032607826 10090177166946544049  9999187684295826686  3098031408187717915  5638591651401091717 
14376544265492584521 13229555703673437487   765103930573408008 12392196769619520039 17550696349845248986 
 1416362210385973852   898103271420097913 17678007242004620628  3985715901544897627  9582020665473880632 
 4682117108616517917 10672639833295291604  6621027970849932827  8331506722168444529  6846555634943974947 
 8101280411266086031 15419160746703873702 15273084920817604475 16232512576064361205  2043276984621542413 
   79477717446969003 12356306104528832421 14112891722358144577  7780793107688688781  4966219508254950810 
16720323720057525787 13884720849163258157  9709080714759930931  1729211352087254959  7848034242617871192 
15172073996337006065  6831059914790627858 18112319261792508348 10595422224950959240 16046728902151327442 
 4258581330114967140 13920247666438401418   698165677128569718 18025468725056881421 11186405840275298180 
 2516647341219797403  1009127794779822389 18275153490043332922  6193121442941948659 17921861429949598543 
 1184736277841386761 16803723199429159225 12298290317812491273 11720768819867475378  9276970921968132695 
13749858349881304678 10376762922964764045  3113704856019824941 17810860817955335283    59017296096852144 
12159643208338514858 12694142544453525783  6301497099658922547 12318669424375731500 11562524900738336076 
12667621144567221277 14917036397591733494  1179733417644543809  5449972273425048827 11842657848853513162 
 5599546061693579722  5256699568964216404   945736052261991221 16036414542011446083  5077172163259045913 
16154534667638315870  6541892433870554523 10735245483051405029  4039379784917246680  2401685422585499237 
12919324915146747854  1189100586640346237 14912005540577058328  9086695489473073952 13583155666481961394 
11076363246803138943 11326815467001856753  1111415172465617272  9026094623306689358   533191265973445561 
 8553195631508829234 14185280770384737278  1909288790605593999  8214181741406109088 14745912136429199905 
15813419811686341096 15167063189029739449 10153649493802534352 15344569563538177640  9672313771883860819 
14203116626643187766  3972957420109918188 13253052942453904182 17005250979236438494 15269871530907161753 
13484453911149024417  3730692243750423932 11359697117654239330 12365500835984040091  3899125722512192920 
13506356095038072360  6346180703795295486 10749914276931419922 14405054916777130299 10676607270386901787 
12042621090425683246  6868124549053510427  4951066362273902328  2804441783168568269  6568736717201025962 
 6879700692152702773 10393020148854940217  1233900985883640406  3947164814749212705 15363332868436144357 
 5286162571954924661   472338098849796923 16919571102452536227 12847898705528258606 12380967000066383328 
 6445277269845502699  5950990729171752766 15036781004207645157 13448836400065866195 17918226778370767713 
17555631051981456041 14678846661301410987 10167902586337150908 11122556264893157320 11924694353050196318 
 4971720439157082022 14941514771323632417  5807090509564954890 11204565742462060693 11422680998946656780 
 5670386734246062305 15304642845706044291  5460480378257128521 11162047205437126091  3300433905561476293 
16991485988827808016 15741015717859267640  9370334218733816833 15915295437984133907 11159709661324828578 
 6962717701304029705  7269274116932447382  1743578012823615605  7365377107521959863 14704473156681616063 
 5493681012866784722  5802271601427072844   414441460750259656  4461655558890865872 12730025556134874323 
 3014216938495567742  7497888319811930826  2738759997657965685 14447954736660754532 10781789308926493963 
18170176214635109275 11030371793328286204  6137820066865164930 11542079562687799671  1753264145888071938 
14706647011949139545  8122861346080909082 14663568320146835942  1140387738259121074  2968982772844963483 
 4916717929887986613  1334662104522533971 17312366021551860403  7923570978887475296 10059861282547365224 
 9122747706913027790 11738497010577014417 10693356898845090395 12224149925864505513 16714208951629131700 
14138750379208877370 10303706416036642957 13668532804747403063  2087514686081360924 12145962518876613010 
17082141588075179523  2262708843094156951  4392203989194508294 12750395159770372284  7202007766679767726 
 3838245012519508832  8299557941040287457  2306643999119586524  4406789674945082798 15012900251387116638 
17332064949379545834  3982669078636777776 16903834942320825389  7556416193893174051  9709812612066240637 
16672498956520141446 17725564377621192004 16395806191466018622  7743615257609258506  2897049390937280594 
10377924957828918507  7767440166211675139  4189195680629535561  1084574291657740547 10543440660966890693 
13975038818709964945  8954890619582194567   701885385797463185 17298649731489222659 13569832528567332070 
14685402703631786452 12206817137774905739 16724791556470108485 18023148288498372379 12575145026981425619 
 9123969739580006902 10714767637527394024  1437761742300630496 18272871286484597946  7313731964333309354 
13878311974757254352 12019589697466246981 15750288820247287463 15074181223626900936 17803862122052406318 
15544066110899890759 15943454170679135333 13421001922290955776 11049768651357082923 17772846589722657417 
15948965979275288121  1916507558126132306   929448725060436370 16127433515249907934 18155723825597081510 
11839150044512314993  3391286022545205367  8182155460182857154 12944234214094538419 12284059391244934537 
 1220363864967838406 16798855667437703437  2281399762367848329  5229880392827701529  3799748342512161765 
12231420054263748480  6810438471792843050  4931523602484977350 17677089316746487128 17560542490176209393 
14759620848531885697  6169083208341098767  2748773298356099753  4656436237973078800  8946711941245004812 
 9178472556400826788   840755223219591885 17889919562350856167 10679588213649928314 12196866605608801426 
16451936970537339406 14684193985646326920  7475106006951206312 14640969778046291762  5532067480106851948 
15352796316324892851  3233354954964265604   788780275511847883  8034941987632026792   415021115442100326 
12306068510390618410 18325229405542367092  5892971188566651043   429780192856731947 13300784480116882213 
18391018874373514341 15771927863964585821 12352200217550059939   229375637732893686 11884418856192042671 
14343830184865301769  3460305839073058449  3432942327622444132  6566383832530065682  5337302761950695993 
12063254878901467825 15528525378500678185  8145347140311266066  8494244630702928307 10000890802997846331 
17929948931852989009  4634111701166327565 14798369213967972329 12700422982052411313  5289904265388431694 
10704480057783419293  4686895575551561108  1080693840928520364 17201897294037073571 15694786882293884399 
12725864299856997045 12195274364728974678 14305683453665954562  5330376304815606277 10855827369462872663 
11989144278594980868 17273110360842540700  7689128200371375672  7834876866934111419  7454941887341645698 
10859798950015120726 11648947218569452036 16140444123726605271 16652887652293993104 18359977708765506663 
 3577604970990904562  5694927611465893386 15247429798489034731  6063247537044011731  4807108091100079793 
 7391027901747085835  3944338304753165282  3562138489656377757 16655430066583887487 10631181636834584433 
 3850055694877853083  5324750523822296557 12274687996336806747 10098139168911312116  2791508023427402794 
18033035931592560739 17727340125235810282 10353290220453734813  4469491331616723682  3110988899437192776 
 1556358125272931636 11710194092600636819   826840382987991329  3599666471193541714  3536825667889491149 
 5469381021613277079 17574367433347947040 18352472645120049845  8523786293972741133 16045453715359595111 
 6388250232726494166  7788961277952245160   649626120311790073  6554470241798686863  1409334244006046297 
  844990666809722492  9483774908711680404 13075827571357000634  7357598620590596903  2540697278770343342 
11571074686233918714  2403054406574248387 18186535771343140600 12277098207939591722  9265579280849039596 
15887836805253308565  5836446981330696957 14855486333467133694 10032779207228651928  6655721972437936549 
14580957781965664141  9866426657547622683 10755646445440849617  8027663663047051289  8218866548295807079 
 7938235374647690456  4725708338001372422 15265766239524981267  4662558734091905277 11134593089913922010 
16480718808312740752  2870168083948588107 11761460279786134714  9496430051649775269  2640268793364120258 
 6732832184665684185  2643219275152147483 14731251089125021946   433437868262537497  8100808683738799716 
14448937823609222760 11441772594393851428 14706462739079665893  6557031174998311785 16426753098974686143 
 9477633209139337878  2117256392375488063  9138032510029556253 12855635959136411693 11230364801052293668 
 3023894954024641363  4415303295572003376  7085154422992983706  8892203002300262245 15633156866905137332 
17173796745756323009 17675137993682572445 16359441327541300126   116365101140425437  2917219639722908574 
 7885628493873236883 10859687151999399510  9464442267115335770 10819419693305382907  1056098446907650745 
14671287494417387252 14711778951085609596 14063947393040044993 16958775918837644583 16583982290995433794 
 3688023263855101989 15388640878524571829 13529247121055296396 17623991749100065688 18193479876899872471 
15384232694603574505 13911177784130137001  7535677474785500055  6216268056228038266 16022111680714185585 
13582009455949626030  9096063948090021379 10681259019072102142 10517898492566161115  6262795338262941829 
 1197489806480155880  4714465849398541523 11789349023983057248 16075250424320324364  7327542679837452603 
17149069177817183087  6551032587005868844 16605018092633978207 17994092452015005253 10288297397135593183 
 3156108453018681531 18115098693141731732 16363360643158369409 16448162101054390955 14019130751383964335 
 4138505306131772194  5132444627661449389  8264623604853833620  6826269704886880265 12218877618059820444 
10991397117656779127  1231577191315972349  6007705450799623793  9017407961937402932  8923698805908404983 
13012502153242829498 11193457774493785218  9627460519684325240  8224639735593883199   179403311521956963 
17015082932097677871 15400972757110991829  5102591043673304001  1450598816423715281 10147937993140181137 
 4587868735254163240  5485393162639514072 15035281693477114112   101537117953864512  9952995171713107994 
 2891711560884832556  6258677163331689470  4963386589678822097  7954720694828543282 14260171702446770693 
 1421552116283223995 17574380382604044526  6779031290197334179  1576942508835042869 18158495213836823320 
 7428994595865191726 10212549509699592645 11236883001938878932 11535240217160202826  1393590019218713411 
14036714288044575196  3733363445869790418 14507579612002736242  4716536824330370375  7978719777380972251 
 8071978707760653818  8691351090781151288  2487923790094021379  7784106730458843628  4325483662446916382 
 3635639194612701978  7561457168189512183 13179487787967423830  3770738709734044714  5023432734486660526 
10058951013924217409 16584437613561506528 12301269056609428062  7840904519995755303  6202761380204246206 
15424550750015547348 13898123419984039502  7645254142423064805 14345666078267300304  1258914612648143805 
 7837361987473824129 17231957160058430021 15320382972785872142 16311966258147115875 14449274362582358565 
10888362094699166679 14225395049810174138  7631148213405994557 10965982206151235493 13313995657856006022 
16315007340116642893  4305279519751332390  9874532185576883557  5350102030394757941 10765014861878143264 
 2769181091265673597 15237503816749033729  9756104069081583481  6321716485135340153 14065373790797445802 
16653982445007952476  3072856674575231438 14136842796437581898  8502391451222658290 13877958548757442724 
12456358873106516381  9145282970275310191   890735586612385153  4483210501674909907   916480571764946988 
10449838616055211248  1679272996776589096  2758656202884790509  3672565906225942735 16865240168178685491 
11727169582236071927   249653636497278085 13239419792661925276  5317008129398608599  9404289438669256452 
 7037596757889833981  3677297232348538018  8840577964540753052 16458785409389938251  5248643065995908395 
 7495775487809460899  7190410172639573164 11188277636702916896  6474336753355014465  8697936470039482816 
 4002824366280901698  6004901868664646026  4726288763737054497 18339820369689723948 14073372298721678304 
14487777443987821765  8938211468043679368 12646811735949412396 17189514398917701766 16047471809736252110 
 9802430142716999631 11860159419672060668 16985350086525091158 12907027195653724135  5829593956397534598 
 8511232311885877896 15808703381355574536  8853304547853676741  4526904659569375628 17055269053814657850 
11724901856974318208 13960498157091927149 16938675746336592512 13326351130129291004  9572171230135142387 
 9572256360542845921  6601574768102641853 12738185440591826393  3715961878038099283 15928281680538091736 
   48698286234913042  6304583986061361334  3190970731828758244 17923155907767923774 14891321952265695384 
  752789151919220628  4106081264705396254  8160345272973361759  1236089623375096536  1737718198357891569 
 9837325399695924230  7464612295119350543  6076248611007613130  5511724859456588281 17981587623700058739 
11896294375270693073   156581326045004120 14331171913702122944 10296644193452560091 15518370683307620958 
15596738451235650393  1581672665186745840 15587492220689793050  1945120859172545583 11470460133843392006 
 7329573918998613151 12001193460743692470  9642196459890394818  2545909021098641677  4399168383768273133 
16990887150052095028  5520715448186950095  1597738299551977313  1001087757888289659 15671604935948456329 
 2738206603348744848 13810745495593277399  8691803617687211894   735500158698759462  9567378198610062605 
13310489530839257297 11324830217034349155 10088030408382353649 17280747394563231405  2305526371898100896 
 2889161508735534036  5865137887783919492  1290768570478766183  7890586907659522188 11661575980883401667 
 6354126259981959731   183916193202595356 14217402188140473426  1692309452855676054 15901074645940855188 
12610266728627959873  2798480694582740147  1069989063600996282  5301917910000376618  3449023157267684016 
 3013172547820968607 16184592326407536885  1989149605523952237  9739685116447881032 14542792973504651417 
12009563309009719028 16982571213329091623  9014901645927351282 13346883572222483768  8197824474702169887 
17378602703016498029 14071064487191184769 17589842163311670604  4407955687072647919 12467355129680333073 
 5709858552881284218 16596870194939476215   343425911434924978  4534494852869244800  3190029260421642320 
 4617548758016026907 14395757719382884532 15830977079351029084 11946546316334902433 17580957950941638625 
11768912566389748347  4404641010638217825 12324411940793274422  5930009787433104087  3858618793442049016 
  473359767241453954  1076478450815786545  2445069404222798457  3180394399414170237 16521357529534402667 
 1524094673699883660 14692247948411927139  6919864524363992084 13134255621755913715 18160858356928116652 
13528047087713531769  8574119742387335686 18262115361818051577 15116443250080109093 12055876626985953371 
 5612575237484817260 12634341593295262296  3039504648558768624  7566935011636536031  6695461830350137870 
  840766900022019085  6194657736311309899 17443242090248846000 18393523814169584893  1162359687215959147 
 3230175429980446087  5876719978473883253  5575993694219912539 18136093901854933842  4268284296745250625 
 1120072245991446718 10272773619454337537 10522357380033066101  9800110471265327815 10920232653508220820 
 5906432055326894194   908377101350589591 12734072725106073050  2385505782545276191  6203737383203819894 
 4478027185398711916 17328460330017337217  9513353236509515134 12769066889692742146  6536467785864782145 
 3588994315115960080  1379487269086504378 15424846962370147415  7180534111187504008   910742077984955054 
 6933431676667616457  1438555733500041080  9032313141380918151   760017194170231782  9150182830938067133 
 9729673045193090314 17218706676452032941 15305374716435758386   453441928779053003 13204821075543242943 
10230794606904166926  7186323740838923004  2231846644364095026  7320705925666358145  6918651545653372878 
 1692518492758804703  3668427697666007496 11094743635933465548  8966045292704110267 10428092280031809464 
10793294875716744390 11130276464766393318  5222752210468411222 14964473109644031643 11352204076207589696 
11907651802100748273 17537234601108309129  3895376103158769143 16308717989552853283 15862716906423015785 
13962866357861306431  8622365867161411479  8476391740085895710  9406887009362391051 10433557649531457044 
16765243951834604174 14131088290594178517 16327449325036571262 11451130996220419475  9316039045853554444 
 2512509671958190564 16630774520800696587  5846328205799819557  8751955254710845086 11825625130312416147 
  135931140932485770  9359141786564889292 13986763221997734787  3637706459397449079 11648929140644206953 
12691134012570203360  5889701350361097545 15954596538308245716   783700657893249057  9878919372497812509 
17889157364433982607 14637206332691816483  8824935793283006163   475162255055288002  4276278667851362940 
12908949012801371325 16163764147880753309  3011762576894956527  4917198754881679909  5243699510661211456 
 5256817753201397320 17560410110609670130 17175186020901126776  9129412718167273575  3570448008239417140 
11368793383026252340 15972682280025919703  7898543593724912903 10166626961653127677  4764801774515367702 
 2740745408101276940   277543602041031380  6571375886101759500  8604187470910800147 16579239046964928942 
10361015257088035726 11060153288303909522   484637521128661393  3771887170587420864 11541814996462672115 
 7350861702486351392  7880801410463152815  2364473481436678585  9075452742075722554 12690064672269560387 
 1727309020972045494  9285132014283085964 12726170204033918579  3479572990422416759  5317215596024843474 
14410718552043962486 11248151341875560568 16957635652443752427  3903901495400648395 11714445877698515590 
 3002223072705902001  1060782816957920443 14106746661259095479 10836330630345201745 15408752557035956914 
17475134127527710559  9472841277603750842  5651171469296286494  6371281891773808141  1416108422735344745 
