1000 outputs of genrand64_int64()
 6607031898358865417 14773403083239012513  5953626960276730912  4391305881250573479 12322649203372429397 
10095400239112216346 10127568146241427614  7678560137396487071 10671862164588479527 11528190588157743202 
 5690613131931198644   489333458617048606  7187108019811581482  9897795964136207092  5688782109202016398 
14998384943560881103   269525733481501215  6850508168510018805  8011043167978453266 12332224272395936288 
16269787876063318857 12968419999232406393 11801998328009541290 16078829658940986181 18032689493698456379 
12546333445905532660  4576397113324439989 15809630880421773049  2002889026354813612 17376485509356224235 
 3617571150628030344  9042610918765289720 12909362427044213635  4666017522745806078  3400082683549694850 
17953199192168560447  8212892571406231049 14169271860364737193  7305702788001119307  8082349684924015136 
 5047608889976050348 12607863475187036619  4332600168639001561  1751489803043414851 13418883054046661245 
 8027357491835764165 12009290894306414489  3093560633395677924 15408968874073968596   256931101343600064 
18195475792983247128 17008976878384321301  9063836082305602172  2707839247766915010 12481796466642204751 
14881658450443471764 16337119109227695632  9376781402798906416  8724849578474864762   273380925060536568 
14881422402353498605 14222067395238051266 15048104332392876064 10632146812474994700 17107090555081986036 
 3980096753856243659  5204139440667244920  5249906047266994694  3414561308776329233   885910065022317603 
 4009769858813584362   283767012925459124 14293506017731294609  9675324814346020200 11024202789080046676 
17691737832017350915  6543964154509463923 14039951314365265312  9419496882734685134  1011388580187325088 
 9108976270304908161  3899808065133338614 17618532004728151404 15240112619738028836  9572038563878242010 
10382780624072103756   136869889513002672 11015132905527785809  7073307843291529826 10346879670729595673 
12588201419763533676 16497792634103228565  5773467639869537741 13399874124092952173  5716837265425160431 
 3245503282262134512  1635530107942525579  4700609562043289706  1887479772440865381 11760399093540236567 
 1140395137714248505 13181444989991000661 16685534070141025995  2992473780791543734 16791463747929806030 
 2042234293666789792  7478952744919143509 12865673534953593663 16024287222779119194  3651402389063265032 
13829520279040837192 10388146774747815643  3326910438691848233  9026919063181959626 16996351442650639616 
 6631538796131539843  5044038023857477338  7189891927010495257  2037597355367479980  2890897077303433620 
11912796912321841976  1610897475723145240   406958437271394095  4071846424591267208  5946056445358165678 
 2806857916991440922  7529193774641591103 15836251255912147493  3344100766988903083  4256878061033944303 
 8060275660661033226   774764219950951734  9118348503810500226  3108202225488926011 17336939995071943411 
  729220860761109599  9345531920247436153 14749582212995433868   883923310709590128 12871422063184426139 
 9110938449310618881 18105814970886621908  4448771738908446072 17461829372833151009 16063338328286294320 
 6641119159634343409 12202055111048313292   716422087770999871  1210101524207959628  9751432461227655109 
 1449194067609066732  4879561540716200962  6647926027406847523  5523066326664422858 15921139336722102523 
11453514467480659288  1319295693666229762 12671303513901529650  9474540503473382066   323944037423059242 
12714481113627628449  6024262361088040967  5092980496015213153  9509802375844078960 16816544750604169511 
14077217542580611173 12623647929196863837 12561648762757456309 11836911905095305472 16774045076655167981 
 2434560785281700271  6676459728079411635 16533294034667642086 14356586051779012934  5771907700718442282 
 9742914668931438439 15710173943789053800  4575321567900753044 10691487199410800478 11399289609431664294 
 4518813439211361031   881792811813963117 10024405454760557838 14591761352749743086  6586387143860204553 
 3169601932095060273 16393155093635751059  6776327531607120131  5381668484464676121  8194682977780830508 
 8043057935519721558  5557473033627368760  5897639874988211795  6777788716694792432 13680722308140043060 
10696721080373457540 10093088043102222722   310688475442564530 17778177027682799519 13474254856384023488 
 5972369609266661888  1232307028779054949 11301433741031668252 18267361103904121169 17724875686902777133 
13495200443929219381   133372454994227593  7883431902176113528  5942529885749469237  1468167996504291556 
 8634165532306729414  3985432888471137719  9822279446366165949 14746837225047915411 18046718434126672498 
 8912829388786308978 16973841158677272868 13886738782840061436  6271303044508080404   248661349443011712 
 4644985704886349685  5490274169312557204  2380949247026891714 15050189532337512809 14286194067885421130 
 1905979063146597535  3583783199229181776  4715183101344848836 10264242747306326875  6961042171050255967 
 5247944422008670433  2840891694610282167 15599799951069228470 10811140283744217476  8986581291415155400 
 8316917407747250743   617424804206271542  7372352836466894676  2319929656612040894  8682939478037559239 
 1616661190995178923  3585642585643229693  5880551488702796569 15283150205865238540  4539138848819570927 
11073269484118836206 12578744318875153093 15249760389509713554 12225847275576976636 14361139707715254911 
12639100793295269637 11018858696787226595  9487321170594069694   487576637675870472  7967072436616439082 
 8323993210608479197  8665334194252714718 17928246366043422809  9624250660427868827 13140792695123427898 
  497478066879712335  2097461503315058745  9535260003803375785  4807453419569156281 13064414895625251940 
10872571908974638423  3011158458429487497  5120636747341674016  6602338307647509903  8475060128047453896 
12951127178644938702  7855380391720499227  1274891496655981234  2398343526504111756 16566236845451373950 
16456835576366714953  3377544484115196419  8809510685519654176  5135356722083965172 16129964254880202720 
17882301246859530853 14636658024463343814  4720369416721623124 17890507638271423749 17284826465711711637 
16176812040504734259   185830221694285946  2731965047149881124  3671862448486820241 12348502801322349670 
14207684400780635373  4678159531693426678  7304935068932787049  7228327168090204388  8427139401962079100 
13434522196471131360  3612255508010797200  7250058535047597179 14899149066125277274 11560785925304625749 
 4724012292274459604  5961670635814163241  1974611254298262960  7153208409428513559 11582392213850155088 
12837163188373445220 12183294677432465432  5402642031434045282  9049940752330253680   146990740259986098 
14049029503538330848 15663538123387257731 15877905968048535602 11446886499154340604  8187551561210894652 
 5408876860970602211 17280729434454556810  1834193938893068967  9475491662554070196 12025226794210574385 
15382625104555587933  1589362339409010714  2656454311545146332  6560055159212261865 16654447218196761596 
 4606759613869985198  2772351443933784889  4704536106134044299 12560668522684994882  6179919495510725702 
 1204739355877945188  1454040075961739468  3273898726277413476  9656062659837655736  3008938922911903761 
13954899033602004946  7486826781936525130  5850368140316460924 13007344129127361615 12796770721403285254 
 9252349228932142380 15244479609361147248 12404897938910747584  6310559924643109985  4302986948601689696 
15845833145591261300 14575401032439711030 15407245725641413064 16096531084960691695  1652758752191018967 
 7993030840698323503 15827241849589480988  8417473185317817846  2560442940156280364 17784623609040440672 
    3624449961736993 15134904752423440664  1525981998700230451  4800535835676552638  2431995784890168891 
 4374150952591264114 16333774359790850718 14749641058870426720  5873765472741889107  8616888019941004731 
 5179812083848038497 16384970124093544152 10652395294480117979  5764934180595589230 18436784321787972340 
 2993897312190943244  6734915872509316924 15517080125687842251 17894067258071006580     6553859147646015 
10552892986206718945 10016972931435529232 16220175378314672105  5223371191241965856 15473195571539819061 
15423390646515919580  5186515195374304544 16975461382916897488  3849294806870813265 13519254089819706759 
12641869983512637256  7230559577961887071  1698038352028740207 13969716309607807546 11560595167807806850 
 1912782523772241079 14380886820208508100  2016688764209869669 13160761917289868761 13156982051863755206 
11506544322506050969  2416119008291070428  3295031724318984468 12385365778347564215 11001730048219923993 
 3024142874401807719 10832268175368752339  7436178825584501569   227000586889402931  6811507233614352968 
14524244884320671935 14079041330197677170 13115409814526369781 15275349385151497647   620855591010971636 
13937570335776490466 10880048846363142878 12431410727378008570   940589987391890563  4215523188667161380 
17611381776932931839 15246806576064053528  4039158778875379097 15479927921170483200  7538744476056476552 
13230965506731211129 14646086203239235440 14251363438906536594   701345671987580484 15698316077351381803 
14879993454062350369   687907821766349336   685079932169941950 16514542740193775534  4773307738262545018 
16236988221479821165 12228397719987315006 13230146179690182458 10604436506677441554  7147755807912056118 
 6548849305542928208 12936050330101417385  9125658142120451461 18095350402061514664 12233874989771233851 
  993376007695159274  2386907908617057157  5597310178457167381   901536900639349120  3288882054419000172 
 2339213342907875626 11719159391773902395  4662488846391382232  8087876914716394288  8194979657986871902 
 6934303764210148494 11210769652546872802  5695784610145691983  2641255562727641805 17866550870310821216 
17951454573733741694 10677780714375595592  6373160216750255335 13433815064263545819  3136394766134103640 
18240765530450870687  4254086107339094102 10572755052008939339  4494908093218720773  4050996996252090986 
 1383299245423753157  6870233157458107526 13735934559615384778 10352592702603767105  9151706889591228643 
16628173556461454277 16420170537179340003  6005558403563488991  9908122403718780481 14037266609428720916 
 8969235040559537871 13882774997865042209   798366464546602999 16125321904877180740 15598324705362370514 
15132036059827229644 13759688941710983652   467835235680219689 15890955572121100590 14220247238385135879 
   49339462144377922  1305916992746619944 18129834375883976862  7642999424650441888 18105455003764775232 
 9800974969731519195 12562509625069835896 15640728367038257811  4169902900240769301 11379504195994291947 
 2423533258913662324  2544325682465227412 13634511616545141663 13022725686509319913  5916918910160771298 
 2841193989351577408  7565440177760570640 16611412412992625101 12783583486820647436 11483012629005057107 
16250164030448197186 13060488122178694120  9958664050440921259 11397235139209217099  8047158940217576324 
13495651129501299921  8466316645296292652  9098404959753752538 15874857672214401064 15061964177309505298 
 7737666151240597148 15475938120052801318  1812196487714479512 14261834558040519385 12244721774646891681 
17936204236770550750  6961954887103140895  9308730268456146226 14084697994240444028  9434906062609138361 
 2790688787834368436  1440911312161498199 15029382562311437678  8220653390376597287 10156635234472762936 
14951289588689258899  1132342293197665993  9981273030900463806  3305425295788805652  9807137420961105556 
12374298266752261848  3819786307473007252 12426340732119133955 12563463528182311281  9486761048742346869 
16153144017924235153 10527524955802277672  9285007112641444239 11950898043384974805  4613743844426048829 
14863007674657202048 14282413029061575235 13245651120493141994  4150936238474837471 15940927367093068855 
12688413929586479088 10553029880605765666  5687734215739798646  4571014194369261315 13096777200011184049 
16840185895959728661  3751328030442568695 15545791787439560875 14469646436833398968 10077587585015289527 
16464487642662123511  1524365644412349823  6231360692969026686  9947563137317610734 17385460869422527405 
 5583403227232998922 18231118710119685753 12194950523347409273  6851167203707374721  9449739984172742426 
 4540689566168426733  4606283136171427288  1890103578791013128  9933292163736405944  3233475830792110245 
 9219554399813072871 11968070727773554131  7990022755964174757  5599170973771002731 17600599600642433077 
 4756231741241127031  5211281834691561422 17046325667560042366  3699836813385578239   205224115844071033 
 5949680560964684863  8365484266984131339  2226139358115245795  7538123047665665565 13660970696020445988 
 4221141352002937032  1208685449877636515 15226002166456533706 13967776199508452545 15917085828911852886 
 2266604975542085467  5973912339994069250 10219256204663264557  9991149248168069084 10181874316526798153 
  197610463140904573 11906795975159182435  6913800031835044639  2223258354552933395  8166395994557085135 
 5395488070789564991 15452926484950157894  1761974915281466226  5322911709517756680 17042605310569055931 
 2608449705985013722  7123771766754273128  3357157090178644498 17106610029435759631 10323317938996515156 
11373973484421521562 12374396116649617381  3074956510008381378 14796252015925852460 17557828389078756704 
 1666995375590787420  4591714499428170572  7480151761112385576 13386319121455728403 13452014666492086424 
 1167513024929575674  2610156057904565593 11783464307169975999 10470552471002310002 16604982938016231350 
18019415683429763192 15740890333079690477  8689655826157526793 15179051592711233008 15221399869682367727 
18009221438005427256 15612620237364388375  9534764192059660216 15832611133563020224  7690498639146485055 
 8106337627016578525 10683898301680762148 10229439812263457240  9926923389885432775  5629118148226049531 
  987228389361595964 16181552211239864492 13400761565153142213 14766692527817576911  7864283692015461217 
 5434604647360151581  8096161499829811926  5178276739964627914  2704778878261252753 14113326005718318905 
16848033585026359543  2253656260143440628  3821330464263776599 14415645483140599114 17087107181531412581 
  170933272775989848 12239283605000132025  1199273229741367623 10560706913303715700 10775940499075491660 
12223229506632644624  6303672869456769994 10915976882780390540 14400275522757349838 17784064292161838771 
 2108401507291394678 11089561339176063192 12449152957025298130  4591463084738816572   735707436597974527 
17739678429497443307 16040487707627249183  4894306745302164279 17648797630902080414  1964918653302219863 
12782906894502412159 14566320221546994278 15266149448863942720 16097143252354646102 15105159187046554160 
11421129681979557772 12585603149687192529  4407777375622338467 10109814864965561009 15199813571142745919 
12017778353097793309 17343926369082721355 16017615546899528170 16618045255608395706 11720050599371821326 
12676132403371506472  2770276965244124853  2720856145223833781 12856555229794161627  1098930758907518666 
 4878322844130633137  6084737625406364934  4300757652890459145  5285634980844755329  6117384196044753266 
 7959024498929432005 15276391743680219798 17893583639107020030 17598296938246630011  3703234493262783381 
 8094939309776333914 14955661941598373011  8880939228186280870 16493987560131458495 10557345259176476637 
13940268011324803401 16683827238621266847  8795505991230155278  3932876974471953992  5686192236206252531 
 4731099390277239022   387937062189820166 11500283363276946399 13101786268347159349  4278856614237296034 
 9702830273918653843 18130979112950209485 17322626395405352247  8415226893033132164  9399546623913929617 
 2801526389358163578  4054212539878629085  7558057339070052065  2240194677206465404 18047199175897251380 
 3471283318586370764  1662620348307885586 11073815681202620551  5115381381225947468 16093080255484779976 
18382105645140854305  6144181506694587136 14883990973494396188  1985901062359651698  9191807425830927986 
17770759727761904007  2767160727394452755 12402964923007918186 11463239932964532970  6804056047170871181 
12548121506277655129 15612793075202497680 13805352842273449311 11785103231334977524 16016400761833301706 
14694533917968385384 10591397337876749454  6775479036641985461  6774006257714993719 10863914771767028978 
13010165820747960361  3887253656477556791 13523030246490788357  9393104331324820984  2790627607648097120 
15012512680824120445 17398998338981686154  8387572651324162992  6354969080065003415  8305887821315844835 
 5068415504749912374  9995501011407876219 11974357687402108948 11969612040030598443 14750207164577343916 
13598545834949438117  1376451210563134525  8352574001994285407 15247513648193232165  8932307547448892884 
15153137412835971843  6815545285149714212 18084637099573305074 17326636059531983896  7140407452457114517 
11407289768072990654  5547397743645733295  1912815466139325113  2510860583047804400  1019599876714211307 
 7784621203863819188  7144032482593428696   805130852231386577  9291362905717699432 16404712946615774038 
15854528472815614935  8667449993512344277 10872178099653413135 12936993570874650679 12664432677246673879 
14002198536676763425    35876138001223906 11806817626697785571  1064370708530058442 17977287638926503592 
 4620153506162294457 16252751731452369806  5538821905724761696  5786255752555546941 13161165557431564286 
15466911418561930164  2422370169482188728 18112635091635918965 14612115821391535991 14856610918815427507 
18190829289529621854  5668725866031980697  3489434949956229895  1566122940695728706 13535494675037285692 
15900974844999898898 13644147765833185282  7250117810035945399  6414194459780790092 13987219239175470759 
10851652646386737747 14562162251286645303 11292353825167341318  9955210458209179665  8063502781762524734 
  986140843618983146 11219871715364069098 12635671978767928517  8249324087074257533 11371098786554531018 
15910930556355304073 12722970604754688214  4586650768023915042  5327819358039830675 15678430446061291752 
  625697820998034398 10914357585951582361 15900538701007029884  9866045566309748178 12122745095626922383 
17216353426770580786 13979363137911869773  6220297777419678163 17109954329051522590 12045735133173439880 
 7565371103332204627  6768490162611210931 12948517577093623656  5116493580827542741 13580948276301204790 
 4487251102262730599  9515741615076007788  2653576137144843047 17937615126150913428  5749275699128977247 
 3742386288839897896  6833760197109098832 10300883426139274874  6430429071005835461 11488899659528964689 
 8395771888136857571 17883100513005434982  1270037409625450928  3290577690323873398  1535830592442516763 
15073354264254786519 16678961807804623375  3848403911326787822 17455543843152423085 15957576039899743421 
 2562705812825083678 10782023753378021338   894694398243107956  3550253508363935680 16959157487371697556 
11381757052911986099  6409465916702162057  4113790908639825517 15184468704380248144 10432609043187160004 
 1431534672507943272 11024030408403545757  7784957694413819753 16495949690455953539  4980390818024464552 
15850134041357975622 18220412578090463518  8875650128187000594 17050669943776197086  5999570300490434954 
 6183841092482399642 14363457874506474861  2824632836059824137  7059591104799743960  3299690803255273862 
17958035921244009303 13408816999990768018  8419122304952008202  4208475990046768864  2280831699867268653 
18014008638849259547  5639001822310820420 13067792531952256466  1013558007132048545 11446943996720355544 
 7634859772424101814  6121889937443463845 15128579556810163580 16076278010501023495  9902777279394351544 
 3709281192336957622  8921519806465506882 15340521417491749929  9279052849545069439 15268835452980118815 
 5462171441416828446 16347076671361963963  9447595060926492757  1686009421440962981 13604279099976533328 
15060160977761934692 17432983854833862847  6951790601348854572 16993478957724581510  2190999617281858681 
15495040249563885678  6074977948017292863  5561004906473276174 17974320890459270146  3755706349198294649 
13374806363613189764 13365410742252569388 16717632020255800936  4171315161654800021   100393648763044159 
 1864070249630498283 10778538173160589319  7251076829477217980 16619406579471062177 16200866076700343580 
14195562182899942109 17188894389209931141  2984061084392632742 17750859143277445044   329211409986464713 
12824398065368800692  9621825735436113241 11634305111686439028 12102472421506402630  3018911731647529520 
18002653430218791257  1580178746620324564  5943439262466245155   368523908740742551  7994531422020915011 
16225022873700925965 13907322212617939712  9644326842171243884 13293843905686070657 18059952379655539866 
  117199784080428920 12395043158822385132 12071943446586603522 11417959351972995818 14609230563231259708 
12900514216127364212 10198376749339068858 16351947873304119244  8285093027001047770  7461397277225461663 
 4744407516727231600 11652640764403389119 12703220934246375719 11271322187972437209  5988537678146513448 
 1440866741041643593 12199966306192367861  7870083594857671472 11735207423756289339  2506587100841913267 
 8022790063906004626  6290241804538820901  1699879336296928388   549777747448089617  1456221257379324157 
 6483180750761013130 11086207285727229729 10002156839381559294  5077052174497001670  9064139636633800947 
 2894346705994688489  6145147749486821889  6168842422693898221  9698492794178909648 14487127938188405224 

1000 outputs of genrand64_real2()
0.364482840420558 0.066247529523785 0.936723501726579 0.269437555130452 0.126192549136972 
0.621568557266090 0.584210139705240 0.406559985723665 0.475019024721246 0.972928247004057 
0.193934074170518 0.779486197150667 0.540158193789841 0.477046168635803 0.970348210468214 
0.669975377332470 0.106286813297936 0.586184749084498 0.724358378272645 0.282627484263770 
0.675231439563838 0.940881647467922 0.688709535303537 0.057183292183539 0.214696295233149 
0.814237196457585 0.900992624527187 0.804080595896814 0.695414116150519 0.198676576790384 
0.514980775380983 0.060844732666647 0.141026720424669 0.087188519518631 0.658584133854661 
0.924767618284274 0.322064840165080 0.899236719500535 0.889884989837451 0.503230216161837 
0.941358785752573 0.192007220800154 0.058308691886582 0.473159817485110 0.231422243400202 
0.821997756537862 0.109448132294599 0.201394728379466 0.712815605080868 0.786511371844444 
0.665743278540805 0.385996921073107 0.794478439560182 0.190046306461399 0.407579780640793 
0.738913023333550 0.938544130530048 0.577105767648209 0.880580133427593 0.109314789793298 
0.260361854218491 0.927947591105497 0.155705292493841 0.719058817917893 0.954130123992904 
0.026183530328717 0.335863678527174 0.150417196435283 0.028588981476363 0.585459841101106 
0.564782601379492 0.626658992582023 0.220143356672782 0.182187608671973 0.174912857936977 
0.832416744245556 0.843832563930722 0.730221683013873 0.068556865862947 0.773257712632774 
0.978866169651265 0.210487046828037 0.516700653979251 0.969198490883423 0.344314472251039 
0.847524820702148 0.995437657785803 0.528643804974661 0.412936854300238 0.753226132881261 
0.188023068278438 0.445161795129712 0.010002452121026 0.355159473277452 0.481850827971404 
0.637652804241022 0.484538928267939 0.914338293782889 0.934448741608279 0.897666870998361 
0.962712711926671 0.729185952622981 0.861560167934968 0.132200197019133 0.335063689874178 
0.569515654898723 0.960221104780357 0.473865791066485 0.909236626599906 0.405703789472386 
0.134179956499196 0.377688986960269 0.402073764697192 0.287957662367841 0.809904907929052 
0.782115461870237 0.460007737829346 0.249370656758022 0.398470704452656 0.002276415629633 
0.558140059698254 0.746817740573729 0.751431529758528 0.909111263162604 0.784831443746024 
0.999194791557473 0.613460308276924 0.011926813972720 0.436152585502122 0.759506212833070 
0.247346047171040 0.821504176626467 0.687720509141623 0.200027323559435 0.926255385069393 
0.502574076307255 0.651442065332455 0.030314027614728 0.220447388897873 0.046547546363855 
0.432453567163050 0.902110812480747 0.615164830765334 0.175081522515129 0.853189005158857 
0.236095417855675 0.737263328185120 0.590057177942716 0.860629558550029 0.767077572437480 
0.188550517665956 0.992407497517912 0.289577171481483 0.963619028725979 0.447016774255656 
0.312231631878687 0.938430374981488 0.627173122260280 0.806305399336011 0.468130727562736 
0.922692497644099 0.155143200172921 0.209897856191277 0.549078965051060 0.853072290507853 
0.235525161845255 0.878338651014594 0.993669483816941 0.068570443006330 0.056384775947508 
0.598215564559797 0.285145468643117 0.703158826964741 0.314071819938776 0.379859236929847 
0.202696696371857 0.762365322457414 0.370402866120582 0.212636809336786 0.818601750198959 
0.132264668093407 0.789117854682030 0.703172009647999 0.324734630418787 0.445838306522122 
0.485428874608330 0.369133671428260 0.762221100712060 0.732379178198603 0.829622456295727 
0.648044547457310 0.346465195038441 0.280351256142719 0.142494072869763 0.171316376685932 
0.934399348949540 0.650952333026493 0.898552609664863 0.131400118799863 0.684917391420150 
0.269192426542569 0.992884262988300 0.218672075471150 0.908637079030161 0.242393024592698 
0.908301616088011 0.927651751416693 0.178950287688243 0.636012502430526 0.349318986477248 
0.773084120267704 0.029740278890421 0.922746963351262 0.106188907507838 0.850668066598209 
0.097177733347790 0.779056927330737 0.311303767891100 0.489837830596908 0.079540163904344 
0.707593011966413 0.095249620698000 0.003675021294729 0.016660190408172 0.895510792794280 
0.265770802434713 0.690615298492770 0.147961175597138 0.903536719370214 0.743991596347500 
0.097420893518577 0.993829207375065 0.276267582536445 0.728673597084939 0.228144656453608 
0.958752932777342 0.326898711943101 0.528932507660966 0.570318951742961 0.167143929243010 
0.600251177685903 0.366973614211968 0.829639870692678 0.226429877924816 0.957230762120908 
0.499189783910943 0.806912294131512 0.163958968141405 0.698956046410542 0.024590967260954 
0.708339248909232 0.357916924852967 0.137183595278268 0.632017373372934 0.595892161415386 
0.037017095287106 0.533246703038830 0.698163040159799 0.152304337215979 0.472644786568955 
0.788368587323388 0.304626292264589 0.612783570072270 0.700492073966385 0.346304906951378 
0.698366933485152 0.304945074035106 0.672362507404024 0.944250217193319 0.432760998514914 
0.594618371022064 0.799363114074822 0.400474449354913 0.335908240581472 0.376314537629038 
0.818247047134986 0.764436181511258 0.985001551147485 0.081795050497288 0.162466954904099 
0.507556404744404 0.465751134286450 0.991908256714287 0.351877171220705 0.364730776364340 
0.088018999413909 0.331662145121778 0.640006928548392 0.492361580378451 0.654925190173757 
0.753619575469349 0.538793259254830 0.659978589977815 0.627414166120908 0.906187929255480 
0.904014726084636 0.261816136179114 0.839876508653041 0.871731688131773 0.740774071359844 
0.056938932834271 0.900743571372712 0.050904458329745 0.180113537372010 0.632572222196164 
0.379361689192679 0.494167739075471 0.368613608261325 0.670306323709763 0.562463887830194 
0.761302142976050 0.367193834345998 0.331601837309436 0.687924784840287 0.729554494108185 
0.504098934137076 0.742819247116490 0.377799522579553 0.866965860461194 0.093424575432279 
0.769815473131672 0.989794468733505 0.635404617384716 0.574730920856441 0.030454553408649 
0.126427977414939 0.730545567488702 0.133336674013917 0.896637956527210 0.262421067376331 
0.459614279659366 0.066986456817107 0.653243649380025 0.987602919764874 0.634087527391256 
0.867333600308401 0.029874821911002 0.353590143385823 0.472574002600949 0.626795365551248 
0.070107231106560 0.439306336911335 0.351960956235017 0.504908249209081 0.076636964476431 
0.490187323398447 0.740952678134808 0.481909761627028 0.707995444066915 0.977683810180855 
0.789283116304175 0.200436810587429 0.788306466502497 0.490302941598001 0.158011461504193 
0.304347921608114 0.764001215570463 0.160244167695188 0.874437345056626 0.588261478448290 
0.883794004068315 0.025639095143127 0.529796230158170 0.104792875736060 0.065422672321684 
0.205361370311406 0.076338300998526 0.284941204625333 0.510578358297655 0.902553410498057 
0.014677343672560 0.785059992243211 0.732097744870560 0.918302869343468 0.314725840940434 
0.936219631082868 0.082041953193649 0.146750136638284 0.702136537581013 0.020139528518572 
0.924672947714781 0.824338685991920 0.053107121659987 0.880471398370483 0.388727466761470 
0.959594663205604 0.164103299719423 0.267415576004517 0.215589956371916 0.007693258762029 
0.901611709454115 0.238126231480506 0.332843009704258 0.491753970319692 0.771724164920987 
0.228897423476419 0.097231707982683 0.368482088393574 0.271834671753825 0.705183390832776 
0.392662633236616 0.058456424709069 0.321240929477314 0.790323694842142 0.086646101925585 
0.603732053685812 0.173791457611369 0.897959044724956 0.439678851819322 0.862191792825711 
0.172107803536523 0.579293006154793 0.679283443332371 0.342021234972929 0.304714211719527 
0.890834238062421 0.604007695554922 0.050387666144047 0.315208793928775 0.252658073031634 
0.021755050869777 0.055500086615452 0.364071801557535 0.076322796925621 0.059724544874805 
0.210507147766287 0.283031152109488 0.414740529307481 0.115055492296117 0.778393285854274 
0.243490270742834 0.774298640881631 0.536696857876711 0.841022796968155 0.390940309046875 
0.282912909654749 0.734313207802049 0.576850686627839 0.807630671818009 0.417207816845887 
0.668114265257388 0.563792295286949 0.415407974077670 0.266919720862041 0.463732179772898 
0.983080299335552 0.650816857856582 0.182907039109013 0.433156122793401 0.857496240943626 
0.845943013656077 0.970571256566576 0.301950050139559 0.732193564521507 0.482495656467637 
0.806965008883236 0.512317984622770 0.906434857971422 0.558351504261875 0.248158141401822 
0.280602466028999 0.870787631126672 0.125815062896032 0.511230774644283 0.951287071199078 
0.257157972692086 0.860887128823152 0.762866944230341 0.098731851530025 0.283997748674840 
0.148046887456252 0.880265090180395 0.865624486060853 0.600788121870760 0.573501004390440 
0.146263249154070 0.239313244344462 0.346707927399821 0.553761837109427 0.406373697624995 
0.063021859971513 0.068124837235810 0.820360916482914 0.325231383183306 0.643509469417860 
0.437677647417049 0.549426734829437 0.405628884430520 0.906478409146812 0.708982120487990 
0.998111900086629 0.218578603883316 0.342907691725999 0.378658048796316 0.668993150536763 
0.446958660733883 0.660239791300094 0.796382027624585 0.486741596590059 0.325560095911661 
0.142394650547967 0.219442706377295 0.748306458047973 0.040852271308906 0.008536991080824 
0.530689815390886 0.096250290808587 0.437121958468535 0.819570616699274 0.562033177140664 
0.773001881147626 0.448468088423167 0.838002899357166 0.501709029994932 0.847162257829744 
0.566234313967643 0.214358729253460 0.598655643677107 0.122818683561008 0.776110551704868 
0.302942586587543 0.195244597403192 0.076098732162761 0.311469448705884 0.322543680299095 
0.175463084091166 0.092199703353158 0.383547413069648 0.439186945679659 0.622480925726955 
0.819578817797739 0.257081222082487 0.482934157498850 0.173532646970195 0.067911482345254 
0.414113907122515 0.901268016797531 0.141945177582672 0.743391053592836 0.669559910824757 
0.939807763730781 0.788395488331422 0.304280810275589 0.341074395479387 0.227977814215785 
0.039954987729454 0.170595885063616 0.253548342503015 0.343321071192955 0.268706230845784 
0.999577250320065 0.855664443765791 0.921681711969809 0.237258004671812 0.716228687392688 
0.200711464087664 0.640543137101870 0.016456787718085 0.725127272206907 0.109316052065467 
0.518506228009082 0.527008306966046 0.847959708410604 0.262106461345156 0.773665340263158 
0.901858104654508 0.098117839162091 0.049549482093836 0.661473258813030 0.270819608186430 
0.626909877128669 0.479661421022632 0.298799148131959 0.600986574306233 0.072833076646082 
0.002964971080709 0.678186372591225 0.546078234490423 0.431644935858260 0.014282969506557 
0.362869385474837 0.192095032115634 0.505027985543920 0.116705373033819 0.547564276241340 
0.488678185059295 0.781597528992273 0.966243465202730 0.373522355681981 0.263025725110119 
0.076213861435032 0.879729452162444 0.345906404945031 0.181254616442373 0.741744715307135 
0.209785651099952 0.589954180866282 0.003567648855121 0.035102220211502 0.116200070005173 
0.814204217235402 0.143350228913069 0.887537601270344 0.141478685620579 0.083984789591592 
0.856136517760913 0.343746731759637 0.153355046667742 0.795613947485569 0.510182627348053 
0.668401704742099 0.490227531243022 0.302760995285200 0.028188354961522 0.799476597097435 
0.337597480899682 0.477437260239320 0.753823300086579 0.994557466333153 0.633004811423274 
0.937917340651398 0.174804649204679 0.208507219572645 0.291464527282150 0.630136885720608 
0.234811880002400 0.479312813916167 0.637405120787620 0.822582742620472 0.612415071851169 
0.634063127427107 0.563882553068501 0.523404527334685 0.984364482337375 0.809986335417236 
0.870062342441928 0.509017712417443 0.127997981010044 0.869610876306100 0.754956956202800 
0.870237856694424 0.635459951138616 0.960784783558769 0.367054427766422 0.395395515351985 
0.891323126692575 0.141756872130195 0.515668316612607 0.177376529326014 0.821536099040414 
0.275991190897605 0.000171293259526 0.399401748603641 0.604881369152647 0.767441343958770 
0.657361107669300 0.906105001286679 0.148459562135086 0.044833390178315 0.359694863259493 
0.261272185377593 0.531722231509770 0.967796076432425 0.917316298934115 0.895533255423017 
0.563641907081940 0.299814751354903 0.152364606518308 0.804551361109189 0.182032491006964 
0.922613806890231 0.061846450904317 0.244340289459110 0.693721689347101 0.348543522678407 
0.728607748231501 0.541586563544930 0.341515260805537 0.498640443105735 0.041778172353161 
0.404853843858997 0.849566875041801 0.745956208976641 0.558231420073266 0.004216773414305 
0.531104164268328 0.972398929364169 0.357505433518347 0.427459448798601 0.406253744711289 
0.456465887715573 0.052106996303746 0.269107679347891 0.731960265733777 0.801396814326569 
0.393577594030704 0.108409579000470 0.854299784848187 0.585411502146890 0.800381070867715 
0.349543350608521 0.847778818717612 0.351778959965076 0.626634667479192 0.783941326076212 
0.045608607165824 0.966733790056821 0.317307469925150 0.607452959901369 0.955076929086697 
0.009306074348931 0.268920032644195 0.549498224325057 0.377599738147995 0.425422328551786 
0.380391890166120 0.508160933219302 0.768732410876470 0.717486999331895 0.015019729480795 
0.006838645548223 0.738058380594127 0.323990611309290 0.815202565768285 0.536403896064766 
0.590023629488387 0.186583379016260 0.970672078694013 0.570166171694781 0.001428547762817 
0.109793238105895 0.893187359660071 0.470108580790830 0.662825240097090 0.390073970315822 
0.851662442308895 0.268134969957707 0.645539435257465 0.971031994385025 0.792171644535179 
0.900723016723291 0.480783986337772 0.322785818030237 0.341335725637726 0.375690371743338 
0.292246712903369 0.361705283709000 0.901508348360354 0.243829934717610 0.210263750376472 
0.487573892585738 0.075277726639772 0.132759148497438 0.416760255884594 0.912822227326056 
0.500188710151099 0.455706644856047 0.672890949604698 0.729592197527263 0.843842963233866 
0.664583481778162 0.054728401950251 0.967292411828273 0.325841219795407 0.307601897863054 
0.246085936731182 0.852540340592076 0.244550449119396 0.569359714174771 0.213003041658625 
0.654164630583321 0.882564665853408 0.730194727097003 0.476266757221949 0.946988911312575 
0.850926875735125 0.469054730375048 0.832190598032170 0.624519550885914 0.898889259039831 
0.531843938961494 0.035818443159111 0.927368683310868 0.916469612475358 0.611902442330854 
0.032780206670153 0.185658871030932 0.204280313066277 0.786930105693165 0.668169794105524 
0.352338283677114 0.700438202449695 0.619929943412910 0.868090848194267 0.373420780624396 
0.048990517903748 0.540153509500361 0.339276413977055 0.671316259248053 0.339906130504037 
0.512655485906039 0.676488627724698 0.303310510120829 0.302508063766100 0.047656146996032 
0.914645418923232 0.492761862918768 0.927628632065796 0.348417579371797 0.467633676194856 
0.061234666633314 0.679750826284938 0.878988420978396 0.969588080881724 0.180308162204703 
0.801368497141574 0.004315314540469 0.984409640650308 0.870989137236923 0.668481889155838 
0.617373041972666 0.278926257914217 0.857246175913117 0.712657378081567 0.699284976796347 
0.034427342552033 0.036865566750800 0.578488527742781 0.245992421128501 0.733326033057066 
0.875446021358163 0.719773213516467 0.387599023605620 0.683909232673317 0.453872103612517 
0.680786610797044 0.029564843100750 0.593501138739277 0.351122713293934 0.157455328482754 
0.543059553759149 0.076814993626291 0.292303182891741 0.505310322408793 0.717395507325276 
0.039897548487820 0.188844366668398 0.284984494030877 0.932507777170605 0.082807797613922 
0.871902505338559 0.086528688975471 0.167845231589920 0.599202074378259 0.632377810580366 
0.869264180410965 0.508234738310563 0.065224471736492 0.191160008320759 0.073188192304936 
0.762314722615654 0.738678825930641 0.784893352952466 0.598738656540922 0.898802117851336 
0.846411173912316 0.808276472109438 0.686974310368772 0.936278966279546 0.218228873705681 
0.885923773058768 0.874532434985493 0.794395006715287 0.204806756878283 0.319192091389440 
0.139788684474842 0.920735910546075 0.241998552823862 0.018104705992150 0.277071407794933 
0.984774421747266 0.003419704414063 0.723349724406790 0.731365878031514 0.542341178828524 
0.046799621923960 0.576737878141511 0.526590367635121 0.545377890292172 0.709314428024187 
0.225703086225262 0.905892606557122 0.676847217738302 0.798695784409960 0.909931093009958 
0.289295527139917 0.645409085264607 0.138698184660122 0.218026749059591 0.391270758565236 
0.626622525904538 0.252674317716615 0.074437379701228 0.146593282522406 0.147091002643714 
0.265632502447791 0.994615773978319 0.825042488420738 0.368564903003220 0.824083780758510 
0.038818400608105 0.231472665685873 0.694426806016306 0.306601801925570 0.841659863318632 
0.774876621343313 0.413859456180614 0.990904436683263 0.661594555741312 0.937100804143170 
0.843565603000138 0.683881138355079 0.438989636047809 0.310373113781872 0.872443139380008 
0.469784880268494 0.552190012032094 0.083482972589511 0.850563900751160 0.531683911486228 
0.343620312368682 0.148084041037168 0.000323625233516 0.334060739506824 0.231132727179435 
0.404196910241285 0.467199878190475 0.803994891913939 0.407265330034706 0.734617623985337 
0.283300075977499 0.852275225916138 0.486116190309716 0.934793643075722 0.886448989290562 
0.222625940350621 0.134214155247353 0.109086527848668 0.649863908716423 0.564919738200090 
0.469633336566374 0.184976890135769 0.441704017074320 0.847691982341000 0.898325909054141 
0.397658039184698 0.639839061773647 0.183294128344216 0.845152097185389 0.507411316264098 
0.226879374857101 0.999661299612974 0.635053689828443 0.397947915178946 0.329350630866453 
0.990323964920614 0.577058949190128 0.000361220952349 0.793365869824944 0.234658114906804 
0.456393073089698 0.778751921633574 0.080501922003584 0.160118761052994 0.268707875029218 
0.289465216347212 0.175774555723991 0.533505642649878 0.524188912637293 0.573224329777336 
0.306744173682412 0.308532274910515 0.394185345572355 0.021007308929143 0.938125685251393 
0.362944083244470 0.339961535301150 0.784029692879955 0.414884618842997 0.832438898413222 
0.079572480820419 0.964073563837482 0.393495853455081 0.559862246064954 0.931156893066328 
0.300476204084790 0.718971243145687 0.324544369554987 0.428505479432830 0.143702380524341 

1000 outputs of genrand64_res53()
0.111916383592195 0.319245440988126 0.096481424735097 0.374332533994534 0.239312698531971 
0.923328067043301 0.157304204744253 0.944701203721722 0.224949625497078 0.341393438494445 
0.570056849357689 0.189600529108029 0.862065836532318 0.735265163198475 0.764446192297411 
0.906017822089446 0.629101637142258 0.064129972330002 0.806384138664990 0.810244033760307 
0.638006513545646 0.316003823911552 0.124618321839671 0.594225489035749 0.092490188943551 
0.303640006962300 0.283066449252749 0.924220479934217 0.310077050619185 0.877764244135988 
0.086130395256096 0.577879656043296 0.450049153897676 0.511248622319450 0.899594652146964 
0.832438693945875 0.369071164829781 0.685822207717064 0.908448063851861 0.154637669340880 
0.123031483860849 0.722605917960826 0.059079294735627 0.371476130775708 0.779208205864895 
0.659198389735335 0.735494059629443 0.564059374940403 0.276808860567716 0.931911021712837 
0.288617152035625 0.814658811693462 0.851020489374069 0.453518169722178 0.363280773713851 
0.399110995407089 0.166212964037627 0.930303865526068 0.714096239682007 0.509940546031814 
0.567282543357966 0.329270425673614 0.147651041185183 0.535916793118355 0.232634930760575 
0.524223621365182 0.630734537873983 0.812062963705571 0.692469379568019 0.728157304200964 
0.828531730371665 0.956392739198320 0.965658217141367 0.292936267245560 0.520429167615409 
0.923678176740587 0.195284483937007 0.683804306734520 0.390165335897624 0.385440372439392 
0.274041535506482 0.325657752697065 0.770864866770670 0.479950491265283 0.678221663979421 
0.941355654212397 0.791368289516213 0.894748368181610 0.887020445247563 0.069925789985304 
0.275396633190506 0.830344504928165 0.794007667571506 0.930293122729953 0.405164234929835 
0.491787363065528 0.580060091713261 0.872204917066490 0.912562219328830 0.120575853761453 
0.868673609795516 0.954814991242458 0.511953124797150 0.125277761540409 0.246743343106329 
0.941764074303377 0.334257089912478 0.399046512410315 0.771157442412807 0.167517759903580 
0.355982454951656 0.716620706086825 0.593129248917380 0.513796083547224 0.984229389662163 
0.810973451385800 0.182810868435465 0.517959716724215 0.259746794613383 0.796482308953854 
0.301214428197944 0.203337330151597 0.777004882494817 0.295030998640046 0.535382915191164 
0.878456472655357 0.232073051963120 0.671506875178638 0.346467179201059 0.865729178649218 
0.868660672439156 0.502880850369984 0.277611167287445 0.427378497246572 0.940781280878745 
0.881700855311998 0.023078913384068 0.861975334994153 0.149808373100237 0.537430844424192 
0.782192627706701 0.424878794916872 0.488976915728677 0.719867740155642 0.107779847734840 
0.208833168966402 0.957088391611417 0.879518131933543 0.574877626930033 0.185004789170324 
0.739690093891596 0.959947357233081 0.337449399549978 0.161902077423441 0.951224052808961 
0.152374858083166 0.945808938456336 0.759213308404810 0.530491511317876 0.510797293546347 
0.082224222675563 0.734383782800846 0.064083649382940 0.129089362334530 0.038200540497731 
0.462075829288232 0.979340848474089 0.719461226065635 0.511694631843383 0.465249103149139 
0.380749803791390 0.691720626945082 0.677940413581080 0.339774661460582 0.871664375450631 
0.985391007930721 0.790063806443789 0.771049852962227 0.194356461311718 0.818312647677433 
0.723488832303516 0.452902430770450 0.656855813192307 0.730607922009788 0.980562499714558 
0.600179823284616 0.403413669580567 0.107533343689054 0.225323762264377 0.400421460256511 
0.417401488969509 0.790093590943074 0.387105132897641 0.953564525874177 0.919467434558028 
0.258705726137429 0.968077325038686 0.245931005984817 0.110147597225998 0.046688462688197 
0.522535797552088 0.769835138224737 0.714816730833022 0.223989642732661 0.892923552062797 
0.104576557543816 0.010026644345285 0.218941243700637 0.271253509362462 0.754531168186546 
0.610238388597689 0.831586664458794 0.750456374384608 0.898682411797386 0.542788442688874 
0.223834904972655 0.194381496021437 0.031972795148459 0.604506265107928 0.905430029970830 
0.458088994199431 0.651516344852155 0.206973012190666 0.530394110656261 0.219049982055749 
0.319771865916662 0.945970329021345 0.880935777588019 0.184622938034972 0.233267090541254 
0.838686696200178 0.369825685901154 0.245550233175380 0.832615655866005 0.667431523677509 
0.053754844371199 0.216370292543442 0.983111067510410 0.982519306410566 0.802786410051704 
0.281461559775755 0.804275917335509 0.811108017674334 0.398520286058303 0.988479071713489 
0.314862218466443 0.684127700595922 0.466492779788508 0.358560097693825 0.125148360029823 
0.775742317373553 0.400886599373997 0.070958846193691 0.158938692209239 0.512530300114620 
0.670356159219011 0.606511982977506 0.964652907371294 0.439095925136995 0.473677637915623 
0.896106520117471 0.673577763884314 0.413232739144261 0.066841783552170 0.576293350114590 
0.582387419071909 0.551310210995241 0.150325186265441 0.074405650524352 0.079483653645151 
0.343094425939974 0.821972400066489 0.822004397064108 0.382166955771313 0.467950636824037 
0.934288823938787 0.767980361505705 0.816835618605291 0.491039728495918 0.506628822694512 
0.394787372290452 0.710639939647298 0.909747714699625 0.659555887871089 0.110325960772924 
0.989069712598632 0.035064138790225 0.754656521006806 0.279779532405527 0.787161206501503 
0.043752475827264 0.310444167879458 0.496311712879471 0.695494545958959 0.553194725801256 
0.881221828994296 0.181381049440878 0.046700592877795 0.671709642173376 0.758461483033845 
0.173017424912125 0.169553607665165 0.715314608087934 0.898073203872580 0.817534799623379 
0.791907413454376 0.259092749779607 0.679913734743225 0.270449017342213 0.612212646890989 
0.758325093816079 0.196393210566404 0.563069033675447 0.088144591224969 0.571864117093202 
0.296497005255971 0.022395845995698 0.611722444108370 0.602627255127124 0.583933570822316 
0.093174796266803 0.685260131742941 0.403653113522006 0.199539498514659 0.461663343571306 
0.366546601831593 0.302259156875926 0.315602526258242 0.596105788788309 0.081548451631067 
0.206926985473699 0.434430292368301 0.064574606318117 0.028647693064294 0.550071218131890 
0.957105052738062 0.734040810985934 0.548359335716432 0.235705604771145 0.851419779667966 
0.785251654644675 0.355866814781465 0.017519651226290 0.610777353486815 0.804629971234825 
0.376859120454835 0.090857306154865 0.618965321227924 0.111160832448415 0.109608893662067 
0.874746298547236 0.205375150434649 0.383391964250700 0.996130928146554 0.096913938658217 
0.754020632648086 0.198992177587311 0.602951562091803 0.326556916145571 0.718145358769537 
0.856004555529663 0.086622310151498 0.739096781374090 0.123568360452433 0.661449612894481 
0.068977047789273 0.788207612183171 0.762697451103297 0.775696475500241 0.537072857725987 
0.007813619222577 0.788768644368368 0.577344985778546 0.826915357766050 0.977250665934742 
0.841692719591318 0.371899139787391 0.090992785505174 0.805895932512710 0.240023426346797 
0.584899623464023 0.746691417127460 0.823843236939833 0.570276248636292 0.231809004875153 
0.462475861529264 0.055471517418422 0.435577084885332 0.127265583377584 0.525606618565285 
0.274285022353622 0.287737185249024 0.157225395595583 0.130654969086359 0.823388050943288 
0.869746003935698 0.690448735449021 0.663638776506527 0.737672273634543 0.292931467876900 
0.450621489028539 0.550536151847404 0.710287001301332 0.170079831516411 0.809675354127631 
0.153164935135857 0.396177543288393 0.309082985634168 0.958156280713968 0.585601419883559 
0.673854588386225 0.246473606740605 0.204376896401626 0.081446354598866 0.467358118911607 
0.694295963232732 0.521705020946570 0.315798583674216 0.647087794253255 0.498140146333313 
0.130332134004735 0.528156524839872 0.420777763771769 0.205655716631501 0.268446456457680 
0.965079483051430 0.531115052780987 0.304170444173966 0.055489104908247 0.729294205109275 
0.297854421741559 0.733743442811426 0.756494907290288 0.953766942790215 0.851516437239483 
0.868654845363398 0.643909847521715 0.198712609680278 0.594331843671782 0.160012644669138 
0.591027474831929 0.919592093019098 0.666372678322170 0.586937216062745 0.636798389829866 
0.805636159182952 0.778472070340123 0.620991454780041 0.531257468864025 0.879249181776512 
0.974106298126349 0.807005927070935 0.885540177401093 0.745966705278527 0.234123088196436 
0.788157986826221 0.080010726404668 0.520857992020692 0.303188389301716 0.476793885727227 
0.046987850042215 0.915817488287422 0.653895682376284 0.530677804679005 0.830901259429243 
0.038392404608026 0.552863265089794 0.743634313008509 0.416312578203710 0.731476422588791 
0.791385979356694 0.032815488708298 0.945505104983962 0.997356539462665 0.577842056452615 
0.190113552233549 0.771788539976335 0.280566226260842 0.625669473700782 0.975567530197280 
0.453223622417441 0.591986112750625 0.149870764498257 0.517778181412745 0.071983388380316 
0.396659481544465 0.630751194199468 0.496458063921663 0.594124038974997 0.015712196991404 
0.968290742552124 0.068871494016943 0.249832177578120 0.505493404697415 0.927403271049257 
0.416755234992519 0.792349203946015 0.924756392635560 0.733125507966787 0.477325653447600 
0.404191188366537 0.868089552567471 0.561398857738514 0.572386491360853 0.405446425266440 
0.708521494936285 0.739513011306273 0.311362431059657 0.575452699231031 0.770398459562465 
0.305442132881024 0.804077133553230 0.843054671417583 0.994864721886949 0.430634530539957 
0.774833819427792 0.772131727388188 0.798944657353122 0.023112539926936 0.389656604334220 
0.649452610960109 0.036323247306260 0.782897401260919 0.304434836780392 0.213954919035153 
0.259041988684693 0.910774781084852 0.906661334102870 0.442432808012393 0.718131432567665 
0.196233744536744 0.800320515154010 0.506186259100876 0.840826961877920 0.790413751997414 
0.642462770224950 0.446757572615379 0.604366192646585 0.114568406825551 0.901470489128816 
0.905339157002791 0.399643643274245 0.458922944167394 0.947325499837851 0.853325063666696 
0.668334041663899 0.890990199489213 0.716745600549950 0.665057192170516 0.899614409091986 
0.734733481048247 0.042486318598650 0.516904118841006 0.354406819963998 0.976970317779301 
0.107892223242546 0.570783543111963 0.647339576551463 0.821855354564949 0.969046370939312 
0.750601990025502 0.236268181689071 0.652663685052539 0.705838988937367 0.743133648660034 
0.681890015174468 0.694933559215858 0.932516660707629 0.208930145765453 0.148911024166561 
0.831987338929531 0.621994692948752 0.196126594424510 0.303859080888531 0.528247924644146 
0.285291332103213 0.167557962990325 0.362873208549532 0.926738208056703 0.155638266102253 
0.835505376824742 0.883496249033020 0.807690168215374 0.508680910675336 0.889821780888163 
0.878569066056502 0.146498088655493 0.698905921506787 0.381459456663999 0.998397451160560 
0.855390129504799 0.628050810380189 0.967453008638944 0.641981507837315 0.027108944258153 
0.162705538492454 0.430881711110671 0.425505866433201 0.956324230810341 0.319231068508797 
0.776113076250331 0.808742760511685 0.239634472428909 0.566673110883170 0.702849884152500 
0.790931491642360 0.445217003029687 0.359040858421123 0.406246954264245 0.163166940871573 
0.852343063178329 0.883274677757521 0.979178230778169 0.097022213691919 0.762704770859166 
0.739475649389455 0.623372383647002 0.414384700803164 0.753090208957509 0.412515798913403 
0.147096926115583 0.187714437711360 0.706235026520074 0.443617418232104 0.490602567864060 
0.762884963758148 0.419653395059493 0.789357233009146 0.348377719528879 0.357387923561276 
0.219236195974041 0.516821486911135 0.679839149119134 0.610397503494067 0.610037811287726 
0.604943189642740 0.122212971644818 0.314479416430681 0.211817973186798 0.620694831542880 
0.694205411205583 0.595188026846360 0.276778927253823 0.510490804671329 0.668790489281971 
0.275189309697978 0.664728185875461 0.402069059792881 0.663513794730783 0.265353694475824 
0.283084431239621 0.937672659867164 0.537680883650685 0.550640988544538 0.526878739316236 
0.259398613610390 0.468061430344586 0.089345645490617 0.208582022057704 0.068629694821082 
0.878764324729092 0.371082190208975 0.386102121319806 0.941692480617641 0.380869354530348 
0.367977215515006 0.754910235161773 0.982416897713457 0.622920434039007 0.486501041544416 
0.462571262173252 0.318267014311501 0.089941691604852 0.764654657917436 0.952939166310071 
0.140660826618518 0.597600777509481 0.376589093875003 0.814184155646122 0.880962464919208 
0.597106439127835 0.315552038605426 0.452403944207247 0.371024078620367 0.368799835205582 
0.190739294990402 0.092080001344706 0.834927476668755 0.385330854620937 0.908016057496922 
0.092637372597705 0.360300096598362 0.717531480212421 0.682710718867325 0.759952393785613 
0.359745275686001 0.099677605517669 0.892430246206074 0.336015227917878 0.021641736301574 
0.792187349111449 0.778711948466453 0.061058529224929 0.438454226507734 0.859050835442911 
0.726877340329550 0.855109853090847 0.517460973158428 0.617442347663969 0.630895804966964 
0.137907885758575 0.443485801107931 0.010649335284397 0.157538237309162 0.032404861267656 
0.155606694545673 0.718501666602239 0.865940210396113 0.331492616755577 0.390611384503078 
0.085573778464012 0.936327402608095 0.655517232750078 0.679347837991433 0.590977101706140 
0.399228153030411 0.607870369056034 0.296471030294312 0.105427253381394 0.720315627324177 
0.397886803076585 0.719545509689627 0.240294523446574 0.291059121616892 0.517868948905203 
0.682775935660698 0.995854202445329 0.337363570038580 0.521622967849121 0.583895697632838 
0.433336195417803 0.539131565606483 0.165401577695543 0.292741529047625 0.900176175932341 
0.544146744196667 0.960134735081724 0.038080560784648 0.542688590509092 0.664870443871985 
0.521223018124764 0.684037047519613 0.425326987120000 0.934474355241782 0.200405589856767 
0.152191362822048 0.110360494129351 0.969533282830537 0.189757773640719 0.184784957398482 
0.721097159974601 0.320155663388179 0.404273546757219 0.078862245882930 0.165980277085550 
0.424234945167582 0.439439991247323 0.073458251260075 0.446389571107494 0.278842882436656 
0.787728246050008 0.916889393907569 0.239386820639092 0.899570340023611 0.031380037199423 
0.746644225092276 0.322926812007779 0.572294789198452 0.391812565863864 0.249613044977611 
0.733948471705809 0.843892072700060 0.666366279136470 0.929285071097926 0.640163983787344 
0.365253418176492 0.975462752629304 0.453830088818683 0.685979960884622 0.514201072826297 
0.278770301684341 0.840042158663582 0.176180444658109 0.567314172015317 0.085378884503638 
0.015895077954672 0.145629721483657 0.556055865154245 0.318967535650080 0.277095384164394 
0.950174462545630 0.627768221562212 0.311908402641825 0.610491747450019 0.356634027278437 
0.148118345841084 0.424867549020505 0.889587015148495 0.188683767807820 0.122880054115332 
0.295701832475371 0.803067295594356 0.407280010962962 0.137410476650437 0.719135363306057 
0.923470379704992 0.794130852219589 0.902922346508954 0.345902341892942 0.647347881223086 
0.156323841908574 0.461077833003984 0.512670960794371 0.787092084799101 0.492600565020904 
0.528157069247997 0.834301663135067 0.668879774541815 0.131959129181091 0.728684135116685 
0.291819410255296 0.806522636207953 0.404344365855245 0.574516954620631 0.922977518313995 
0.685707140272386 0.138557033329311 0.105907888456506 0.341956637347079 0.035378437366705 
0.044556094987488 0.664708883949002 0.631457414417443 0.662705124713427 0.358499105819033 
0.961704125051361 0.449080607774277 0.476495758028893 0.484945422645053 0.279079924518836 
0.747109646234126 0.404277288790206 0.192689549649802 0.609841327288302 0.266229849844986 
0.932753925354930 0.396139845663432 0.600434327958512 0.406662604441966 0.118666397512135 
0.064664871410634 0.157172497997887 0.423953306069458 0.780826626354226 0.467101232977929 
0.529483303254967 0.344565729506960 0.713431634236475 0.081431409095753 0.692692515192430 
0.572865841817179 0.215175174146905 0.330023701804616 0.312532686514856 0.780330282936079 
0.177902704902954 0.205780095526863 0.099880348503092 0.398045142939784 0.605370076205696 
0.996594237026115 0.616440187911671 0.073533169205114 0.276684980412554 0.357365280076047 
0.015481013192092 0.102884651513243 0.703054181463562 0.170446361949941 0.483864388160370 
0.672411910821865 0.159316508796200 0.493391754420880 0.570208037009373 0.693006811684425 
0.466078134928705 0.457887475758866 0.138001542574740 0.713350867750867 0.420667220059624 
0.491289207493147 0.039777661097220 0.833508566776578 0.957132021674696 0.986524719894199 
0.973224619734640 0.140811961691354 0.925721560850280 0.975384083292961 0.297250357578026 
0.299430426913800 0.640305824370896 0.756028475115736 0.370342229923737 0.134741565649318 
0.719495595522771 0.942296183567972 0.370968172082077 0.861093102757448 0.715908077825485 
0.909804552701163 0.084129146001920 0.962818603877251 0.581514195289666 0.484210501498280 
0.674991203391417 0.366561636240905 0.160611560562169 0.743277169032174 0.429798006315174 
0.712651993717524 0.972642610538958 0.058071695255060 0.865169772757855 0.050601831145751 
0.912851665709167 0.302237214397586 0.520102441035960 0.363673911630840 0.080384399230642 
0.756259571061924 0.158631013489784 0.034484209590113 0.750741361341587 0.701339850988606 
0.304036325905929 0.955914548892179 0.174583809590998 0.506169518220684 0.805118990620977 
0.125340237126637 0.665007963285873 0.208203868857594 0.424472349713738 0.643852628308552 
0.741804585340575 0.178097817676933 0.926800100039981 0.693171687179689 0.952667628897895 
0.775304401793381 0.537274877455589 0.872524890499466 0.909785883057233 0.362336502370108 
0.576858482259726 0.721652336211348 0.515409874039282 0.126845110109613 0.524726973376197 
0.982534547030302 0.849204292389822 0.162462520831067 0.687068652682991 0.258662775223251 
0.556710989138206 0.504136369921052 0.626313635949008 0.044590863155302 0.690096158862077 
0.923520708939664 0.662554214157843 0.767624943226879 0.942076945059574 0.283469479859238 
0.453705494429725 0.742422192307389 0.856992432924232 0.437340686884525 0.352588778432201 
0.610470106277211 0.116076882104686 0.433977941914246 0.545450953821518 0.659115471624188 
0.456472874930237 0.174801959311836 0.669667208348192 0.067342444903373 0.454830553616344 
