1000 outputs of genrand64_int64()
 3698867468831301870 17061922288668945088  9425389310295022832  5253074967848184289 14330774299886515801 
 3172340697207263379  9664025061202247277 17796377429431934407  8544303353605336833 11930888023113617400 
 3154710123151411761 10837708497908932846  3586960858401834650 14477401400347540848 14025322771195953868 
11687580167949629113  1792426822856249791  4970154539221281936 15595356087920219159  7583426086370235969 
 4884011888148054322  1158722812799074854  9095901820473742825 14611032011156657888  1129699816348656965 
17723803002106303711  9921663334861524785 16426142293896464246   659904867662589343  3522447508294098671 
 3982178907605038795 14733943305170070587 13241098843095690339  4101773478577448759  2145972829024825578 
 3665692330644738351  5176597466160157027 17107828687904494169  4228310116318478958   782480295899565468 
 9570307654645298183  7874585906324431285  3192052054659401681  4761987780241371361   654612326715777255 
10387534659474462414 14983716028809479102 16951927617298126522  2422751219668015010  7420363366468115372 
12314491156733541173 18190116492250130014 12641593180142070228 10248524759577513021  5618126612950756878 
14836384188017774448 14510853067604961777 11427516750092662582 18081349577514222165    86467293039488287 
 9979333811137249613  2353373411278969804  4975649605834114219  5328605230920986682  5145182186432228418 
 2980423710961317746 15446407466466433770  7819644188941882600 10520835551646281192  5983922239120815346 
 5632717178538029705 16419363525205425341  4488668974335510484 12421600571348418695  7577199177945697828 
  568201530453060533  9380727446495348077 11503914156157998086 10130600963096417922 18344981021479719312 
10213709465588102683  9150424046812629248 12205126543121283238 16036913850787708034  6520209752125136885 
 7194917021540605601  1769312769361456987 15208542997203268484 12026166184432122065  9542136740613687492 
 7413084231570904872  7277849743283189614   954851567643415647    92274316596884656  4757976390268710674 
11019444630442597586  5680574143879261053    61282414446550395 14564602531011756936  7913201522536874755 
14383783885182598424 14687360457537043263 16027109074999399435  6552835080309609006 12427702692914506096 
 7138808720792883298  2571504092204296168 12243113480498210684 10593580921551552560 18076761213898672611 
11059391391262722640  1387780573711925175  9808791944127318806  7269783651880047710 14748548179234703697 
 2003617939906060525  2613492421275307812  1919800028043701175  3735161363842282387 12326912530779237849 
 5676583085742440957  5686528095149847846  3701843852229769937 16869285810073113320  7983317835893196820 
 7526546497583166677  1336865011931242301 17293106199059300531  4347214541978075455  7362478713370427719 
10141662745072698190  9629296119510155456 16967009068690942074 10809165277106811069 13199600822355255879 
15802783502160474569  6663207698959144543  7935740160867031030 14106033435107139315  5295190423521927053 
13758239893443746305 10194819167793364389 18053453822541735188  8414457640289557811 12887113347669957884 
 3780193215222992489  9632152859181767302  7948205897744981263  4619706080943427646  2647373490684440063 
 4371126936933960753  8168106666757337734  3213985109149456853 14061776351373152610 18114243716443071681 
10844742539269241549 16369171987726696907 14567291237251347664 10870299970078521702  8155025701243150380 
17260497685673384130  4800635664378226214  5169556267082877748  9335781270941783667  8930601651556820348 
 5765274420814202816  2829070389915735529  7737834702890895774 11072685965521977234  4854000003264677921 
17119265936205613622 11269540042759450829 15459095781700052321 17458275414033697969 10208531961210666831 
 4379399532517462785 12160873999959131238 13617540281294487565 13144702045933170526  8839145016802911407 
 8044082447176687313 16597782523743701392 12256722013253354666 17871229968287565171 13651030859577436748 
15136093637167698284  3325289936163209694  5459711462338340374  2611837927612979015  5269601830530874040 
 5079594831021836974 18218346156848450212  8526493859599377046  1534439796356137118 16199308121026127328 
 9651140841246700716 10631662353059333561  6335583753451577704 15792763359523165542  3614560362873334751 
18376851566827572391  9442483761779130470 16030350569112901487 13724277046415188719  4888518662265578414 
 4811974724140354834  5138654521296293746  4204197027619717551  7534608235447187555 14582540989110173039 
11451035662636800789  9073533077575279279   160635663587794406  3993703332528067788  5055621199002373382 
 7042291974671485328  1799648692568740295 11026385174887245314  1056555065782339627  1394311267517625359 
 4938262326997259590  7919669484767633472  1990310736580142634  3336120477144248129  8893919805028828700 
10598621429498892793   384748768712695284  4069586582217668941 10172468217361179660  1428429533544482607 
10973385206222216579 15525270155684744380 18256713904095728321 12633469250867374507  8311515864891878039 
17848738600728732990 13467100298660117566  1883759620296755101 10858950498348763143 10302511397964913711 
18237141945881053930  3542164651450974682  3076179316088494119  1231282600197274580 13805469406140402514 
 1134358334834065702  4929306986068068893 15815474793934363992 12980166878118698756   279593282073953986 
10819165254240108710 13273190676964509349 18136537581887387312  1650344676353654216 13606551126146956630 
11243175392197274911 15688722401375245411  3649658358307578385 15978415611598174220 17062806389524372484 
16204991741963970894  2999465133138861457 14881420013391626093  7020140437147588969  5600552266161035882 
 7682228844368941952  3980160445188134947  3724039026539168232   650386073222480282 17038494470661427219 
16475991795983297728 15110315166725954682  4438699714455125539 10390699008956936064 14964455484149925063 
15382222039609601283  7974307509791264061  6462585003858727565  7061253717951656926  1584341462647389755 
 4212443399239129065 11933318477987754214  2364716984471654355  7716616963388577059  1923308326478699310 
12770129422999489584  9589724804399042771  5719365462105308427 18289619168940495500 15559896958317786302 
 7532403460076813599  9375309620351304283 16254190862484892244 12036259521814745479  8497900579906032595 
 3129290174789990734 16147682724793771371  2621392190976145302 15618172107334605990  5131693241502598820 
14946216557799996040 10204981765988286522  7616879233107644320 16205458023997281203 11554344968364828952 
16329100822615494434 10607403140204960304  6298411709950473008   245993045017603495  8317113697887217433 
13459278397803223447  7370195762747681379  2858998782547102416 17586282050604012844  1295690107563739909 
10143108787817141017  9648547178387677933  5574151934838140515  8275464895446502758 11041494763049968326 
12669893699255172721 17053829332361348645  9837615314061413629 10317618961472854225  5743313184733152939 
  326564295588908100   210199997817597232 13154656675328896994 12110071987260044878  4043623690742006359 
  369396952794261459  1091980096975341800  6030619395180707875  6093457115338747048 16059018396735025802 
10308073345862317027  4678097163545473566 11328036209649071412  5508500809465925624  4140147888352808842 
18281890162350295482  2257389002652350782 15014411944903587631  9175154019989816404 10724871741598964817 
14089644510449089605 10944214530807040373   954399217307945363  6586327380498685313   150062265722644180 
 8822445205285292787 12429734739218892929 10222232816020772076  9140124529742219545 11215264533387876759 
16213397280421425259  5191664657685202777  4202616972772371504 15090242290900805570 10027636053492957742 
 4673331632636869411 14072387496553366293  8306757378814118014  8852560420062972798 17517781981948350232 
10461852285910827620  6080751503981877128  4046738652717590906   874275962468439248 11231233114435479893 
17766657978282599753  3671376031147197801  3765056147917157956 15356183957231255986  1893306292868220963 
 5793532736047200056  2778450368164692584 13400639947216263297  9043551008740190467 14038491766087042687 
  900340352707542312   662973127697888471  3473846319270118482 11952301713557448039 17011527554616621557 
18190952704145145754  2146893238325789555 15647032615423923710  5470965899917823798 15026726855622603101 
15890385714211807361  5145731789997863431  6385152313028594644 10162449131214735035 12483348242978986063 
10104254769945712794  2583342812581770625 10898732249510166471  3673580061295513882 18268030691645165216 
 4669510239359450276  3429298108515801596  5495183719428903316  6307502334885209617 14164282192671589986 
 7935688212836831924 14920135790704625500 14597352074770196752 17455690878467495006  8204108857862408360 
 8955050728625574835 17547961133831493096 10446858847306755083 12082003410403942891 10535567641446979528 
   42995782517696798 12306504413619963725  7090786142510803146 10354287270674391265   825780937212620920 
  885905765687077803  7428153100314568340  5412959566090259377   649321453700106483  2847767640384984717 
 9386085122220297838   648408643176370006 13746547696235577488 11434268364822883104  1207893939466926423 
15743354860672424186 14685811348199327671  3793244869438020368  2309628014036679535 16338459130905562537 
 9435097276204547101  1650534386037371629  5889641137676706052 14110973738516859830 16558021122341132646 
14613501087777313254 17134572733403686704   593472452969832287  3142085448486468262  7309146679464357757 
12892877845312482139  6794926553915637367  1244210895227212513  3441804325220993835    10874084886654175 
 1818738843028573129  4662965348272332256   588000345962227306  8880001259981595235 13452602845562259129 
16301870206288077501 14007975310367006303 12820277687052875456  1681177511316907944 13895937211642247375 
16570100463234970357  4689483716729657259  9202190239689932711  1678547840478963920  5823142282878037387 
 9306686739445955156  8584140719741496897  8459248523628935861 13988829828765296681  2231806142446767065 
 5504319091818370039  4541178720597725265 10884113546052792647  7833343625731613976 17814685921512671324 
 1727382005294537626 12585024236453621134 10361377589718635889  8878806038273679120  6892186038049006593 
17491961166294284595  3098736925730947555 10259508883592961548  3161573660922260716 17307642124794522587 
 5643695647857413260  9980135649297453653   331813993002039894 13965807510938572309  6495166911312124793 
 9927066642449388033   501780472363068809 14627387294467928222   173717615556439146 12956824753731817338 
 6785486290414775207 10141666863040143643 12755861284934960211  9046547367861958421  5493267729588766102 
 2343644712986130682 14880179907803006171  8593184300860803888  5895414742048028965 11409468221608985512 
  376830288755619840  4711766190186757620 10130984462920031152 12731506316875995129  2350807104482040021 
 3967127662487724038 17598397056697342856  2378999691205950800  8704719522208621355 12068175642487941797 
 6488392180973054857   409739291961142478  8620086853846472971 18105633243665212158  5897734104033767670 
   97331608370918743  6984513157093594008 15982301239453699025  5932943007150591786  3310111825444403419 
10006883779167564402   266506335680189009 16541105486560545304 15301241481636963074 18402037995797800919 
16750177163119826200 11113882456084256726 14588854632512600318  5882518035440696091  9941020639261438591 
 8553009833717881915 16669704277137706263  2827503037095343451 10223833904684673904 15478110752426329490 
 6619925218600822396  4711295888145132424 17957426131864982598  5797245936294525842  5468091205852800603 
 8069194887109510304 15643548351251382456 12904727359009169143 12772367766693988634  1643375470489205399 
 4150255396491983157  7655023749321878956 12361138617747554347 12299262957827941471  6054739953041836085 
 3130474116014238647 17934037772487839162  6620889848319545268   939631671615227722  8245712382304111491 
10653618308030804425   407419724534556600  3382096109697556946 17462680151930477132 18268920070130876746 
12151151025377727011 13890842677799014157 11463021494446434828  5103193357819633486 17081375382470383416 
 9716260170765448282 18429450279845209181 14618637395981330927 11850671714040612782 17960308384528075681 
 2239034942559984224  9182751418133868032 14941940448256763396  4846955327329859641 16104136322688965817 
 1119691277966373527 15962892556697222566 10181972480821706608  8914819569248587888 14252716238589333464 
  728658161515812992 12591407640722360927 17450178718475706083  6804717082751368702  1877749385682131586 
12815413670197981138 16855968565015919749  7751066511169560792 16090686468175985846  4335847501042370543 
16350401618417007909  3417501722540779184 18218084004906438890 16191719627182223658 15330218721321856483 
13151524771844425260 16371671275854183123 11924373970451526623 15483635209752275006 13811989369159090840 
 6758124061712294206  8462637636001775200 12425033560241525737   878259116313959646 15246755092953037258 
14977401730180521423  4768097966965874660  6995958081498605448  6213920666889193564  4441543253939588451 
 3943443378459330569  7083261225049322373  1527496381637351876 13517231543870212111 14616581684735480882 
 3534142381802979109 16154611958677796087  3167534076575166229  4953104078275914500  6643445385419383268 
13906008907787851360  1319006883890897367 14454815227255810874 13064797109916550065 18151506781469507565 
 6429081329438149817 12293567666735130690  8068953817239193245 14659868918267774162  3227819701366221974 
14186067572710258513  5367800790441808815  9446077462798497023 14647847056592741355  3703263479404141671 
11993502270746597248  4668943852154563075 10412712519600182966  8561475924994330740  2812101085102351200 
10426937181396835131 15454411619780042678 17314726601869308304  9508783978093513696 12671601868705002877 
15438548314988853084  9315069653385992690 13436438274839283064   492296698239280238 14741848323302282540 
 1235549418044180894 11274590545823639234  2643214506394633493 13171693156495432243  4458003258542320566 
17682325371338437242  8002755226488817342 15233704973188000110 15884684721287091759  9546977098595746701 
17264427428086133202 10879730616551141812 15005503419213488981 11325861429690906115 12385679528904623348 
  635329902344113104 18265834161324815691 15836683479147375625 14653135259323440663  3733695933528984632 
 1771106756836879434  6011826534372457881  1989768398634365939  9789808436935302763 15308204647122118590 
17420971832118266563  6803570937220861787 12543940346180461639  7107529713589610848 11318760569731084566 
10689048621990802071 15796568322593224602  4884887381882557062 16952719009191969444 15141129548552616674 
 9996203738290076958 16955040055302846624 10192395676303668225  8977060999278250463 15071452779220885505 
13703552703927491356  1197427638912386392  7596194937122290083  5556174854989327449  5250823661398025348 
 5027830817935035081 12878797726316995570 11505049010420740398  3885560533857682253 10537948892711572413 
14950358975525933748 17846314488672560626  9318545471892035903  3685503860547704393  9001219158317156270 
17064979683363843977 14080353635621576895  9592004584633847188 18005849703938631513  6837721713956526171 
 2004602641610670787 10295441116984908421 11272961802663172312  5315972137943283353  7071957436089182506 
  361669114124944351 12450579538692576600 11859785454316743624  2757633269794073065 12063338663870198685 
 7508645823999903260  5961972481201233666 14761264466755224078  5430224533417000029 16614745701983138593 
   77308896305494131  6416887578870701350 13050521913429306229  8525941328355519379 13465108853860911047 
12478772472069418491 10379754530197492796 14663086985443132945 17891843322613639772 12287342342165410706 
 2642538602062847840  6348270710016714925   732522797829681002 15067756066926013365  6780754054551050295 
 3086963160694544282  5410893610919177503 18264934262881102466  4921196547520383685 15804988570594347089 
11935960492355872457  8417292967339122057 14088424525516405843  8812492119175195119  6222672190680253729 
15901851805109565618  8410893082645423536 15364728240996679836 10501522178144782053 11636953735087373420 
10010351585040945725  7519424628657792129 10746268854303465470 12447507686436092768  5370641181655965191 
 8067814698245994255 13307111000159915703 11079845303172929322 15294547939498894336  9664307603779582374 
10679981363131333251  9885737647276664443 16267667625883702100  2406878551911796168 12320549355264969095 
16152616495030256803  4322719855871687043  2328872556935793734  8505406936374617485 17343785698572733408 
12959228071134362200  6383492923829296314    40859206510162410 14609421618328788886  4235448729363803545 
 6451694563356595896 13163002175086265739 12519766101375389988  1546510650762086958 11500168201921295966 
12499056977066807655  1379108529919204356  6831197686118276145 16133148958525516895 13934439128800933431 
11406268882423888202  1110237059728698862 14782294982306414123 13113641698574496117  7840908919053570730 
18327946652946359266  2901692823882010396 14305453891707207892  7876976939314859645  1281897584026545305 
 1854342866694819861 12625874362376614403 12641906741796051391  6188402193353894294 14209629424733769478 
 3930199570378081676  3099045905456564145  6939411269539921472 10918810154071648522 10293561608553273995 
 1656361098746161666  1387823813450365548  5337141578218277250  5052083436236445396 11813889029321356766 
 7453238110864803335   515721631484692131  1892172939434975616 17269209230459642013 18137592248448792965 
17509118846363830981  6539994871744316215   416398620936570874  9758358392492504243  2282983511235843011 
 1712888426469691710 15546690848487397620  9148257172970933544 16644071046924389469  1473279832611030520 
11709776030772560117  4036232721074862808   194512159476594181 16334758903768550662  9580388585447870500 
16982885132471593457 14836411547406946493   809011876554940930  3139867885286271277  4082441975651738607 
  609163446932243989  1092479886218412578  6388768072042675146 16388344059440706965 17402547788785622012 
  766845638571190976 17485917828325793571 13223458326636732518 13886873102200659849  3270708387602102839 
14635880848478925977 11362299961372356183  7717205392546717457 14191789736475331804 13993738304853204074 
16253516115225898544 15247855233826358451 14346963014633890014   746588435144143392 15503239796747269833 
 6758218989296619462 17632303565625603144 15283856291826617289  4245337827402762665  3051442131109857106 
10058468875294160056 10245486154312244579  6199238372354865787   192271104481053571 15482696231000617203 
 1536122167972602964   255561964666929174 11622924862558286387  7742217819016735875  1148630996799911178 
12298221168087321242 10870893194215050652 10074387889098632009 10135989150456643258  5516484120669714685 
 6413134181930231150 13031284836996801076  4855084598283591783  6670033491409284907  6874761933785904668 
12840550872621562597 10282578428737768974 16395389629724508152  1122471566470175958  9047922071601725423 
 9201501253195211100  9684557252078665353 16482293401952204949  2217073579418382692  7870798560242568465 
 8742630895195613165 16617027373427081686    24229567985362967  1845764456861996302  2885905358178447614 
12351028368747963626  7273335001807007137 14245400489952871190 14582534246002539539 13064948325247244742 
 1251647074718709131 14041599932164310735  8912609908207650269 16230802841995553527  7846896611210397473 
 1451245366942482955  6177778488891840242  1732803511717749749  5863341702690887240  7575493580624977130 
 5020268123420725302  2691542673534153813  9729525581324572649  5390633003136941936 11387582882834613131 
12979106512507332407  3156501306445397639  8232021943972289169 10919421132988401364 13175754664831165740 
10782172079665253299  1240975227842290524 13063517868102769412 11784739048800774071 12221142650848086637 
12447236549008010625 16992140277126826372  2750905167012318329 10579516238581179981 15402764813701427279 
 5756311719971196814  4698169142910517193 11366891318967815851 13352037018577044820 14659712621294685317 
14279745673200151958   343199848364783469  1065373956768532233  4494024569441574457  3287962342930172567 
16102851219201214042  8942866107853172897   472418759350538253 10026186661745993619 14852445506493265970 
10661602302248701830 10435799244119942138  3001580651898215729 17543792763246011803   653486800488421938 
11826263808968316179  3612202116503097737  6927994326308069116 13689841340927948883   515968956732822051 
 6736810230600651246 12054697315268280215 14864346281964982777   872527543276712380 12452971983471740507 
14030435101191981727  7626302126976198866  7692703384498989424  7858611181501795488  4675725965947211632 
12292525558273034001 11993602560999244767  1291339897006376247 18067127880314019756  8135278320245626369 
17939614650993439009  8928407349128336976  2217956377567276829 15050570877222980037 11813047404955584325 
 4083409702622830628  6395034154783760132 15700574681969764306  8800254171591962449 14761785432424802892 
  683013440077895448 15508477141843861286 13572049888730029227   731497140357098660  2520709416797092406 
15040884041374630985  1225117972275201788  4813944493962704820  3287720641333058987 11366498038338746844 

1000 outputs of genrand64_res53()
0.793151620533300 0.582239116678157 0.108347892868486 0.547718073988663 0.872765428222845 
0.228332596827589 0.356666318483470 0.529761708642030 0.849626888891187 0.786927769620748 
0.311115737822620 0.687239643136663 0.776407486944167 0.592606921702628 0.789092154455421 
0.420356309999725 0.746279280813475 0.721397826714263 0.497871914088933 0.056268300438842 
0.630388616584852 0.901058026233501 0.949250696560973 0.131592327841577 0.930250569352291 
0.613084132908861 0.874105781906413 0.709366735510411 0.617014158272653 0.044795252840870 
0.470401066147995 0.598439396646067 0.942347197619830 0.438280403441849 0.426374035600219 
0.385420868519043 0.730345305469525 0.633111366354623 0.252385742823940 0.161407023680731 
0.348489530450710 0.399677353220578 0.423495543784173 0.625467883314084 0.685926733540753 
0.736577843963337 0.464974884122844 0.671277110076992 0.549487956765182 0.503841591322556 
0.343949318754429 0.035744771228253 0.615921387637092 0.868149020446938 0.917736634977092 
0.341961768444579 0.387732954379192 0.125175157097713 0.433088990871468 0.702163513626548 
0.094756879601513 0.153318092586379 0.024382407360739 0.717643383939595 0.015493127031684 
0.873646218780270 0.153096408674690 0.914555257650567 0.108245539211761 0.330458471610843 
0.064848815594489 0.484430321057272 0.812421835050834 0.312192526993310 0.316836605852873 
0.232651843157855 0.400623462799849 0.549925101949616 0.308420306841990 0.585254583469973 
0.587475260435668 0.256601462817390 0.636108841521730 0.002631286730505 0.075684344393302 
0.549512104986347 0.003312849618199 0.197612794818319 0.377922506448030 0.248785312187110 
0.284505726444508 0.756035767497865 0.505072956770737 0.702243922370159 0.334906996141433 
0.288605771625413 0.877142325135381 0.906875985834674 0.463562766909511 0.465693196218964 
0.877644416469590 0.730972520855885 0.076611046866141 0.190672180912816 0.326184995291563 
0.440616743462973 0.160622830536014 0.225546437711154 0.240397507201993 0.620228216905607 
0.937834959730266 0.233793909071191 0.157805855006973 0.950611829062070 0.892294278445451 
0.481175017560139 0.462057963038462 0.625542893405656 0.102673724132138 0.318723038421361 
0.617075040062914 0.259983189905527 0.114710055128201 0.487731908506712 0.484856054397655 
0.913839327094156 0.557704174594312 0.503238100381343 0.810920810046858 0.352202790041193 
0.125375437044123 0.148994437762388 0.207759415576534 0.344286826917033 0.615298907977528 
0.808775635491521 0.271447520364227 0.395530702497076 0.009141522669681 0.471799596426598 
0.089836239740297 0.797948760917720 0.452165658754289 0.414212699084205 0.375008646739541 
0.524241139908521 0.327271354938113 0.631835971180173 0.030382325943143 0.316418376950304 
0.996160836109076 0.701081639183815 0.368440161888991 0.435849302328226 0.547988395196948 
0.593848124484441 0.977344292999854 0.752846108146249 0.750534497583209 0.710314692390855 
0.213787936589070 0.351532434606796 0.889482072021535 0.494984294968505 0.906466660428621 
0.518016637653231 0.201147658596246 0.358238649164611 0.046859827224948 0.359157301591206 
0.101766875341443 0.489539596581188 0.629975760590282 0.228929072189034 0.756103008239111 
0.401682827605868 0.265695335445123 0.040288660562815 0.601964798877946 0.188933210882750 
0.680985561633746 0.355659217593563 0.745355290033944 0.998490487684676 0.268130324609016 
0.063820305890862 0.209424043346350 0.747747715820014 0.947960111396601 0.151960725245159 
0.162806981230751 0.769516419663923 0.177182006806625 0.296996077564916 0.888793131630637 
0.525483933573549 0.423517493135906 0.921108800277785 0.736301649214904 0.456321614400178 
0.115206727997881 0.635161782932524 0.585004180473217 0.550991337071465 0.748750280041700 
0.915314006312728 0.796881954944444 0.535050837501004 0.620649560564449 0.062795199807232 
0.545240453188475 0.233821505874987 0.233219176192552 0.124929173978595 0.874299033243489 
0.390888921403011 0.254444599367001 0.242953996529220 0.218200064904589 0.613301650740744 
0.854184842158195 0.175825718704156 0.386100607523177 0.243834676269170 0.724915164885217 
0.201044723775700 0.839045477886684 0.700965361625209 0.076689851071340 0.366053522763826 
0.604427164121153 0.514457903129356 0.825894428134212 0.893916297443391 0.327134086070807 
0.664018085704594 0.569357435309369 0.879480300613300 0.498014068372653 0.403643945953438 
0.006047616323455 0.752189205391471 0.209290234273349 0.178490484321316 0.505881829114756 
0.020927363701802 0.366109416209996 0.987164534173651 0.073076112327802 0.635521764633505 
0.444374839821141 0.915690408770693 0.209991140932645 0.442336677989809 0.834929834483052 
0.746406640003616 0.562082163449950 0.312929483646171 0.623769655063662 0.561594720301341 
0.224813505216174 0.139596075456112 0.300203792378217 0.114275480835582 0.792710293593062 
0.542379820137753 0.811892206339989 0.603423165706746 0.156122071461087 0.884561239042234 
0.217315271207386 0.357023927890773 0.221839528572660 0.105837055065157 0.337254000638454 
0.038494949771944 0.752433039643338 0.651164968049169 0.962966338015445 0.498592419604855 
0.512234420905371 0.923169211743088 0.621966456780371 0.877320981031019 0.787699269128530 
0.233898553688812 0.755993726853241 0.586221617279069 0.450250563603420 0.872343344153028 
0.436018943584201 0.167669323976501 0.364207684487734 0.841581099007543 0.886962151872003 
0.383268525014705 0.495660981016408 0.774105310464255 0.929582956071087 0.862971927759853 
0.850868437707031 0.173779079564247 0.852501636745848 0.462259210446549 0.059057583393008 
0.247601672206657 0.357097512175271 0.723578968011171 0.746487105070187 0.190896533085206 
0.356196881841770 0.456379632797691 0.855765885555209 0.049730332550094 0.426954885169691 
0.047382738948079 0.706511672125848 0.640580019032078 0.413325856198975 0.191074118089190 
0.394827568203184 0.705273344962346 0.892340960640372 0.420386692638595 0.198707204718515 
0.696810942639042 0.918358270728487 0.584948299783821 0.132570640015881 0.350342639659890 
0.575738637951193 0.401943476250130 0.830160071076914 0.260015156785845 0.371959286399580 
0.671082680921238 0.053395586610996 0.046559932323371 0.536592317396868 0.367235566404283 
0.252509905888114 0.615643624336709 0.823891790845989 0.446797562629348 0.300129837319215 
0.910670321842989 0.842008682090225 0.006236740274830 0.856729778684260 0.070287009912342 
0.994024698225875 0.864118549310732 0.030035112340486 0.328978605374477 0.177132785498952 
0.675603659611153 0.225758563141313 0.980016167836356 0.808615134067494 0.745247238066247 
0.137996743640003 0.386751112718175 0.614049911153199 0.897021258646674 0.631147791986366 
0.960089145732401 0.026789907372367 0.434416832121539 0.643346163092016 0.258014140737401 
0.380650000245466 0.203346291950956 0.163207006885502 0.255362652796563 0.624079094968218 
0.897609812849578 0.781982808026925 0.565726123231251 0.962941316792221 0.178944805152823 
0.792732326430650 0.562082701508140 0.608617453216758 0.017889990486456 0.477930740050380 
0.989441383666136 0.456398200833072 0.854220065480389 0.980286697739615 0.511806388995922 
0.074594803839695 0.084006472768108 0.741157421179904 0.685444334840648 0.868493222501024 
0.796335790394186 0.676807259361160 0.147733182678800 0.065149493471437 0.551714517718080 
0.601942423633408 0.754248987920862 0.520050815580791 0.584835933670786 0.845612540831927 
0.392802574478724 0.180683980096108 0.014310401931386 0.201784957628575 0.639774346009779 
0.365808694280564 0.627713345463031 0.165746708756135 0.153497246647237 0.467587411848432 
0.379356757492695 0.943493272591031 0.931721561904345 0.209910258341243 0.122588197642939 
0.397047829484763 0.088746556822025 0.116299431924611 0.949289424643709 0.416116294682805 
0.941563632747420 0.561673510141205 0.748566989871428 0.287393599252662 0.314024126554441 
0.125291544639959 0.757185127872726 0.896234941757210 0.496698063395474 0.393860823793795 
0.967010955386409 0.667378639782020 0.847751069106178 0.654657450056713 0.019702996585871 
0.779087052515819 0.048654157703190 0.186951185322485 0.662454811612822 0.085943531137922 
0.936254537005942 0.329670326592704 0.895906704631669 0.841052138009342 0.769591630569403 
0.027541741880767 0.082809835558494 0.592824672923260 0.011314206973701 0.221731232309672 
0.118908897627591 0.715806111530388 0.151128276038556 0.039215165329274 0.096712304202901 
0.554638852070436 0.185151566108951 0.012060545516449 0.257587447162310 0.237601368384502 
0.190168985233401 0.799893450096713 0.037977147294670 0.567299541831938 0.346397461996420 
0.196943070310700 0.610892729028492 0.390837543096730 0.613431891347353 0.940918685515121 
0.264123495676776 0.678116914139811 0.614158610519103 0.378075371202419 0.023381590695263 
0.529094893356647 0.538481190333011 0.324133877526554 0.466443385631879 0.016416439508617 
0.071339131954137 0.963650443301627 0.226736102122430 0.650100933030243 0.315431094645513 
0.559178515126014 0.968144956337409 0.353020735911113 0.760551114681928 0.567556962604420 
0.899392063375879 0.308230291440059 0.907344203343911 0.951571875259464 0.664132312810102 
0.592186866510161 0.667314111844034 0.398920908340093 0.749636849147247 0.565313342344107 
0.641235904660202 0.063440252469417 0.078685469153863 0.283092076764986 0.131291078580179 
0.413608283007700 0.681610769657856 0.334392493666941 0.958099087346961 0.440428453609900 
0.118751706039346 0.368439824723284 0.155109087575130 0.333583677217458 0.954950956218134 
0.967866614260902 0.925556392058011 0.827002853336080 0.088062431569857 0.884770595226682 
0.846202702538569 0.445113959571097 0.025750195149817 0.266478669476293 0.737295497568863 
0.185473736908118 0.952864402761466 0.965932066645100 0.992310893603039 0.544520464575402 
0.624331624882414 0.147824638200202 0.861577526940041 0.998182582688672 0.769325787034149 
0.634069853364920 0.912179485102160 0.360288005789852 0.205058007999895 0.583554323102028 
0.452820759814560 0.659246611498660 0.268717293048866 0.004202619919147 0.510008303296696 
0.289999381010765 0.531449566145349 0.353479165903653 0.264730004226958 0.295796722499244 
0.715092101192496 0.421278838972099 0.596831207120641 0.361821436096496 0.958432180164287 
0.101961670475137 0.825058402656684 0.487521876544677 0.840470360810882 0.990148775734876 
0.990637242858334 0.932948317375981 0.443323755085704 0.845800575182739 0.392301995486955 
0.804267374503484 0.407657987706747 0.306176238330088 0.177833014721625 0.450669141012818 
0.904775537929323 0.212698976611926 0.602703138859788 0.498363920071861 0.715976689747494 
0.969012041084906 0.019403786785668 0.221056307197208 0.827571251052396 0.968359600286838 
0.372968018096520 0.416485757937394 0.622651093413465 0.986508282915501 0.768856701048151 
0.638870594671684 0.979690739151337 0.124934759053184 0.710460839212382 0.644734510867205 
0.894260161626813 0.868286806776705 0.592629452693817 0.242782277042547 0.331755189949633 
0.521864727306586 0.892896431546440 0.198216367772948 0.265110030983279 0.298020207441266 
0.100290139201923 0.185246876531390 0.581785601986244 0.934576913057777 0.695703611355646 
0.993189310970499 0.673057694403190 0.599767910133516 0.775625010501973 0.487654037693637 
0.575589064316648 0.480119060486263 0.855010469207170 0.028518443194499 0.131185855251601 
0.397655767442010 0.569044639041661 0.862343084972846 0.005075135995305 0.850940716191736 
0.447160963130564 0.065009187805724 0.801004442968385 0.782579352052457 0.483315994688958 
0.823671525043359 0.282988171566970 0.429650599007087 0.846177351845288 0.233850956344430 
0.428694020676701 0.385551855455991 0.852297060189060 0.255767765662191 0.949201482690284 
0.274262008985972 0.994858101466472 0.483295934784780 0.837880864153989 0.371066248254160 
0.249902632938097 0.961713537034846 0.150483166654138 0.364172491190254 0.547684070311516 
0.732723442187788 0.011680563932896 0.069769470113209 0.241381658752895 0.535600783201919 
0.038494400089667 0.786120293317989 0.239008688684081 0.281266528565575 0.278215481374355 
0.207724235185075 0.473254975092007 0.893831540949726 0.603379851012371 0.740275847781634 
0.093244911154550 0.107763546460856 0.917077910785978 0.146728217477954 0.028134311175256 
0.508541095464651 0.517318143306378 0.476811111259879 0.443866086856104 0.665963473765199 
0.526441906238601 0.750737140399982 0.036378732878639 0.536336471305655 0.929172439043248 
0.758117220966335 0.413944380124574 0.502776557702822 0.445047498818551 0.856337039986544 
0.022146235343038 0.499254496898010 0.831889198232995 0.714070687096499 0.513054860885074 
0.112525368389625 0.651884601895113 0.629657048472338 0.699965550604605 0.322802374964428 
0.402257137164928 0.567740377756455 0.638875055305883 0.927423147701248 0.737065189415003 
0.046040435347484 0.694248533984577 0.599834111524452 0.496418208234635 0.406531370750902 
0.806916268407916 0.412377177306121 0.032049385137701 0.338854865203742 0.167955708640825 
0.669385161755180 0.310719548037407 0.998823806090360 0.439434667223763 0.680329149645637 
0.219406178942600 0.130634393953636 0.259038763962485 0.243783635926517 0.144024782666309 
0.156792774788249 0.673825184965417 0.238612508335879 0.173170441148797 0.658204903978438 
0.056479539110862 0.167415901474763 0.159998999587208 0.978794215480263 0.942177465479263 
0.193009212713109 0.524220019602017 0.531676956838751 0.220229038470807 0.988016602988807 
0.939073452843736 0.439403255263498 0.551547665182443 0.540476993341988 0.371960302841897 
0.398418213491066 0.719486915646587 0.028739151482707 0.626591974878877 0.403184919607032 
0.094352127021945 0.979932059086988 0.778426888161501 0.147060130147772 0.118470607210888 
0.607663619477408 0.338482095211230 0.995621563108237 0.639143613222620 0.434665232435693 
0.591437709881101 0.131946569181977 0.302749420250951 0.798636643909133 0.427455933756622 
0.775953912529739 0.208071357914674 0.121363507801260 0.460338951688571 0.379502290571992 
0.537310534871577 0.879716872171973 0.535929191948335 0.126744320455600 0.936281959941747 
0.923001299462408 0.763667310097852 0.758485728051291 0.233814777490352 0.687159438745931 
0.289819808173772 0.076148503353336 0.393162619709294 0.831569473282805 0.778384279412102 
0.947924012514416 0.455069100996443 0.046050280691361 0.053500591690931 0.178917027282273 
0.116588513299114 0.831709354441481 0.839333795109885 0.977079837220312 0.669929944588888 
0.298316700907929 0.502054064722893 0.081761852763467 0.831691555062156 0.803926667827063 
0.116486818711280 0.492968013576099 0.756708289769316 0.067573073953014 0.104014871121390 
0.157954221143785 0.331630727342068 0.523506414752606 0.841482586281971 0.313420541634577 
0.509045641249459 0.071588165085220 0.429878678397153 0.228996355236072 0.643882722981489 
0.572712884294663 0.753836123147095 0.585837004689047 0.480624159453479 0.464625981051176 
0.300633758274511 0.929650384809609 0.228432463882950 0.600716280151460 0.678648540136522 
0.846119303296338 0.978141601462286 0.823623925789999 0.757533684780070 0.734341701558480 
0.778927628907415 0.865731667706240 0.260298645369912 0.738604778104901 0.577321521027036 
0.645309150370937 0.189992187754231 0.381496126311587 0.933900664150878 0.037237792494012 
0.944329181411194 0.378398282795506 0.413428461434570 0.672692425673133 0.757299610912597 
0.108991513706189 0.745170181522386 0.062251857514937 0.109564489570856 0.558329816295927 
0.775400412554811 0.124465117857916 0.173128580431265 0.053805063446972 0.667696970656119 
0.132034311262952 0.376087505138343 0.839049945752921 0.678442764293040 0.755184281151926 
0.649193923823018 0.635667265469588 0.790994805866117 0.909428049988295 0.494174605723551 
0.549466524408376 0.769250260882526 0.345545082311282 0.847568556360648 0.659888529236782 
0.933167158725130 0.840931270603785 0.142448790044156 0.854118580075894 0.269294434328507 
0.050735404850314 0.946983788842762 0.510891135403863 0.076065715129225 0.886978771407495 
0.037496419474388 0.526794622102501 0.881238202318913 0.649696645232621 0.520121865127122 
0.793301865820856 0.798650481307661 0.392047119007443 0.132692427947961 0.491927321223311 
0.816525111421839 0.433359437289103 0.559550648656415 0.251550255532981 0.340611113439963 
0.903377868035975 0.553726128046924 0.839955252136506 0.994205829289528 0.825704734245510 
0.868455638487146 0.017344301665917 0.005282684512323 0.167144840424275 0.409022798959909 
0.682684510460113 0.957082836491127 0.853081912541175 0.075887861136587 0.951463083530615 
0.605360373156799 0.838795768203803 0.700213500014292 0.756217138411656 0.419678852509453 
0.354815923763476 0.567506161961769 0.242770620349405 0.312512763573003 0.216978319294424 
0.208762894908274 0.773580131770876 0.277851848001204 0.647511767687042 0.724707511045384 
0.951909506943784 0.009911444139833 0.281407926693325 0.077460882428164 0.958126233225348 
0.560481884617816 0.727803496042267 0.695881209481302 0.567826962598376 0.067188923135344 
0.012569764969134 0.164957401322527 0.899884223379410 0.246754911080281 0.050497557818135 
0.761976372865344 0.496797447927804 0.301516419044835 0.062787967965837 0.391019311698644 
0.934317118505723 0.292284526236403 0.658207330410356 0.343599620927183 0.341904270078641 
0.528817057275757 0.326408183832441 0.043693520927088 0.972784407942167 0.837465710790244 
0.859564259552352 0.513091508779558 0.174849418665025 0.468945240323772 0.251710820543101 
0.887436554828553 0.948414801540583 0.546825064977636 0.638099010872363 0.278603910381303 
0.132501162431518 0.650064533298393 0.798963186606341 0.176718705680034 0.424341427346737 
0.399618478908006 0.002138395100289 0.279207067711670 0.000359694067210 0.748432099552206 
0.935033489115806 0.122104252832371 0.330534773899545 0.619557933818342 0.213315268536566 
0.132490516874167 0.108208824269328 0.523121037583743 0.199923606607277 0.261379698056354 
0.982019580862215 0.733015120805171 0.695135356850864 0.254504426000990 0.278040940966327 
0.639370769331232 0.687413810079430 0.786857801714427 0.735625712917964 0.089601580832660 
0.881083069225938 0.665993209895950 0.711472297373195 0.651340842131030 0.161140935566281 
0.031277636218225 0.169279472041306 0.400382808428660 0.048069633175182 0.209299589032673 

jump ahead by 2^256 steps
1000 outputs of genrand64_int64()
13455970409951525911 16681928984755288213  8119323109108295975  2210854324727938491   636514684604834708 
 2948772951477808360  8830773800828979365 13819344464259404269 11972208146542948009 12757274064309453445 
15971072849693036695 15565165706293352408  8432078796851072730  1377511164661784595 14674440057817849847 
  218151833192667253  9519140258101438791  6640414834889840294  1509558459679086441 14883999607977748366 
15231899428291797277 10750361441809843934 11419584788345638158 17087521376896453307  4696788971129541072 
16834683990725889985  1797821750013818924 18399913771203671947 12205536853174956192 12032853061754406908 
13276093166714487918 12010634022124816409 16186807435008022266 16379315581052451535 11377669666393458238 
13617674307674825902  3528582140899343871  2023125840959888706  3678580093874322689 14568792907209919057 
 2993969587803484463  3272885907908053653 15751309593096150477  8194363569682919873 12994071396689991078 
 5574912590516604022  4094311191370421853  6859804576207794367  4906596618046615797  1289692248365747997 
 2142091720744240077  4919175719159200220  3337098191385667701  9897778305030760297 11936711503254444590 
18249093883714687810  2660004794363629490 12190787220999722910  3992091480683174775  1029209198712216843 
 4906023427794101129 14505381553377200592  8417872551696528896 11329429635169164177 14569085507624940234 
11910797125183850712  3463406377431089879 14639792434620392866  8926589746672051456  9816607264963231611 
11075808142813729185  3122473287659189748 11970364278841903556 15766826244699468651 12174680367245935328 
13580628960071674151 15215135338922772942  2174964878035844629 14904574864466214794  5831111425821404204 
16507092834080376643  3292809542044872270 16450203296922923414  6276253048543395418 14484733096055854113 
 7944809492697866773 10833580850245026325  3874048484925598850 15018211331421994236 11677946447217246611 
 9164008678826197919  5063125979213495377 17022380390439440814 14285746508341221618  1580942658960374799 
 1428942572968442977  9281234359430740876 13349560491043191052  6667792537365147220  2974484028518959775 
17662403478821028612 16435756512586650787 13867103060500288977 10030624281223963961  1830615622067088994 
 7326520707941490477  2984180897912104724 11100863792357081742  9070943063002131252  9296154409311667708 
 5347683525907625099 16073138338506382575  6839130612889068183 16057508469908306203  1157187631521194326 
 3747494047011813771 13158434815718405188  8379068516987570017  4595439029812907828  1909791890601810041 
 3129965636988709182 13829658300374580933  4358226565312683181  1852246034723096234 12929176950767403283 
 9023024067991483332  5192137844877059979  9015867606855719443  4969109559280615832 16107458954077227774 
10379698027915230238 13230977119506861641  2027896861370846591   209390092242698745  4045752185635003043 
15431342004174921096 15344645816722921924 14542042794884251812 14608480140593122723  5657267471370236600 
12471908434841470069 10026637589791138363  7623904406462886768   786236772768898261 12981773852063664785 
11406696867690645218  4100781698281421387  1688045830132878802 17834458604107494632 11672717343002148382 
 6051217806766022767  5331611860520205934  9146735417146386817 13886784026976730955  5956340692029690848 
  489581661000601729   288810190438997243 11670094023689065775 12640204153859696049  6136540972715819104 
 1283969772221732118  4068915650786985314   711196166121205225 12043975042877098142  7536866385533499372 
14660656343546885453  5909736282521497188  2645163739049763573 13444511931123489768 13293652114071859231 
 7546289722332355278  5407781818907732210  1041601043399876676  3099577290363763631    43461928148487852 
 6970883570184851480 15424169353381255745 10668621027107800501  1451961605443292749  9491316924661766813 
18165708437575440037 11783800199126867054 14358361184839397130  8789061255251155069  4262047771911716451 
16536424262727386497 10705602321157355435 10146512146765706247   477990299361962028 12263731325637874931 
15013759866050938160  4468053849911002407  4371953977720161642  8913620012986952268  5149641841692507429 
 2538911423381637360  8906337706655251521  9071818273134331838 12124346761762857800  7982784004913359145 
 7971087085272198687  6975631713937656011  1498485022826656488  3176783236015059296 10951904655852059406 
 4389940988896920721   671330327731332835  1777510175667176243 11957927194643730005 11165816587012865380 
17195918535975313094 18185263030638458950  9732465278963232299 13390647364255992311 14051310417686395138 
17216637300975056026  6853552142129936904  9300083024679068141   560910139612195707  7417933710782377902 
10545996818284030076 15618782487433639313 18243122724707077133  3515057883180855162  8065529343741578353 
12715327337117618447  8949599034159551102  3795136854058471381 12698602195185912683 10569055560453615390 
10619018611523815985  9116734077833755017  5433776931504368573 15141517105778834042   436660650945346415 
 9501558768367872847 15837059031486767301  4454363466327782861  8837393597663166334 16340416497311445094 
16656666585072469354  5585365824667441911 14801262575732669588  4002205350545400600  2455893579508952199 
 5307411155831615078 15509115955192439668 17954935916976837770 14450273961631284866  6742560457148434793 
 3582787048672744527 11467603229864748551  3503363257654727778  2612422952040444371  7689890135350047364 
 7998161342716972251 15313292422152603700  5638107998440753054  6531202817273550676  9095328711549671021 
 7164498084045643937 15915663742381345954 12399703505870118927  4084272944308671941  8241424011942457329 
 4415728360625567514 13457979813367804900  7275483174440658207  9645351656169445499 13683987296859794766 
 3240319843761654013  6003783829581887490 11272854145161037178  4820107665674979751  5150810775695635278 
  768902372223142407 17009603110578104191  2849240307126412206   459974580197302787  6581893172220674427 
 8666293593318818889 11287044265652790691  9864945557818985605  1015581767309308025  6929034653406975251 
 6955380389298601961 15900906654245483083  6660491811904218115 13992920605560037927  4909821998014142024 
 3085674512337892162 16212364967710267716  4292735434956577648 11370524870222569880 12527745173250028053 
 5640135159779792762  2069544296796487359  2829817560228720608 16110214202728212622 10938509907632227258 
  181589555675873353  1470050070362419645 15286177360622641956 14532364890227059834 16081734579828028259 
13835577346673865242  4142174043979649637  3498506190143656698  4610999108020359460 11317093828043338487 
 6856276579456874661  7130698272294068232 10933314429173698925  3899432260105383100  6126888663994461970 
  621058989726910839 16228917091841724403 17352379455282296313 15632714920808106413   458203223007083893 
17679894510433013625 17342704482889240121 15218084154994510017 10066850360168362326 10128210065998281293 
17619078505704040677  5293418297092248409  4472964653117133103  3586298573970647579 12937959487488067139 
 1053720922746430621  3368302763807511432 11957042564719902938 10107999579129502855 15244272458727807026 
 2952789227530545511 14975777066732478792  4469762154316790981  2033565951942020314 16078624501168525480 
18137191898046071077  8407189247546184585  6478194725502011144 14333546161385159483   445663495962380242 
17017488008314477981 16199331919184044188  7235788074936994587 11611801141873060848 13257591054781489827 
14671267807141421073  3363412761548060926  7799731345971360700  8532792782115207212 17204174139621368124 
15411947282049385908  3149528380379088523 10766187777571440901 10070257974801595668  2738681275423025508 
 9204013108136264114  6889819023279995858 15516784309903328842  1711545612445821425  2601456159519790233 
10289697843841511849 12827413644520454446  6723213615326207051 14519776440367605948 11752499163985777458 
 3458162261675366009  5902086521995793366 11751353056930260839  1399662728636389609 11221289463411191450 
10079187272053722829 12326015707711942086 10038411747829187314 16164023312167014752 15416652706070323318 
13525840153324240856 17176308757316901051  4346118961624107667  1278694313312325826 15685612925167812200 
17052103059596529916 14389654903342761961  4041508016588847556  9295113318683091112 13308789724869478918 
 1730019562983105569  4089583109121037398 10205629813976299018  6770942971850599532 13995861874242598877 
 9958478432666872915  5623578357888661894  6158787245001506792 15087607715612530186   479719358718331997 
 2464533142739324557  2449661120157625800 12387355380306666067  2404025161387965729  9117964454481909328 
16862871533050942578 13620078326042043333   309274495546171839  2843681403705781248 16080235998222432307 
15704564610517087393  7058057096831825556   186167962894476181 13141740086838292631 11367845396627982870 
16645655866135669371  6994792750907215683  3307957969081648546 18029820184792942383 18427811382619781973 
 4668314635138711644  9268956437280452290  6066556125490663148 11492618042414605610  2263480145098291816 
14823824049069709059 13702868223931450312 10809521706737088442 16528498963758035641  7489084532068306048 
 5195133425600528616 14566587210164646347 16751463117533912895 14874246775148785338 13553360699454321981 
 9179994430808489085 17789848940943424529 13186449651565746833  6947506864820102386  8542461701849772764 
10712342140553881180 18083188814438462684  3401093025961901737  7184339247716050649 17943797640772557835 
15538966922219188660 14571999699286276166  7042875283251499638 10506902407876668033 15352690607404093111 
 2237000459143124484  1360014554343127634 18163376576546381857 16727578728606004903  8339370670854298961 
 9722208035211283641 12561861502764317610   649004955392119373 10612815211102670162 10289761382481482991 
 6912377095099757878 14456542247192895126  4328144961109655826  6224700184231067992  5988764512163854556 
11902599260208142711  4207637040848659695  9353750774756384567 12768630857395608764  5927648354685654443 
  308395300409886664 14715222820548734037    53736075007955804  8162975386210115306  8974424886196770111 
 6674117019801621194 12256550791200148830  2812796083256604710  2009580577051851183  7854427361298581524 
17828596174339513675  7333964466820581225  5847418402284954684   961953391648667249  5752656895738933652 
10300630969203269534 14709639482757230178 15877376385105905990 17182567736493431810 13419315721273340458 
 5682749999416056196  7582221289268071039 13704236630553404104  7170009767202253456  4970588148675059242 
 7742334705566741411 11361268254191070697  5708340205368731561  3617176490810993516  1523794374220817932 
11833100813143784373  8116788069041828670  5684435349805704522  1654984082581638217 12280773463586444199 
 8295948530896381729 11505906016403665330 11825504711612404032  4133795386875399762  5763085742621957946 
 6290377641121028649 13075531960767360487  7635052170306067563 11134965880568180122   767213130060327947 
11474980286708271243 14219552526906120754  8962839810032728373  6948507999074077419  4861437561890110027 
16890969100750254235  8190724658379881560   895892257659647796  3214527447840918831 11268659382611406588 
12324314961275927253 16000425168511311522  9872928113075344259 13616467521223337394  2306622596796436603 
 3703909780564915634 13048009936414280976 18101564505901190447  6011933775916874944  4924934124237161358 
17382411362281793870 12114435925362669378  4123464230172422128   924669691648498569 18293899654776891686 
 2154905659804661998  7977447569377906767 16789564894913810225 10235242461159739343 18176013030791019699 
 5427197528479811464  3365572186822827539 18024043224196092879  4803271011831845246 13269446952325650970 
10635078402040804931 10322855751725934646 16761138887359176534  6128759629726118124  8998288941186914719 
18232229263690002498  3317452322998892835 13628660266307271575 11616148173072110439 14814496255365281719 
15968543158882169560 16524421209900279106  3564566670914796449 10988570268421190515 10651204885727614328 
11987387019311556240 14623192192297490650 13368025554750129776  7241104990122160606  6431386032034097651 
13158372421038258275  5614277616529709847   834313720809192295  8134659766640469776 14440023626674497305 
13467584179899439241  9985688418558522237  9640102858687676550 14038671445754428008  6445696022395840544 
17534917439880018133 15416435083986556957  2947476266038470599 18334869491045391492 14060962517946623312 
 3073910118720106564  2956434597350337769  4303434737438903049  9889304412936970703  2415008787515779603 
 9469071905656468229  8601250559389463351  6062180075493346830 17390382025848372152 15338589981840662640 
 7110139765826705085   479824156156346039 18082613252734051738  6165308859863617979  6687414908724969473 
 7105879548244997103  5690015588941987173  2120727265178220062  3114715649644521319  1232858283795546242 
17363363296577256974  8414923400770060248  9858282107746381309  9964061771864847625  3525928339568290190 
 2763849575994803324  8498435818572078261 15211619677066301662  6748425966824779371  8899696287147784908 
14366046472510130298  1543921016494425136  5915954914759372618 13709934234397369185 11587760145792192065 
 8818998097785189161  1220503106990469912 13739554396647039878  9578524497165596339  5996086223971342387 
13743107559832628635 17191503265733402544  3772387080285839091  8431308453347819238  6107465689443219082 
13021342781349792540  8177050136391379308  4187767780272324523 18048082343959267964  7877730516308569623 
 9251121558272558744  6151797109033053566   504181634885116024 12363943240901656173  5957753703535018903 
 3711091418225849956  8865903567701198927  5220874883571178309  6839458343476505243 16157905859914021929 
 3059438899788792649  5452829945491210656 10016360098903303507  6964288320559452103  1634021857685559490 
 2906545332588881876 10730921532346511907  6770610643233161000 11375174946858323697 18050158006955421557 
 2874754292129127905  4303763325086967009  7219099544841077379 17586031650409013229 12483720209784612176 
11901118433369245315  7797205218286925610  4294871880847213689 16975725739329143735  5460450970519091195 
17323429265042505181  2670675636910136652  2783042834825014368 15799013935504977739 11720669060203397677 
14326214910705624761  8604647506587377874 17511322169537956959 18375000837837730496 14132937572965388658 
15167935835995693089  7202291251885707847  4526969323776671450 13503869415512267055  6526764768310724159 
 5112539245823831214 15033213786885898794  4984419579763107610  6417610356197753257  2391329479003686571 
 7036475619489823526  8383972894269011592 18256093115627841119 17797604895960417271  7881065145396525829 
 6585697701932774434  3350134930687961496 10636950278803604550  5565923811836678474 17075099310278193916 
 7834045768340179607  6510171993363643305  7266776883068367757 17391907131854211841  1915689758024971339 
10279299739639816176  7745335952767992336 17212192229541405071 15681111930030665438 12896794912004794606 
 7148542237238066663  6161959199443085475  6991007618643556558 18211627309938926777  3149283455644524331 
 1824755687587720281  1548845574277990978  7829723161705299688  7195183850550695289  3463905298108947907 
12528930191928713755 13916688019628650046  3360488906262983491 18301589312467144651 12017572083708200901 
17994329093836802789  4610314185307060569  9799102845319638674  8143101382251162044 15084246723233616168 
13931210850710693597 18101120243445948552 13721979920481124685 15659213227207486458  3039037602466227587 
 2030225099158659721  3295560532616056739 17999511188695581888 15519950724553330087 12418131876271815120 
10092983962199495856   810838262300180743  4014156588751104945  2935103048040901751 16598613949112338358 
 2516347819514141379  5274505340310431596 13151674142843763446 11524518578192284919   292605642239837516 
 9577314751851302685  1880585201261010530  3503987375527303274  5563088070720688423 11361977533526348781 
 6464617580892074760  3279921496825538288   238710175150960096 13098972951134862604 15907289394505664037 
 5686480561870685979 14878515599704942896 15835392847504751724 13087608196130392831  9030515599723400572 
15546650116950223671 14568698803273630240  3270347839037001761     7480200839271941  8973015043716564288 
11958452468284143756  9855524024805276105 17499310533431221008 11849747244567521510  3941918134906534331 
 8342010580826665668  5193799319862027392  4054957429848672030  6398480256721366691  4798062077405666347 
14536067855132876125 14873816735939934690  5770678652460621421 10343170907145291284 13371548512926215336 
15770327090905928090  9569528653446761040  5628140103445589501   931521031296810127 12943433536484416305 
10761155788211283389  6881571840505292447  7691597963909051478 16684491747253784545 14620203141369115826 
12950890514455656930  9193906080349556355 15973131186992188249  6791404954125646657  8221346178493300253 
 3142919843821081494 14327126118618556508  2046380087276934269  9132220513719352290  1277085375436706518 
 6261612355809951812  8311705790446777821  2802495368668114702  7287457945890611040 17756424162280371297 
 2663697097333614102 18243882415467220201 13980103464677263593  1451083859705539613  7252164289988560613 
16950605202814263697 17566490055123807355 15076776458871169820 16662656893103183961 17768656867288775890 
 5306598621319512416   859469131022471627  1742083134012538011 15113504525191772479 13246211027543770278 
 3459431103051665645  2362655166672516741  8685579869353703680  3653644978287570843 15576587206245168502 
16702129106699573330  6635910554482867847  1005137544439894307  5969531022023977903 10837031735980078980 
 8731259669810230033  8171880051377891391  7349019465250610735 12177446136905242964 12330962825928890489 
10005395696052499295   691620515165305626 17180513532385762865 11041006297915276331 10050555037104930190 
 4133658225710323415  6797813426143825127  2256826057425989424  2890575348815837754  1284756315001082085 
14589262644832399376  6236874890900318628  4087030737976261532  2082752789813157621 11543860308156210649 
17452540114568855632  6011567246094387207 11274384183578391917  8277023875496123146  4164146186739900163 
15087607739865689495  8338260848312284366 14070933264727400371  2703075650731644759 11032876980391227309 
 1476709553285430405  9483103673642479576  7178664487578391272  5806314284482339332  3712296148258714097 
17575550203560351189  7697188765071703229 18239331919749528537  2699968705309020834  3005817280647399172 
 3175745938079787524 15722883586717605632 16527102163378964104 17482130655959329232  9423484710749207063 
13540946558855946288  8408308985524668516  1313002549800087705 14656516860992020285  8086600080227236988 
18029907650250340886 13811371117833539435  3142628160034939585  6904661309755780702  1934369777984372299 
13096565229372524757  9366338642834455678  7725603092416840073  2348336932029417821  3454458781694034829 
 2565312761839726739   129037091776209588  8597978842037022384  6992374388275167248  9630413433999002739 
 9267448011905912897 17847824056150149192 12605466089272813201 10799762745023823091  1734057181289432649 
16526193586406342532 15163128507500998593  8135975692214306776  3255883589208611973 10494400560826488897 
12415427768451734216 13540722411621461583  1580669803537898783  1481660221732876123  9843089786660733270 
  131908184673286941  3713062006996893723   139411990938177012 16487181267183167907  8529567186199229448 
 2850034772071052721 12679519441196598608 14153680349158588889  1391543875749148836 15469993855900780603 
 1035392615680285401  6671495592208436935  5740163347158951131  9619731952322200812 13807005746822488580 
 8365716952150012491 11474376313167379860  6959756498090521868 10284091877298572279  2151205137174815710 
 2710548769469560112 17511696179522415940 13575362774522806163  2727416340076044594  9229588830699433212 
 4056639176171023999 16027063428812058070 16318190489881681131  4536666298004420567 12016348858278767398 
 4479628836484302947  1791258030398661519 12880583553576337748 11086796930958252641  9968350860949840234 
12779760453010351694  9169507422798901288  9737523726152535596  6550352412608148700 15612498085751444496 
 4658541881104686505 14718907261489405863   849369553071889532 14248610667156154670   238154609235938600 
16904526253976388301  5865843627287438003  1685724833371216557 16501401200304912859  9660344682067889229 
15672535368755270684 17414348151442141323  8585325264931444896 18299070831297017669  1632188328164988351 
 7614501092583786149 17699068801402335792 11058896836523911088 15868436655256236767 14732435809265434260 
11978389914938000143  1096421189719311465 11878217498189731366  4643643529685762893  9189717089011548350 
 5110079953800634363 12971779956827809824 14962959469884734815  6679393805193468832  9248988497099566645 
 2227863389132669533 11983500002706895125  1843879403241169673 16021652670719403213  8828328838086236733 
 7773209063793483564 18323292567704942574 13249435413704287188  1865822606736249524  7640940210652605805 
 5357931113662334744 17151152198382419910  4523473930188927093  8398542126096685055 12860756838463400283 
 9037958022283489494  8964204577035239203  7775889721609755739 10397593289645810711 14303978444592180979 
