1000 outputs of genrand64_int64()
12025895070516689251 12859398800831114646 10852834310217395627 17722076565993100423 11483730043781302801 
 8994292317481773975  1704839959477096147  8735149939235989337 18391647938628896034 17337025438522020180 
 3800833045695613839  4131576219628338100 14196935905237524161 16582520377420620133  2546415048310105404 
  849655954465774820  8316450849143938545  1434180765954254702  8893031515244154621 10721650306369635959 
18304993941303112080 10827938886174425744  6849338508819739316 11596534717051836802 15436448690517785069 
12632823136950528872  1553570915156414386  6011295194876250942  4642257390206535503  7782782483449198816 
 3510937102586592208  9424294425902869913 10373919656663807823 12349793798992319553  9898430775638952510 
 1153248134003766430 14564079237531686188  9169329050766807073 17732244477905605846  9115808388658979910 
 3799251090815763728 11072166421343014927 15614782982244543061  5916058222179155550  5492017718050471447 
 5108458222005077962  7965020779531571092  8998404482773771383 17125734826674391333  2213310559208211396 
 8456271443664237936  7742646779962487562 18176475749850888944  9665461426683553601 13592598506819426752 
  803107333879798409 17888909345951216144  8061008286591744248  3449162892667460769  1222895054680231610 
 7740018262851973629  5611555535518445870  2017573651624560768  5851536690419323628  9471481932350650298 
10974495077184984711 15932822220559144553 12601234791213624863  7593088857908155317 15757002532900872729 
10191319874613587536 13024649045478341313  8722986574387916658   552359256699527865  1522757244791523746 
16873231460817059801  1153178489584630611 13550679623149045242  9202916630086335553  1677504363253257793 
15240203595314501352 12933662362254755777 14641725578000343156  1780596701110445882 13675551658083571722 
13628986594681585868  4193505314879343107 10059345687585517974  7839153897942908653  5573185440203751629 
11772717256194715345 12302669878680108371 17755024872400017823  6042302078506039567  4009243136245652235 
 5943622286652910787  7939950194274188744 10987525776758513175 16949671184923171343 10853701535750279721 
 6070983711745992846  6409541791602324245  4957656245889207721  7937648628139498310 11929731537691585920 
15882862784429497446 13375583433962746393  6553458727377574433 10090981317994172134  6034346437328485865 
 1560405508433428238 14063584147025622500  7845062433747042456 13858263478934260636  1655315089694314330 
 9998856190877603129 11831466866681465497 15488162809169422825 13250196066937002467 18247265947280547064 
16487585043955809593  8526434827845288595 13508847071103393261  8826623431329151122  5768539879055654034 
11649437791716814409 18277277031395528997  2011786476616348364 16541884385801130375  4186773375827433966 
 6041795976834958802 16936014856437014067  9441210766442011743 17365854314134069905 15486072979358177143 
 6758398193341189670 18346113838437803661 13121596723468819391 12167238426162582252  8322103756298469748 
14246021728393998380  9857766529538098590  7191785131658829956  5363902572970840783  7516969435255967838 
15346837549280901448  9158160028901432774  3426223628130086299 13232739913892623859  4629720061803631337 
15283079144190699298 13905185672395144092 11451552976081368616  4505987999724296999  1130770605409437778 
 9603045412519845021 11682864372911229596 15013467550406076056  8132700030161305285  4645249152588230710 
11270641227320580315 14461061636164707457  8361968025994281731  3340013458592073011 12032988406023296836 
11605015720900799230  6034983579049425363 13526839749298569045 12331645498395597521  6295749352373085787 
11073991090520877998 10518475333781918558 15220996807802586471  1185314961581255703  9137098228938803266 
15826736073005099704  8179784352928692374  4029621391864525039 13871911666202365806 13754355974147127010 
16907097868896516110  7319838455621810383 15307040699844805232 12617927682023963633  4582920989721824980 
 2470028938544202826  7363095297620280747  9342539624427136555  1565781628957423226  5967213943555339116 
 5340580523614844396    12606984484589223  5082080226471509386 10916397472657270044  2961781823945564390 
15179182722889879814 11796092673749093537  8444955287877781937  8516341925647496756 12013980381755651179 
 8626371550486701675 12252869694649681321  5429019722214250527  5499020969790842947  3894994123365363291 
 8435797072468964279  3778827985830937307  2153119746044077323 15427041426329606246  6482538249292290542 
13431758830532508602  9610485576451732958  8039052423903814215   492712201650357515  1136679006026605602 
 8199424649062863840 12752826753165358433  9934896459057057474  4908469189285268542  6805103690798353371 
10262973225219760148  6105062940757922763  9826412325223540372 11951948377770422749 13235075550589882472 
16575393003099460991  7365876502806804207  1354900494311533774    69431982008340992     2820229736026688 
 9601531266309574859  7717479920688171488 13388572862972701952 14791092085627312775 13872691085467648308 
12334195250848802163 16021546925845554135  4169363673763662753  8528714625018774256  6791430386466787775 
 3904142732213478546 12243577225543523153  2681965604783795311  4309502508726140839 12208412481607998858 
12954943131500367436  4243153258373884286   161091748097332399    13036213709863843 13904318957479047575 
11561285263526864626 15298023740671915162 16156458620383449816 17893496245830462124  3972229802765923335 
 7721828966063588838 16616900193645040574  7278306560772119164   213372766593959909  9984197805496571281 
 4254640987190053962 17324617886575779766 10703012171961041837 10097097691120830155 10202318288706119950 
 3186373255823949879 12807805095733415457 13408410810804077695 10968640782693881138  5265922766269690892 
 5773589620554898005  3672396750412211492  6194911991918178403  3764998824083994024 13061124092639657464 
 5489268473077877157 12445014100345405240   865109826805124851  5985269579165697486 14043682353457385109 
12888352613369836158  8804679765668476709  1970316635353429909  1651222188816846774  3164609517934149022 
15959902921356270501  8350856878645938044   595936434018230012  9614028524443863494  5457824582076439653 
 8082439158642775999  6552336409524092570 11392098493714327532  8690046521988120255 14985235960222969444 
 2340431841728789055 15441267165425896512 12493430819403902726  4821671511012359760 11063672182798885140 
16150315242807147451 10049018564917184584 16345030448897467240 14792662915032668668  8347340396188268242 
 3895647351655751323  3227243237275932510  6887041671010655389 10410810403270233777  5681184477894376542 
 7545639156584762036 17012537073805407882 12854030974194399807 10212981791307648527  6980519248676248685 
14406878130614258899   511533215585904057 11078598797657852044 10926380509821121937 14181140518468154782 
 6087603359595602189 12038948866766210393  5997866335492117357  5551741752928988917  1130199144831907932 
 4778383179239017802 15323899399655931065  9431594633317283409 12962497806092052757  2075503194360757716 
16134167039183046236 16032322036056579645 13101498500477958977 14498049889564170683 14944667762180534898 
 5710735272587295308 13271143685529714221  4992519911875094442  9579234596476176555 12446155097694016785 
12912125198937361940  6030187286613294504 13472522576253339479  2049252636777348766 18366709780952751820 
 2163728757546072736 11476607818616358338 12259560036468283627  7892416009467205055  7186839703360945982 
 1554476196477536762  9676137111782419290 13737776441881824791  3403237201064078730 11623039184679269401 
10213746358917500379 18196665427127480963 15579155856708364283  7735781503910478255  1780108472703610800 
10462925241815451782    88820769353711495 13735974394451726160 17166814622958026897  6773670614104122745 
 1384227358959701791  5216441138301909525 15384072931853133066  8648063795105151611 13322789570394253396 
 8036120083481885308  2986806313968164647  6344693004072522106  2969086437044809278 15002945761435134973 
 2735742384575691035 13228889925835463834  1375504264293986358 17181060858099293570  2553894084293696070 
17749941045961851815  6670861889767902173 15262847193009576143 16037772541279640323  8803792182721536798 
  287191968905351102 10166005922254724102 17484234457703733198  8223919377968913457 13572824226140404190 
 7329787910199841518  7900175007629542917 11447632660127158584 17959338701769070604  6987918251661916196 
 6562951318872848615  1962919088615727547  3237170146124330472  8213808235208881923   329241553225928407 
 4216990579638678761 13101787482447026829  6874715484395034286  4663816157547152241 12934243614122169996 
17892461574639625928 12469291856949395738  8629424633706312219 17010087132114654961  8877524570752572973 
 7390088914336399295  5674635196697302195 11854305234056801525  5035203189933326950 17721098750679853486 
 5110261040138707544  1767526385432858934  7744662526334950765  3159004759845545529 14664213129906474441 
12760751744252757038 14875409278272765918   626457861123837270 13758464067634985123 12979888837112496582 
  707621360648873454 16636262127655655348  1720834430901616190  4128629820140224121 12524459597250342613 
15684429802431053137 17299576958223327158 10123887781080343954  9020488810643858549 13617789207199126803 
18379884952680110004  1604063221339269263  8657567323922193900 15294953709566886457 12266919617572255140 
  525049295332255373 15763929093195605675 13315609614481742602 18236510035394763139  4171454710598343677 
 4991939620914178281 12235887029077507856 15419439640764517322 10338169403508835371 16604312288582763409 
13508673751117540567  1664372314864465421  9068666224273575082 10116685168927665117 11808372282041976781 
17509533045445853369  9578437258398069710 16765540735371230647  2381958330228399378  4354820894121888544 
 5680021426322920156 16639921081094314658 12133193712592919150  9756517814356025205 10106819527748854778 
13227778961412919886  5725105904072610201 15527489214763087519 15925390195785263964  5636222920090274165 
 4710857399948308100 12316339979496889013  6623595366378054175  5105488901600630557 11836011277180572990 
11705514935320100947 17222662753478038786  6665032316009004909 14241235772204708936 13339202149608334502 
13404623630765862370  1467165342273751422  7793396335209857550  8865891243587236140  8953429643667235021 
 2670104822750649538 13938513836304001323 16065850251331691345  6906272054886383803  8522517762580067368 
11656516495036705370  5368852650859185956 13889765431996029429  7821927491976760924 12906637527415341898 
 3990312354859354204  6880180932135666421 10015406528018413910 17354445782522119222 14085636537287615754 
 1658543206896355801  6092166964058534983  6107696246453222670  8880895428558495384 10683321306955226710 
12108911524730061555  9680039382346613091 15889229860591700514  2305839377993501424 14547636371076777714 
 3911030296936505107  3058668899491021391  2915466413373729257 13520500242074853997 18211309571823657752 
 4901666936475374233 16495906483062846468  7083879522539603979  7368429845761872891 18295841623126248708 
 5076346238655696046 16736822143007729914 11226540661973548553  3955101188961048904 13045846566856294818 
16590268297351321451 14678427868076067808   953928741224530896 18317794290397937729  5872361108743205904 
16959532269479976738 10560174558076891963 15956136695819484317 13996562122148621031  5830213726544015427 
 8775719895380910773  3672753454158378402 12358375743977362665 17771072531308291700  7897982635553401827 
  795555017145619001 14326430689113191055 15077591403907896597 12171936896999087196 11133436439812885247 
13852462316319178072  8559052478572561913 11345695895287383744 16358852464645327170  1372486215714147978 
 4992417446535458653 13061961886237251172  6693787227897254892  3861661889255077239 15159618505307129635 
 9345281956929735103 16343213090907928137 13862006776165893223 13025539942212619168  1160330463545516440 
 9651562584716367849    40813459478951988  7506925204947889779 16247763432417497470 17218297384419597410 
10218543931274055468 17594034911855424973 13029076510908882021  2864931831689983397 12642836452305420066 
 9191458373190911533 17479470752695176324  5298901540473836269  6951696157771446592   889540608883675301 
16839567494125245120  7441189856196297823   399296969009827551  7209028031282589012 13821399084702168170 
 1254360701780560800  9246933377337683588  5573629202182931241 15752548817090038966    51735816367671457 
  331621144571170081  6846299826689328877 16356405439618759915 15719237191396563171  6559290455118144091 
 9687548924793505703 18323653662474878317  3603266919038802204  4222509938177290302   216856874809341814 
 8343246495631416537  7420533878922239466 12142614718105368639  9367061834776378193  1551140334909791490 
14391663897473235497 10173752819555568577   757825262198041154 15391742584249156734   761520425787271330 
 1330321181592716988  2180152087169231972 13406119227938043474  6583333902380181645 17864972676091614652 
 5332492227529044403  2753891267422464261  1556016829928739830  7647702893104193946  2061310042965029621 
 7544767595164944868   752929882792871395 11395314287728023452 10690092200410057787 11032101054824525837 
 7760981982768372603  1161319134528721810  4078683532383467640  6974386778938351132  1897431532201026826 
 1718118107905979137  2240793680937483813 14219275628451104751  8092768055268751757  2543333867549453451 
10565219643494192706  8331032905947170689 13764216952174243469 10942157177334698273 12981304373036053985 
 8838496266817015020 14703664557309520195  2825324498702474181  4533486273977288200 11383829897589705309 
14648306010816679403  6132440062385254761 14957200775630925518 10893506924929857383 13119392980509704637 
 9602630068938227322 18349589790651210130 17344793433233979880  2738504823566242217  7578283245362873129 
 6016547711313945322 10668024726634190320  2812922189981355109 12324354531115812129  9597153778894905751 
16635715514852346092  3113606286927347625 11346643983132096844  9948313895522523510  1541305991637522201 
11205735156527108999 14452753141362672003 16683488801794958083 17738992042799863016 16620723347229585095 
17493163116218526555 10298571296056676374  1010634408109840991 17455105850821509086 15684368687290069182 
 2396732895533381824 11103537696921764326  8869270025295462908  4564031886189295835 11446934810568509647 
 5152716673806688637 10094289355388605691   616573819879533778 11104642713705323634 16790197343589243387 
 8086401763811020452  6979831115190446476 18002816062208178843 13561576023917172618 10760051278537614870 
15718628910546345298 13758535178223298560 15626510844653265105 10859316794491335614  8919983357394661523 
14541218851447222939  1497571436693029660  4951347627642349663 15976411623350216755  5789257625143920803 
14482182318192217369 15204294704510366019   979054603286250548 15955355918585036062  4366084319579252047 
12398105483059580093  1326785229645026767  7247496628774273670 17351642839772647769 15273167925177105635 
17503782813069722896  5624383579900777321   173742127900719965 14996784526958956478  5626553264928693464 
12906097321871015176 11445784010927580495 17834974574271810965  8134239802204624989   535734313789001208 
 1193910303884722676 10988233426027585663 11210916222946572131  2097783220649769232  7978039960098038326 
13846701930955126114 12025319813300580403 14543969192483821063 14822086564737618105 12074295530513088859 
 5870443291984275253  1028850810875045636 14057313066517211001  3358118726403498487 15056442619682343981 
10317033941574068447  8258357390995912729  6159905830431308985  4170016368445613487  4500597057977138414 
16636258921686361633  2797896523975900597  3078993333988069212 16157721165155028536  4794085366540289041 
14542313813979736502  8769335899052962461   650661776881196938 17949127841137758409  5357691013430597652 
 9428865027779319234 15277250964505454129 14857900584066185631  3926389183554098158  1934295176831827433 
17960879723110968122  9645679658328704684   274310478768604810  4364537580560139327 18389977279250844410 
14916592090032134129  2105677604682941086   292404688838894934   789755101801914381   950558916685166591 
 4378725758537882743 13071019228954384752  8538770916076129361  1823656772704712655 16311090634430342658 
 6347617101690112150  6969044519586268298  2429342580912651486 16781265014904504823  2668509948727995532 
 5878197768107736575  5830158320147083574 14064706688456054730   398166137011004860  9906958271156145689 
14904648023567400366  8747172707813863946  6324870420853981682  1942608097111206902 17403723116002190948 
 8502680793142305878 11789442923925166840 15216247767935273106  2684825758201544695  6061737988107067577 
10786915296888886295  5844834567745553327 16402214743619410042 10644520827439242062 10880803509901797713 
 7686089206122896210 16726470132021838489  5572008045302029362 11199352716597106429  1373743141822898907 
  378846337238345094 17391319329680966998  4387458150183404379  4762110279260745430 13848783243616320062 
 7858071782108444079  3263000882313272007  1797396153241049094 17205820802637428538 16498790830921921671 
11813055839125204486  3436070731200864016  1460349493816903114 10433309743941816410 14490413218351592413 
17606174557250337306 12571825369191926486  5986537528026758568  3343174052867795527  7860382380160319016 
 8930842712073444817  7390813649380110902  6415480777226355470 11514063366530471067  2293310546751204229 
15294454679930529422  2048242819151960139  4593460934852780514  4524053229923889057 12396086255023675220 
 5837606670553444119  1868042041545035484 13167453881135770429  1685218192832094717  4132986175430216277 
 3861455285425829195 17107651017831438729  7132590755887111622  8557167549473250310  6672289142417778625 
 1690773683795410364   504374880174253761  6313927776415890928 10817070540950932779  7012392169646204722 
11792970588263591405  9159648453528759394  3093761493238648429   672012799355104907 16316909013199493060 
 5760823801277386144 13485497059032634900  1899165159320615806  2499384631913900487  2245164728001885807 
 5441549909751362555  5640498389396332475  7781965859294777518  3928788518030080457  8838305673068688706 
14631304880336710392 13739738393681852570  3871348958340426292  8871414528513617051  6610385735660993332 
 5534764149855966416  2301638242224172258  3263307786543116499   403094699654264798  4738351089875800426 
 3196504651993289335  6740156768546985601  1465617354900188978 18437709556739587660   642794405441689331 
 9592277727453975426 10367704504893335150 12740727381089228762 12465200566793689862 18120652640154940637 
 3337945884202411190  2814585001810571090 14491234286115897921 13144175883223995562 14100257314027989631 
 2437466033391012603  2752841169032600317  3250832377669325664 10549856566586992373  6197286731233787487 
 4800488563297746413  3785241152470148916 13273842127271894084 12789359753390180376  6520116581078609179 
 1435634687586060888  7009200411274711970 13454472577570435147  3655371284393155600  7336474132545934188 
 3896436414026872323  8045250502673013020  7486130185121650299  9586859374106471686  2334505216886826297 
 9692917875502168638  7606009856374276738  3643083673886739567 12995332031680114283  5868703197465497573 
16544361293392400899  5027865446138623587  4254419563321171492 15747285482330013626 12962908026767757386 
11631831920847044435  4470823053121372823 16859285285702972712 14320253622275041290  2014924163786664394 
 7966008927832503612 10105258099790495696 16958044333069607085 13643231171743098454  5947302476787929893 
13190019090744718260 10848969551750362978   357772053551831884   392882427989325776  4681554047107929858 
 3061313179526588287  8231043482235190075  1034429559509523854  5758572612212917284  3244381898262322845 
 7907286781490440226  9593176427577573233  5786300607885882236 15504519489367754730  4121251235299205914 
16816040944462316828  8107111736798645396 11175742598396669935  5080866498916690624  4200472502617837429 
16576054501081973775  2464387900306456918  8121728955297120684  2114318533161521842 12861715226943305395 
16100480018931020704  7425254499723483658  5711006022308527596  8139192301459696298  5396726767984435547 
 4744024717434721353  1378545169313380544  7583163692593948440  5052561030402823939  5753112643431140942 
17117958431447154708 16071577258120208619 11408454004110830367 16561144792334556916 12254336391820528713 
 6715783203528008829   615634480225031642   151839877774471075  4273779131028825989  6849668744573321411 
 6392806907024894007 18206863089909527950  7937181476430018330  1856176229404567674  9918365054829491600 
15810724627612006728 11492757008292120114 14977748878490588939  1277052698100740025  5343920430952451733 
  288259227014662135 10471005658110159174  9725187510403458524 14827634493949484157   888093310598636931 
14555959500748307432 16635003499360164322  7872106612485503975  7717458514875063082 11703465572935699571 
 7839716789798679126  1951573882672821550  6849628418436719254  3088007442313390085  8140964012265088387 
 1224643246421613793 10971028056307112494 11813859257643550559  9784158124824934579  1589422070882971152 
14840780628841009138 12276712528039872891 15798372138405089277 16729149141217342823 16492941417031000211 

1000 outputs of genrand64_res53()
0.675564117129202 0.563238538158341 0.131398140394684 0.023517219189671 0.204895045178128 
0.450143309631894 0.505962292378626 0.071175266617351 0.092713234397622 0.555498217558103 
0.584187054656543 0.410396002214842 0.833046146701173 0.665228315606727 0.578548826804693 
0.110524937125798 0.980641104590971 0.975799402428387 0.781652941374821 0.063143123533232 
0.584679895691152 0.367993949282987 0.975558866341144 0.033280907772857 0.365000874642792 
0.472644394075490 0.906659038126919 0.728760912384745 0.194410505933272 0.147669517878915 
0.419319729897153 0.048797231261098 0.153064733544139 0.861678137947189 0.855747158912331 
0.820532975358180 0.384094884678096 0.097533134037398 0.127967572965252 0.866864989962272 
0.890660453813737 0.685850153779400 0.574510172036578 0.956725193105419 0.591908705826854 
0.487978795147538 0.951888985844864 0.498506741506152 0.780196028399678 0.086788779804613 
0.578416306397355 0.978549935813982 0.420811363642193 0.621126945970195 0.492509717256370 
0.985338733261046 0.461550618844043 0.380438748072270 0.653538486858284 0.160663935929479 
0.650592299955029 0.213719745566864 0.210163998988044 0.170884575066446 0.506427860566253 
0.848717751544765 0.229721596869447 0.223154456525861 0.725638771579927 0.638825105761548 
0.091141377566958 0.629670959445324 0.169729256004099 0.005961519819800 0.041722222394183 
0.408984410180693 0.748017369940003 0.372700264405633 0.417199046973096 0.337970334420536 
0.893878548733494 0.795613698890729 0.654795620499672 0.368209839390987 0.446306485877723 
0.605875148174384 0.085480401609731 0.755275611683921 0.043156411520349 0.063618657675711 
0.466015779239808 0.734484373790738 0.430430383553415 0.361522802863863 0.439236916004015 
0.385246416396444 0.405662569500045 0.076034593604150 0.289347473572155 0.432258804973026 
0.851018217433775 0.379212549320289 0.958091622174113 0.225515602005037 0.414118628985608 
0.576747615238204 0.890729697209665 0.551590459047375 0.411562395439833 0.112706251475264 
0.399951802991121 0.416014528664206 0.355544048288398 0.287069125013790 0.014523728571019 
0.893474192983737 0.141918916815446 0.251904631185021 0.342959334956148 0.125160439993984 
0.868038013953664 0.792499253963387 0.377144478454793 0.040445970248377 0.975303785771516 
0.741466770965406 0.189970587204251 0.295184344023218 0.803991243666102 0.660297056415862 
0.582487176841059 0.610855208929766 0.178587298749802 0.973445436393989 0.746800203108046 
0.500475638038191 0.923467874704048 0.383965986230320 0.961219532969636 0.892968288249740 
0.862120587563409 0.635603000526761 0.432573970190316 0.682454027542698 0.095612765784727 
0.592699796135111 0.134593820510460 0.315644479829896 0.672456504587668 0.326518747738573 
0.624318549250704 0.042539198411875 0.074945894321786 0.891945894655961 0.031218166082092 
0.498660709508842 0.776454200462265 0.371516269740153 0.955563120786963 0.675483875164689 
0.927263830908441 0.819901526617717 0.805359964292773 0.524931413979622 0.376703309902452 
0.634562731828278 0.095214377407950 0.695086400323651 0.502075411104980 0.794774166777984 
0.867264090495718 0.123688007704510 0.346079513781016 0.594729075687653 0.717261368678435 
0.669885053836778 0.039015640531386 0.334809727978940 0.905016455553373 0.954201257015605 
0.618994667903475 0.287319023681755 0.026732699871475 0.908373254874687 0.772882614877407 
0.747918705435978 0.103321838113759 0.176442116089077 0.031375877654890 0.935543742278397 
0.177414182166435 0.404453495999224 0.698307741256240 0.698473923399125 0.798941967042934 
0.683239582238500 0.250720409520243 0.355153695821921 0.895179922986736 0.766454156614296 
0.811173056266517 0.770194010239909 0.644770254294515 0.905472183010335 0.747928279129783 
0.780759024402042 0.887653265706901 0.706593464257262 0.286646054175345 0.670617210600304 
0.122310085349550 0.566556356637837 0.757549798941554 0.967956222353891 0.867698029992275 
0.901739661183017 0.692745685031876 0.808737604064004 0.673603977815274 0.148831689893117 
0.784787159458171 0.570295541715025 0.844747689629115 0.856838851274913 0.439021541743735 
0.205310501623726 0.979781724563607 0.953118743900244 0.676695284280269 0.089395699882673 
0.469929195859617 0.666097590670555 0.185605354264794 0.991278281430723 0.486037915643533 
0.160068567248417 0.194368323909899 0.905674533906705 0.557744302641018 0.551938079277028 
0.068348590040682 0.714235509904825 0.470308281389037 0.412004264702633 0.947866936521466 
0.184289445903209 0.440422064960202 0.699515180109249 0.403764669611708 0.492857814873789 
0.067245072639060 0.561804985419729 0.481444962541412 0.099622548609195 0.985385961771061 
0.522877836894410 0.645802281171950 0.262645106349389 0.590744038388681 0.271179406183260 
0.891953791896027 0.450315018552912 0.845793545415000 0.399461887231157 0.002760384851025 
0.161970151245941 0.699146858056315 0.181560449396743 0.755944231215222 0.357174187282943 
0.694303655466279 0.130979300328156 0.527888408652220 0.517168541125514 0.098737679505545 
0.533653805901578 0.815840243003827 0.004115092711156 0.823721877869046 0.013987611323140 
0.757472909534428 0.435943766410839 0.897046783438661 0.727009934026195 0.573382161307005 
0.563566367251917 0.721450984882532 0.601580811791594 0.285598037807616 0.068338271048406 
0.539146158464982 0.448774133069102 0.282987892576021 0.227881953746126 0.808547646507926 
0.552761559818140 0.122541026955728 0.623484601222318 0.914911981229324 0.091851126231001 
0.299941813322635 0.798690947462041 0.910364514976375 0.632540467477730 0.631289640697213 
0.715970887640315 0.925163534354031 0.375196632700897 0.322366544054296 0.187531585133342 
0.445877527461097 0.507708270506960 0.836477090479319 0.888168610416473 0.172693898132038 
0.798779072247551 0.264799303910119 0.223353197400444 0.612557295150101 0.920944367397450 
0.570762946715963 0.920569470901992 0.689812481795640 0.110349907266395 0.773995026324674 
0.261285456661850 0.769692906358260 0.823592710246111 0.509347824578687 0.524248389542899 
0.954310440281468 0.244072899024375 0.245076992113498 0.522295201738243 0.897379329602089 
0.079852757938575 0.763446556189201 0.195602666983962 0.358107864200105 0.563683508228250 
0.999876357071966 0.056130453291393 0.829544893036419 0.653258480683774 0.618308483427200 
0.500626405542260 0.029845743711113 0.639857965877351 0.104672876249084 0.589285314148344 
0.511495228563333 0.269378636969132 0.018770752460061 0.533058732542520 0.626577128890166 
0.497400137475701 0.433956576854289 0.532117692016419 0.076286732853024 0.009845113385825 
0.292418917598730 0.299883598803900 0.973164253470737 0.261051857896901 0.828964843796316 
0.839769154793664 0.964907222697147 0.145510434946519 0.470049818375098 0.227179067238384 
0.389826143244469 0.819355168633241 0.273717913846836 0.866356792280982 0.104702603383250 
0.762533981205053 0.854412207011599 0.840935220612953 0.990913265734142 0.207961217015750 
0.769157853578554 0.650463930104888 0.541193604517550 0.597731668648617 0.521354673442562 
0.270569247609387 0.479363029568551 0.789439875601429 0.639468682670613 0.774207562929930 
0.200601995861140 0.311857468622308 0.853039004972318 0.425757800266270 0.570287210622273 
0.108369608405198 0.928751485167205 0.502113748860231 0.216657635715028 0.829424061415414 
0.636601029392839 0.739171819073473 0.821619362864161 0.191634151058762 0.689791749277784 
0.887735625065909 0.109885021381346 0.586816403846977 0.004237536809657 0.396705598402455 
0.291688154574662 0.424886805935366 0.149430788955554 0.972558928717212 0.642991871747391 
0.792365649343406 0.407408111833190 0.641944160630236 0.969536335743536 0.707794380906663 
0.135605451118766 0.495811669062904 0.119983458714354 0.699117524621244 0.778706187058048 
0.818495863911776 0.508655049088572 0.160865839402817 0.744789142793449 0.475820220996089 
0.324428909014294 0.427057860017820 0.943833046582421 0.655847729684486 0.504698568480578 
0.826152346362553 0.780870436135098 0.157625927437194 0.644076990495153 0.539384169794488 
0.607907117185579 0.649103559459252 0.499195105332679 0.755870226258801 0.495769353738635 
0.931903881730815 0.826761063692246 0.007414358163006 0.203873338648336 0.819864561348464 
0.120406814723279 0.628052309655788 0.619449606912446 0.911227524646197 0.695716632773759 
0.896496796274742 0.268120229372945 0.914090287647532 0.048355476187476 0.355201400950083 
0.641176409087779 0.131878241618754 0.067367593863387 0.595361161377113 0.119837740966165 
0.408830775421779 0.166001326769279 0.902543390975628 0.116966113610691 0.396347552630885 
0.367826656390833 0.107104982365895 0.965213276889045 0.043035484887362 0.353142374693058 
0.214995213780468 0.371704164961668 0.740569244620113 0.702788095213417 0.004613444929958 
0.296351394933781 0.187086044293233 0.153607785984660 0.637112695473593 0.849680471894322 
0.070658166915208 0.260264965328745 0.796673377609513 0.297183619264047 0.254657621479665 
0.052479227850589 0.974807432367170 0.619558506469446 0.543695395073720 0.213751930506088 
0.343029766519069 0.041785811774500 0.611114491282555 0.958611246620440 0.454682979967430 
0.487801687152848 0.730040949569342 0.828549402168452 0.306642188807786 0.132944432214094 
0.685613922700675 0.191948657654634 0.959021559194509 0.512734831737964 0.476982482815750 
0.664797973256693 0.853632891687879 0.417420232934573 0.334879428024178 0.286700922602285 
0.924416508859294 0.107901950678681 0.025570344086131 0.282469942740097 0.291637902803585 
0.130036434846892 0.491444181217606 0.675818463873646 0.421570762810093 0.715562483348434 
0.092890631790588 0.864568009046814 0.761863401566842 0.041865827193028 0.260404091824844 
0.126352916576560 0.125199369841563 0.108463994618951 0.155898812344966 0.310260644062885 
0.336530872375250 0.583575596615329 0.887497056439829 0.116294549696646 0.543827734211881 
0.912847251093436 0.360435578996595 0.298853731435443 0.624871593593284 0.717718683127502 
0.046199971311520 0.969380805593288 0.542646385271102 0.591624773826863 0.553927042887936 
0.781421394569930 0.632966032982004 0.624792333726294 0.839035025496157 0.567213017863898 
0.867689397664565 0.925572884443979 0.880155150606976 0.965614550705020 0.950354552090906 
0.277986733276155 0.712474538997939 0.033564644676855 0.707615882308100 0.801434138006835 
0.601385705869725 0.339074145573439 0.171035943886681 0.932815495291508 0.264374907367729 
0.614241707277305 0.619668888425023 0.920765375975403 0.951890491647210 0.069062658391910 
0.710747301297022 0.868447172281782 0.911416410907284 0.820593055463167 0.366299951352808 
0.637629339170033 0.106088338706428 0.846641429447442 0.707758741719526 0.941632700021633 
0.755985760388734 0.651044718539997 0.379498947206877 0.069322471664140 0.847340808887328 
0.654263400421993 0.187541966571674 0.860505442112926 0.593091655277843 0.745104711888680 
0.902568332430721 0.825776918881992 0.802661819018289 0.046202794283854 0.030359539992906 
0.277281254699998 0.529020276709943 0.255982117283483 0.403480633113414 0.744164365308413 
0.771862045316408 0.981488283195789 0.024699427809620 0.642914091914790 0.244713560120741 
0.201781232378983 0.328286146628617 0.222252650680065 0.555551390879504 0.016173348423156 
0.328014084504556 0.932439263656424 0.783652658613318 0.512258721469502 0.884499150480050 
0.085828407392384 0.009762322001171 0.035853383532662 0.728533127757494 0.701942901280910 
0.726071032085964 0.621568116199761 0.515218195186293 0.368914032060095 0.764732471303850 
0.593480022556484 0.515284458377003 0.299340021875755 0.096894712469904 0.396082754019211 
0.899034323750994 0.532834916616882 0.014414046604002 0.872746678635694 0.983195512335711 
0.186967551441602 0.113660795647272 0.590089537557776 0.338957773185624 0.277446401610401 
0.835764925249154 0.550795309470091 0.510672412800457 0.088344937809578 0.474081768480744 
0.523238342611265 0.066850163554925 0.283562721838817 0.999154360448566 0.183607862565510 
0.932035906176592 0.235524549018342 0.740822323152503 0.632069536986858 0.748171978114738 
0.669988416781623 0.751678474486815 0.546042071515868 0.568797836313492 0.103105890510210 
0.667068532976415 0.614807698262905 0.506934476673684 0.923259811950155 0.213144764984224 
0.515664113472521 0.067060970202948 0.288654211816896 0.791549142626828 0.426306918332521 
0.717185582619529 0.991713337683175 0.946103409042049 0.289147906842641 0.009955644098101 
0.419654351540705 0.487558765262045 0.000540483245572 0.712073725303456 0.259224648734446 
0.778068449981975 0.136939702712841 0.400890018535411 0.797656312134359 0.254071704237396 
0.061944614041311 0.059289900360254 0.341528723191928 0.898513043922503 0.010414173923467 
0.052431860168140 0.132161108430809 0.347199546845558 0.127067773860941 0.280370710913774 
0.551161382703898 0.948304819506303 0.235932339652744 0.511531910668467 0.249539830588499 
0.227387269265498 0.353396883241269 0.258570737149411 0.475422758109334 0.988878150098922 
0.504426973955962 0.575309009883905 0.075758638666890 0.313584256938265 0.455131610622381 
0.483838772095164 0.280894855504453 0.049021501593021 0.316827436351653 0.287785156466076 
0.952063474249803 0.220241072540321 0.261734672278619 0.477400309864391 0.730218841244074 
0.046803126154499 0.272360179620931 0.721289327722862 0.518872396476852 0.403598504969918 
0.442748516017386 0.948852533707053 0.765806334238387 0.651073400711577 0.698696569708706 
0.505473914320465 0.427136180371610 0.298924889363700 0.778729115361303 0.449941790193976 
0.177370776811414 0.072149091206507 0.073953183812980 0.207015560322876 0.042576957698333 
0.515797692681258 0.557139654719161 0.209809381765856 0.249611496459368 0.599322215953957 
0.337724813228153 0.003584426754637 0.940672770849778 0.412669187398114 0.555258997378959 
0.965842061291527 0.123136690246127 0.133033257116080 0.447134999136187 0.227784902810588 
0.466621230295077 0.924613415483838 0.537031059690189 0.994778868259071 0.074036276305780 
0.774651105483145 0.282815084815226 0.009627153259465 0.550062156982123 0.693307672301390 
0.727382039296182 0.764289434544473 0.371351745616491 0.613019229946434 0.776180694659490 
0.643852506561620 0.339901335205652 0.025719389798707 0.342177647850300 0.253690629283618 
0.455385225606346 0.239958881507678 0.680972883994087 0.398893135861635 0.427606274883734 
0.408218505283583 0.245939135514284 0.199166982567570 0.528042903652272 0.437006969410642 
0.494668617258695 0.407521869309666 0.066505199988030 0.172585633330225 0.953625953977692 
0.373141184302126 0.396263858914463 0.589091862657713 0.342549331270651 0.835584818330926 
0.143084535374934 0.921356689953597 0.412240617418081 0.482470997158902 0.638344824261673 
0.327856412329573 0.335441664330094 0.591584332508032 0.027167989955177 0.796396939732508 
0.881468478135820 0.586554893256342 0.100451175818185 0.903778871187239 0.528605660290534 
0.413199366512471 0.430825008083034 0.486212815090642 0.547346964001692 0.069040050314552 
0.349880477673664 0.945952786345510 0.009998187711011 0.627283411521768 0.067581091650037 
0.781584386383853 0.864567128631787 0.733448161177044 0.873554480319456 0.099564759773258 
0.480439504933882 0.109119723260557 0.194207868140201 0.337457337140574 0.838455251720253 
0.896678636102413 0.920466909305744 0.088522367142337 0.855679305756507 0.671681442417086 
0.973550374722353 0.889234914998612 0.083997685189839 0.843920790705133 0.188674056518780 
0.340521304159222 0.751199380018109 0.269840403272303 0.781417411411130 0.655979505558528 
0.008286189829077 0.150144175590103 0.490745748809860 0.684680090507489 0.374435822759567 
0.681225225157347 0.553058427714477 0.404846202462527 0.116849580077633 0.832515120580864 
0.717548193662245 0.185149069928166 0.627537297188586 0.211693302368946 0.568210301201049 
0.693538837884331 0.811765475759568 0.313222200017397 0.181887726374284 0.095343625322927 
0.838962670413521 0.601619135722081 0.201671581077580 0.308151371125489 0.054999210856151 
0.238519405826071 0.800689483788091 0.664294981464006 0.355693898859427 0.641028104534295 
0.087310784694824 0.776088730489014 0.670933450600479 0.359834086934314 0.107414016098173 
0.693766788518172 0.972274990318140 0.429362586112573 0.579764602227967 0.808303509980622 
0.794947647073173 0.897958301206521 0.272964126851464 0.731173430087682 0.521157040115787 
0.768549685915676 0.432588174754313 0.786558002119659 0.310981738515167 0.260328497677827 
0.112170691209344 0.524559519915864 0.136136894428506 0.661937724497926 0.615165253988838 
0.539741670688719 0.044424231546981 0.739479017359941 0.042017821681962 0.327656607147404 
0.726440664814244 0.061368650141735 0.045892756945186 0.849294787020542 0.617968683467137 
0.694031178324571 0.865233548233720 0.634225295775103 0.976868138356185 0.020084228913125 
0.627631842091007 0.948499759211222 0.884814193642367 0.194731661106579 0.557034040481490 
0.089912694071672 0.984222159174677 0.677817897418050 0.777992584788316 0.229346182814605 
0.300747843252807 0.504456954311112 0.335497045708717 0.566157146584753 0.085061283258711 
0.967917714736954 0.763331766550835 0.086609209296681 0.899414028596540 0.758303464266845 
0.622505676857096 0.077707908646097 0.833055611592319 0.398948009083485 0.614713218645457 
0.886687791217817 0.670877178581058 0.929478386614098 0.777248556127648 0.453547295309156 
0.504576065519600 0.517609734447124 0.974642601668957 0.413232398459882 0.262689673263421 
0.316389495389988 0.846117606056187 0.869118084302126 0.217291295714807 0.101248943705798 
0.630254285801337 0.469869937279028 0.726457542059846 0.401533647184590 0.918550291007638 
0.150845912805016 0.484438353677015 0.885854222135602 0.032071785727209 0.061027474105496 
0.066286194094233 0.099606633570178 0.534819773255141 0.441899536535373 0.864458172985325 
0.428595657965095 0.966345772095456 0.770514061406179 0.282290595298002 0.953780278048993 
0.907105748900644 0.965929819294246 0.252862746454973 0.127372731199178 0.846458787448486 
0.670836889322491 0.071676079712057 0.632794518818965 0.705412012746374 0.267718424102473 
0.321343309658369 0.777536309735234 0.606982756546131 0.783484061990310 0.996555296871126 
0.946788099369472 0.211971795155967 0.012023981491605 0.635798996775155 0.635877809953969 

jump ahead by 2^256 steps
1000 outputs of genrand64_int64()
 1594688625500933812 13495672019320212134  4999468594995379429   955326504852008204  8025932830483442988 
 3934562624419497380 11238514512716376815 14742721571245077621 15197278656521663083 16561579756030756580 
    5934655413177360 16162060005902133726 14847002166866203678 18111181804256119522  2314386163295211197 
 6536495808163658472 10142730098056773325   558515161890002842 11640606173510216012 15798241085228421666 
 7403085400366617550 17716699426206827345  9417024603544011653 12041841809114373227  2929431339784877059 
 4025880055230035587 15325827170918800938  5467343131436602389 10747499200682487789 11442149802351683146 
12510436687060373687 12160951581476089007 16063779639681798125  9030141664925160286  9934814626509479513 
 9539890421762048180  7192433099226309510  4698505357946763159 17812727862242392073 16039549843219642970 
16072021193703213571 17482759255337784840  7306467518780766598 10270322365365896020 13505517767752959211 
14358315586438332978 13359452012152265472 10109376815005062565  6003129775280982284 12518659344022517374 
 1428329990997682627 15076924942924499000 15637900816270534262  8845128004844824584 15361241914925039369 
 6393208426650200876  9504230196644862094  8049145545873381764  3126463372736394710  2096090283555779302 
15995610875975548004  7718603294585901379 10663285936621929452  1459016630107906995  2077627368624103264 
12279790842936725432  3277200529276587783  8788132926870218152 17814994831170650762 11724853330766535148 
 1052060827663644509  7328822538287424879  8646014501086525355  3983399877826265878 16917131907543913432 
 6548840753453392383  8166827039187368122  5472621356176824440   935682274162824525  4765005309695323630 
17059160285430388355 17710912340935072807 17755689431984277012  8204822712666640741  1732348924299428155 
11331506958613162887  3098000582865524512  2089870292326648851 13909561363499857421  7342932665901805390 
10720476889786070861  6957268142233180863  8275785840927895931  9568126237604814491  4246787926334945364 
 8732566413033148219  3459916403471695178  5876131623834452419 14157366555436189534  8034841920048579402 
14930740912081458996 14668951614526919514  9983636024037088715  3321161759943901351  4957857729417004755 
18279401107411282099  6834876294565400893  6309618460914118422 16218122267399437926  2579959245081540192 
 8640672015526490841  9225671681108853788 15194319858362835472 10113184670793127454  9827463838654222534 
 2483754285427123757  6288557510419086533 10280592309642252565  9484105837673369943 12690644928875903445 
 4220139003477888659 11439036725349267960   856258023191062982  8507768522799824851 17064030911715466270 
 5114099267728984691  4972257491526390463 14471284831303809753  3424890202381259695  9418761740501052441 
12531455324458231203   419284703964952183 10967764649293202530   439062428063270583   842589239313839358 
16540832495286431845  5712806737464734982  4532822367128013144  9525489480973231279   885164118839860618 
14066349439387120958 13985967935509563782  8625374167829255657  1798231257837762994 14763450295584822152 
11356060004559542159  2293599860732250218 18147766299445021425 15905508491564858823   516998901607655707 
15059801600690109776 11686992991670190980 14206534627650061118 11843211333706378682 16330729981212671541 
12815877394496127452 13595785921958993659 11360684683821064383 15444727716342323642  7356205995385935543 
 3542331920498795534 13990840185032006331  7012611285938269789  9029301509272183742 16602108662424967204 
 4654290741082296819  6452614209377896992  9289143654280129511 16612998651410254746  1989158519812036395 
 7433381853732132752  1686897676069259493  9898529893946517670 16749789120346599320   778248780866445795 
10663284112861965648 15766569990577313395 13780505392881207532  2320858384031395445 17190318569693687360 
15141964368987196553  3417649445526800704  2234341354304159763  6337998142834082140 13524129550010343013 
 3226730160598402673 10099985462318621019 14961448541946229495 14481930344201307157 17614519992717549594 
17058664588581756795 18436422667703828830   580239269814195370 18041748245971353257  5966835925758244600 
12727374354556923274  7074014747118731266 16884495010895612206 11649820114199536920  7400184980462386801 
12645259963628267124  9240982425499635318 14639315211727517440  5771165235819341895 13369318792805963978 
 3258254594509170626   566699772293018995 15349160516997213411 11303910365679822155 14227149331326754281 
 7052415777499113256 11086404476469704537 15260264507106796811 11551824393109752184  9899387957747327795 
15212681627590695384 15071886193238433894  4088882908873100435 12356205095182809983  4131039470564610340 
 4835661829307809665  9264975090923260959  4096199780816904153  6580719585008988071  8141376668764363805 
 7113832690134907114  5815531933303272059 16741941101131634655  4609905173263295467 12243882106414120860 
  365825919839415986  3383558170630186810 12825480119888652135  9942595289237973545 16755763033675637922 
  782481732230962683  9446440176011334535  7130179671279522938  3662817571301881954 12249975455174289826 
15369514854525462844 12974024487997799089  9938068484966704666 17185372323587535321 11570464847009529349 
 2197179932427754337 15745067855987384658  1311874679248144034 13725230548398332090  4229576299350311186 
13930030573354040126 10593172141363737092  1455695247105031557  7428544638351003901  9126962517411166095 
14478093436234448624  1803919322252723789 17976422647647873473  8684703228164421852  8584209157593284362 
10394802957822162674  5598402033499274659  5942923017774521650  1301013020384226983  1382229325080937430 
10741094760907358901 17659658302115006499 14056827281322019730 14466337838926370591 14366628829565189012 
12131287383271325429  2958446168006509532 10922535229037238290 16084754758103775740 17298034458989919090 
 3793000539995585081 15295692216712741199 16960409665279765534  4492721752471415989 18355636177993301486 
 1316828046961638079 11163935451993998960 17623832665962541443 11936702643685121174 10533371855855691549 
    3548417604588113 15442494916908416055   819990547851180702  5557284575517352871  2972861611480838550 
11229534218796649842 17011463878764520607  3744294709317649107  3199145826471577731 18264799091995394275 
18210114191891782725  5268728954135197934  6970645062066058956 15011873047299305880  3021233525215665928 
10372260853392166433 14268544326516523893 11730102314158427828 14620018025412219851 17412006472646557495 
 8928015598638697539  9679894876369327613  9383675365495727258  3777322473381259551  7842825635166216505 
 6762660816684145985  1419097312152090169 16708833149931280655  8202797319327278723  4618841919236531645 
 2658504848337296630  3287423711113891506   988783625447326460 16496455547371975865 17174056972468311261 
  156176765233741945  9961546207705564179 18250663754254026049  5453266067965925687  1510671660927956779 
 7516504469925771199  5972133201617633136  5918719879483377028  3303954177627630250  5348706334547502557 
16585129640267639528  7817957765611007931  8903641416219608268   785059806591828587  9751015262418193958 
 9318493875592075584  9515061439649990085 11440011306053920545  3365604525497023466  7334436429951295296 
 1883821256603777779 13165927104983427088 13841541137972594162  1815806101171114633 10421415504723517345 
 9744813812866621300 17413315186644366288 14385452514969686935  2064295549022196976 13354644239473670835 
10307151800196710016  7100288309266043180  4323684162562553541  4176836761858121369  3126553499493500493 
 2245533422979077172  5029122097234504032   479053124937479524  1633686353638493573  1236194964680719247 
15661969700652622780 12928733723566309856  7554085573061374611 15637269741710414230 10175935089921208635 
 4051694727195760070 13176258182705158287  7312730010886126832  4312690901533368990 18020827768661490706 
14134972170516421610   908415339394743086  7455769617217876065  4062712558361338600 12918994674830215036 
 6827888919777497079 15258192349293885881  8434478611934182267  6949253840177498649  9629267505015547997 
16721638346371955763 13142394761213849345  7498525171131001738  8689124667404060028  9005425510888298353 
13082118019060332964 16747046212944310418  9762835966064454818  3389296650660959910  8686616533952690776 
18254870704093095073 15182910578629525739 11540274511167800878 16868465680353177840 10064002242146948643 
 7937399572910743924  6662287329756712036  4607820054484550728  2515606406012224004 18082180740813446177 
16776149263067997053  9667318411712168835  2938024898115169114  2248169722598011123 13076237458873384557 
 8698803620037583763 16168065849954414046  9316235917227528478 10368618072985883271  4382728968452367247 
 4235987943539814291 13013945146035366187  1040379304197801804  9912693174355383040  3966179463125058895 
  311335097678008985 11910039063492066835   751446758384053103 16166833138157495423  5673014626855041611 
 5469371358230369012 15523062098443568860  8155691100142677125 16282214819043726882  6986262834667083512 
10021918967595278229  9362041958496709240  2627841882566030414  8214867791575790993 14638725569179275706 
10226845313306874366 12142369480364806912  9796236756643221613  7411489971725594884  5915014106016143089 
 7562397333421197039  2006284042255358924  2851347550601059795  1010299599667351671 14277560222868738450 
10410610687596968607  2333648458950852285  3063720395338241122 15182150614626809922  3136655661247120782 
12489006760075817428 14602900247508354219  8319450575435934559 16231890616453022818 16769024473701504356 
 2320268636617613658   105545092858019871  8112860692146289921 13139168234218223997 16288623276771752416 
 6589239839138908565 18143501450135597514  4310985493545853161  3582304606520378239 12571499564425753076 
13945406566867493799  4123150923081099033  5265437284557863065 11179830783933284383 13990885212999867950 
14711932466622271648 15132703604173265972  2781491814689484096 12059671589963803284 11707364410042921934 
 4012870859859434554 17922006873927478763  1129200291289017771 15689228056393272322  4364226017410656853 
16425690778030910383  9224774099755436667 12237776539923623815  3819620101419969417  4127712120145943784 
 7009811058880942681  9231678729387411416  2260829054430061071  7143571412881264949 18147223407738197696 
 7358442780622856521  1445182231022414547  6317459961137940457  4305958481065011163 13832734707924258851 
13810044243026602781 11478904656268054610 12708452954167913935 12586789679729445867  1906803156639335967 
11235415504996688660  4395544213364421636 18444800811913264263  2466218588315209143 15177255016052079341 
17049570959422502357  6712409761954275026 14639995778849355058  7653106376111442718   505512694025168018 
16599358216848996939 12453801975112651933 17853837583398204986 14593049913560212852  5165173674632499424 
12273974393110594697  9304371136230652803  7545675814912202656   475088118529083906 14172088669619638397 
 4408952410190460227  5150918033338060423  2832701227440490573  2434151673281634997  7740789995635662868 
10772968402807657271 15882641508244718928  2996155067547296987 16262093229139802125 12860490690608090945 
 9852122005406209006   881387744305792666  7589650306398193966  2775134343081334715 16772446155768308468 
17563228418344391679  7101322245232449705 11929777511890279586   291384680320772165  4993888495687613221 
 1363700118951461300 16122817387541571135 13360889421522298240  1632553481426667341 17460813655630283383 
17036595426732027584  2506295457439013363  6641846988457104527 15007830834965054472 14085500455250873224 
 4573350122432973348 16539649024093751590  4087456706906303951 12506889276068627405 15308172386755986394 
 8110430199321385480  2824306844261892130  3117176438931754424 12512287247766662672 13122746025449940101 
 8927187713073325385 14772273771371795870  6190092274702851208  5629785870936949353 15189459892699012913 
 4148888633218369623  8061590954600234383 12994527761339820844  6752911335547232810  8020952612415401007 
 4887971088629221355  7033059022457670750  9364091801288846302  4288778700689168452 10410226451071010883 
 7869705668383970781  5820655279407168952 14945371328528422131  6291546826717662211  9087250647882880398 
 1762762639443027662 11963023815706547196  4442781517201536856  2745866270311662587  1612383812767868692 
 6160821552286906457   972184107891182862  5811235395444499161  6279793506341026124   853831773499451042 
11264616190792125768 10604632349837879511 14942354573266917099 14791575424173243333  4536091612692929638 
11865449712102686864 13585469679148807003  6575378106266533264  3363928947001837592  8639108856521461381 
 3072579775173561438 11661733191263754255 11461890209336059579  1008804404203671315 14898720226160969976 
 5779219442666732467  1545573735814679568  6406532323549176399  5535039882191944915 14744140206395479821 
 8574890760317505118  2349316643634175228   330859982469817696  5677338474990102488 15452897535695202125 
16754934823594119237   702122014332882435 11920418542296964257  5089985079481752929 16190172983044351656 
13153361600242867321 15497130226002598850  2022370487698747350 12494726717500617216 14630658861946888397 
 5231814162617150856  4623088905993806079   433524759220251994  3505777876153842368 13706620991819254883 
 4103685219195750992  9117535258126462112 12241428273335349499  8479147486372098133  7455070408535374769 
13212297092019682775 15017743914941277285 11311694716509793095 10810711296686174261 13278863662163892103 
 2689022401418657267 16003282352504834466 16044206767651630970  3432398932571231965  8906442310977984818 
 2604425516616119045  2003297464209731467  4972740753828564577  2931884044712758729 14034991674727761304 
10562788463606111685  9052031303406289811 15102647111036353421  5625567118385702895  1897274259169322922 
 5253428588930458102  2031368862805210736 17802514293079683652 12449371098000166315 11522435357208374824 
 4661569026196614428 17356860926708676181 10357943843611709883 16595522597484988701  4873693521374361448 
 2868470260318668836  6036902460172252040  1417746554519499427  4616193143111445583 15160370845064186446 
11795566183323338971 10867794640873182553  6618734557186332028 14797034474365415176  4340294915109243999 
14080610664977047055 14382229401181080121 12384928246483332105 13180543023799108967 14220061079490595177 
 1303693931324963150  9964503850449620662 16503684165656178848 10751636099231261840  7417516493195547290 
 6532731726081526656 10103090977943069303  6614822712440149107  2613727673979219531 16323564769334106388 
14047140950528127166  6120780545063574778  8718128022873806883 15299547508824528214 13836341938474655233 
 4714956432312308179 12262765279494909245 16356663044082246706  4928148451595208706  8115602096667865855 
 3141695212801115540 16484282421983352766  9481498260348050252  1310762736199964676 13025347087928408580 
 7371556380465398803  9959853020143428486 16740983998668254254  4157031166895830826  7246046479671874554 
 1919685183531940151  3846365118830398900 14724800915035719083  1005108738911233154 13111412809053911130 
  425344556402130838  1413316214098855896 11273476419481925142 14144614969534736776  4519231325522740826 
 7553865717053593494 12003798808566673077 16633222357992612318  9457709146917496848 12014155056365069897 
 6880247497324234817  9361194063610111697 17896287993455144023 15683065027190251448  5226692513118568471 
 8794903429909620858 11639683422399311631   699811705511221116 10749552139412610565  3311277418178182766 
 3521123609005445963  2294088611483274694 14614544712819641506  8278753968842863044  9925882983226270751 
 1006108615764080454 14548280469100718326  6170670642298677379 14947367176790774413  3896344315462151343 
 9621262666036453634  1027207840688455198 12826098496820600204 13322198297983996840  5413597012940465711 
13303826047675507171 16491580971403654428  2999504470585327131 11678967125960754411  7900476052439407048 
16936213011116350173 12772748727439492610 15239214007285590710   206424006194144856 13458802876422071808 
14830380075997639710 13525202339243824410  4910736895257025544 10599445890473265138  8519610671673783647 
 1857118685071855115  7106330135946164153 10109011960687656347  7377765092471601321 10222808762516399936 
 9289338267853756954 14512473797571062449  1035627376962244300  7322683522613670499 11305217334512494906 
16475522518181015945 13961402106383651169   692883937276327791 16123763587843234488 17504703255755827987 
13586411072028873068  5140019628060359621  6221286542103749765  1070973830213555370  5447958091570552721 
  911286915046808726 15846996499539792399  9301586697462025977  9189060404856916614 18293902086087316843 
 6837285056253408327  9764962664402355808  7645411500336890739 11807963173703637486  3601995092723027917 
 5073448850404251726  1494478706129424213  9845513945719299258 15694801391107545807 15512387789042223057 
16369167084557235404 10971917836475468718 10316601354772309736 10096675375914161229  8749059243456667201 
16228188602438674988  9386800153628680924 16945398934695224746  2315494417296517147 15476151911994036388 
18383575838430260951 11255198832919860543  5039959122777263490  9018776224139216585  3499266127879614551 
 5608555889295103246 15015825550862530390  3819344804191621691 10299317769995154153  7097541195047253481 
 9847633025632480253  3862783767319586372   385505283122013142 15570547357264782560 13156200934668857095 
 3511876552819108959  2725244706361956724  8098040042011878628  1766490766182417637 11249839637437817214 
13016641326243052583 11100050718492895203 17788773809362689722  5100050597694002540  6679531043978002690 
 7405303482510915339  1383070019643245844 11822737789045187800 15131490570444393603  4675812742985612517 
17738185280508372520  5570588505026072229 17717910736565987412 11215911734355935837 10132742263966204714 
 4343713831973133432  4308925689740306802 10961856126844012904 14515903350426248197 14149631764185268734 
 8955710416163787145  3439252771996868292 11255779974753268190  9149325116009157091 15825756326298540546 
  554535897060212305  3264034756547810242  5963172238241039606 18173463384942996785  1837627268479161760 
 8065955301010846029  4687903826623781909 12200811730841689307 11638042246576068654  5098683203288523336 
12658649712688586317  6192141059935978085  1666189773362341589 17420126311337345116  8744966348869699338 
16676348263657721347  8879910968188517534  8782780283939293753 12646220857698690729 13021463929581485974 
17344858674555862470 17581039287267839794 16989161127227097019  1632492987714435522 16550056713844203893 
10200976879722167793  4036419070793687806  2263721033762307285 10618270610339488615 15835481341994086540 
10137337462140473536  2858031355563603745  7766382123895488307  6218293750796635931  6233477204728221850 
13953839039243595556 11014543170079018677 15149371108866295710 13622665390756026192   768843411114440178 
17094356852003621044 13932166473818990119  3521709037933930929 15479761438071557061   882484756854429293 
13154464050941678756 12653090231440007772 15027266407853219756  4740524011479572952 15896908627487908110 
 7170820481148313649 10236059099253657675 12517661164439318833 11666421970904990845 16093104837468781555 
 1325778290179209093 15162455164042964651 12350026381929780585 14143706320781499327 11478345032811834566 
10237293651666631706 11178679722905808051   424525711869001647  1019281011621117344 16818214457878167593 
 2664871808821072226  5795204817270643995  4801305625124217790 15505422845005208407 10038017224270809923 
15307308073041817828  9444578550703548464   859308181423284757  8003184180807527470  5629483782923294889 
 8760581281755738310 13875981184166989247  2318944728051078822  5516685142295961444  6031893802975326838 
 2746218611275979153  4814785139877695942 17212559877124689493 12002129163665348838  5389432746087665690 
15135195270605023085 13371148836151425632  4868898843284068959  7511075646939408692 11392735690751567503 
 4780736290307458636 13188528642148146684 11517478203380062664 10468982211263629930  6910685493441350038 
 8163536560367791518  6745887227352097950  1783810910899820442 10808159516839305191 11561000970172726496 
 7537050905387396142  6539272894614765811 17657345625075193166 14419025098707807004 13603543100285273056 
 9329684951309389007 10199328126119842476 10400631660941549683  4859069479695392657 17900271052795013173 
17821016931163917018 15489466530385287350  4198890964768314847  8359276442037389010  7294420019424482809 
 5509375700593962578 13833463308024934197 13591612641598554489  1586705598513778692 14382743379037707750 
 9483851421678984326  7697375789451745929  5877388846840756243   160928518767998952  6626645752841401563 
 1621895687807230213  6055916958520786393  8706647167777925886 14360959707005515826  7987840094441039709 
  211147140879377148  3075458025463771604 15921122548855348907  1309195162552518768  2968215966783242635 
12386283341291461459 13663104606704652717 14371626595356280129  6545012699346334793 10773174579719171109 
13306295425145999351 17766340756196863227 12932122322254525545  4194024814617515500 14850707810324615542 
 2273623174451153784  4847407692481586707 15925424570229715934  5763045510124705080 15943297554063903809 
