1000 outputs of genrand64_int64()
17562562048705863062 15048298056498507694  2284343177544526274  1609877805370075928  2938403672052750115 
10635451398913677224  3638307209361646982 14131293091129778198 11971002446868668940 16505145225988603741 
 1142496542835398479 12565911797699208510  9437408341055921689  1561275175630679961 17106864576761650589 
  888510004048590241  6166584443278558255 12431349564895753495 17555892073617194417  5712401624029601705 
15399442343297575355  2745036904513250583  5826732905682817752  5998118856402303019 14129717130241949200 
15889448940895595728  5864905971690099951 10403586323100334313  1806759963850506192 14792912123473827845 
12198602778743796701   139459985511438245 14186058051474309941 11640757256494311142  7366424351907418120 
13254147736855026714 12914798636812279429  9408216728942748691 17363991320071067797  1663516105127228597 
   29871494518279539  1339492239380661038 13512989951233546697 11100988218206659248  5938220320342706509 
 4195407433372996177 12178700270619074396  7540923825280746749  7408459997414398118  2509533337873745000 
13498003909542011376  7109759989401179816 13993693051458822863  8502129656833379990 12862003516880342550 
 9802304156502882175  1340649949996056506  1930041269997682888  1246030845747794762  7890163202178714944 
  609657645971565612  9116117744727580889 11488319659703051079  4266846807098193289  6926341818593046342 
15644908019189486067 12624106047017408107 16122334188382384161 10685387043415932198  1736937287072748286 
17508336955166530818 10765858864782285745  8046191214226247809 12668297279059790568 12320838896461634640 
15545433114672091560 14665004761542398279 15531451750316174918 13569818758892941869    75055848264486477 
17267508472106868178  9882044955251034135  8148523139087502892  2691791936650866922  1628423776586788512 
  878150610694730746  2693102692674183807   134834453369838089  5852578907772661102  7936234618891139804 
 4916163824254958943  8823071183475317534  9405970435828660417 14800458702634566974 11057278526703237362 
 2490101368509279625 17507892556270332772  3520130039161928978  6514895278059089771  4373192712892531396 
 1192448746835389406  3530773820261991933 17847120486081174729  3164748979673057460 10568950069330295615 
 8139480661500706993  6163314004941592045 11114070117899092398  9624835278783020349  4859531519280539260 
11067778901606744608 11912338366530633067 16621384041716596019 17526267551555096769 11617680467803388901 
 5339029209797634409  4470684717760829704  1546327078899158372 16231595574329392793  4210754456626593147 
18115271665297279379  7615477154715268073 16602360850216029614  2058932518079303113  4406567644134939473 
15404440996484783419  4470028798218295924  1132647758461682648  7836520933587424143  2430396527408234202 
16883625309083117437  2265494151661639477 12414567382190033480  1718478138301224158  5722840984566234708 
 3370195365962942946 12511947928562167769  7691667615017942872 12691754874531778278 15043429835371626238 
 5714266717540915754  1002133382684733325 17954808968505709313  8266360042311839242  1674478992132269107 
16679384935450440318  4981890325392063249 12017097943793534033  1702102311610179076 17139796779602792472 
 5797024974227819830  8248659163305065109  1184312956920798729 13668407364760411471   477048315935356286 
12315964391929754525  7020736149259777032 10659365760944977870 11231540744067485707 15267772591549124162 
17094258541743122873 15828246972207581620  5097388099105428210 13928908863016047924  1327247211819778404 
 7262750742523279041 15523820956586698942  8327350655456727190 13707996446132457223  1817525652436090614 
 9514600278927022624  7094927121881609173 11028297609400720974   608928915396656568 18320778529396460429 
 7242546157347403048  1953624767084421907 12056789370477693506 11061364855449064010  4787037519207723420 
 9859383892593095368  3757937775113578916 18275527293341167691  2083010584811152056 12699291151128286640 
17288656423070387904  3814586371259762622 11310218865119886303  4080825140613712472 17208954557746563190 
  861879733843989055 11010318815966149584 17985935581793548551  1641863104495133735 14693412504761098315 
 6338133689799580120 12928262437440762427  9508343256348307905 17864386026302825211  1726275591235673854 
 5442764826451140337 15326932490706295123 10246172445201684575  5734981812214809822 15006945364054949591 
13238043298526585340 16739561397592403743 12589877191584300966  4081410981187405570  7331135240746008221 
17879118785296666397  3033729419421589210 13464659370551601683  3849999112412496751 16111762951028941258 
17530024501182261806 16242926396934924267 13318741959230700121 10066956875176154237  7818678047508152052 
  247573486141158953 10323824506140936309  1001334192720233054  6620835699064982415  4935457305483379884 
 5378177733238130509 17177482866515555731  8910155336559311490 18394187390147014372  8163527210574991786 
 9686824263821683148  8474145827126578758 13687891815775631837  7927527871334478610 12248766625785385233 
 6036913999183446655  3036297794865424062 14791255810802299893 13927513610925820032 18175121352993740743 
11006678134323350594  2141142987703104843 16597329680766346153  2401880505972922721  3329511164727176840 
17457838045883715658  2626446135222190061 12766347672064764969 15879550860135281099 16118915217890509587 
 2571439292908388946  8313544146721476000  7478219134058887366  3023763368665274648  9036517540397778075 
15594634895151716286 11995392730126078478  7709775198676159714 16557651162767653277 13993918593230245960 
17678101033623237741  8422186468766031153 11619477438575722264  4333620702919057643  3462902405448729511 
 3453281567956015105  9780896931882147601  8905030528854217660 16505211277609204991  9876093208664102915 
 5944598361855410742  4288952911692070565  2591911367922153296  6938514061922054776 16537440785681922501 
17939601902776606197 11807064633131303236  9775573548279575157 18429912440382518383  1052250958890294674 
15781094428908745026 10961222649073249635  6381426906467355715  5987537254874922626  6029905708097521489 
15616237466956635592  6563210486758469142  5517741013071024295 16816008766300236912 12974854724642667325 
14972523013519876117 18114423817759877103   543930542427009277  5704205961788590448 11431047241639766344 
12592348469028176537  3042785010366086885  6633136797717735209  9896733409878493702 10377989570462398061 
18329413516139280728 18061408770521953060 13299908407518198651 18340800438509977681 14084522570143248685 
 1339046311886245466  3324818799254630943  6180286082174096195  7332780620703473567  9159206822161238042 
14442869622663947910  1259714795972298321  9059957534381756067  6095781082376947540  6313555381823421095 
11883737993773141475 17765542528338300300 10972041261208191413   658525545735363767 14862309001150158921 
 1742168317169049919  6431328768135145178  7415615332128994845  1277064664698328086 15069230115816635576 
 5497385110321762743  7178686447060509131 15666025595465680709 13958839861580738627 14176059710043686029 
17852576488496252642  9947176471951548974 12052229038013183058 18203527093384765950 11887247757086626200 
 4240364356565457705  7860753855229315795  1215754330267567448  5265752798119973580  1272004410898822488 
 2357148877638448313 13352957366966054016   621235847928734517  7272463643233070690  1629365680694016314 
 4641481272586281793 15057272054307061101  9381379054895826508 13525599387981329866 13168032263551133328 
17332090161112492145 11490771099057755320  4839810343261495892   253996107196447063  5137185646519857874 
  658369579622274722 15911782105295261920  2649505883545714789  3205651070236900487 17899811001769332545 
 2260631310153020368  7543456798898582040  4358914723310133848  4600890608741416519  7527902304188722694 
 9738107055276538843  5880549583142277581  1881450492127681690 12210855749936862852  8414668957207970601 
 4298861615987206711    66177584268840400 14509427277396594573  6535719634081549639  2906119394489747283 
 1544089763434898619 12457005191504434711  9537514128438196807  5989248502229850294  1376127120622468142 
 3065869178676525274   269607782218114420 17759537670839591362  1261466125184695505 16043693015644421681 
 1855321024745296701  2965538661918161695  1661971613116862191  2483897156210973830 16126475668505028189 
13863771559162813290  2866321299234606290 11932321258376229388  9323058540522612330 14611066275532150590 
  382873215705329112  3377475536169861301  8522296879284195619  8681170469858614639  2332692147035618467 
 9181470235342874851 11551832885194289114  7987020727292084081 16796832781673736371 10165213997079238369 
 2700199657549179385 11548792921428114181  6593136154109521385  4689063341796166751  1761047995569935723 
 7898520581700036218  9951147298110724377   833757178232231385  5988542235418957502 15228227656500133284 
 3933925972904365630 11867113479559680520  1615602326431035833 13939389134993248511  4894455182061100519 
 1812282495381570627  9613225498521129693  2243065815070826243  5331111157099149552 14519895089478826786 
12278133826102592475 15487707777176288233  1954704283534704651  6459368896868710680  6180186245544028010 
11561110954276611011  2234637329911072232 13051530580755712427 11386331971200620367  7196176271779954061 
 9730714034819866571   509846121775287283 12699425006423928278  9970468653197759339  8781619766888658199 
15775123449657440135  4150011883328038732  3562985074800814734  3572462000956657931  5842224506847349843 
 4218865706094912398  1749751606835447312 15045609997836480729 10880839820467321387   462216059267895567 
11727308247398267349 17325417521045953082 14699363700497081773 14727177674204908561  4694895201669741374 
15220533385347513556  7978909295851048229  1501801484913888121 11972677647119358731 10155240458494380331 
14266732667413820593 11127453147012182466  2914407083177363876 14924094213316671193   620857992062136275 
15488904390731191451 14099702052883460305  1264391116141713779  9231820482065875785 13041070017379135657 
 8740271669908916162  9734475428865545514  2173736749389938599 12247594750088998419  6929153660738634675 
 2631685020159364980 16474828206154875353 12271014482556317536  4504947551012827360 11546151136411240035 
 1378130256083350115 11347143073678892496 12019496095450679881 12872349571404767146 17398038838583806656 
 3607035602798172555 17176146641993536477  6825873801880320476  2381209348644258171 11949520255998574281 
 2424411016683031123 12209522343467972990 10505867864987528085 15778712147343811356 17869490101832684229 
 6274006898621604735 13750590189423258666 16281766773296395736 12742406672204320578  8537431173234612990 
15502022364775916769  8393419895731699251 13108336831323087423 18317205911790768396  2117287663191965075 
 3003244471889200322 16802181630836065324  9674661770563978879  2086292916468003024  9482954121965303499 
16264895175781393971 17112018908572264371 16813743736253540016  6161063339693286398  4625115315346906430 
18017476133598342856 15348210272597786997 13253926000953212103    80345053814951958  6103666291869532612 
 7404596139773709548 10443110885163475661  6778772319111666837  9142815336922372229 16246303131901570583 
 7688895623000676254  9464884235821397298 15993035789052496125  9312608998674761880 16325559225592918179 
18445337976061714442 11030987616865051764 17779786711921551015 15810069517931513114  9804476903841070242 
14266566562263787093  8551457382139674050 18029081695392470259  9755897672657270196  4206694457155746190 
  733091707323932513 17458860875101853833  9808741742296068074  8078948634144605560  9029211495956755681 
 2250221778593026394  9480308738913607079 11406051915952329116  6063659632411817097  2319267714787208012 
17109051902610274014  3989951505745599912 10313156969952022126 18182176380551299665  9729136275488202007 
16567396470964541767  8771080189994783270  8282333325605350328 17383247120180409908 10248425504864991942 
 5380264744574051332 18184805425815067618  3804586502137006823 10680461403246968209  3209084584806132002 
 8320068885857284707  5578200587548627667 17791241033055644843 18179834864418331990  7207237124857750943 
 3776863845089463144  7525011639302012475 11346263446772619279 17390121011412484355    11918542557799360 
  201011643964166299  1556542332933769326  6520893371878989270  7279605516111160374  4993909299762627380 
 5496954900561913350  5989038690440256879  2797795992523526680  7789184297648698047  2226009906688510428 
 9637845803705501265 13277520665712201481  6313059752676903405  6991430106911908247 18235311938770821192 
 9064644815846993240 18148111992461029423  7741062953591390857 12117685553190526861  7359810572344771991 
 9693516128580409384 13707759223765385524  4183742993843720503  7496136009336647066   549926642621228152 
15074469234218381564  3021094486503868317 11395619236219939267  6277601901926247035  4038961964974363510 
15006396574027685303 11982619281899010491  8363951703486544507 13284428928235722166 10081046116315136899 
14422830401033067281  8781967793093769099 10781796498187619888 13516459550466965980 15847667482790054982 
 7421164318430995354  1322458760137572790 14830728862524376026  7654613619881173580  2324636782196881066 
14899994942350945070 15423051979862149566   163352201405321536 15913675770349860086 15875611323081158728 
 1794069099449281126  8867035905421863351  3984670344709595827 14689230962819398327 17962410578161228571 
14271751753861503005  7911528401643983286 13984319806051713328 15065353623879192833  4736140616902568777 
 1972527051882001055 16559527251090437149 11592035887899353840  3995936409347191679  3651863092339143924 
10784976953401176242 10082226010360813925 11003880991727857259 12304784376485603412 11699272953094108917 
16505547778000252995  8088822436388925923  8547415282323365941 14146192520190488493  6910362785234346868 
 8926073363945085513 18266340941302504782  8850024949879174416  8310496870656719573  8332492303814300428 
 8715467089936554009 14521918290309670807 10497026983124320220  4665814470163811674  6125783938990286097 
 3124739850687315341  4895760505480989722 16352964750409321655  7919013412235466943  7153165580159903215 
 9203890459221472679 10457860344165998562  3733928407979490554 11160341671951199726  6280007173759077094 
 5444396158683586199 15045187750081334752 10546839169431187078 17300248667995534750 12603115843976605538 
 5506220470781210951 18290882829973108990  6333276811784964180  8219841300343735362  9787277046143957167 
   47798506549717475  3991960961723290105  7557670467098752541 11006883414392340811  4991934088845966639 
  147355310610411650  7093917623239584829  2186424768605230191 10102630715635533367 11003673559623055544 
 5903534404844529951  9695449791771792930    18614067812781704 11705016945588918535  7896361787877100671 
15302312567971143541  8246118577260760380  6466696872734981346  6235903293875011822 13884152457407992800 
17713510065326870033  1873375784620064072 11524500381064684295  3566891108594541213  3593680339987761891 
 9407924135190897842 15403902968360134793  7371394173806690560  3394264108564114260  2289870953754068749 
18370474209040368692 15581127135157504106  6943470066952633364  3196982885575904467  7427379971682929972 
 7110537158886087916 13400431992757985540  4953936988771982705 10171872977047087566  6925849104857306408 
 5361432069745541910 12962038708464235765 10462755641415229526 10381801100353675773 17786745674266424402 
 7590303415634047982  5283566021132218685 10235649907199949160  5388233954321794393 13829394579117629059 
 2168517375699294476 13975946911411359880 10075114102292078681 11056025248301029035  5630482199688990374 
 3733906721365205263  4681734216559657761 17147730929643435380 11632566657882689140  3530939072596068451 
 4269264289434069277  5734627451407915182 16624221255338196295  5122526352801966905  4290743875358689765 
13103527907507284474 15397992085456006446  2862498120224149103   691808465424059669 12993091818666173153 
 6268924427098107826 11111744525147335355  2235510548575928483 14720717265362708514  9095872999177795275 
13635834962626498457  8914700085848232608  6984185768988269903 15557753131557849288  7211843737093800035 
 6904184947118896014 11854868820006812472 13943374944809495492 18389111359035636997 15680403908801746616 
 4387617211158622571  5041154243256624037 13059372051031519668 13094584991055570273 17528620338588493222 
 8650670862304095128 11509840055511371108  4653823362114111865 11000396534249166148  6890532155899524457 
14816205455615564378  8748464245601291929  9332260069493935943  4998875307564013285 13576185967818787716 
14573743327739843604  7584126936420890675 10021569383568347184 14358823204933277800  3093623806952731102 
10380721633495247347  7575101669212000471  3259491815063880172 17732570179149965351  3764247727291967944 
13481786020148364509 18390083120577416665  4521052982037697193 12307997366159091502 13840208992374616212 
13359274197995960335 12904129158303992706   565066818411792954 16641599769877990007  1085285162856712939 
17011988242159481530  2033955841162464375  1026723275645520568   455459504841713181  7234504066212395620 
10019674668057391894  3648653710616897723 10179337167246486632 17048379992077522655 13955664705635590978 
10826842096608058719  1905532877732625259  1224709620833914221 15011777016550485189  6354834477981893231 
 1489661415891214329  7249583791048277945   100867512873076102  3349069353471427828  5825559934444277698 
15741443108549536061  4617656269981640965  5809767065087905683  6157714157370295634 18239165733143107938 
10315575807627747519 16810006236314873551  3204496702364961487 11975437565849230629 14815537069883557975 
 1110247169673174792   537686808002224016  5009296685803744005  5151991090235724114  9184288057206735769 
18037330820871625148 16607192291932114709  7590918973949530425  2467185880534330953 11707486511359958566 
11438700733722009398  8543511928296483664  6206507386015474473 10352103294239837158  6224123487111840034 
17629580215836619655  1655308921100879508  5269261303450707226 17611514029096855296  4478661561954702277 
 8618917068739996597 11589980594902893057  5631349035241368948  5687248749643006105 17923597433409894155 
15716490021024228215  1863872951966606049  5203386643925888668 10996943540781632185  5105937545162024170 
 1189260230511636425  5009045348497983067  1366189692032898724  2251560787666726999 10755162101575268326 
 6808807969322905817 15907785163553133751  3462434539481681792  9397582870967028796 17218954191297858715 
17459462575896577223  1685452929135021052 16617348876654115331  3860336409881561206 17998184618552861323 
 3750691550457214439  2582213466217108730  5573838780237512807  3066703109321596227  8514655396764365977 
 8313234882208719300  4167372819206621624  2114347738587262848 17988528629099746364 10980692621393385207 
 9645874636931509476  7873443639822111932  1888871626214827946  3421942728309333810   307750246816302396 
 6941269669013506031 12203114485804877037  1530843594757399437  3914329368701803456  1120190147689541834 
15144345465871122140  3733374169282382221  5424600659131510718 12263573640676208149 14398385015935117820 
15931078450090869719  9843150883269307537 14161668997938171109 17950460396354484067  6143171240627083628 
 9745055986457143185 10645253486986082213  7775529132226213099 16318566731642686153 15037745965992686795 
 1097087255414467984  9483909027192871248  6325542113386082236 11211159503882280583 14534461078716148039 
 7748551145264497510 16781220155787522467  2706526046627199960  9275326148378054826  1284096756771036326 
 4250299494645440079 17328719372296158454  2914861112371363175 13667573985760904094 17375240157528244136 
 5304179829314126311  3460658038650451735  5655434706325766020  4005623874374444539 14208527266259970699 
17816690320342971714 16240415710976511609  5442913029712561023  6459007025214835743  7781096007457690617 
 4304263323623246298 11450067910765310429  1903926053621216818  7804987284251506345  9055360433901118095 
 5873612938578207102  5172142113556597489 16110395612663232530 15835024512172292825  7107072699130037843 
 4322415049501410554  9609215790236508662 16496425974854998412  5564309639223631717  3630048090013674773 
10202882123556068220  8729254547178534195  8913326513003283211 12160755719635852292  8272703534982943803 
 4791549562189160468 11743190793898496155 14628304434500584441 15218583322129579242 16686501222143695941 
 4929168883176349487 16145903896020868484  1542047503392244854 11301309317810264256  3917868292203911157 
 8285268771535760009 10664306299020573108 13962183850282672172  2260086833943773781  4735826995915822550 
 7220383018458154196  8152086083139320493 11220202064510576802  3089924351488825154  5729790884329220640 
 2798849890598608665     6886650924468032  4625495792039121863  9765802076817202507 17009455118269783375 
10145253917647098533 10039636243682553136 14737101935026084759  7251798745658214929 11581952522299260054 
 9287665905563938233 11799275054645903904 11990434818985494569 17305389101003050260  2471039416397610241 
 4783810072630758173  3205269841994115446  5189650112536783315 13342790349453660451  4024784707492960390 
 3123778962294693230  8735842426697181117 10937148326781152262  1367851223646128367  3513168277592008596 

1000 outputs of genrand64_res53()
0.704728148913942 0.811742496039463 0.496334872723469 0.751299677497879 0.358983967135044 
0.221851375544091 0.504769223008749 0.663917122710774 0.672168609092063 0.438200520487107 
0.240749168742738 0.685947001016192 0.909602897746345 0.395754966028147 0.740615642943989 
0.335877410610554 0.934456982903849 0.417533495536413 0.456267958193744 0.334178081510237 
0.247390322505160 0.244731156008193 0.164550069190022 0.614568631971065 0.968701002744495 
0.033468305669698 0.905841205602294 0.455265672096782 0.142552924374833 0.952572848076959 
0.690858525023577 0.060866501453947 0.086430414633998 0.399452228059182 0.410995280051840 
0.147074823421738 0.816435588426609 0.958054652113379 0.106824419672751 0.677443199139938 
0.468720476876326 0.483822819722667 0.656844882984613 0.234655397380955 0.411771859160358 
0.839722376306758 0.242591933009891 0.670421576029557 0.648831004203931 0.431156047099173 
0.923329247898431 0.107800580775274 0.338619273885750 0.076316742370978 0.170315182899745 
0.043490476967652 0.478824799832532 0.447721876274152 0.046936921608361 0.972522344339452 
0.285676203225046 0.661961243630637 0.810783927373494 0.665789773845482 0.404497412599119 
0.018324163755329 0.421381761952493 0.416853547799054 0.049105364754777 0.015646221768735 
0.672864855971497 0.282320870573671 0.968678806721899 0.934889022537885 0.905929486777715 
0.959575674892434 0.668198952482869 0.038678089101275 0.360464822915687 0.636873819000499 
0.191345825774196 0.387449679879476 0.812421013517953 0.951429536278802 0.755882559151037 
0.366463485891876 0.608203674969378 0.603137600981554 0.443695190621619 0.754719490756186 
0.536421307956820 0.304589496728605 0.037981407507137 0.484526618260183 0.815114803107841 
0.857336865854928 0.921450292075590 0.712639354938941 0.790085997439121 0.437211180686669 
0.920973613346170 0.607915413414184 0.213628506424326 0.672691015838113 0.266674611067880 
0.009060866498833 0.526788560985829 0.602852936960509 0.487863787562210 0.599583964743103 
0.162893525239874 0.501668587501742 0.846637843719152 0.524219692446957 0.540194132650143 
0.686547568537743 0.176564439762675 0.180504756509131 0.948469388884537 0.381732424326479 
0.411601829561447 0.145737173971867 0.939601745704526 0.079549124776175 0.087376454847153 
0.306641782007082 0.979035590151705 0.304005103942701 0.910811827559162 0.869553043743997 
0.117740009567326 0.791506656375959 0.339427638035568 0.845136418441406 0.819769638583679 
0.798356429832875 0.883141340774423 0.297688812812122 0.509386975121889 0.268976268481748 
0.151002301203908 0.996663370419886 0.249379504933617 0.129956971884692 0.641527845250989 
0.934434586612791 0.085983720580037 0.027821516480529 0.722837711544623 0.710414595893387 
0.599470704849600 0.811214376191382 0.028043331282096 0.539149965938456 0.815248818037063 
0.508669036529762 0.880083700914834 0.064076915735465 0.769610366280613 0.833594433623601 
0.719519245874827 0.278293297355058 0.733752393493984 0.926208136122595 0.692428409412351 
0.716242610151268 0.040200345947864 0.033602136428565 0.510630676842458 0.301571833620871 
0.662158259123853 0.290469513152578 0.513478701658233 0.930792016747587 0.376881934481884 
0.761715927299700 0.804560765565565 0.459909044275276 0.382133003156870 0.425531199792205 
0.916086536149345 0.116740666560142 0.873835911698935 0.119790481219996 0.385657608121304 
0.677752595148911 0.224839214530746 0.270695732680795 0.673439083097461 0.205479048789765 
0.190249721147582 0.655080411112015 0.142295106039950 0.153290567781715 0.189982472826230 
0.095922706956944 0.509765103089367 0.857531776281638 0.942181682742598 0.701553895011251 
0.492107925848169 0.458249951350803 0.647312434564790 0.496764769835399 0.619226226979557 
0.207939259115877 0.412670061020909 0.089228890541925 0.623104154154673 0.734917649577341 
0.873178659607600 0.459492912075327 0.398579314811439 0.545497674619304 0.651753164577576 
0.936273825938079 0.894303116534960 0.075504644855354 0.707422046550178 0.813332343608086 
0.352049283486272 0.567458071324040 0.504687876086782 0.362907817811692 0.046875516584221 
0.890158433189157 0.872083618940180 0.273946566365575 0.863702477924941 0.173783315089343 
0.123153829080630 0.787682652867655 0.967828680652253 0.284798982399907 0.405189205567660 
0.869827073881028 0.152666008703192 0.858534717251889 0.245107355118606 0.481218309668563 
0.820128458701842 0.777176207495180 0.922489740598857 0.368161147010274 0.081820721081099 
0.198824987097453 0.014080620241375 0.237573501542466 0.959461217770223 0.952562729139356 
0.013584043995080 0.326960614016222 0.726433387504758 0.180631400528561 0.599440121660076 
0.996428561118428 0.393421898293384 0.579299966712567 0.588784890069699 0.994962454764443 
0.008070726678599 0.940662841548327 0.943614882826716 0.896289693702229 0.274415028104359 
0.084218673845352 0.494583543018988 0.130060066603801 0.150005633772282 0.781190239403900 
0.835290601196390 0.984801522882742 0.756488709884886 0.965105353815160 0.240982237732958 
0.013952992726963 0.346229625693872 0.136803645803792 0.998883666324963 0.421543200368597 
0.790694084645979 0.373936516527506 0.292274361174618 0.927228427465917 0.497684627707101 
0.914655525400570 0.406422914299410 0.785595106249318 0.203260010427347 0.331636320904724 
0.134415537838177 0.989274777424047 0.024908741578408 0.235592157908421 0.360370416666696 
0.601689735276177 0.246449134937618 0.908318997871309 0.240180367574727 0.108313650799038 
0.047244300192348 0.492142160381124 0.167166055403710 0.239359897451890 0.109786231617759 
0.057395612630386 0.019010910344368 0.817642600655455 0.522393713171282 0.301831550774794 
0.677325731272031 0.328557373567726 0.679497613016683 0.231101068237308 0.982209549003823 
0.782171847330078 0.802110817694040 0.189753280245476 0.667128646625069 0.955107396547070 
0.501927221908820 0.073850819198519 0.083912161052399 0.982348163809245 0.685182616660682 
0.401244565360147 0.202007613296961 0.119247741340596 0.841516242442822 0.262211902207485 
0.484826848382622 0.145492402786103 0.443224821518454 0.004818632943707 0.916385213229210 
0.254916414887039 0.343161764082386 0.835526089106509 0.997545644574583 0.549496369054276 
0.798748998927615 0.871919319920016 0.698871214714128 0.765403284854252 0.963596732858682 
0.679525749451568 0.509825747960401 0.118716441035310 0.925006483037293 0.553141089214876 
0.742643043503084 0.702832801810896 0.361501481760238 0.370292907542547 0.167270826984779 
0.946266545726593 0.031142268500497 0.911493438483416 0.447322741777765 0.627523720521782 
0.388533877299744 0.537992124566967 0.898144659367865 0.862386683126720 0.239906500342019 
0.763243972455213 0.594817055564580 0.871562737740605 0.783825298391694 0.215275648040923 
0.896486729176876 0.683642775143391 0.002940914546933 0.672992641456700 0.087171347017634 
0.186578109282888 0.239187422761453 0.625912269983488 0.378720544344844 0.707085775623516 
0.992653522805519 0.884096956167493 0.434683338092209 0.374964455677215 0.538021822395032 
0.268964839075642 0.151344032832665 0.084767843841732 0.595888780472574 0.181708598585069 
0.566011105554955 0.659691231469641 0.390609016796680 0.828531170450310 0.053087139805534 
0.711138237329321 0.420359796701203 0.924709936235872 0.697955597679543 0.900020715224489 
0.824401036262429 0.566470152133828 0.803860808140624 0.844087282138514 0.031972639175358 
0.479729507361849 0.055259365425329 0.468737618089376 0.903204487045516 0.146337243396505 
0.820955176394574 0.453679594987328 0.016622887777075 0.843607281991902 0.635679519245617 
0.579024053839809 0.466786276821867 0.491729168705816 0.369173257619763 0.635471783322333 
0.648587173763314 0.089890030252395 0.990494579513555 0.718237837522700 0.071297690276414 
0.782783772594364 0.091949040445638 0.091433390917879 0.139738671325094 0.556623580434979 
0.199090132794496 0.075307676968309 0.075858528232104 0.431741526503874 0.754091055076094 
0.730597065991691 0.624012483863411 0.507448086566733 0.990474731234415 0.565453998880280 
0.585401173121390 0.737868851598005 0.775748087472810 0.129038694998022 0.924531840589774 
0.754274669120474 0.287769351076532 0.906330907052642 0.693375859738736 0.225002288195718 
0.018021052637964 0.116831458053113 0.442724467389362 0.335320415667770 0.272175204946323 
0.353466961601219 0.773769206598969 0.280450908395933 0.804238246347315 0.272471727039147 
0.995257243822309 0.805090873681945 0.805134439204475 0.916162946418008 0.492701424392727 
0.165171254393099 0.621029691236136 0.354420515831232 0.401040445321723 0.282013498762038 
0.644946698895115 0.180052669013938 0.162545361861326 0.539699495085078 0.128307825861101 
0.155120736487012 0.790932318930754 0.306224055516154 0.329304538020287 0.331003075301271 
0.160333887001458 0.518679599998150 0.669831614854492 0.201799291186703 0.973496646772633 
0.515364316838565 0.026029732508418 0.338805885302150 0.688085724619287 0.512518148745605 
0.019635622137507 0.254485541523675 0.081740182132513 0.559200657503713 0.995522128594056 
0.298954540330664 0.824488967409272 0.363790461076062 0.171720555012918 0.973968242752536 
0.359827871461995 0.065947381953470 0.882461062865429 0.083491894512731 0.794039934698351 
0.759258825968498 0.899328873878333 0.931409370310079 0.921815749284213 0.992849204594917 
0.935190739480925 0.978287833186014 0.025503871557914 0.248428813573240 0.230259201471193 
0.884394124770970 0.037505573209108 0.623688937092322 0.436926307524569 0.979209351495167 
0.030625652243008 0.226407909077497 0.666258699207988 0.847886129485807 0.208509186640285 
0.328513888498725 0.948217157272065 0.807545331604471 0.137091655162185 0.509765346324567 
0.409578767464964 0.125572678546283 0.442024313431028 0.124788631753250 0.877343327372212 
0.713727944665002 0.345631950235842 0.378364057554402 0.298839559237062 0.908442609928443 
0.396889197658228 0.601184047674182 0.812593737555967 0.605194690344122 0.460085428522935 
0.539206840807334 0.365346363099211 0.497315191121922 0.897953241168302 0.351882285221167 
0.260882788016228 0.256985894054808 0.188987502588548 0.167096287914338 0.976400894241416 
0.879647364291546 0.372722338315750 0.088959297952883 0.571813332334683 0.096275438548366 
0.633342852659256 0.621427038016583 0.511197122538359 0.401426065873257 0.838545307608474 
0.504433615842987 0.826310388900893 0.411548290699215 0.373770702576246 0.942112322538210 
0.764722966916155 0.480775052645283 0.313028873119377 0.862206585149971 0.986994212047761 
0.725567561100528 0.992683678839531 0.067090755785483 0.783611966757210 0.433700512991118 
0.523303065860087 0.246010416272371 0.214037172976815 0.515346148150885 0.013616387439619 
0.568987498343062 0.301715999990836 0.884437380400476 0.675355600397739 0.118278656609629 
0.186325785988594 0.095031394212153 0.837639249305052 0.257968328537964 0.895633521342646 
0.113383298750392 0.201159408865064 0.147178309255509 0.830391564730609 0.797601189588533 
0.588696612870720 0.196008701371157 0.096595723325538 0.395549212330365 0.445958846373746 
0.870914128090068 0.797466620628887 0.030594688786542 0.981777304153757 0.375582530636231 
0.903670890160501 0.651228981256544 0.827315732921843 0.897588187243374 0.551249947751100 
0.473068262458089 0.547431592375967 0.098295501239281 0.688769574721737 0.238835614755294 
0.458943738222647 0.276660496177733 0.405063590073526 0.729970068333748 0.048133856917616 
0.646147002530437 0.952033049478302 0.310475461349225 0.664135202943731 0.435587324028552 
0.100615630080500 0.633009412120194 0.564698121336764 0.428840465825958 0.156092348047257 
0.737955437683084 0.881265036706982 0.605715348791581 0.447067458110895 0.720665913085723 
0.880178023195815 0.622007022290582 0.406965567997781 0.276976141352233 0.683759297560780 
0.080371263500986 0.453524376504415 0.820494413910750 0.583618365050449 0.743361632487117 
0.895537186055532 0.568565831604755 0.241916881999544 0.030591945935846 0.620632682600260 
0.665762803553076 0.413141161351207 0.319445775745160 0.553125357545806 0.995215896876613 
0.035513188050077 0.522002904512251 0.180745695177714 0.894123431934696 0.552333524150511 
0.570737128582161 0.805293647232187 0.295279355793117 0.874995379146182 0.642862303471049 
0.649280720074047 0.124726443618298 0.027736360968890 0.296438055568246 0.661813869052317 
0.078008887002755 0.647106749738019 0.697809261410091 0.418919117828633 0.856810778036086 
0.944899951082832 0.804422145365339 0.392643871664885 0.145036886188187 0.906949557837580 
0.951428610571743 0.487051559394897 0.683294041213399 0.453957842320086 0.574883322941165 
0.654459517256023 0.500668946088939 0.024347414063640 0.312820051107511 0.423908022204484 
0.980017684392591 0.517314306959884 0.726062768271292 0.890717823486612 0.089343947679681 
0.631319468149743 0.489093872263347 0.477986205855884 0.864306082017537 0.976957999985562 
0.820798279120301 0.273924803691996 0.434912660849925 0.780078125937745 0.738514609611012 
0.228182295787298 0.721652484781609 0.666510874010905 0.882668747981705 0.484651917331148 
0.635254255297681 0.176301954213625 0.256300875161747 0.543003020520035 0.007260616157924 
0.496418921807390 0.381479696790575 0.748230455306899 0.415569109518606 0.127336329382505 
0.328672842293628 0.241105655267771 0.347432143664139 0.260235835975581 0.884450963142298 
0.569667717752625 0.245862621811695 0.624969175138609 0.016752116991543 0.351571777145207 
0.914777015593218 0.453982441705539 0.653526051381838 0.905945139290286 0.296170261598042 
0.590272758188355 0.055974377986428 0.133353451836370 0.676371761980338 0.252041000010800 
0.827266416246284 0.694160159952867 0.099623573301237 0.601804887389732 0.297692349686566 
0.860142668094750 0.826678956223130 0.762457323319363 0.068081979473947 0.834250026280255 
0.956451089532598 0.076139881764764 0.752308340788550 0.119307504760854 0.499482308499154 
0.982514398063078 0.292228184097556 0.252333480390238 0.369705652623511 0.546523694311813 
0.668806630469813 0.190348068704260 0.462685326936598 0.692024273602876 0.179556226337234 
0.924952588198989 0.682550644659840 0.156532326807383 0.383275062928783 0.071931512146474 
0.156473889652541 0.600172653285443 0.344968387748924 0.423180503259256 0.985420080673937 
0.849469577884717 0.284573793648633 0.253978767668562 0.279904494683308 0.897394438166824 
0.060959339088774 0.714784609384931 0.476186604845365 0.742193269359459 0.177721176632500 
0.821268622929829 0.818257480876589 0.168129008146554 0.341437843347832 0.785778104463462 
0.216498213976751 0.041713292917645 0.361723503196901 0.521381626056546 0.111708794806129 
0.783152953656722 0.117432674040594 0.929121246862336 0.793766605453006 0.597949771448074 
0.355215803452724 0.187893296616065 0.081069280316729 0.589759934171547 0.480246462027363 
0.720085875589290 0.117680120069853 0.632956223598764 0.873594644836377 0.954398677141142 
0.222952991763258 0.761975382105828 0.101928054546874 0.987867313479320 0.315315020161599 
0.608576205431714 0.406713076661099 0.921723011924959 0.577170986901897 0.942944379784060 
0.470858897817493 0.862052847230644 0.225674751643848 0.320068037696467 0.158413362790357 
0.807369618472085 0.923831206795041 0.194130037395427 0.918337892919094 0.056933481692845 
0.049974011777216 0.587800090014803 0.669116525935149 0.316347695981559 0.632780848829736 
0.257874938969642 0.718434304537644 0.534846868685901 0.874707977135063 0.996187633129642 
0.108944453245050 0.761167956366114 0.066721252366915 0.933757305346521 0.280782831931084 
0.586064261277146 0.940253371958327 0.248970313387611 0.501216670571204 0.983361189885942 
0.908613289088209 0.896446032007342 0.219709196129767 0.122469658257382 0.947804188295331 
0.727853016429763 0.203517010274200 0.540735692418933 0.206353622366821 0.933490608176152 
0.513242392569019 0.029235250866213 0.965919789493755 0.654515773380968 0.943518294595510 
0.305901579886566 0.586925228820459 0.735593680884747 0.485735984022314 0.584757107147553 
0.165636258725572 0.098551749107828 0.894490068357166 0.823155205966669 0.404594884120619 
0.121181619282210 0.395174728017561 0.985781349682598 0.097617780635779 0.716775405174353 
0.288012527721122 0.899726858427226 0.441812676125724 0.509853425750459 0.286694250509716 
0.134834767370110 0.854085025225701 0.256767573984722 0.655904882744291 0.945463192040942 
0.533255503879102 0.145599390950739 0.372483188610766 0.655133702276943 0.162973750312550 
0.642264459450522 0.036794357866445 0.309292071610144 0.228081349022148 0.689011002112365 
0.867476167639056 0.989218671421048 0.960669010679098 0.762342158885008 0.127755203261842 
0.337996395825242 0.188081725124985 0.689982995242537 0.864161755335290 0.335782382141997 
0.206646080050250 0.845549273425982 0.897255427963901 0.627692653133611 0.704622574902388 
0.216287375445999 0.200321406945567 0.269325745432820 0.183241406274519 0.521347283361466 
0.922364782738097 0.573690722920078 0.898884633611883 0.565241296991115 0.661137050718309 
0.676781971810523 0.783051436566504 0.136326184313971 0.574746260787635 0.231060130152970 
0.073384943944708 0.168427115125691 0.622354427830980 0.560889374647541 0.895586360563316 
0.410412707165959 0.732665641522653 0.486352370321547 0.204621145103569 0.780704705337987 
0.860326782757559 0.028822001800875 0.933217213747177 0.491339104484804 0.603570185605726 
0.111114201966883 0.460529733966645 0.914263851077567 0.578818853919273 0.328177038298445 
0.881543300591821 0.216915874921338 0.007630374321291 0.598607089608648 0.956615052854004 
0.232002211028205 0.448367772595301 0.007376561735123 0.762700268855592 0.268056772364687 
0.693055126086778 0.561842773985487 0.421604802052790 0.048957713865917 0.354751233966918 
0.710529722651317 0.052591333153767 0.453913497551264 0.139009394395443 0.384975173033904 
0.770398303710588 0.592925535272254 0.545374485256190 0.194708580723279 0.635330685647028 
0.540894492636014 0.266442945058303 0.929327878747440 0.559173010169036 0.980263696671182 
0.639436348405970 0.614101982894317 0.561651945411076 0.694364381609120 0.680731472485723 
0.738452603223726 0.729884813540514 0.682788520997411 0.604511011607861 0.626132407711302 
0.049003527606256 0.084043015345399 0.086485974418217 0.286764642610815 0.535184812549910 

jump ahead by 2^256 steps
1000 outputs of genrand64_int64()
 6999337429706946231 10733419834337582767  2223398408899258410   821806750155912123    80862376064207724 
 9709655565148725446 14990574718499061552  2946568234390241129  7114063588650688913 16502119092032157679 
  884497067933847275  2668938412563156790  1088799062426513947 11391524972136202890   950185656569572770 
 1130369301827920812   724706034568909423  4476401761896027023  7916386533699886546  7381604666852207387 
 5082116746291487221  3428930942366734114 14186808866450211934 11622624554874446586  2406728597711866760 
 3171556309162954457  7768703178156516963  3676302128475965216 14782172094937257017 13860800923202116340 
10091699619211548427 18378681462826769059 16860604631110628752 16238042355511390297 14093905307316330334 
18048755571316034434 11105582216971111942  9509215710014102960  4038870161282391577 14717264365577459898 
 4113252427576797559  7950996861134294363 12528816177619350391  8077445487766965486  1022334846591842494 
13707036427442211451 13529059102038701044  7545393784493519026   754421021267725751  5777795725782876184 
16169834244466935970 13346249459249981117  9894025196609468182 16123673461857619448 14596917373218833470 
10539864901069842054  1730293407002110100 17883074963373097928 11498847494043778194  3312888120628958110 
15762301325727626054  7878459282493821751  5877005242174801124 17250844431518413246 16705983615463214160 
 1775757775828471395 14483993190451998679 11932133443738558709  4297325434143654126  4526869363516995305 
 1580712290377184284  3498491560719917996  5069795914436621930 13403571157592691899  8334540157971757080 
 6962571320158451449 15102886427961089766 16777897861776203547 13812463861784647135  8857627462975423465 
10439849397889759903  2514355724331834968 17291581470773245962  8611842428960857495 16629534944184210824 
 8161867450323442558 14063228022455096605 14306056494833160896 17810539181804890735 18123836788038144563 
 3407377866798302773 18276805102301316787 15396571042878177310 17923913181804262400 15592936137589579858 
15670830940496044560  4757853640184197707  7617479520925655884  2791229126348046236  4436817423917422297 
 9293635147251593882  3261571667171309521 16079847620312825091  7769983862953739900  2992300936621444273 
14343120181287005590     5824800500316856 14774175476988652076 17410693788212760497 11601794102033283070 
13742309253190848461  3346931419351348991 11050246659564433694  1686991874255353270  1530413024512723971 
 6244286435701692699   627819293101209272 12403816368417101426  9258925833664034774  1729003135246989505 
14621769354567720997 17657084221264805104 14273395677954168405 15663632879684885395  9934461440895353501 
 8809755586622744161 17866731981709557183 16787784357401160900   984661258307601030 12604690840870258140 
 2549044621614959630 16597062933481353861  2534841761448863350  8582747146012598220 16535133386552510926 
 4229937178909210580  1435583683757427630 14052401359867904551  2021861975268237069 13739661496753038172 
11934569031920510998 14470745076481112912  7558249213938896015 10821974316883670890  7986117195645021786 
11785778699301638447  2744682827193458902  7630652424853607255  6235419010050464073 10510278519292508521 
 2427539614959433856 10766615537991394055  3590951823385560465 12116477861576206293  8266147655923423095 
 3313007946970286705 17727685828138521917  8034719124724070387  8525682149553793465 15586324762584136282 
16552755981783084941 17910706063537847763  1337392229887056347 10598759109318350597  6692207290203140221 
11811110459856217285  2981562643174794108 18442329368541044384  7690017079470769379 10302860604898568869 
 3426222514024789732  3885736812487170544 15641054425897535550  6522330096004954499  2221328114722479005 
 4380232110761396849 15808131212126980479  4330093734641975362 14549668679069023651 15949620630776611121 
 6100986547517597405 16402242444349372515 10644418718381664903  7297445789938087066 12137259125870417271 
 7734855111591745456 16575039507372859151 18248264076612734026  3174375665706629334 12975125583437523071 
 7402308743927509563 13258322240300762291  6093003191379541776  2976348328461854420 11364642580466725091 
 5337974502626876699 18163574517624611299 18174745872805709284 11826071873593172371 16068275350941862666 
14989050559080843122  3724609149465494712  7738505097459408597  9925823550519228894 17136083384608773305 
14097716927009780117 11816828128532256225   748388196741801271  9446218467843716260  8453759746822433927 
 1413183180326548923  1182988109248604567 11137945556109074900  2997308749487370734 13792846545955648402 
 2704626376906253725 16116652187787790960  2994797117125604068  2827293226047636025 12679866085807257073 
 7072684558296793625 10367202646182530299 10824331621786806803  4876693630223574509  9395446256640464319 
17178673145928152741 18413340643940496047  1437387681502148877 17393082257462697751  3200554272944658254 
13055871933993750837  5563276564365478041 16922406885188619144  3025941142304665157  1917770182268167058 
16695358109008694682   643529363398163069  1463552783328497888  8492021522289422572  5794363054358199384 
11435192774551869203 16209876534316428905 10689050026647850709 13984698024661365868  9008087067342372496 
11692750133594620505  2036251021913217651 10003118393344005814 11459807916385904122  7822503233941828480 
  533452440798840513  5010309768261431750  2448643599456294143 10377797423105737662  5985087403762799584 
 7542040217280321584 17725276274915771037  6750546562340908558 10399254934900984303 15086176880255949601 
16170558741104776144   445564861130785615  9406478024171839744  9332860329548650474  5990069746863638951 
 9282489610251742934  1928179699206578566 15170771658591321837  8559377072202790843 17114413051455249446 
 8972439489276595615 16627780672067538560  2587964368182055458 17528159503436162965 12942778824665971296 
  825257668130374905  1371141487039097217  7797523020222469639  6832762668648992677 17215811067155401535 
 5241897663487585767  6159634021982697885 15447260329847229193 15179724451660226127  1622314607996739344 
 5382483699101829079  5497891978570526079  5505742361971078860 11636582198120376061  8468628287499935697 
 8855169327198946269  5095556926193528625 15358946640915370998 10604424650174593152  6035646457166041261 
 5275528561972588466  3230732955196008528 10931449790336056325 17573251735021116082  3015015005574210307 
18424906391632615894 16576517525479823183  1213391602281013181  5009991035214119042  5481838066594646805 
 6358094330722655508  3669836562237295165 14767225898592351100 11864526904700228488  9725200479511428859 
 4808070271058396031  3025570379928668039  5561624553994304458 10261306763686150698 14695433077989415980 
12019296887387725599 16223016882966601579 17996408433764616008 10499094083488573233   793634014084245572 
14959520587663027331  3641348614567339477 13819140841944774183 14155104653447950642  2826573711676325210 
 7540758502210255036   135659807252485198 13665664343169844196  3779640825675060977  3184981844791981939 
11856518117437650861 15207923594833341274  7072419664552739302  7969483131042326376 13653648458082727641 
 9241318610700194210 11639445924198878917 10975474627296880895  4001161306652567860 18307285337779295205 
 3837940610731801660  2690110962667525659 14876047866476144883  1875388858882701603  8225605724257718761 
16620734248056087375  9558204295608039999 14189601088497260523 16747905602004471502  7259320407033066714 
16429732289665659771  5383022400163949596  2543012200846249901   849902550381619064 17110442753392208747 
 6411124732301737209 10249306942285368681   363330063237254104  5940091144966932753  1379090545366573482 
 3050803957361278995 18318762143215772258 15457480623748523515 11497613227536000941 15364069703930030562 
 6926718986367080359  4485413797998679006 16999350510595688644 16758545184316366325  1225200110057903252 
 7496243412390447779 10753179357757651339  1904218819778698645  6961475747851676823 10210359868225107529 
 8882334963014448089 17742223409887536526 10719116235225979542 10900838892141437161    12927294899742913 
 2759214886964317310  4526874447310184805 15696016426954632682   323717262746332143  7296666831913943598 
15615125539341376172  2958917190719552379 17645230541652978027   727024379365234040  6246888593369504488 
 4435981336732554914  3653556977652903843 13322033292910768568 10755662483037197970 12525979743294590861 
12663503735386423180 10884577223934317288 16780120941809162915 10943265587255608638 10052406338314779055 
 1597118316200234691 17249160702443496987 17326178837868621304  7298529058468951715  3547538276713222954 
 7086967766861392357  6781684521154964482 15945398309909531859 13362048002677883431  7895153968972998415 
 6536323413241930652 14094992525708596341  3890496905913974471 13382542151871985657  7479703670347265365 
13744180844744941391  3955214539763706399  8078148096557733503  3511817369968373860 13841186305510309929 
15159914416472128718  4568902601684573944 13097393962090896783  7098787959886311530  9846567248595523027 
 2206265904294926805 16509871690853251263  4582951868892321131 14870017355444611520 17305845432308592661 
 9445346541710909595  8861655685352948426  1611765868429103960  6308860883371776064  8157340446339239441 
 9943574950529590378  2147372612516431987 17110425309237080709 11587584190087213924 18098572809465192714 
13268922170901993851  4644368424197475269 11597404992431888980   408524587498430691 17089282181640111229 
16524015817197705420  5207122524602184770  5443517918202118012  2400603902445449034  7467855729035256861 
 3736987339033064518 17594929738828171948 17450884012317978326   373171865191113022  2920161767939253368 
   14572684647390563  4612223300000121844 11068014358874947003  9639791140739597023  4329321810428482672 
11651388369923589712 10072982805968927291 14045819916602676398 11035718743469114524 18031463953211136048 
11296201049194595972 16246778521089840383 15454549354418389674  5162743055890727444  4452354037130740851 
 4042243109551543950   880081648875404491 16653114605689417129  7824099718790966940  8581960434800526710 
13281770563180394992  7996414967130214091 13560935537752451872  2154958206644393646 14388668139898988182 
  584983993315544870 15452338842657863578  8480856903147223526 17694967823480480376  9281372656125474396 
15629885853849442814 16656425725463538656  6960828153492782354  5527630372116835227 15273438846377895579 
 2904694914529728035   222828828293661632  1996819913226372872 12797155171425270953  1482020129261609188 
13230951198849649734 12201973996260368274    84086150960218201  1028899910128805110  8276000067473124614 
 1984518311041692024 11779038370410849983 14356251066592921755  4459197719350900123  3766749509830442877 
 2556337195232912085   568076066167347535 11541256790242612378 12171972875470425477  9014424237703744825 
 3663115060698617771 11775967590712803963 13216842570735965282  2042326429563182257  4319219569161354738 
 4678268673659995193  7991727979198785034  5847466366794707301  8067655630823275537  1933283285737696609 
 2691872878617318813 16526341381105513671  4151414142262915163  2424119991364602703  4555408969932881061 
15142328176867334295   901330619552397426  7381138530058276203  7530063724650771863 12763129955809593729 
15211899008401219710 17158195650453831330  2889112885110238395 18089760721882544659 17859917102098892008 
 6161553762372544169  2684266901548746671 15031817815826217046 16281114697508911922  7220549322848208416 
 4793832597482530256 13181356538026774990 15927947335461275147  5860365931140248170 12515002337367171697 
 8615768533864963083 15438173800236474203 16178571436612006790  1261607563637750639 11485190517133628835 
14036839149496114037  4094744498569584828 16547031501510936390 17359909054239124781 14828101035763231374 
 7192274073808090507  4577730036479663780 17919948024179877224  5709113774919988791  3172862932731600932 
18023563206608051609  6523975362249421484 12577580740896692478 10150040191871712434  4843097186788570657 
 2610966349507932856  6921418185609166649 14928459614654023344 16919032388774219276  5842000786912584051 
 2132759910194668474  2715838404042541759  2113914119678686002   635378621736740834  8254207841236433882 
 7131826391596378646 13429941084861626468 13408911366843649831  7582519550918084336  5342212889055527265 
  953683283726588004  4587791561622121561  3416064626389642015  1820968803559356677  1238468974898309205 
 9171127397796786368 17631708093264478403  7807624380561646685  5981819107483755206  6040347453215850845 
   17806304854774489 10255034808703943081  8915621943262940646 14365471967256910025 15994764870684692953 
 2927661630676612328 15800131848353062591 12284701419836027038  8472210211691709113 11404389724853715374 
 1793836005864447170 11799987707092453847 15195965327299877838  8050880251542523425 16152961451336585647 
16577634039395700768 17534505953280875060 15130042014701219210  8911962445676805580 15645001956738662999 
15216379998992152673 18247766963238217481  1314681834853340815 14316393005275676627  2972070852538603854 
16968468287386547956 15487400924081104873 15955394140429759011 10021159897939517621 15551115505732791406 
 8689635480561618107 11294899810145451258  8832466525500170193 15403980358864848503 13248274937450722215 
15856669660208678483 14259119962832821520   361635650017766336 10069504372392717170  4580781617300122158 
15760657818500053844 14605662257035142728 12232562302626458298  1229302214142008942 13184546592530948564 
 3030609358010874891   465674512370859611 11959353386739443014 13881302406688600649 14297202358676924510 
 7254345265233691449 18110520417121809953  2044543359387557351 12141996186301866568  6000595309062544456 
 7062207923806527183  4802911070862490622 18140683664899264154  6501652460562596042  7899007338938834170 
 9439485047059089522 14577466735038131639 16880385843847329739  6295683245275946013  3733390911787531974 
12373889415048551317  9309238328490675258  3914090263924575063  1210343199132313368 10002187752681967250 
 3344576259179284013  8569670886466169181 13278355338638976226  3485803424349691620 18020954673246524277 
 8524552935483196554  5192119656258189155  2518327412785310947 11902636243623006436  3587193019359701496 
16172268935781434536 10476004149934978947 18150979255675490861 11127473252716206369 14543854645713014954 
11289011236448372746 10906260062047600663  6663626044759710685 18025324463185276056 14292681998957019648 
14094772266952648872  7316334643208090710 14794106774196934552  5072812747735126520 16514419378464080853 
 9072951669926453397 12401669587304659092 16834073361519100781 10703325828765279371  2203880248663292146 
 7629399784541456474 10852836281971092415  5164808036021685137  8582525230854844997  4970706120371856304 
13962224153084918707  1929277654721644286  3938269334201898712  9047628266383368174  3315269688596377808 
15935651436513935675  3682686124385358636 13199257699043713436 13581537347302383579 13301636269186282332 
 5356021128579562716 16249200946550767964 13114342963500769716  6640954890427298497  4187528393076863558 
12650941966434887311 14998933048344021195  7438253932399183245 12833345601684842614  5945078216986998207 
12293367856824241252 11931280899878997038  7146000975429393022 10267756960015347957  1633209821307360596 
 6306096195723269063  5598989085002199141  3820174914769238371  6550509410214692464  3835327553900731457 
13794925918049053353  8483526252177771947 14610283254574315645 16576822763230072969 16950910288798990068 
12875751822793282853  1015313473133844254 17323942122341912555  6622962804067497171 10729548954471915706 
 5696979898633799396  5017465949285534925  7149628219635171431 11117549191463163313 15907016502991245310 
13032583841168268157  8013316258806069249   531710319729365927  9574687393731902327  8930656645465936944 
12316154801598416396 12988424059312339585 16339684932080206649 15283000169172730388  7106326154515664639 
 9930119119922456640  2935243648885517817 13490386762753129652  7841949274880794590  8986091307868146005 
 6661911200671047564   614795466195624753 16210198450218327585  8546334768534742128  8565549775380000858 
  216823151850321339  5505182346427618956 17888791045676723572  5469627405195204929 14335107258248553857 
13067687159586358723 10903074161817802305  4859146203041665543   749939916223370716 13562774014660835616 
10699630855569964583  9161397075448151936  8550449118808138071 12812925831643246315  3792050012415759879 
 9461507079072900791  8059146194697808780 14438925667427499442 16101690928065575054  5343384771338548185 
 1039707564684474232  3452240132320802279 10882043807067891298  5150467792827862718 15760460330059247451 
13574284963147284307 16552342791335847389  2344865777865900794 17489006188261066522 14502648069951189925 
 3034255136664242443 10303701661343005038 11012699892312401255 12860516831490209359 12267846063875270439 
 4624244124965024138  9062827557337357279 12426978519861361985 13729224747610488138 15271516867036798930 
13474622004847561485  8485683068728329869 17242815601510886933  2783176768126726327   243054252450604120 
18420755350537613150 15147548665726446026  2855492800723429573   266039525563957415 18305450890835416925 
 7427191461918974861 17348926339374940370  7972318492539939884  9746286598159012013 13988477243777236346 
12705261598558671433  1490563429955224665 12122568348477417203  3665117140047755679 14718782216798278239 
15583126154046956257  4920002072844074687  2584456235519759954 12348170068516224330 11454020650801262189 
10874240581331857879 13630900242586441953 12962394213940346750  8792826185096687659  2400693922345341514 
17613149671692488699 10905084578325452601  2261121501510605675  9769726778557786310   713697397808548371 
 1009066399899684600  8905676180640498288 13847352929483922870  5467333891474891529 14444088526779610991 
  926132715620898358 10493979463375937110  4438828314623545859  2798210907856183689 15219421789158519179 
14459959001940720194 17686601131715511890 11499060500452965727  9089637463537085482  3649977897550683282 
 2109197255772275034 16275350068672456353 16054298492969985489  2339637968241436411  5127490320312653824 
 9539243568689562027 12357198142675949958  3202439072873809857  7866529495428212310 12896225035090556864 
 9933145937459867163 18333113542996486546  7293667123006119705 11480473172912068822 13094573099619904609 
13534923358395772272  6069939805295638972  9532230245461106331   129762928890600171 10215952531766947020 
 3067591717437207179 16903462899943101067  6240159927727562753 11784929849281522943 17567985302704408186 
 1954831733721089341  3270180334498554481 12951977379482958099 13651275134469579330 12447036104535262432 
 8435481375533697947  3052585228582374513  8962375548351426324 11399064114677786775 11372775727535549777 
10267102413077139959   514764147310137798  4510812360618494227 11531012031059367234  4053460755186150984 
12279494249166936303  7313637344079081478 14284739424639737420  1898356786548046239  9352924085960704431 
 3994048365592992139 13515033306703010101 12614190887352083125  1592919007804155123 18333841649906046546 
  873575293952582315 16112841912033171970  9789188164677813633 16222370671678141467 17217899721497323072 
 2072890119683567970 16208235805992907747 15829637196874852600  5030708760560046713 17565913356799587735 
 5844833995809844276  9970780703353924995   850702539350341816 18310268162681095009  5435361662557970990 
 4540974368496892618 10485462930130465471    39427628722223918  8911619836347698013 18021707151214769989 
 2436827182008758032   954008578087855772 14169758843460245633  9473376609179117480 12845536129769804827 
 2767648902290037140 10926747610292494411  3273960980522188190 17856403607288544025  9198620620677473501 
10074986745334106782 13495586574446144709  3945055644524072531 11307922594184495319  7814941337105211494 
  732316723758828653  7965003965011412126 13538931035035879966 11420516784038815020  8002964404669946329 
 2857505383046412149  2866666022621679615  5472874012476049966  1031805640617866287  2435898288722154737 
 4130353938165558735  3281776004784476543  9540188709837873344  6990255803054710345  9991330046257435254 
13030896398872896440 15315852804677322921 15991833068729106140 12745251467563477616 11147621662399702317 
 4784775421559709484  5708002905075364152 12880972336731230388  6930132789850041980  4961111893806402978 
10917689216449617813  7145371614194682514  1154662786519725409  5836638617983486826 12832591055158717178 
16314112994678663981 13729243725387358903  5237451709497441845  6554910767619462485  4011399776579152152 
17112072023344749650  1036644174957839748 11684638805823337901 11070089167083658912  7566159184587845284 
12901292801665204405 10886624390134733641   461805454108255889  7965697644703503569 11676740074881787579 
15023046647543221512 17066200520745601492  2626436035838583546  9615259775299997254  5041784458654763956 
 1541595406801411208  8778343334095858785  9753587380626912438 17360103794490753195  1978332464666634198 
15299449505602611338  5298927615583256203   536530928836765131 15191354169964532467  6308412294667904345 
 8323206500577327377 17113976497989914648  6364835851760582525  7956606184445867672  5714031122405790529 
