1000 outputs of genrand64_int64()
10861756523816890815  4102928582100309052  2476006686188187472 14233821708778507152 11101478326033594241 
  984115664278983131   248415187522024226  8817535581557109825 11066911188444871550  6827116584861077176 
 7978923341560592387  5933397458174496125 10216093113281057244  6577753803937250103  1647998024732011434 
 3931614548483066275 16599256449824576565  2020380883770308922 13088667104112686412   900324824351812439 
 2060251845703382418  2402410658629001163 17375854687207993148 13893842769648254358 11574601016597830741 
15351495671440880653 15745958855531406377 17409876379500649887 15570255090177722864  3813943869504218430 
 7910104030690949601 17880749297355216913 15364897482186398583 16826638682722356785  3297109367691714776 
12060725063165318753  4526608271567075393  1370949748837383461   338447056922479459  9562919592542892161 
 5200116481826514480  7337235754300800434  9229879111515814675  7782660339583079865  5504203225973989495 
 5665492396876166472 15591062827989897455 14714439705014196567  3103614669617842515  9270873386240850083 
  771409656173446259 12198682989996206196  7568750054662909669  6809532921271325587  5586072712269452960 
16619166364760712836 13568616054626001196  9183468232124711625 17538110422536076781  3462061626557790493 
14114383400550514110  7195085932767175410  1052343931076343395 10646603887739239845 12938370296318039362 
 3517048786669462820 13381133340778280870  3295939236784885003  4000999860378026874  6582077303198975356 
 5115787653526471225  6418003966257593129  5552435212728598624  9906803527925773507 12982593558300535244 
 6934812719467791747  4960423568068392163  2275772952283583261 13288862853500489663  8539552491920156930 
16377699261071286207  6893043726463730634  9873314646033871219 15407481148731823736 13904359469437789663 
 1212773440684179213  3970002924807835959 15026436468810034421  9338952738110718532 10430630356279494680 
 2046531322354680263  5538400608965811139  1451816509536511300 11051922626922193551  4251793295168196211 
14479105088631706524  4362567234313043818 15872672943064505028 14548912168539096795  9210105477589510064 
17789960994328510549 18441520188700761244  5864378842396671198  7072816547420914642  1144276007817910397 
 2500749825934297483  2187418942109743514   621802925519863306  9719938157651140104   256544642632370031 
13843627664605424248 13563631271640534170  4468021075867719461  3377158566905425007 11359358012076492614 
 1950164869184100332  2943654060971990493  7202000734498613384 10669431650688475215  8633939335649886383 
18113808845922069415  8593862371132684734  4357126385726532578  5031982173836349503  6411409944370284202 
 4617965134292787226  1181961920578756052 14490289405977963435 11415325607739332771  5826640837380181842 
13071800280994849679   707096840118192761 18281359240752602102 13068324598805094942 11411820565375493578 
17897906311104311405   814248631835644410 10601145985078242161  5004522037389169164  2963462910576598057 
13695174229230912488 16806423304041061033  9145503266000703856 17540728106181586532  1212816748795472144 
 2264875281754307442   505372910801982349  5499520244650636422  1257772417612579651  5772127459490003612 
11764291017749146992  9395840704430551839  4193725937470167894  3080198614380518692 17392406313300803967 
 9322341680602498216 10841344447818630306  7559832450301121163 14008634991028932511 12470178672945476763 
 6350567437536858143 10605007875393723856 13575723160626147395  3653279551091255001 11738334652536945540 
13557452141871608123  3205731173983394717  5930227984727632117 12405169102184297653  4505964604017880062 
 8939959328382757943   493845328336026144 12930219378820559080 14645264529993885794  9375825545298748627 
15633886640324035902 17393471190310912177  3662675851818088838  3901239425224121947 13075787365571540386 
10069283478763442215  8005472437661530747 13987777536447030898 15016322553880152331 16041136023696964223 
14575369209174760997  5301888469977164663  2255076870875239033  5563099625666538846 12254349936150118773 
13178187164961982028  3329549336852176603 13513514119359076653 18264150660731183841 10783665439884113368 
 8790093635637507235 16634449100594520840  2405549058312601745 15592891211812709227  2806322057286674184 
 2093074550222881642  5297749357814618399  6935739365967620859  5593737974834666000  1129290111405279726 
18122431692389149806 11734491955371502517  1632810320589441430  8836441709871593859  5303436618218161755 
13322038361791430576  1087793893760913978  2951451046926940171 15832625886721335822 14325863498345038019 
16295137412940369070 18341383349703752456 13052103875778888788 11710745038383346793 12692543372140857497 
 5461132913016887815  4225686061502481600  3613195657754276609  7788013141590584685   911858825381241755 
 8424211931558388314  1656088866609945583 14092368112338657440  7303321388917078583  4516010306577309891 
 2870016249526635325  6179882007336930329 10738536306689006739 13900195157833390908 13002140035432848860 
11360575965410030704 16494768594124939951 11415909209788347121  1283177102068518704  8768575587901491547 
 5999868006053170289  4858689240665302463  4449423784309167543  1772088422511455832   541857623278650692 
  757773410128786379  2508548128493654960  3996178702111854776 11313336438110703319 10268255408806320521 
 1686779249191343032 11085463287713196308  4653110036857491380 10613760864917893554  6417025728540408277 
12007164788066160692  7610294563791553268 14197039781363060030 15999068271011146161 17272872931540115112 
 3239985577678500860  7622550003613297932 14155397090244893707   129332037384220918 10207935550847904509 
 7614722804171404309 14903243256560606858 13123475632816387956 16585343036708071140  5162109135690590812 
 9314638839735340748  3744597969259050540  4362152093143546263  7655851009581746278  3899010712391202296 
16789682707059209951  2649294369670293537  3943211214553569030  3864448174756829372  8523809440287856718 
18047597973923661988  8291281617671080292  5239862885373701683   718771352125400384 16198775726924502589 
 3946748633733779442  3749469790221764383 14449643640637855887  8485017895244171982  5418948194853436081 
  483985028338455256  2383736013238728939  7178485621705353125  3349863006722843052  5350601687111574949 
12390834041356584881  2905470783308876046 15212539127920522332 13135295892924938744 10640755301506503235 
10931140985585526639  4873211158762080720  7175253610590536790  9471754970982086442  9213351822116614712 
 5406241907857126242 15783821806844511376 15334432619228093942  2144275001994813457  4603569292969241453 
 7676393367610989592  9683178486674275714 12913341208220507374  7632665862619743679  5793173320398308537 
 3344257152167333552  7035943307145739186 10650180803790888966  8039309749675310884   594866229768292439 
 3509268330150059778  4866520973959539583 11056367740538833313  2675455766451016966 13893482375170105228 
13832506289024891600 15166366312306979133 11304562573609553842 16698777740536400943 15462920397922330878 
18226633781369004769  2401037309196306330  6509778564487467371  4883564752561965656     8143245515464850 
 3020595027559357034  4289988066347369209  1371966338127324921  8141415816679328216 11899461461332339119 
17064536882709483102 15619173269572224855  3835826316204500223  9448074338199761473 10470996049448603666 
15788796860387277114 12721736224121996842   717662364704356397 17558641417815292494 15874574538718385835 
16546762272279167303  1398786236888567801  1483987523335579938  7946092136988727474 10850636843586094196 
 1710260133186574289  7660176194355113218  4278807984836378403 17227656530000335261 10464812535096602971 
14590876543330547599  8531019766035707106 10215383019400410980 17469512259562213391 12946114068665517632 
14902499863832110143 15767697486917315843  5278836666109578085  8981303644815238836  5427138451046017183 
 8528054777900794253 11155545504534083949  1363179315757524446  6291060180268375145  6128698562549299876 
 4418617687653701776 14221269086608188221  2839177413580451954 12911716312385269283 13842880732665404033 
 2198684493740739477  6123619422082693957 11235602166210098706  5286698609455742344 15094981330322940362 
18296242412453857091 11016802185517895327  5479098550807538690 13901769560013495098 15292274889015414230 
 6615645558237354593 16168918467546292181  5350561701918568529 17154932679164453504 16285064905140703843 
14605161834977656952  1419393297927027399 17477706267857086382 15862306170936863070  1869512985071072964 
14722931302249196384  4455915831204560082  8537769657192723613  8737514836495846203  2376450923436948192 
16809582678612557470  4625008958576703845 16930523822668447066  5308179820999523019 15898491428530098561 
16932174904333364943 12518652025485505009  3911243006509971303 17739646606658787861 16919330254574130557 
 3920289986786872379  4390269880139693505 13443903481991511687  3120702797037979136 17410977781546266679 
17686199795460220368  9924910815091409946  4454549910067212115  7866203999677205165 15261861218601361929 
 6180228241617465232  5375476753894711145 17083573480750837298 18280129029539036886  1519800450833725030 
 8239131606961687878  5088381649192254224 16484312173734353310 15862019642883755164  8737619055945128191 
 1833292734548877891   441086446673085423   827855857537965137 11174000336722779792  9908934169863849530 
 2689614942222847728 16931922329829316266 11657240828601952484  7456418285547368312  2369343078425547117 
 2021693656219307824  8246475162394290735  2516406180527994628  1723895133566290757  1198709942759369214 
16584031321012799723 10410370367429310828 16545175311562335867   878686563181820394  1280215688485064230 
 2214439370000790231 16857220898824036511 13654431718450338000  9091208210765940900  4897330263551099438 
 3104711614718470960 13679787463760828471 11285907409114482500  4613415727788551018 14325537320270423326 
 9187260702470984037  2086641723024605504 18036937202868055176  9718060565594752181 13540241149131404647 
 7347130999295011605  7580989238476912745 10970579182858493744  5623718642232596309  5178352409953991514 
 6214062381536972062  8891413022101023795 10621149921937078497  5379460063188662987  2647966393470606794 
10223027950912875270  7327223806736618816  8882198333293863431  5701811404764585032 18057845417009182263 
 3104752527792023470  8095086783164347840 11644150265054246809 13980603963438680368  8905615246366677488 
13273965940363046254  8901908893581330353 11688127296527346985 11200652883863028074  2868574354544637688 
 4981513648880363234 14194419384103057317  4869447603887743351  9916480622719844600 11711735730254192423 
13494502286845520196  5406839976750837556 12986285744348795492 11909938337180655191  7067948019609599668 
17979513293303493559 17980918580110535545 13634387644211534081 15298767568310690707 11169765159447022001 
 1053968972455233220 18395770453003257577  3460800940847190462  7181831989129655563  4208555113981194920 
16165760582344690686  7706858021224177907 17652187925698106537  6899949795099174746  7400872089759541412 
 3450123042451324215  8084155048878345244  3794742868689967617 18282271456255773599 12875766153544681838 
 3093377978090129717  2255500396469111197 16352065398185738122  3014038756429850094 14145676784314903562 
17705161496184051523 17745943390169789170 12608153773749436969 13593980033914821565  6137994074851137576 
11469098250174436860 11953958872861444184  8435403710192801146 16740802933020305324  3543659694240884920 
17587257202812691851 13117970777088879941   232886212679600091 16954884058587334861  2774897928872542877 
12505992684479706782 12019573473188717073 16149611450594310954 17564092656923546813 17480810654882020836 
 2512872312786329954  6459877244830857105 11381124790759710110   997421737828981834  4203162109484676791 
 6241580610649439008 11751911444118782898  9213204255592870151 15806565351194446126  5113201823421518995 
17142226279406494570  9446537659725761932  5165667759119161447  8834783445520909427  8039012630427782734 
17665360865157144837 15305091670987995546  8125808537196307942   561362500574084623 10934879529238226525 
  614842051594577550 13016842570717005388 17224908236328884510 18292055834201277193  8845378569133918728 
12551569982413968348  1140802369471497398 13485472981100917683 14457148626237674684  3079055038819246122 
11172833200729484302 14356813617245664434  5006946212028369558 15992409055281349452  7195308178646826821 
10822562507307147815 10134951734359032821  2426970770357264687  7114127748277333727 16527665078856435848 
 4204382435857871088  1273700475825186638  5204422916818415594  1957050758793234944 17197001258567805053 
15477667087891400859 11829292603798342430  2333569573758764289  3104544845249289747 12820657493940536275 
16471052150863894645  6306491921618330168 13374672350874431001  8069449527317211779  7387110736255093835 
 9577536382863904106 11384201597683140605  5952428641660169219   991109380141350621 15123492017946972120 
 8381423438881299167  5453867226391024625 12315612978560282445  7549255020327272742 11114503322987816192 
11545828115503499999 17888629762314547214 14461056604335788719  6992351097625116037  9451476101237145508 
 2331786062677698207  2869724990939560591 15328923729047030639  4484634357763788022 18371947775585885891 
14931481312036603325 10479081002948084033  5036312613355581666  2715994788568958269  1549739250463569185 
 6860096688720259190  8653034830078619526 15440230275759697425   610275120733554818  4449444344701299735 
17713678883969284306  8445917697447312490 17103710673080385024 16466294790896688610  5402106917882552410 
12185376437180644492 14517988370965885653 15226974285393323204  1197958208850368509 13237942505257073267 
12582666243169037529   153554108245533706   646641723897411751 12423420439673695952  8001578440487334141 
11645384799928117412  8269130239845498727 16362702245565513341  7698463294432387045  5613315435930510328 
16580220035049977873 15033772482919281815 15071807849657226227  4049965273882436391  5766462377817489793 
16993046413869505302  8445202151881626534  5801442073467792546 17506616737678652598  1279433416214881342 
15014585481037896393  1613254734520191432  9597841282300074612  1965864176117899126  3461050790808387515 
15978212894108642611 18143455084615569591  8457667862115183612  5195599163023068654 10808099538779643290 
13075230670663010211  4989499160286030081 18103550950426756916 11158024953298630353  3516216759518506069 
16851701167590879213 16358779006642071823 17986723143152755780  8031324206710907988 16600838585009109962 
  278106727883168570  7878808611242039428   852780081468349436 15264000206337164736  2473640648355870504 
18397947913208676927 13597711482377005207 17106392854513619735  3864569935638785076  1336671678956902876 
 9770308728386740620    24277084256839112  8028429102086685251 12546335349459022173 13024645263148420537 
 6390235967159264676  4064208497698446143 14543867969725539240  5422640939508521383 16895485416793500733 
 2002404695323455738  4094131470066839958  7744550287032688959 12621977287059196387  9827392462940584175 
10570574877934410948  6861860769272405440 16600870337077252551 10434448892334316317  2471872064661355210 
10823380413875356963 18123052851652775644 13298788596880681546 18411368166505497697  1114002245802859693 
15571008655968772279 15373726636537764296  9280177454242407802  1019562144003117652  5527483440156931086 
17669551814593491529 13843043524840926191   578685989653392941   630656731244552403  1296281949720435629 
12981403631355628811 13157935597794524032  3056667294835995350 16045068562929120362  5617965055911467561 
13168139221045487713 13367815594254527252  9956983987614575854 17225411335184758817  7157105362552885975 
 8506668760655474465 11948642453229663892 14807747725774151270  7493473126600660250 15590333180698412986 
 4642884301785148110 16643151411763192676  8790052534262100789  4487046198256471472 10127364294546538310 
12549260837421130539  6159805986530114076  3818927165633566041 13263178999900079540 10506360515877376221 
11687121070699322246 16066664138053942370  1716156793672924888  1529629269284644384 14545452504137308987 
11029095962901969324  9794668034371733339  5195867147774463194  7797542867601351839  6814808406619337860 
17445938443702688911 17565943425133607268  8455975904276294795 11095947858204716403 12073397596695736210 
15324336933926254296 11122698936998501196 14899200763863438012  9522685198062293041 15912400058079360939 
10670955471936910960  1826937691691285308 11596209127129144695 13324306094017992978  4335962817845941714 
14409650294842811847 16122488587944742147 17459830171695611864 14609419626821947303  8960170200532053977 
11134799388673153404  6553259902790592386  3397391879298283923  1091175758273692860 15441575135319203228 
 6236951401672528887 14654663021484653141 13298450581541691540  4419903889690223470  7561169772155327460 
14623189965329305183 15243587537723815112  1356990988658875204 16644310220825126357 15581884601961586461 
 6823544415829945055  9187087014951098155  8754673843879792335  4067508903330500662 11460434600327056325 
13602134137926277954  1636901515317772033 16580411968097715273  8971313199886812947  4472348415753890794 
15276344467828726160 17334573634938972379 15376142458582372604  8085613595387080186   633899115010005941 
18102832016840476390 13516615147717139745   180100670588266092 12462555510985049897 16875630503835255009 
14469604023824076766  7842989709419835577 15164416384195975848 13483058717610565099  6677921739462937197 
12651916083502033647  6843078823354235639 10277532625631860354 15949069958381887846   762542523350387513 
  800294087551706738   123090671717965384  7393817247466666087 17178542115575217709 17313382594412486700 
16440898521677327405 18008878587724227240  8294877400650058411 13805121006858843793  8535143133577134446 
18281797880698379562   536742186294720804  5993667400796396586  8755808129949268731  4600579623610150310 
 3143979071218023620 16092473982556505826 12635743020113747730  5943532681187361959 17834051300095093252 
11012052749671171512  5146157678733938411  1355814901971064231  9715897330735124018 15175135206908112668 
 6687069573825904097  4555098714267920888 10701306098342803875  6480433888272043338 10955672560884439410 
  131210552912030915   896700855426290509  2649938175864331094 13606961389660844481 11776198021281374518 
17034198324743745956  6945477445139335136 15529470791736031954    18101271322969890  8842221133109727038 
 4155922950925256245 11508957525398754672 14093750553910611845  9733464779432740345   613419355560094448 
 3073614540155154938  9986833355082795830 17596663046028839512  9493579703807051455 11185285461913924711 
11688711550607476071   215393490987268265 10876957422020086594 17940542436230736573   929859324140474442 
 8083760364526486165  8989692076045458198  5054436850436825058  1011479031178916814  8561728238699574995 
 8168053873590112641  6295921934139734632  6496752153027985339   675819718347409350   133632059273561853 
12419603947225987505  1130642098709726586  9427839033096322483  3420220212921805629  7223810171925929350 
 6577226637318316380 17186167806259432199 16118151422537161046 14493025080763719428 17452516271267619923 
 1167365610401627945 11641910587211279131 17987868985994292634 14475559337091923225 12198202396364881845 
 1175243779682879276  2478661140881167751 18438368169554465999  1526957907501129765 17364300824214790680 
 5797409136861038126  1276629277433433219  4962418803649093305 10102787874184754263  1594345798628140320 
15379266602542945668  4996156838046069530  4021468119083384972 10572440073094228693 17497552129786118307 
18101148397663370898 11351057231292387530 12684174343744114631 14071060572375221949 18315182119601003292 
12309334011863870764 15322251544513308150  1272704170690989686  4918992127268779963  1056763241272480105 
10070159599638547559 10582342094575291316 15218839604777177050  6757477170983507481  3484294573493299874 
16205235902688220668  9619367581268435044  9228977544223274172 15944376201350475510 16984637752985993236 
 4171157200780441972 16656008183469196191 11048689296902267905  5023010539927965953  4617978463343702547 
17173938426095137317  6335477644080473898 12995503103539516560  8939622343158280503  4023434894481525459 
 9875051552442133835  9458807445513944025  2929798316316617099  3759267462631166947  1141074211885448944 
17586452655502341532   115800239858490014 14399658997872758558 15639342697842377022   347317793745121537 
 3696869976601056357 12443526062881309696   200371321628032836  3932485807191510360  8715927949118582001 
 5118380486338683209   525806985577664787  4389626064135109644 12685996692529750580  4273268845463411704 
11100227899378411572 10581164410416763474 12305621188191426589  8785954529140534596  1645579474573864134 
16059022023806441401  3352131715260400874   955861875325912682 17772048090978790938  3270623848060509270 
 5650967531702873702  4606757560785831929  6002804463380827576 11759918120943168428  8213503865604588343 
11902375931729278687 16106234858241843446 14025345556490005713  6147772809855396188  1723109025764056838 
 8952458431714872182  5401086184473391557   831027677856102515  3021451989178767029  5947119743687930279 

1000 outputs of genrand64_res53()
0.763238317505663 0.456436628359461 0.298959630129402 0.380150605394670 0.188550128274211 
0.964635935106099 0.772250974717113 0.988069033298324 0.123008719875337 0.396474617758655 
0.527405467249772 0.630060165968283 0.518027826249447 0.278360831471885 0.726006104160075 
0.808105874619258 0.928762388355094 0.474884491454794 0.510271211972613 0.327232839147368 
0.706755372938041 0.081087661070041 0.638568824994102 0.896155342446988 0.356826786695108 
0.287333386534038 0.015099703501740 0.432407117413375 0.282043741777154 0.595127360814285 
0.041570722838657 0.875783102452497 0.550504034991979 0.898107987040056 0.722624501012257 
0.888252774745879 0.418564488593313 0.582309501026614 0.517894920907864 0.587878784297797 
0.930239168685272 0.934047905096376 0.561566092177101 0.610583475561514 0.792229744597759 
0.998252469312475 0.270006488892916 0.914310080227428 0.599182544657028 0.254812972481200 
0.949808303084150 0.147114924925712 0.738426179271996 0.223490613289564 0.897820330062494 
0.670452251630809 0.096450675840370 0.880662092112509 0.010756101009280 0.726507528870180 
0.097525581679812 0.878740787723030 0.933262737936740 0.556530213224606 0.781058589614412 
0.682534747070805 0.004346921881916 0.707432905190972 0.601998940841509 0.652776266162654 
0.913758524821149 0.814500893036911 0.059526140129540 0.719667672590134 0.098316920481324 
0.126610276870684 0.467109158661339 0.769484445423566 0.011580807035727 0.031098884490479 
0.045809620666468 0.906948645426756 0.443536063573393 0.243153456073102 0.101154387203770 
0.240271323842869 0.591193162002290 0.383453347155293 0.861366169613138 0.567292154062935 
0.065354819353438 0.580290999220856 0.320726049036706 0.159757573986425 0.516280085926537 
0.626177564709050 0.341091794123059 0.995722858079819 0.911098097918542 0.312249162567125 
0.742536596040914 0.090048807933313 0.496615549766934 0.517293811122980 0.272172144261737 
0.772432131302992 0.188488664423512 0.307057438787165 0.693575583668531 0.770245429905938 
0.198398699981600 0.205773864677095 0.818229536570764 0.895841935965413 0.951175896718292 
0.964673718327024 0.162569385494289 0.628560154818101 0.815688552954074 0.695765745892028 
0.213472134857895 0.649320984908180 0.890312152420996 0.881100384729500 0.625211432390791 
0.038451698789363 0.582090288341193 0.315379099104044 0.652030144038867 0.834293046129972 
0.576042977594127 0.122300697902170 0.344834606505807 0.924567760831688 0.106812433643407 
0.391735353803015 0.005005434528324 0.778131064057571 0.207504077626577 0.735115453474528 
0.773422100240617 0.848805793742252 0.175020901632595 0.000937196102324 0.115164565336598 
0.413279413614370 0.461408264051485 0.935201420474572 0.725360162146039 0.199982666698693 
0.733458807621930 0.786988255191238 0.364370464900939 0.210223093391495 0.130390383586429 
0.700166969944006 0.974018993708843 0.036555691973144 0.385444439426342 0.847504587077872 
0.682751746032047 0.427871200528395 0.616248321205074 0.521658331655846 0.123679027822007 
0.341589132285896 0.813972171257601 0.761114005631238 0.234863416246523 0.721893435082955 
0.722150657560517 0.310849704872306 0.506405599691884 0.171295153023386 0.703574625414128 
0.528144150379871 0.780032572970967 0.930517153697676 0.153381705835908 0.105559042895279 
0.768456208964180 0.749819992508575 0.508252197671679 0.437400020242460 0.971492196149717 
0.192032749753983 0.808710000940429 0.142234807522595 0.926914295747526 0.373176891178318 
0.156731011695630 0.921137117157454 0.144982260254674 0.139418709262976 0.930414021963138 
0.442470214526870 0.230348423772430 0.958426902356230 0.623634317401135 0.288284283377369 
0.318521986380091 0.599233279438590 0.426979485463896 0.512227427838072 0.842111945635664 
0.812128911329848 0.170073767508784 0.279872020022251 0.289503083674277 0.373099332559294 
0.458428963442137 0.571125729576399 0.594371447348444 0.420929119998415 0.166527384607441 
0.441765811612322 0.958950557161581 0.052361810018331 0.806786936013195 0.887882753340757 
0.365104106039873 0.509302365333835 0.067046148094575 0.842409950110919 0.491421192213994 
0.117783982391378 0.092653282935664 0.838929430175477 0.375336201572836 0.897663406638338 
0.717367155978967 0.484197740851049 0.261213591548843 0.591033177025941 0.461351268452138 
0.984374985409841 0.440490384726744 0.019325080450470 0.931608274936425 0.995369438842198 
0.438033168710665 0.532024937152858 0.815509764498526 0.900950348696862 0.059034969254481 
0.250311501053447 0.858927885616622 0.138906123529884 0.639701659248702 0.715719963188495 
0.293852573877237 0.711071289105919 0.039413997496665 0.333122049390080 0.380091827961086 
0.673025899513684 0.678096755201613 0.425406855143128 0.145138337743572 0.580109015138071 
0.750556532609876 0.727403721787144 0.521860894564541 0.726941528975313 0.981209543246663 
0.436949538311561 0.693230258534430 0.909468274556573 0.020043191803190 0.043925314689749 
0.580157602558534 0.591450955854633 0.154932386028458 0.838006285952044 0.929724155238373 
0.599603361088879 0.386170425135065 0.636381905802255 0.374938993483022 0.369860234490351 
0.806393615558489 0.278327179842161 0.516551198746344 0.000515498071507 0.207494054677658 
0.417823446713075 0.091856887205715 0.279879523326445 0.327190612595718 0.446232382122087 
0.408596625850684 0.092444975414590 0.820321158345810 0.350613802976680 0.954876207020572 
0.846017625224333 0.869248710830548 0.410025714243541 0.853519128585132 0.259673336965099 
0.360344765635373 0.417366756835034 0.544516291595883 0.493547901733197 0.129793222949423 
0.282535734974618 0.259335142674540 0.744082241436385 0.740750503231911 0.567151912618600 
0.690924987473208 0.926946964585987 0.660938107351602 0.240488610097608 0.788899090498160 
0.130924282806459 0.511634374962599 0.872460648402173 0.984602088151332 0.488601429257680 
0.388232306280395 0.453633800871561 0.214435070129965 0.341159834228893 0.498467977804227 
0.564661177862065 0.354952485153261 0.776382451646313 0.124836177246944 0.214411380602222 
0.531686355226194 0.787503340000881 0.016677482767328 0.435610161830770 0.878419245108317 
0.398858532009167 0.127293767222744 0.520817157603326 0.056877651576406 0.329809326681013 
0.862896918741635 0.604969159528746 0.048181483997092 0.361700403124580 0.875769855885259 
0.979761228290346 0.719582565881593 0.042504889135503 0.215254577269439 0.419888285164496 
0.604277270055108 0.835666501531845 0.690043711657463 0.547400588495501 0.990856326278707 
0.350053673721607 0.471981624923263 0.767882542866581 0.426541196967415 0.206856094333695 
0.904034695380181 0.505064922885297 0.084052040714485 0.626723210044432 0.451573296215615 
0.397542302600611 0.705405007477929 0.257019255815204 0.989592263416088 0.760591379572360 
0.064409047126003 0.310208432286045 0.179855939434666 0.961632944897381 0.230911823954928 
0.004680507291888 0.642224850785327 0.237121961427108 0.107990969507700 0.897846188322494 
0.126893963506804 0.441093379101921 0.106423846920106 0.045711346429640 0.235996419656778 
0.819651272916626 0.205557881358118 0.350940203466458 0.142977620812087 0.333209751188104 
0.531095837058135 0.422579542615611 0.633907571978065 0.941850060336949 0.294526799529167 
0.052728995348852 0.252977656385626 0.249179787104276 0.500839399360867 0.370377323189350 
0.061151764188115 0.575604976550692 0.483408195855790 0.840910020892663 0.285233539997711 
0.284901488289121 0.924348696390372 0.310853450204478 0.827886791620682 0.274706479131875 
0.421012276127064 0.528935325227276 0.112246933229988 0.326249578474890 0.304426370096593 
0.384556841669578 0.710535521840528 0.935168098069059 0.168790407255313 0.773900793259311 
0.474946063286953 0.961981808746460 0.626446467204180 0.351729332949853 0.008236602040424 
0.568627853378627 0.297026911607988 0.238912469473855 0.566564588570038 0.612886780275235 
0.221090691363858 0.207507461029410 0.287245653962786 0.099492574855091 0.500670414346239 
0.634254976077914 0.602268748505234 0.564313142715420 0.303288156165861 0.499326674811599 
0.462636477141766 0.584278325715254 0.653696077768288 0.477585931397789 0.498408581685929 
0.631181436627575 0.307933925896453 0.496776040814395 0.582129077661671 0.313834351048605 
0.635584967416635 0.814458089369939 0.698607495616349 0.592129343507902 0.534418168552006 
0.913865759995016 0.724670656399579 0.387311299079368 0.003714507536052 0.747088404730920 
0.590784843311659 0.551067851332318 0.145544826690108 0.476677160819707 0.693178805631845 
0.152212611827298 0.881136490759870 0.321307358310521 0.264851737782086 0.176611158743714 
0.543894059423393 0.677109767922991 0.047190155203010 0.256706270889856 0.715687763379487 
0.848520310810949 0.515432044355975 0.391847735074859 0.414707820638519 0.032029310887508 
0.770484340638870 0.595506739037344 0.488034604527751 0.558423786967597 0.400822146356673 
0.084290359154483 0.626953536146106 0.911671025990239 0.057453937259089 0.913075222991935 
0.351383195280001 0.636738015498146 0.601471640749996 0.909158071539796 0.490565087818891 
0.881902510543713 0.759804200013780 0.416749478975711 0.721900201516356 0.511394130788658 
0.955885704883420 0.037081681723137 0.536579101957314 0.959966287879180 0.594790512872091 
0.228406804777705 0.205733718359128 0.025263241019365 0.927910083336331 0.944106208535686 
0.980000172914348 0.153168453316584 0.720810852629918 0.263404200416799 0.894960162017621 
0.533760658765142 0.156309029918493 0.428641111689135 0.658824310000081 0.031414075207715 
0.506165662915830 0.498687966547730 0.088131890200026 0.140154488535905 0.900340904564111 
0.089536308952581 0.293172508273013 0.412009504451398 0.452882496048617 0.439362335403325 
0.097494451634407 0.024905840780534 0.199633660995137 0.717467240186582 0.350890240378415 
0.794513994504619 0.083710940387466 0.225339431493422 0.149693614258101 0.242518133856857 
0.598720370352978 0.930376468428983 0.772306140962127 0.900346526946172 0.422972859002342 
0.697036078269457 0.812058153102111 0.543543926075016 0.321384164189217 0.858866841040508 
0.138290495569777 0.157364729487874 0.789016159764466 0.199407941778617 0.990713606014432 
0.187138960250413 0.425756043855779 0.184666366032093 0.316411998291226 0.583718438835991 
0.545949921639796 0.983581358070534 0.869041772524697 0.360984451277683 0.375832718075349 
0.581938073717930 0.724245532688055 0.968956165004825 0.829815993797853 0.935770797914244 
0.179541813088106 0.158783793354397 0.304892270990502 0.068102096912663 0.310544441676492 
0.361875545347772 0.471258753248625 0.778317274776934 0.388928926133854 0.011786321338392 
0.568736711981027 0.015675272771476 0.394877930874058 0.688175193818154 0.952736718060077 
0.256033661357310 0.433578288688427 0.859398697889223 0.585378868024257 0.171474858873066 
0.153760762431953 0.140304692751089 0.683269456380599 0.114291245885983 0.275771359896868 
0.787457289092276 0.288654241764292 0.541509555481005 0.016991862138330 0.472021151001866 
0.244230602212658 0.123642994386663 0.402572094946349 0.429641799752917 0.468238170948813 
0.223187682492190 0.860913163549258 0.805529825436626 0.813486517972383 0.377110517297157 
0.739552691391254 0.155133965562162 0.636519654642556 0.287866170109941 0.152120828369133 
0.779001602856712 0.801530310097135 0.537374183820827 0.061077320514711 0.440550305669331 
0.694800460162051 0.777894188813834 0.583368179133227 0.416261685174845 0.645632709147261 
0.916942784952850 0.532905966468164 0.486268196097417 0.440806297911125 0.264547371429894 
0.506839519295280 0.522737759185836 0.599633367926126 0.076222321831199 0.711732110669943 
0.531857893744513 0.234786267774034 0.862576384281551 0.012122790604654 0.201238705088300 
0.349670603631080 0.032121923372513 0.422832437117089 0.885020654618909 0.128552252448879 
0.992784583141634 0.471003038525660 0.349354376591981 0.765393507557470 0.748766054310615 
0.521603875530218 0.291369755209293 0.350661542613721 0.773126814230572 0.434614618064875 
0.094298920690661 0.702801423824494 0.441616317904667 0.694300829698267 0.355653491947998 
0.665388318830128 0.269432456124211 0.534510223666869 0.438550059365954 0.392329539734465 
0.449301310367302 0.615546386277249 0.916207264361422 0.810297855898630 0.662654485664171 
0.002786988757507 0.045951707210143 0.388230189995995 0.972001834079945 0.290784605612653 
0.474768079651406 0.625514468429519 0.928533405975789 0.882845100683374 0.078655037044372 
0.669034244609945 0.724518815985012 0.508170030562549 0.783181316656002 0.706829576048079 
0.944281548396235 0.255538650064887 0.647375549457341 0.882336186100338 0.556989377253490 
0.786589790510416 0.166340838370106 0.023282358027812 0.473057822201228 0.383036940250820 
0.456457679155012 0.280620698072805 0.009759627996148 0.920725589992199 0.185572274459525 
0.418520248694805 0.389227467110339 0.504082172385853 0.463581681463930 0.133304967784655 
0.700976053175937 0.710798834868435 0.238263600929584 0.977237769086250 0.259664773479184 
0.571261457167323 0.105015148142800 0.035700358165712 0.418442155750339 0.665442966258760 
0.965438131296930 0.358580363039658 0.745237788823423 0.341785901644510 0.330910246599119 
0.832923284650100 0.991080409435865 0.596267424403760 0.652920249761848 0.047103361447995 
0.377175443974099 0.873824831887626 0.475080375177053 0.533709276949223 0.717577748589092 
0.458414462040225 0.667074024541323 0.231877972190708 0.411498474127063 0.696161951471992 
0.570238841874923 0.494601359251651 0.170456035919459 0.024719863393558 0.234053633691303 
0.612182449168430 0.545224352507376 0.146879100376640 0.987636180401964 0.043959781427348 
0.293577764973082 0.814201593769688 0.373766603966679 0.024666224710527 0.792912898881687 
0.689659958823816 0.792878232461765 0.643621200841302 0.751319999562336 0.886889941903896 
0.005036149013314 0.688527824611231 0.345784292054928 0.717728027723139 0.119317537165218 
0.790413680443136 0.689950525229119 0.713418782225808 0.161450837840518 0.807003886089181 
0.964574024437096 0.546321243972264 0.407914688034816 0.835432609785137 0.553425199410634 
0.209400469849403 0.485239251288067 0.015359051369765 0.096556156765600 0.674749445898821 
0.159163626552051 0.109091474644921 0.894002494096574 0.434205468150805 0.657250668326948 
0.235317157703598 0.323807137694818 0.613594572540986 0.486980574157267 0.418494300820549 
0.277000488385467 0.555298831107204 0.585223147819835 0.886985030862632 0.537639183453044 
0.488567123706240 0.414278865049652 0.489855105431704 0.252338927709931 0.351241764172594 
0.395764809074801 0.218771732533441 0.242729166345415 0.279096845169909 0.815021659703859 
0.770773645029251 0.456559746813130 0.547422443158487 0.908078149554743 0.567561445771156 
0.469135709858166 0.516010559529386 0.163583646965024 0.042483534906367 0.064475987672155 
0.694351796100680 0.758609044898231 0.691464962369334 0.614110826969451 0.982839730199312 
0.654893695889400 0.255283314272521 0.325612231570097 0.516167411872678 0.770093698510693 
0.740425440465802 0.631683983516265 0.950499733439481 0.985893407939047 0.888987177524371 
0.661869302244124 0.918301457853407 0.814959456071093 0.984884218078190 0.651597929675678 
0.453510220785663 0.035751706610519 0.367617309864883 0.348975190301611 0.582767847096434 
0.474145220972150 0.658379461176166 0.322593898321763 0.022899540786791 0.965573937163391 
0.928652979669079 0.504281581672102 0.874136313633531 0.842829482935466 0.383987204654339 
0.073587899103806 0.321973085609207 0.836816315734057 0.481612166834150 0.765235540848847 
0.356472266005418 0.897227246187161 0.764586161130431 0.202188566097682 0.560146175927009 
0.646792667686283 0.805806237382042 0.825451566777928 0.907595257393257 0.915871920322274 
0.401193991761225 0.615476527191247 0.918338572845923 0.869305468834126 0.498186068951112 
0.201702875073354 0.459852816632573 0.862925891493493 0.484894632092518 0.849104959260984 
0.583358071877483 0.128998370559897 0.640730626861343 0.302099817924537 0.976072969852703 
0.586615989830612 0.190042527092253 0.225839990581032 0.107966688340472 0.119559521874688 
0.938275308246568 0.864242323274956 0.490806700522368 0.030355037044696 0.414483537352550 
0.312051831376757 0.378562099529508 0.468483558288964 0.762952505894667 0.213503027912551 
0.242246278362670 0.954018150621278 0.055966923999499 0.428099173703982 0.411328945953184 
0.109751320308279 0.870579009011662 0.775370510704131 0.941141306588419 0.079444365504373 
0.216097434789216 0.126273953241266 0.604213999395977 0.781843623120737 0.628893056023202 
0.052998638837555 0.173547264636205 0.131511428184154 0.081549143283354 0.358510965441182 
0.718903088456603 0.161553960225714 0.411641711599783 0.997184543523329 0.592168451200503 
0.780155289842909 0.080623591533491 0.749047019789097 0.786530247507856 0.694359166897065 
0.003672565249929 0.437086725796212 0.979910672539728 0.080200900210771 0.826702324480896 
0.127792000085096 0.104174877585265 0.656932953561975 0.745019193010869 0.860669207636887 
0.606917244097208 0.632746135448593 0.344659764273645 0.202701695226757 0.558262440516065 
0.712819641449564 0.953042818917640 0.078820023449268 0.566324335533423 0.401319988458715 
0.871072891465342 0.902358326695352 0.213126262640787 0.180236583373992 0.841474736252015 
0.116268210716979 0.665536710690562 0.058117555826796 0.143689776486661 0.934461519477738 
0.767981486844273 0.755693150247824 0.822026586042689 0.607587627205129 0.789782837994603 
0.564562066567750 0.140689318428044 0.958253212508731 0.036313319610904 0.570617123069778 
0.388196159665324 0.095890289602127 0.002574659437819 0.792613950861490 0.041075765982715 
0.126170265479966 0.346738200123864 0.495206789517079 0.524085788603711 0.303498468873921 
0.517891950630242 0.357522568908724 0.484155425155020 0.663160823762257 0.363618217131968 
0.299357421247463 0.392509593662331 0.495833743605351 0.780034104965723 0.834521868600043 
0.571515618438662 0.254900643812723 0.905481452767633 0.418652892037860 0.918420117586559 
0.619965902129420 0.856959373673023 0.564304487282740 0.364898414715771 0.725872155281525 
0.273475460604131 0.676381296873422 0.906939865019385 0.010140459355501 0.613118991195724 
0.189023611740553 0.897496108143772 0.665856314464179 0.060639909222374 0.480484482888022 

jump ahead by 2^256 steps
1000 outputs of genrand64_int64()
 8669833405102760449 11846860748304687340   849961849267871549 11388584546511377594  9156892702591426913 
16122637636229377075  6583130252034076261  5649735827608802880  4153881611561355762  7927598417193159521 
11216981879711055688 15220495475832409530  5197177912985932177 16449439162931234309  7944056856238857201 
16995115250058647427  6204299650495523741 16018598872083817782 11793690355778386300  9607944133581683313 
18340221771864434527  8937523306900470936  1453345608424328314  3533957490499075136 13554268454003200656 
 1547069498808006999 16647006882469922523   393527696066558589  2489367759266923643 11320537997298728647 
16960493803844773878  7138688699730941805 11046178167795996322 13408914824629021856   412290074314685475 
16432178951792520816  5551380520753945555 13708847676382377390  1294752738437928045 16061664439609102941 
17331709811269286708 16838879304213037378 18225288058529858980 18161955201062936897  9074370513602056153 
 4765726978349860781  9537379337172854816  9295574092828953537   654580776356467799  1644274375988469967 
18085921902068662438  7202443439821153192  2287594838521598110  1783614643080496900  3646811342598216120 
 6501837362549631445  5518659605546208133 10560350929898469544  2605429565500136867 15750521934455589478 
  669972268468862630  4055471741117925572 12338701023811553277 12453513827478131486  2728450834756994162 
12805507518092718949  3503894712604831221  6114637629766000371 13308930669628004607  6173084236241703675 
10004595674644922611  9686082210075902318  9642614848293806719  4092768525992847148 12538910640759800456 
 3491953606277748838  9857267303551981580  3990547190955841602  3481825916997099568  9552660069889980756 
 9619514555506750984 15565200912004136875 10124668215082716797  5241951150493945743  3016987416798110533 
 3803897002086507704 14950696572863148981 13638322667142562869 13002414529053532156   703588979538075648 
 8688759756367400265  7236311553854310220  6902218536687821620   248387158375923727  4768967882523233751 
 8487779540315531426  5246642700415857184  6926894511423065700  9786827104102998131  2311727235789150667 
    5493500954398739 13476000883033342793  6877357564840472883 14886039324034255352 10685779669840430437 
 9229782330378608687 17215711004926226753  4822137220712913986 15312634936474098297  7941780496279269212 
15625682203309775844  2401266573010692401 16879782586450499061 12250451437621308029 10445007627427130261 
 5839188015867788276  4208765019492309751  9831292108070599306  7415836080846360590  2595786609031753831 
 9091339389486452590 14432737343984406618 10909896982705699314  5388534080403765406 14630113064771243797 
 5039610305154847852 13780498703275673941   805488316400960670  3982901329044277854  3899961362415593325 
 9122341810583341847    55360582728523619 17864692485650995862 15304132090348029753  8060254555504863277 
 1201508200773261994 11643577199781504132  1274272875900176720  1073789269427763821  2341036693066851957 
18190336986884230900 13633574236999773083 14159957400710738247 13973595217849389979  5286367684838012785 
 8552157239720171716 16314156183448856343  8397876926457449034  6316598677399744500 10420293957764584819 
 4238739684150900232 13763131859630990577  3682628230207927019  1358118347732161013  9895530138436483939 
 2353754982693976186  8947586312554637182  4389680665186865371  8444761137899279032  5430008375705564835 
13362155182010482690 13939305442395064759 14670979183618000382    42945952872421819  2413662877706229741 
17928752760393431638 18114329782400845099  2703001226687039616 11495189933576759256  3748128299855391611 
16245327770528150818  2512292970164364539 17330358469634283480  1483953164241516573  2352189863415762593 
 1836835122671835585  4756800075643860601  8761197208268984457 13821479659616187113 17815227526943322933 
10798320183294440586  7718710185566939157 10445471820720856237 14814143368568292578 15905887353349446027 
 4295111108321538656  7636631350710698830  7231499338568381227  2500729994622935421  3176869368179965385 
10699020906741472571 11653891004227339531 11339874841201709114  2257097471213450604  9784108035883436954 
 5701559369931252225 17151218679246007946 11967628072847650212  6761592304927006300  4016695347554197513 
 9089797704983029666 14802898299955454855 17337096334019621451  8833682051597536355 14057622368738781031 
11354048100707659678 12532592285518929821  4051765535143787748  8357518728523192688  2768578837318983681 
15574502747259018677   370747268237551058   992089620733134515  8131168000323262519 12384100269578225745 
 9577030552415383264  4311986537981430672 16487981724098888777  4717753043590458103 15117143454593194307 
12396206050494162300  4270082630418501644 11593016011615395334 13229164678091212216  4716371835747207863 
 9683894001800014703  4586872102767085083  6780622068941193778 13904971976043375568   782601402883784331 
17353577857399367491 11025892024486595947   878664551162784638 10825398702624647794 14333943905924004625 
  570290857665315451 15739679265334110616  6718463476670492949 10225863139629807583 17276837499314417382 
 2730753880203896693  9325935744814435007 13901093578917373539   741857610908083001  8208581760431430042 
 1647207132218720014 14062725870049406882  7688454739946847479  6922189000500950413  7580409770255128438 
 4828263341844179545 18322212909768288700   109327263446875544 12954747901817196673 10082603287840674274 
 6011878069961790705 15097173694739033588 13233766050569552450  8295973523021073430 16725081533987795870 
 7075037801284365015 13892608216276235277  6302499465441983692 11612413406563632057 11583227604039261295 
16236493567276069870  6715639408804529482  5206447725768349357  1156241389266734475  5017469285587763033 
15753800437916174996 13573938381074772363 14062326528993264061 12409848625423343052 11398614336818408011 
17573627021765297992  5647418943005789449 11428518929496032697  4185681426334682069  3659082766675817261 
 5990054569112110661  7007317218822290286 11545082460578674617 16702241421266585106 17423946797213385615 
16040528797856702727  9494589008213047164 12873843941773124565 17129679059122354449 10887391623537271915 
18117359245515675085  1936861582312907158 15283595827958953776  9844871883763081424  4268182470418708506 
 3339198203653340641 12816678701243495106 13643858048824534174  9127640268745793565  3694995161907251547 
 1082587866132347138 16737254423369578003  4680263773248078635 14778784043824327033  6798355202417134854 
 2693635529317956814  7346680470748659034  4165771968333270205 13431801611626711673  5945895119180282997 
14753838681015410036 11785871806688984943  8241745829729930884  1226211650256295071 17827452717499764988 
  328129678578443187  1280113640163723091  7334159890835037207 10428886072913307242   827652992694007462 
10331458624149719878 12902076390576694727  2702832759995815028 11192491962342166944 14363003479267574240 
11756028836995997595  3259092219660144951  8211671771056039947 13402029306772807315  8977908775759116024 
 1159019163436620592  1444494440314187721 18216256073958485092 13522852311485353872 10190857758324348355 
11167449280859988408 16654030380728554603 10367771878296076539 15806774624769872247 16181297724646297994 
13246008054872625247  2073656412719338992 13759102609596024522 12818986959374578185  4922341298744946429 
12199882234088796199   711563955920837350 16915201215379574054 12469913781017712641  5298527684242760185 
 8445352713362088835 15663377807382136074  5135858855508802580 11256770417924681491 14297859476788781300 
 3667511746993930021 15532207903307848562 15087742449230084628 13753380837844902142 10053485667947027388 
 2691138717315605746 18201002689554866891  7073405472127438049 17555375291356220904 17308734175449614216 
11452059545700185812 11425782840067001607 16562411128007262265   415038880607347879  2356057218925771680 
13048977930738158947  6034788751249837882 17071425823387689428  1000954548281177503  2351295457457074017 
 4570324347170287599  6815193107768794879 10411542389366929338  9936690768876030641  6990388298199875136 
13174186319467865074 12601200967077495139  7030617619698803779  8388471938326525833 13179338157801953289 
 1715509268121767839 17317812491993347778  9394432509611468295  7667217211157204388 16020486292967217662 
15271865669344256466 17678300584962712690  5905269819241176151 14132862384455604785   947816573862850448 
 4258966888647518967 12757556768631485900  9367937529957031609  4470206159035331981  3506691467970436373 
10054378027181345885  3829003788414697654 15573124859755248115  8373189891843687605 12098458588666671351 
14891744047315499210  1093908061796231495  7507216304735670458 13195336599484460804  8703719991339099132 
 3009570475929378595  4548298153144857087 15043487723413238009 10416786043282778906  2373842556210351019 
  726807711671861098 15964786239218020794  9667046940544013220  1929989518267935488  3096935226963647683 
17752112939171854577  5448695891287661923 16876077481523664981 16009896065955094144  5097496667179474980 
14757185049487117327  3357195504358613442 10124459013437560036 12079134463747642027  4236326553564300172 
17839670837228811402  9197870793631741625  5520223213263720048  4770395234175786776 11300106638051788819 
17629121938103225091 13837337504378342963  5565060473440123917  1002851666402226263 16317191370248935322 
 6438810037221852996 12142661655156890486 13312853940313790435 13217902387785490950  8610934049435229772 
10953132325573671397 13671583340767095041  3663260070598425901 12524916537144687592  9294425149930988642 
15863120987605809397  1123078404538918437   232900561850407767  6068456112491043152  2838284633144276164 
 7123984123194998225  3632725544372694194 13115875777536609327  5493094619211686018 18212968164697033408 
 3951811662928256402  8118704114833721279  6791946576873185030 13289014856285612694  6621757460726078370 
12506982446186328243 15978107723301131104   695836638695194481 17409602806762870377  6781485647065829896 
15683036873061790555 17831866378458243472  7462454135560557385  2786784450365211082  1650292756593817486 
 1365305078784101684  8755365834057348364  9744888481367285299  4445192994228429100 17439864045510836235 
 7907727731729575343 15486639215825766914 18247634706155256212  9289876228179677427  3014136801547143402 
 2597101177313426277 14688071037923461536 16080941989900479993 14008130061883907694  9435590767769800950 
13129534399485225030 13810003787415083563 10041215690516595643  4693703281717804929 14907297774760365406 
16745099315320668248  7128787511576707852  3263556554202762939  6281327226847481019  9859845096255360874 
 4700148441881017198 13741798500577097061 11146028898956347016   256576337125614802  9389364854357769710 
10761910692950210076 16802294251907524720 17203884865421498963  6175572578786012509  2829061621642997023 
 2083883131837191960 15471567080449231882 17351730928682008821 13138248831208349457 13440191697786827488 
16474403738089905834   540341534687551507 11174931624899286102  1072330818797714694 14115236692605131370 
 5990846565099567646 13425888819068498954 15564490828361599244  5196556703220826519  3272890970520665582 
  663470362621119276  5635760672044952099 17814057151786634856  3568623214740369292  8610693456820433624 
16487658177344765686 13140924584640617649  6841197648384566628 10755977973672538331  9036263723144723781 
10598530317470051891   360817839571073902   731378759421710723 10554545738246841641  1180428926861331528 
 7425995994531192304 10140323885275367398 11332330508744085319  6094640401041063412 13233844262679389860 
 5356837771863430012  8237585470802798594  5766099263616109745  8298457632796273177  5015045251940026872 
16167973936724732381  5625103744529295834 15910360783335052078  9461444528314359452  7407579084664181882 
11283768740775005594 15437199090310527727 14469431987396875990  7265973691423650750 18292597732217932109 
 8026719036244641424 10389535120461075052  7596407693526362996 16559130129010751559  8465658645339173823 
 2175006857770034848 13795143983519625943   280763025120494936   708687605356236899  4697806403776680488 
 7743771098756588173 17421381455920252725 12560649251095313673 13826667227354536150   960962341723098473 
16372447060855944869   437177292643374588  1098015957888027564 17888042449024276072  7581337615857240320 
 5935088227232602622  3924895466253996767  7188106176660960856  8498795159358589006  2296783627476066355 
  105437373498830341 15078991677837039963  4126187560517845571 17229418912072709321 15847831433316268575 
 5552681084592638870  9546552712862187655  6968499596125049525  8928503930323108089  8265024980217154038 
14694206372482883054 11633303126011084697  5275216534576850875   699841898348798972 12858363130397141385 
  928302725886628920 11302822339018737474  5991326327009182284 15706595520899345574  5260992156698601594 
 2229628065132597970 13444872273200088133 15863900115235915061  5000275602655214629 18002898853482487337 
  470740208199330391  3984071192968698533 18090209320253064378  7883729921699654886  4225491853138867498 
11528070495850603513   605491282837908201 13400419455317763709 14443508359865463635 17429405648400332339 
 9098997153522706899 14647895503440558047 14270907694251912217  9975533697248187975  2559852320029161987 
12113967690481041745 14333819551176310763  9586925673043937799  2850531150787548116  6658078244021654002 
 4618507220406880546  9347254990526489551 16007046954685260060 17583128132934865571  8671058740719322380 
11529572170575428434 16207755826079610452  2799329376878348167   670067272303855418 17010713570469380174 
14101146994256786598  1069844293642386743 16275105360031955060  2662515682901250127  6955474849914045904 
 3539749010019245363 14762953279243991000 13607306962485641414  4619709980291614638  8272082940669798757 
 9157250120481576952  4226189621887013678  1558978140640776427  7144826616394118671 12660498560672960680 
  334947251892751844 13824315010697353601  2940327251377091957 12971663965015456505  9643795774644976676 
 6341566912853181343 11146162224672750608  7059375469573798250  7956068987565338544 15547384944429457636 
 1002192701453476413 11054570123715166837 18246248363436924309 10619940582832455269  5917872703277677330 
 9670034431808134157 14582002009819239746 11310626913457483752  5333507699438229839 12341955413241012355 
12724824336338594906  9068635610816063245  8079667806819109465 12770728001914990926 12930054141233699039 
15006485496714223054  4957170149210755449  3477919822492609539  3076829753021828754   138094933041780652 
 6526280840081905271  4471014837285622905 17839747959879188979  1195375303063857759  2848199916880430292 
10903756417743131967 10629293325590560774 14442485260092588881 12126181460852846968  3371346076485188893 
10962733705028544707   942713627713411966  5949971838565532388 17668664867127124951  7841299524792585777 
 1585505959310896888  6392133242304929258 14075779655814690474   663963292450207755  3970204027556611621 
16353629709760812372 13762625318558931381 15904912813621596111 16937374026516590584 14120468618323511645 
 1098369117863706402 13071092723398714351 13292792430952331415  9864410631377450944 11834390641876744817 
16183242356883340832  7196602053716155165  2007480828708877253 15396769118402776189 12497963460414812772 
 6727245050287297674 17926302326657984829  8447907320689261240 18267329674995565694 11831624134471624008 
14056295225852951018  4475112433730288934 17293644593982122206 14086961922727154273 13227067841994190674 
11879206562445643728 12891576490983747240  1897456797108562686 11075844358589180695  7909105536388606162 
12266352941448934492  7739960908482954553   268609691532656541 18387718006355019740  3703824747615776339 
14684203166866167737  8517883973012752937 10166049195257435365  5819718048314588453 14876315913988237463 
 6337071280248575031 15706231343838996279  2121408128605920129 13151890340762633618   943972929949554123 
15006718008039260742 14440978709919746311  6412243927860808404 17049388965720181756  6923170263487205043 
 6178566703943376865 12062626079410267338 10494829337380448628 15259314452331662326 15280893630233325803 
 7324941981711962526 17326641636815807930 14037966516940222263  3132977199567837705  3985547985314059838 
 7552745574919079079  2070652820138665937  8443973743584228594 12635782478280001144 13166145112142167151 
14742529179168402300  1046424189933043097 11950616117976400824  5558254903910264705   636404876485467883 
   23684369673966370  5911270064552284005 14109262816460939357   108534756200970739  4714769496197798036 
 9754257460602452798 18288245422480064197 15852663469453977196 17639263990452088950 16702114226726324126 
16784320074645506318  6049086921956191735  3361955049215706509  6509770810839345789 17969293242456718513 
 1096521021589172316 18051847111276379969   992949518035186939  3045473560223138731  9641962515506137051 
 1783191103792222985  7879933648118365979  4855929771846374115 16149352998660982270 10965151447954944574 
16147726571172829814  5730320034839739158 13707579175633322198 18112074191474901612 15080828832479047810 
 9797782951087088703 12292657647972947420  1581023886386129356  8590139500993200445  4219463799800074777 
17612117983765506703  8975149109851826411  4652688285953288607 12969213934935123676  4779015197881559399 
 5608087103844083059 15434060585643597415 15551251416816890740 15975200008917549409 11089068033410638425 
 5459121687946006172 12109023370246501811 15509351661204226194 12958360856697763513  1805297004695277773 
11417932224653945680  1777247521312206422 13001905216624082606 14752672446075129023 10506118952665235727 
14637316534078788337 14816606604780533114  6121160098881786121 16525666375709814300 11560206452700324500 
14570701890417726530  7182383823917256290   667315745588023890  4367435614010928651 18084464444364325828 
16915201418907209133 15275272761787039734  3888998441401687916  2538869559083485793 13414756653973849314 
 3696763130937842990  4495665152739675840  6462923662920434495 14344444639868244464  3648302241756030931 
 8435543535742797263 14488935741203385498  6139309931023929183  2649977073904238265   927144058183062914 
 5379154476980067363 17138374987652811583 11792049769053050534  4644736310324551303 11294903646647679724 
 1890066921297160377 13356964092400793392 13199149237326515175  9008665315831486780 13081185979789622090 
 8854344774719198059   994978865123250732  1142119940414509561  1444452095724296731 13313908623498377099 
11121398615996889198  5117966682327864986 11155733372599024366  9967503481175348073  6795539668820185195 
   72445340606109890 16805975905507142618 12001393540819402821  6748066194898480731 13760701988085589313 
13028849592367418934  8722530188204393018  2133812213548598610 13767163182705318847  7307535332449108906 
 3586548782081504584 12610357424394451586  2066732700945832727 11685988064954510934  4211780872188767289 
16876132992489625210  1471011671385578564 15060121490800460740  5832450042012403598  1389696244727376421 
 9831418290675738277 17118787651878623259  4712086684294658689  4959393124341951389  9038522810254824948 
10201572300809546200  3669531187672317617  1061359710806598425  3518870062364350081 17482798147062353436 
 5375185622864965781  2013395707584711815 12276652095368424341  5767098518980474955 13071007357403478161 
 4687619227331839799 16296375386059849739  9206388350784589242  9920176878285203278  8964380428804881306 
15242442638442155345  7184225771265619064 17563595126112500131  6685438154461367962  5918093466138162855 
 8586798987185739810 13893738360407188617  6711893988488947530  1884648018730506954  9189082536768626491 
10736862373372348252  4210321525733128422 10842714992194822877  9641763825288735216  4912042347613697954 
11459710027974925502  9481607480148004956  3211509122804917663  4447999980321706356   359965905699308739 
15580133423285649383 13812280667140493722    55746156829435750   574696593561938194   476554925770383366 
12649839364171395972  7037964317269170424 12715328803118537282 13047439605299814229  6814097439385928629 
10096419719436461451 14358269150947238188   194213923400014311  4437208553509689347  9713116803935364644 
 2959833396655006002  3071832346295931203  9377754530412750184   455862950267053210  9228251192918287536 
17751303989021230977 11501898175794213140  8743170748554360505  8913671552855073689 10038893852673749165 
10734300005533022906 10053254632793321830  1455163081549081113 15502762371745363404  3585983838022600081 
16687971032320090316  5110270430404089362  3045794588838914373 16525481739298605745 12103106208044138949 
14498941011864062629  2842442763231174241  1324544878778272184 11569274276574955671 16388463587333968660 
 6722237091160106809   647344980310612874  1728716584345488108 18311463780445221516 10267952792968673844 
 2029409118247536616 14554065157538525698  1889329587139078405 10889479307364408998 17037664276347531238 
 4220703245828765504 15088638264246134282  1518084543068037620 10315739330883278306  1036150670550416213 
 3129666995750849874 14547572289829227147  1354584575269130308  3243018495380299170  6192282440843984428 
 8838851922654325795  3532947518854626614 11741442484834876755  2310687947913770745 11602785163450810468 
