1000 outputs of genrand64_int64()
18032628777615616150   740284603887467143  1192962065219695441  7931148906626169507    67551352629280514 
17396212846587472058 14592650005657990259  6403910098299803584 15564737748975254216 15102001777141384920 
  294951496551707997  4963824594335254577  3820027875303607454  9739711047268441870 10892278883835029164 
13611662449694629329 17812392299497120747  1412220421810235278  3040726555940801368  6117460382420220687 
 1490926442286725254 18376183635074681121 16908203302470674383  4195163103311834301  1456780638323736315 
  572739325311020854 11673926195382657024  9615745146345299771  1684978873714698280  3355506014015950916 
17781408521780005993  7486235564064028182 10323460450971757272   926186273592762330  3432587381002156578 
 1479827964257149333 14730335608017492318  6114935148152321037  3158707849644890375 12253185833394476934 
14727941556680696109 14110187036619876750  9713342354103234195 15909263683386547064  3367914597809528507 
 1701415259300217212 15271298915107313830  2570745599302803397  4457048907814654244 12185775651427941651 
13506642634160061198  7946341748777970272  7688279160225820256 16158894756669158690 11228829594459768553 
13409374477703348306 15269991566117177919  5341376370698064936  1555122103322877789  8565192100827604683 
 2453637202668599136  7526872445138745926 17325984449481878181 12159048736748378287  2344347275658129649 
 4497419000477325601 14780934331375203611 15143113128592834221  5323823232067883362 17866981066275497615 
 8780795037917258358  1011829571097376147  7758014460448339204 15527668253526064252  1209256222383162817 
 9887108488596559152  8659368334968778065  9904965932251985994  4234919031261429946 17888442046591510948 
12196423833553057771  2736539964881790348  2206804945567793278  1863436926117004778 18185675187997886733 
 2313206624948587067 16132972298248645272  6255440925136881531  9572803109282981254 15714379779646561547 
 7725192490957979838 14710862396175088980 14093835587874366608 15254341226890698687 12425206062032169150 
  947713543757200816  2823075960022300942 11967115126924643680  3276314498921251445 16227576529473482539 
 5950432911500896230  5079250969721472265  7538082761570732286 14531770717106830377 14786357843642954924 
 4233767941894603708  3997329639880719381  9085557729704158993 11387921389447292853  5284143923336259529 
 7007613051420679191 15007447192074846317  4483096906184788937  4391351752163215440  6778222721012595332 
17608455112437834464  1057053034670903424  6456018703071806106  2109500746962321254  3286726775429678267 
14585287787480129914  7842835369288796987  1947418865505832628 17528586080734285850  3638658833335630288 
10559655332930366168 12253560586373141977  4123149031228135429  5307507827303005137  7795171283901006272 
17928053398074634575  9427365729783722961 10028578707097434994  9035545350524050883  7748197350582525826 
  656446865601334511  4917103964801947963 13716200707495860241  9672041367724743125  5164919627631830515 
16607641878967261098 18014595974662785352  3375444858420948286 17654897047833804287 10193299841967477933 
15042719413139651986 12514107578806827027  1477107831077125546  8226843398558851435  1045340738376054975 
 3699769836529613984  4449620532567677635 14486257456917130765  7441751500649517841  9351579697714569992 
    3207468276033978 11144143828197004914 17733433776144211092  9470042217193415473 17152291616772197628 
16666653329675064406 15084240718007262801  5689160547003779903 12911449762591674823  9174640118905543931 
 9828438682055177072  4835208220235667595 10522082484288354390 11708757534213909564 13026518706965773890 
 5274455228333546015  6479330434058489093  9686201850431789710  1970280305416260489  8901106209271789974 
15200313967935461947  5523760947479728547 15632959282324467889  6907651992543172081  3261861525094305624 
 7264109845665949271 16408980513959368782  5577711448071999892  3695981281419444586 12621283741487004927 
18183777790864036870 13070714962036649327  3758629862747006145  3387921155356117216 10395519517161225749 
 8509033259008243676 16632393560488202855 11951639675214424667  5371200925793363140 13836589864360546077 
 4018553824256862883  2295503437301233254 11562821961256226257  1538541802420497022 18202417546903662678 
 7167365034134956382  9514959171862647911  8720496352239720670 10802773724492906199 14612926515575169470 
 8072789456838147167  9291147428052923890  1737964326527092334 16732205430248736307 11342168020925454693 
 6082257568791768006  8547018944180307534  8436114114831217125 17748213850929065109  3238760996803238853 
 3687503961789352743  1679489169868009538 12597138512536890371  7414498402386064988  6155056550123748849 
10729321116158711785  4946204185089676687 11148936823552991929  4491321603594329372  3657391842198624303 
 6397619881664830442 14432024012379351785  5435341970498868737 12906814660853718896  2134690522436486986 
17208514755944472115  6172243257675374165  6083024413482791127 12947356450821153153 10409235038163385985 
 7469555598418737559 17156416494080214180 15023004293021763551  6988217146167850882 10122265157018107638 
 3205615195092783849  1794739093425862472 13650416305780888273  1461855115766683557  5995331249748491161 
 8457808264043175861  5931563789911153899 18357944684984068788 10226535458766087886  4773366329568204773 
17638512401427010239  3922166094467838090  8191128668333508795  7859812459553259336 15076519572996986336 
  420850521054915170  1848613256700071456 15583486918542238631  6730480640191807515  5514264356799728755 
13084475700010123022 15972240876045594951 14518643524676965003 11693645214584254431 15614934259217170669 
10647948341396018860  7251462542384743921  9757816276506558898 11424418452349078102  7514708485052187906 
16068138047797421172  6457579244344521631  4335067693443667138 12593680499727296605  9333289759883883410 
 8731440826090408686  2969553381638140306  1147320810825643281 14449220427389538822 12913628857644809619 
 3641534819079143881  3290437215106494583  5813398166363213336  6816547973660104531 16598385745232148202 
 6846946928872792426  4492684887298994010  7531377236915616419 11903959133169634416 16262977984598513532 
13023638517818388586 17073784021741661869 10731533897048864133 16788072671991495804  6757608465542350649 
  838366689475969290  8725600815907046269 11915639083883445859 12780549922916688427  8097579043538827737 
11927314718799164834 14256420987390681478  6850317807129582914 17689966381866628954  7842060503655323636 
 5839554872962340216  1080639937917411663 12796262609277942351 11886375339996074734 10923695352589558792 
 7127902584442345767  1453012645964447669  1851074053794994866  3560592383811621561  1849120738271609554 
  478088625010458429  9756300776852935475 16703544853893014753 14595863474227433739 17773839626687965017 
10064975751869848319 15858491311902460045 12241763775766935827 12429923934855069132 11643974573561332417 
 4133144183901086694 16747263711307723850  9528516156111063445  7673978853704822669  9125446268909903639 
 4139733351009900609    95744316160900350  1782511411246383415  9409497266559078452 11313924520411322223 
  610741046079355178  1698998104057267433   193759198130312249  5816261335374346856 16281314217399069909 
18185250946496038468  7555163636931973534  9742001543754930068  7308792597305697559  6408611260376877808 
 3086791487795977180  1994280495127382350  6082156692326418503 15587081586639476538 11056049034109185590 
12316472345639214004 16139537448051375968  4538111849328270304  9638305346572275935  5071110303520655940 
17084209899793376470 15960533029106082541  7328743658142218273 16100204458825861550   838857088381345350 
  799609843689055038  5714471277007626671 18398653381149990722 10085783195293300815 11441430119965550765 
17738237868624773965  7290906080588011742  6685324351206599141 18031714779482441490  5054187903648361710 
16183089613731646958  5685607450628401929 16913066697290058016  2321037823665583638  6840772752375042598 
11599980291770396046   744115651237365169 18442576845577918184 13769857632085613554 16385831538913870417 
11301550400360806398 11752853087189998965  2896706198209767464  3584377901153596785   306962443756391354 
12273771631101855144  5170165909081932016 14404299353886040535  7197825620335786254  9070569741758118659 
 9823039119316546178  3265633647989029347   824991373608511986  2108052225674580040  5707863738118181689 
10423207599940872952 18332484933819120082 10907063089214625605 15991447673637287708  9755930603947950822 
 8199502974892531921 14789882820072706293  2085396385455584742 16093971912105551990 11841299368024628667 
12618147329853099489 18219447011746966611 15951662137055425648  5138713783490373017 10355278979986653581 
10228814994558248327  9128660712376945681  8764959775586084308  3610701350182251932 18210172430104436796 
 9527027495781817853   804969185575891471  4176802837525784092 10282725323794860349  3279162563475936921 
14734457423795080462 11118629508129207288  4419786940655383123 12104143058947821440 14191399333189883959 
 3953871463469854612 16186994585868474253  3971379095545705700 13778155363243945447 13740395132257931842 
 9973369819571074839  6752632544553277255  8947055681413046111  4144646922466115453   632239556211442159 
 6038543785091601431 16539348064105681150  3639560859568278740  8377021076160277176 16785860397193666459 
 2369943076751497767 17600185120697644411 11735550444346805249 13151442601479014672 10623389069246144819 
 4330485088691055675  4219517890918217713 13854087160263247691 17269571581103999584  6173515638563308106 
 1519012496166867434 10286711659780578400 10931698245086562703 16179229554987286372  8573604690539347919 
 1734580422780759658 15264478497686294820  7290772315488298979 10216788084928790914  9840680803759483026 
 8751001004273763713  1301346422504426003 17930397486109153132 13653100967371578193   685787277240921457 
14026087040634446468  2853542083138475053 17054102920362845978 10660289689411577401  8693445985694108681 
  951238386417393493  6351028878040336818  9586509058212465653 11495082594003644051  2951791548936805324 
12998592222360647816 16945680180730789841  7810307638582329117  9944187576738279745  6432991147425204762 
10644490682916881258  5624524111582666194   340242082831179291 10393630453774733802 11273009775227029140 
 1320830487777646866 13545157596341411620  5276545758071531182  4262744682966143445 11354354728674392619 
 8434350105861248184 10633145085100358052  6238125224084739804  6576515545169751820  9803586193760912343 
 2065705407139013414  2136319834121401885  7206689549551708174 15760583122089662268 11897647310369097683 
13230083148538292456  8473724053717905384 17640804837786673731 18173518375662292938 15710957860153162494 
 4291088180646500613 10677231400498670735  7332759059420760546  5672431855313151559  6143100341896971026 
 2728090018733295965  7028335842329350406 17664031669402185699  6500997097482758756 17361621541362728578 
  328921842655530391  8574912463693013166  1923588074900304794 14690338238571094518 14991993422976812943 
13203420021977477800  2127365907166486535 15175629365758811528  2988035017770864348 12644704471745211593 
12380351288447750894  4023034603339140976 14504015149616989135 11475640249207070361  5565119648261589822 
16900859374997264627  8378095004840717171  8189867929358728132  3334328553644143495 15333170885565538454 
14491881194257763968  8419893370126719837  1246332628885115513  1733693818151465202 14935215385355176794 
 2359158925166881063 11268390712415234473 12200728570770653989  6044486437567009219  5260015641287726754 
14542923124859249929  6909900115556184794 15856023177260096416 10299938048518976181 18347539531987826250 
14193984677073030164 13573467309432687292  5863563452580299565  4600642091570455740  5925334244316734367 
 1706668196803528997 16891341797317246808  8950863178378744480   383107122560354413 11615510023449833052 
   45868729682039086 15335898194766743158 12974745594328536310 17586109945796430407 15013012243278974496 
 8572127985811397193  7126710482279372904 11148752920729147292 13680998544670926812  6600692056464547994 
15233834859720556164  1528914470897117505  1131893758341266309 16580631370084535233   780051674883532269 
18284245179165381612  9580567826502828686 14761123906110238748  8671273514566449389  4061826979704637281 
11554240701155717417 13818628368569338916 17729285482059714908 13343822852462638773 11973568086354109710 
 2103229980340507334  3663875542855501427 10538853213645427868  1603692600064929452  3111950972768560805 
  500198818898540158 11786594652139976370 15760983947633942917 16352487825813602304  2158143744308765959 
12980404538278961410 16269043637301783278 12296119189941034473 12744160427553312234  1238588163058302834 
16783854513265900100  6399672723229125946 10962529635820018217 14922181584768094877 13778423358320992894 
 2942775913613462947 10665369331191028466 11430701151775063838 15956265925594244040 16042085323247279761 
16964749212360991548 10996389999196180112 12566932162123821424  3763869010860961551 13273534181075827380 
 4638944223201023881  6339943438253514428 16009397464678822143 10779702058667067311 10766329725170454811 
17287713514595775136 12381926266132535404  6962631917105326375    50838730273149376  5360134816166504159 
 1130554746063783079   528061990861654427  1110358518550720284 16072124133455977587 15604405854838255047 
16218273764488382738  1461520164719370818 18423458162562143108   724120041447990647 11546974389510031735 
 6610580655108828203 15507300977851577192  9575530593202772308 17344356810267956795  2840836073871043901 
 5404971334461738536  9851359240353404482 12991256565145978983  6140282850890833385  1232277653774074176 
 1478606099609497903  9052889969641440480 12919665371181160748 11642271679978168938 15979126481368299850 
 1689327763774897675 14259457621267382500 13748624006233440463  3535658696607805121  6365596543635362219 
12483576908958391636 13557913481193996878  9734769259039510954 16105300692425509503 16005532764659335962 
   33396117194626604  7095525930583402472  5638090899890481165  2115131216826816151  7554425382181961676 
11437325909762045081  6065486953467473001  8067919186259321274  4730530325909618752 15818700079526673274 
  132701129371417920 12968479305998192342 11972368182022092133 16010802956937066360  3557880792404907798 
 5750706082656068500  6841482927123723512  3774720901545437019  1384493876977355883  7676111125915333547 
12444575853457284044  2883168623838638627 18359132240224102229 13494236213416374611 12150089829381205391 
  667059194833044959 18265072933595673470 14664010785195012124 16340661462622434362  2583140405397749710 
 9006133181672536064  4330292842749628733 17014016864947819794  8583121038970300207 11988195437806287068 
12633960167131337540  9327957796692032119 10288353458592426626 17291032837359647277  9929088082924914377 
 1084414292468626612 13200645260629476499 12854075749456025750  1624743870835228283  5155299406772326076 
10650169230560485946 13694909484951511362 12349596018750014884  2982227977819536198 16284644032904184066 
 6791135564093462204   339488425516556438  9286092906456407824 15494514625162258334 12348543462533711816 
17777642876050543460 13857539425375769920  1842426071339934847 13321207353966372109  7122286166974477547 
14850447185440054419  4989746333194925277  4841565154808998857 11638784357283662858 16511024966132974720 
 8714566079600253787 11118109554214698720 13194306463749215951 14079916625477458162  7333294424885641386 
10106882302042698793  7333653551019217635 13549095658681386453 13942118755047252650  9167266936186047046 
 1132904767669874600 12633335802908862111  5254464818412436744  9845741429035361536  9720188743848044695 
 7374784924724906901 18276530616829317001  1860020201548079707  4730086680887369168  3041882883872207318 
15185498616424993938 14191590419809450984 11144806789574596101  3364325516905432453  3628603413585776730 
 1058371778814398084  7408575197637303913 10337124513312110042 10269346847181497998 16100236102276519944 
11238590915104873984 14454120368892779294 11451491333822820100  6142766748117459207 16820414167801379025 
10796119511826497076  9710781190291466186  8730523403490961003  9779651306012501807 13189016516535268592 
 2757522940913406571  4076370927959935645 15543433685392033892  3763747164390909926   884118134440489647 
12298196927008857275  6039712853549988884 10885733238498331756 17698445496105439672  6542918024025695247 
 9889018549842458514 11727878806134395477 15002670026240500512  5628009623305391828 11833354308283288885 
 9380081153008949631 13787869691349555063 15011213997371565971 10455198046400430772  9719033716252567729 
 5661805158123224762 13763394716517617773  9144588793055467358 13621493790873003468 16475971676882582738 
10575435638372282311 16998292520878850915 11568308976185965338  9858904575676567543 17071041975700238464 
10577300554100966990 14312344452968810141 13982828124512231734   316139797549049802 14711461404805419738 
16406287594504121634  8022240569409776043 10661194226820570207  4904499348704653481  3530427232879357161 
 8648427472237224814  3991487562323650215  1060811546475917407 14749797518422933235  9845502644158681588 
13035082316173603259 18059335724759442785  5263460792736069830 17306444396213724137 17165805855504767539 
17354584302913013017 13834645845241522343  7456491661214326844 14219273261798544217  1566100457477582904 
 7428526740624759711   136998782455529353  6707543747529307481 13548233000810969970  2833553577845070729 
 2850162653174267084 16733319352351026634 11645068874233564305  8843085412655909446 18334272065036267706 
13481730002757003011 12688721765647150153  4603346040387549889   334579016270414127 13151821046786486896 
 9929734717789302796 16557266540796174355 12093540266545087716 15846062800633996598   913730791329395014 
  215329384203133075  1378105545464234989  5442704778797739799 11249930097340354121  4637911443226005336 
 7572178032712832523  5643837649965671392 12502263791408490623  3819399729162874404  1491097633209714092 
16838868501811490385  3854331403772824644 11299092375937964593 17789760016741886677 16846359630027133618 
 4821867475877321677 14769984135042221085  4051436307480570855 18391700304046341606  1603465831336066216 
16370202221444020545 12765944297421958692 11558153310924107926 16486360892513852840  2616014873983771421 
 4338242846649995629  4021928302898734812 18083278221177841152 11935816197098187219 14191731567728184676 
 7005885854398862578 10378531009510475940   603148027027749552 16681736370246435816  5573553050645207438 
16421137809174911090  2227528152048332666 18091340138139342319  1865939930325608120 14219414581120848160 
11763251464236000658 10052364863913415910 11961029542165793200  6121465869629593775  6605954068824739828 
10065114228781043222   430786449339804041  8094377040837347825 15667537989974899243  4022563594361287329 
11494828040573517326 15415236645707939123  7231870412021734961 17254742336406199064 16596126155311003881 
   40198046522635629  5092115630418872004  8536367235863431625   398590133976573910 14404271166443776978 
 9923255232475371772 11536461481810471520   343926290800990907       58429417049190  8856359620588630029 
14907575001300479375 15267291912676786917  2533870660163562670  7138240238518159041  3072107766578212546 
14390018565921612549  4741246294812736612 14029741459872433043 18388627057354757753  4302334402292863409 
 5905816664628013950  1157807152158679313  5708873806195347085   144160496365923433 15061287308102439345 
11136970800411041427  2141745010920986653  1831852773318366403  5164198166908912798 10720730706941193176 
 2552223732125705802  7044946462715687115  9962005869189685666 13029749467911090097 16365202342241512631 
 7465499196947945791 16211191952233182010   356984688458403560 11604384949090773998 10808091049276604338 
 6462127336398027026 15076813220069354002  3010503251236124247  3132028039702152344 11487953169674423863 
 6468912196555580995  9835475994764111418 17638749633084551688 17833717142328894815 11098992165537296878 
12801102563881252554 16322929224229697325 17383860968521599255 15243990001743438970  6135780515229686352 
 4919419954907305176 11204948008148628607  7658628377710581981 17149404627635925545  9969804949707520397 
17083039752972640829  1324711945166594566 11752898799358621379  5365611362222883212  3627427132690983833 
 7776554327523455432  1047486235090675081   145824618745164582  5144334469288656694 12340560067183734463 
16105262719245033872 15668740937845796762 12860549114573114791  3699228141403409206 16170699842577391405 
17037638807921144900  7655715326508066522  6472282836318539924 11881121421426257198  6675502107905156822 
 3841102404208615753 12941937291158912024  4669150943512824083  7114470884320023105  8608466903459067049 
 9214836879580954529 10777231670153874946 14825806007931452540  5942854125014500929  7587737303591335012 
15364891115715880527 17469595929144400113 10918131015430249128 10413225353633192670 12033470922464478195 
 7558012416810174720  7837417220645878145 17520160123244886374 15020707427212703291  1839974650130907099 
 7088906098683178442 17899219844692782022  2722451082502423045 16987690548042931765  9904713855130618210 

1000 outputs of genrand64_real2()
0.300763150828410 0.822622448811998 0.354530984408169 0.455247338831961 0.642742698460742 
0.753898028021750 0.657045145505672 0.425706729335629 0.208490893812970 0.394948206578928 
0.550407169527341 0.536272119434909 0.580231117077656 0.651303134631469 0.907444491660271 
0.581682992371668 0.477656744980152 0.743212190392777 0.190455384507109 0.315515499912262 
0.482103246531739 0.503860089901994 0.386086432844093 0.383062104128840 0.291181793804857 
0.646975294111629 0.610678569533457 0.114036289166917 0.249710491076832 0.222610274690569 
0.286228712319567 0.745360397273864 0.777900431265645 0.177953467764041 0.163224248570920 
0.394884185287470 0.011221263319914 0.289417571079013 0.557294033161848 0.384327133530909 
0.693124993226799 0.931428490939856 0.519634628586904 0.574825726633355 0.360589004459075 
0.337281620780984 0.333062925771171 0.952571662791337 0.213845564691603 0.983245558496805 
0.529668568294843 0.701829442018212 0.975524363087216 0.468828916841040 0.137215827858776 
0.276637117804706 0.143474154793457 0.018510693346836 0.513038784411502 0.520281202310910 
0.212831086696405 0.276977226087163 0.452951892784812 0.590511307658869 0.938860608842467 
0.308822650038053 0.995466633653005 0.104406302644848 0.987016586369715 0.021386181063244 
0.223192264213709 0.204021574988939 0.874655428589808 0.623770916351313 0.162665693761590 
0.207721792321832 0.795718278711868 0.347141868383687 0.951536229356537 0.027649332892966 
0.648718376187751 0.278430861858194 0.610043794457978 0.356939813686919 0.880999047774199 
0.326392530324040 0.528702520645269 0.056795324732124 0.594501841875680 0.374641622679567 
0.822403197282742 0.066059670021499 0.461573686123799 0.237532004142867 0.302212610076448 
0.088790543746361 0.978820393548478 0.519078808550555 0.052755225818431 0.825775759474781 
0.069870952732427 0.976968558228074 0.084282009627176 0.005085133423013 0.559716327100675 
0.259731569641827 0.145675570789313 0.015817026254274 0.070733759785539 0.542379701130134 
0.669132488276984 0.963800819960532 0.839993624098138 0.807413842256997 0.717109452204060 
0.806552585115834 0.900480475610266 0.031057788871949 0.516416301179443 0.545246972760275 
0.534814284718465 0.448112991286572 0.980471084509115 0.498832711239217 0.254908164015681 
0.338917115471987 0.354151195027586 0.277470467826307 0.470229930248573 0.468881466878809 
0.710697893386666 0.429231666059012 0.806606247606668 0.339527778417225 0.013691963251696 
0.134685789864863 0.909746732204390 0.110770723711187 0.583962418109085 0.427717438249129 
0.238464370423208 0.210419621182894 0.303838437777879 0.578723922363819 0.776880277468596 
0.793580600922193 0.847191336571112 0.342659300683297 0.299530866963845 0.272506692039438 
0.588744701457965 0.263335694868379 0.447210534160842 0.153534735458354 0.691659341189607 
0.303676057244153 0.109800807612051 0.077396031053424 0.788025208946425 0.419703848419764 
0.504289220046990 0.096315687273172 0.584984372794194 0.119235468539913 0.650306584219362 
0.584393481604296 0.133486525278432 0.871943531525688 0.154098877821690 0.982725815227750 
0.166577482594111 0.047814043044277 0.437425790972634 0.437615567221412 0.996243698541442 
0.173669886039797 0.795152282034850 0.723424988927496 0.326199840246916 0.456868359374833 
0.597438742426126 0.824981365665811 0.991894572624932 0.240248362887949 0.118635107513891 
0.122020321103457 0.408716857439236 0.312867375875800 0.086808619107636 0.487795330406210 
0.129540350796849 0.285390146416420 0.924508718327464 0.074775994123672 0.891091872692425 
0.233525892203497 0.636501564169360 0.896673845737835 0.986814596389623 0.658273747490003 
0.105344191509462 0.920219445829875 0.617878375902793 0.959229004240787 0.066839193762911 
0.783221656003411 0.585464443235649 0.372930243045224 0.346106430166030 0.876342188128300 
0.026352804979534 0.398346645322212 0.047924297912318 0.287470872901764 0.905171949648188 
0.021167476028575 0.462410447849933 0.450204453441432 0.024725959841985 0.470695777885012 
0.319191245971430 0.738745590351756 0.937309911233768 0.794877566316011 0.074847058547273 
0.121653272410539 0.902497078965924 0.103885843324408 0.664674477280743 0.392115427231997 
0.706798924948732 0.747307367936602 0.640970021147706 0.226987410985763 0.629099253428924 
0.426887849580266 0.336474637375644 0.085948977088185 0.847764125504573 0.621334095003236 
0.191597692370515 0.541772196468336 0.299567963378288 0.609438925617157 0.484928323775569 
0.966382956377599 0.284876908053845 0.673780398936692 0.216625977701701 0.542961251589242 
0.980922253797998 0.286901824180294 0.814289316956117 0.079825083505798 0.746693425280706 
0.998459339197701 0.423124425273750 0.329114029321596 0.377913609687829 0.589573537223028 
0.303398872945985 0.354164137193005 0.629407878266990 0.441302642988552 0.593515301408504 
0.076973472002602 0.663147944300533 0.113485036145691 0.727253475127208 0.385890109491301 
0.668263318001433 0.968312577862858 0.599198244515724 0.272515488947831 0.539357663816782 
0.648388067363809 0.846525225172764 0.261774861529737 0.643481367003523 0.720959446311008 
0.208815333195706 0.677342553539479 0.345034539772673 0.795655234929064 0.787652188816273 
0.018470840340382 0.601884350404118 0.206571056863704 0.122562609093716 0.717282334588414 
0.612236153394587 0.773992179463064 0.313339639911642 0.915200791600457 0.430438637196368 
0.467569659964356 0.072713219016322 0.962855397698415 0.519427809360116 0.874658621466866 
0.853357038927477 0.869062381191311 0.368601833953562 0.442528344875143 0.142297632397860 
0.719127611132118 0.377858560082611 0.156778447444087 0.634128426589536 0.838751745552710 
0.843475820689551 0.332034162820837 0.946604022901456 0.988102351171336 0.521719259098218 
0.675478954942177 0.504729679989763 0.355401553231332 0.056033255793033 0.524649611011204 
0.260530521098629 0.690605790737856 0.447125050541312 0.734693057825244 0.332338371332387 
0.186795237324741 0.667918616379285 0.847906216423058 0.759079301935707 0.540202916834956 
0.420676061958047 0.222367816323140 0.016924884295451 0.034917498849388 0.779374841726795 
0.940644848108937 0.806637524717918 0.075483841522466 0.163750687306031 0.378481460844855 
0.638508619539140 0.528549778312205 0.574439575174152 0.595862175542535 0.558289108677028 
0.559904912988854 0.940178275142233 0.243221779928187 0.318300709153393 0.605519735571301 
0.833841361416243 0.972140136366865 0.695475521846092 0.380075253355155 0.710755281257711 
0.308376084463922 0.250217692394180 0.756320777860131 0.215112468088856 0.426110689273218 
0.557703366727832 0.247303228063837 0.228029134125496 0.967763238924345 0.182754099908080 
0.460141707567155 0.075538136527321 0.890953157924547 0.389803908663572 0.495442317493894 
0.076456194696972 0.986420962643650 0.532761426043095 0.217850904592192 0.542351093588914 
0.600209514656667 0.641864118936710 0.497068272097011 0.421041555017211 0.216858946272924 
0.971093028843374 0.150423174575924 0.402225016067492 0.630945569892783 0.388650847525178 
0.958727073649316 0.735173845136637 0.337407167063132 0.620464451023519 0.902168091376471 
0.901111975958597 0.514683035099694 0.046887037170665 0.937744237859210 0.392565991061914 
0.900747857552807 0.038395867489786 0.701539815772973 0.881778857239493 0.526024354732812 
0.404851172569761 0.307959010514729 0.876710520793627 0.340054747597798 0.918058518572832 
0.959900015716476 0.886727463979584 0.756911959832915 0.666425235394294 0.541648048682365 
0.205665146410902 0.447009331400388 0.556253712866885 0.211488956109673 0.841462776892919 
0.665489182874596 0.824678247784339 0.031200098099735 0.497991307943336 0.552358682212277 
0.722401145788422 0.103468474266641 0.781278789463023 0.595131378587018 0.822405153499441 
0.204626615107366 0.851651247744587 0.030011934733570 0.345830258335707 0.303290843164668 
0.276407163293864 0.257021570778379 0.734687534018932 0.342979393749865 0.941920856306733 
0.008471597740024 0.960463518558254 0.209149432931507 0.356901891658813 0.769927621965341 
0.838001970976605 0.168750138815631 0.873257464557388 0.787366188996971 0.588590051271894 
0.020843838954442 0.025325577995767 0.185157570411707 0.305618596929589 0.661297461114796 
0.576198523842703 0.938186234241351 0.389755166739013 0.793756662014574 0.083455136326963 
0.710102016929326 0.650758439201014 0.635717655331198 0.951339599165361 0.630408464634043 
0.378046137429050 0.335017382836561 0.573247116457013 0.537197930475817 0.385392229440899 
0.391548319665587 0.625965618648854 0.381181526756217 0.217093289237156 0.728802428712516 
0.968620131561206 0.620927287028627 0.610173799785849 0.733790352130892 0.493045703047559 
0.474297314523109 0.376891241098876 0.237160382051682 0.420811647341369 0.683992617870088 
0.754461530710891 0.268247615895300 0.427347549007790 0.998667871665751 0.599941363200639 
0.520939573051980 0.136512748784412 0.266675455342293 0.855439232173596 0.330337779168118 
0.503796200320094 0.904449134241868 0.326585688780429 0.263707172269124 0.851704213847196 
0.284121212407568 0.301706929395526 0.510936533349288 0.565768502928798 0.857299383457856 
0.804568785359499 0.894045246366176 0.019580592195728 0.251381232359036 0.255044836203904 
0.197958977612471 0.941350459430685 0.602609538739376 0.609916217029665 0.003034531090152 
0.088781418948066 0.891943045063728 0.852433421808662 0.409689582038753 0.006576727251760 
0.768981304172866 0.071065172562762 0.615219276084956 0.445581009933092 0.646318096256263 
0.784454085671333 0.695336939128260 0.441659124166191 0.981440900702677 0.807563553031701 
0.268034005185465 0.641585988309021 0.692826079470063 0.652044582879602 0.068458434354760 
0.870768391496837 0.863929571965360 0.693707224237706 0.646101086259697 0.026624903195394 
0.525910203741012 0.160392283728686 0.690973148350109 0.732818519885460 0.279326775133371 
0.554312717863591 0.744965686185180 0.758439548862446 0.524970101070710 0.220052796501519 
0.184943423606083 0.168774037332753 0.965473290252603 0.915779392016268 0.160503918349892 
0.195944566838391 0.374929259190297 0.845806312302349 0.745690132659273 0.611110848612665 
0.166531768435217 0.081036672502949 0.981811045386658 0.406158135039225 0.210411350588378 
0.238365727224811 0.299615089895486 0.475018357396063 0.135524099714889 0.678102095072780 
0.539538158959578 0.941735749028394 0.711039553305211 0.775169395295014 0.917184203335900 
0.258519215754724 0.446025583707765 0.088441165998574 0.669524238993730 0.894909298107874 
0.213035074410364 0.182666076112294 0.689998829934553 0.531132416754306 0.105650333762967 
0.961020328303667 0.216781315927041 0.153007608615983 0.169822521431471 0.173064694964688 
0.315285676326720 0.239560873248289 0.212069865031685 0.357800270855920 0.686832638511683 
0.222284917880110 0.694282321145686 0.052931258480088 0.160306321529754 0.450163996481467 
0.369727277778629 0.454259159026337 0.345449544203142 0.697093582721661 0.214131981724313 
0.715735280718182 0.312654124403953 0.194432875103795 0.084378111932871 0.693433118904396 
0.264679638439227 0.819482461415765 0.720618251249546 0.069482160122055 0.398754541584759 
0.503260067408785 0.311086097410338 0.520131542796106 0.993538187920643 0.363128588737700 
0.761532046037082 0.369906713424715 0.314784700404568 0.499049653438965 0.323952130986082 
0.983083329579354 0.490434542747211 0.255827612498158 0.770359545061415 0.779023604311444 
0.713631363136655 0.602628539122735 0.825313816124163 0.519152168946969 0.466228855728226 
0.437515602772143 0.540601106520340 0.811840615246359 0.258909598948355 0.176730126547908 
0.633013460395261 0.264339194539418 0.716049112431712 0.640560919073126 0.893359380908304 
0.726091979809161 0.077392260239166 0.368050521818362 0.723592591926715 0.902202106251218 
0.279515869820026 0.278145349196117 0.045912507404407 0.941363926184777 0.314043385389363 
0.666927048448804 0.320306662299147 0.249475243340969 0.377080620711113 0.930405637558623 
0.264157040865207 0.476439950378527 0.191250390638134 0.267653943691956 0.012305653513074 
0.025182556627937 0.746278924647640 0.720519273179633 0.185538553301667 0.859999031892125 
0.164016354404627 0.926235841378260 0.847517223361338 0.730478888210659 0.231948420520463 
0.802834394925115 0.978669446824555 0.497521477870810 0.329768804781440 0.877541794974063 
0.885185406551377 0.978541394380231 0.643156580188888 0.880157621953947 0.466508470952517 
0.971192915258050 0.376882530438736 0.154226429548946 0.009215105647690 0.831746878817157 
0.490775132161460 0.386619902262091 0.299660795222249 0.772681313284711 0.908740625120708 
0.095345241116604 0.666433846772280 0.227985456004542 0.699064132948455 0.734862007451313 
0.346299815478164 0.033438852754428 0.432122689184418 0.503794599353103 0.276918112398271 
0.197677357115049 0.856947102495312 0.641375689094096 0.465166293509072 0.895551972853727 
0.849474449182478 0.589000264789286 0.919800634295184 0.530321701303003 0.954171891346482 
0.068137149693169 0.108249322000983 0.416156786557228 0.767258455932765 0.543292289257157 
0.662049187024610 0.784601021543032 0.804460187201085 0.100985701622892 0.038890483215293 
0.954844451407209 0.805868088820160 0.821951269231323 0.987868481934450 0.127800365616928 
0.789904912101633 0.289695709539947 0.688011415910435 0.590864012646072 0.729900500925297 
0.012944610977999 0.129632546119313 0.810506633203750 0.704515497948209 0.015236470358478 
0.832378664731796 0.358816459668823 0.599637283181889 0.018653157057840 0.744135338212361 
0.100705774028965 0.898949415890841 0.982819372643319 0.044400960107864 0.259912697900291 
0.584807437409015 0.539754730626046 0.231858151607732 0.244796619206293 0.413969085201133 
0.487975822924098 0.349927652634715 0.886900127571416 0.737521794812625 0.501427772584879 
0.472289011655345 0.268362500313078 0.025065879907131 0.660535260588154 0.314089552259748 
0.253509809354059 0.149483134256039 0.445323090878535 0.117395496331608 0.935555182170270 
0.109351837429789 0.442431588240457 0.257257819176707 0.177335555446316 0.644035248379326 
0.909440007998173 0.721858392338510 0.070702946976363 0.628134438113679 0.237380876547395 
0.541671123582498 0.427366929593001 0.385391189740036 0.508486023651146 0.343618085208357 
0.926570966161213 0.340071317189587 0.898887552138597 0.762467430237067 0.027755541383067 
0.381106011083798 0.532848112709641 0.988606412020482 0.876284379924008 0.489774213552664 
0.859804295225468 0.010003284235498 0.962922735357452 0.406081949863319 0.129230520697825 
0.793995012349893 0.516141479854706 0.635393865296468 0.500546863413351 0.155961859643558 
0.277668838710264 0.893241667832133 0.596145702241674 0.470490206555342 0.181059702359201 
0.381234303439946 0.183197399415941 0.180979433674830 0.971355806299271 0.010441513225675 
0.300236720676587 0.542578576305010 0.915570493415429 0.818866402634395 0.388403737627448 
0.195341784786656 0.015512814872155 0.642816396600410 0.831415129428584 0.114095523703643 
0.350680544398250 0.830963925083262 0.226530393440673 0.950843397673700 0.397381491550951 
0.303888560865465 0.488945090824035 0.598930218878011 0.574062154523383 0.615329705578519 
0.716839004709136 0.145368319005714 0.245533744720952 0.200946282566678 0.015789784955693 
0.421840261839899 0.543072415118718 0.772731813224410 0.629773081232533 0.785149195623199 
0.370072342474722 0.717232747241420 0.986755258226098 0.253219169864305 0.993482831421010 
0.293867249092029 0.953292606361074 0.206376177842811 0.538285456589010 0.501057165376703 
0.590004306470698 0.925572644613896 0.014121816906637 0.174009767702673 0.439912159920551 
0.454183618004382 0.487109145365765 0.729488822623771 0.795721655992029 0.060035839585136 
0.609276422239051 0.214322099901553 0.493446684957141 0.257833308434923 0.186391840824109 
0.242351300219244 0.649599002408639 0.739660176246807 0.745807595762969 0.885578567989350 
0.518910450435070 0.952016401602488 0.197155151756944 0.627864395028011 0.758064392657694 
0.274056280557552 0.428585583276844 0.186817557338083 0.988806784757092 0.027408843934218 
0.965156994270557 0.306082513549311 0.079877897054005 0.772433364020839 0.842296364620770 
0.380414677124761 0.663977658852516 0.314906584401804 0.632758519693542 0.767499429178682 
0.384249500019007 0.593479540400900 0.099385898809948 0.811801600945139 0.551854235756866 
0.513880098185839 0.595568926811938 0.181689320873752 0.384614133203649 0.165759778854912 
0.482527485641372 0.082673733755564 0.380422301453645 0.553108010904306 0.408480233103321 
0.268144608363225 0.921275300330280 0.057360566787199 0.054257481283885 0.434194643312632 
0.112017864805129 0.060300228309114 0.326448236526094 0.494200964318860 0.130902949090552 
0.945970389288477 0.803450762376772 0.903974057822249 0.123449669368960 0.976624819096068 
0.320339908325102 0.419379658795119 0.877135162900996 0.155783598526333 0.550501543867695 
0.406736855925649 0.938921921934665 0.053589888960907 0.869437933853983 0.290547058297253 
0.369791816013362 0.809889415569730 0.830217035435504 0.069280675544478 0.985543949385386 
0.840509444572441 0.339241939911478 0.256043561698032 0.418359183358751 0.828528932541105 
0.775070058525339 0.973340580229373 0.795312943716441 0.534456818414207 0.333129668177727 
0.317014636684154 0.780114341895704 0.972966495399386 0.370227274344525 0.637963352918124 
0.026673293915046 0.327956891225798 0.547694565137866 0.770500742444559 0.492015263020261 
0.659786130473394 0.070770296815076 0.543348325543275 0.749129358071111 0.224055317844905 
0.505983567148470 0.455189000281841 0.008876801783266 0.563930542938878 0.370750713329718 
0.485182108635169 0.292291766041080 0.711640574190414 0.783537473589014 0.553996171699538 
0.303707340945517 0.892604159485385 0.147737521825052 0.193095201626169 0.081082323459521 
0.728042376165569 0.011450138436791 0.671214893486886 0.328238911975420 0.569565023930599 
0.252449804687008 0.994416617876717 0.939743869397280 0.197627184315617 0.347145326876947 
0.774281293902925 0.018742398831509 0.681874660164638 0.086300834738954 0.490823042414624 
0.838910833757335 0.952042284819467 0.254040957668872 0.734817362903903 0.760005218752301 
0.001513010853023 0.758010461117450 0.963232080857512 0.427380506744852 0.068853734217335 

1000 outputs of genrand64_res53()
0.614559146347138 0.951347570531097 0.389842551638659 0.609728518684235 0.919415216243808 
0.545650358317803 0.211375964244988 0.657022339245815 0.689917901770227 0.223876941117723 
0.405751519819467 0.939860856444484 0.826637566481744 0.305788013275045 0.268852509506154 
0.655275587472470 0.070706952685660 0.993953396739328 0.741123950500637 0.921516773347504 
0.137711531567522 0.346803291472332 0.858525119770079 0.752185269125750 0.937276866953338 
0.604348044577695 0.949573697195257 0.612023017850777 0.568911359792432 0.012834368302719 
0.957238990967272 0.661479332746909 0.903985006565915 0.799945819054563 0.307539104122285 
0.233495983365540 0.133455157339734 0.826728740688857 0.792914404993227 0.917525027182045 
0.655546194576156 0.386982682161658 0.812272733418357 0.849076150602731 0.468430596449671 
0.008046764695702 0.713675179493435 0.618057731827123 0.659012330824239 0.379890332764427 
0.731150362859120 0.812070217167384 0.309958373178612 0.864327013535740 0.287887799407390 
0.711323933068569 0.819796845472498 0.883081492478619 0.448096886066341 0.000196023826470 
0.685644646212201 0.962785534742992 0.036469922056524 0.205852555749735 0.437528586579728 
0.604155800885416 0.011040032887655 0.682470052311435 0.212863936555351 0.723598864699192 
0.182894014217615 0.502378987438427 0.095146789441933 0.549787611562754 0.410669006862513 
0.334018062406835 0.879173808833604 0.485583446195221 0.095441329466788 0.423290424938672 
0.280801983849857 0.774954305481904 0.054934336710309 0.910752678826347 0.698531660758130 
0.572117375308726 0.958660181833280 0.808256045731222 0.737679269200451 0.984262761441405 
0.737518635171067 0.590876609448376 0.768536249333988 0.757405255010561 0.001603111299226 
0.137884268383561 0.586658493855321 0.331600581347354 0.795706362990601 0.213689391048373 
0.238640305844390 0.916891424739674 0.269474439415814 0.774742640248216 0.931207746273943 
0.094337210105262 0.462254582900107 0.192865023844423 0.269215652089463 0.374707243002088 
0.949993535189363 0.692435882158282 0.211069396273178 0.373096288881412 0.935770527013856 
0.307562416922254 0.968695003162154 0.132630083161933 0.265141662084959 0.514729686551592 
0.982012185559588 0.034504604872651 0.493276999287484 0.627043763122296 0.913314374659647 
0.936884438513349 0.873143555689490 0.857568641990214 0.931944945625401 0.559808334527458 
0.868143621792385 0.446560253532214 0.592341072587695 0.198329891278323 0.677919097194030 
0.486063113576567 0.048681582511886 0.114211430533202 0.149987231888744 0.916364408677377 
0.426319963267099 0.544685722723304 0.880623206968481 0.373409618538983 0.421136362507624 
0.985984601940263 0.240271031187391 0.937495519288249 0.033213510790803 0.366666682378761 
0.259063384848255 0.472207446924128 0.938434542596048 0.543667144394053 0.410146386270971 
0.963284866189033 0.710506414896491 0.916306585530105 0.002505238022356 0.293646335455042 
0.695100459230704 0.026446203332008 0.842349711409174 0.656708347334546 0.575888129622883 
0.749752091591376 0.592978912729944 0.472630390236250 0.325117657498912 0.357302558069178 
0.292929051725576 0.828590850366154 0.245008899587606 0.979932329985745 0.567427126005331 
0.751236043203433 0.821794682386442 0.148332556234717 0.674093816045914 0.315839256084749 
0.600027278609993 0.572028830891875 0.689439674332488 0.841906264527531 0.634596498010928 
0.901460093503488 0.742487591567903 0.126538327356585 0.048743107107139 0.943660010190315 
0.883780680847443 0.487163997543643 0.978642386710731 0.156587859136006 0.167768996001682 
0.777301396321568 0.342683772935868 0.358670074569233 0.312472934377667 0.714374534354951 
0.332439877814602 0.274653275122138 0.512333807825832 0.717754337218882 0.373593571533030 
0.064811866257206 0.957072400773241 0.411565779035077 0.169666367513205 0.273696900904253 
0.617522262800510 0.312444437352587 0.431132676358442 0.896047646660103 0.639859118856760 
0.251672352859369 0.586791632633839 0.085679347795158 0.944930343221084 0.403211349952082 
0.382710132240261 0.513478742971502 0.083999830684653 0.125059295124703 0.021502190341312 
0.150227242206544 0.540081855649509 0.901012783525313 0.920935550423630 0.467349571623362 
0.383631273299625 0.498896285020077 0.063337705859455 0.119268189643805 0.429787179468459 
0.529105371214209 0.475567928531061 0.729653925104549 0.071093196326854 0.899856859866445 
0.886539996234192 0.873826744548986 0.725287175054075 0.439448944170081 0.605975534680162 
0.317963927187820 0.206208816632442 0.164919307804865 0.316755868840674 0.592239166411743 
0.756432879547338 0.178192937218479 0.145998170893840 0.690510888592871 0.506390816389435 
0.083540987123141 0.850784136825039 0.371194323613226 0.375310704059579 0.137954421650593 
0.407374200770384 0.006097166148465 0.613167241663300 0.454669278640805 0.325807385291440 
0.402920788915800 0.840623004447031 0.507242489993071 0.212843984120823 0.327361507951212 
0.686960237471882 0.577258714692851 0.020405492690410 0.945226323159201 0.649076435334201 
0.368195817677138 0.935365961284333 0.404327957702933 0.421445086079682 0.442737709886114 
0.598930059939966 0.888773441599348 0.151602763213405 0.471276203925646 0.643444541163239 
0.860069231165508 0.564437882734430 0.544964890329202 0.757154253482960 0.116950537535421 
0.800442721037804 0.079930354002662 0.276319552273296 0.703952117264579 0.604403443514149 
0.340688913329039 0.007353475220213 0.972568486761693 0.320960927335565 0.014209742145264 
0.464722879316883 0.607999449954447 0.126207868769210 0.571397452824731 0.927960766736736 
0.821172909379001 0.614377518691589 0.587758853159875 0.097248741720796 0.130210492854709 
0.408810480148313 0.166947226550443 0.167591824336849 0.570153906970321 0.747274700409595 
0.682442321402515 0.736253080490325 0.051039374807555 0.254531205833365 0.948674990157928 
0.356539454253112 0.490131620028154 0.333423347196689 0.650587364146704 0.098069564593077 
0.047242145415014 0.965509496663001 0.780481361461274 0.744607268386051 0.822010386682108 
0.529477551121338 0.150207052686700 0.448030527974469 0.347583695032688 0.744006072178485 
0.902367947221173 0.293316935407806 0.917035377376145 0.514549071223002 0.830026492171612 
0.482760683174861 0.490692021242617 0.968984489377355 0.925190889007894 0.161487241259245 
0.495024494410908 0.742700361638898 0.777765413843762 0.316005567437562 0.576595591279449 
0.191943525089806 0.395633420516592 0.466877450141413 0.604077694477677 0.373896382862035 
0.858562854323237 0.551185818258145 0.564129969600576 0.496822131873169 0.664404289582572 
0.798320301422336 0.121092969660956 0.501681911129074 0.673685169455706 0.851219749291807 
0.873951605150080 0.577469970539977 0.953467182849621 0.667989580946343 0.807599340905944 
0.123506146896860 0.216667648258677 0.973810682627637 0.191786764472428 0.444597516063306 
0.597775729161421 0.125911402168763 0.812641644367052 0.698927002430571 0.324266631137260 
0.672185979032585 0.031338850390256 0.161751258078417 0.353981815057150 0.984763506820810 
0.147768814001944 0.330091390947259 0.928410533863654 0.281757622621505 0.554917802599685 
0.150410262011633 0.495203160201028 0.486932975580863 0.649443638550756 0.333957784709896 
0.902775286897665 0.454527292186013 0.227540481779207 0.015693015673992 0.057800076917460 
0.367542894774126 0.294965787970151 0.968729091816624 0.901146351189483 0.663265837216118 
0.541387598356630 0.118824080423520 0.136816732293667 0.567549595652776 0.412411216634028 
0.718318877238742 0.731868461007938 0.263081013643957 0.359059086191731 0.602212614318242 
0.601261370047826 0.826695381566501 0.012207604925853 0.375140004430727 0.846053250742120 
0.038230686869537 0.717751535850271 0.598216849636680 0.460342209002466 0.361769076233926 
0.556445627823156 0.406106467280626 0.919459004901918 0.907748819273232 0.770491187574035 
0.258795630008475 0.318610484478812 0.219416431642188 0.305507416063766 0.370597029748054 
0.699717059931396 0.445464368110662 0.723401714277741 0.006897411125861 0.073101967617611 
0.419579865649264 0.303540992088579 0.983022112094110 0.155598461715228 0.199762927607304 
0.484532286520395 0.904636996328334 0.022365241497153 0.428152505791754 0.891310174462994 
0.151758147888317 0.308451365828528 0.254176315321594 0.725737172221792 0.271412071830356 
0.512820313740945 0.184577902282168 0.693829836507597 0.445215915358350 0.496663520746266 
0.657641535882252 0.032559998425097 0.478767068854944 0.604797379514196 0.080793196508405 
0.585551842915323 0.367789463612373 0.648537154853736 0.884142153027039 0.653688959876745 
0.164798415924575 0.471289631437917 0.218748731398916 0.220808004181971 0.656140956771299 
0.167336809212359 0.134836541423830 0.852433575288720 0.580215160232597 0.389511123267756 
0.653688222196352 0.694632942307093 0.804496245774503 0.233763499075872 0.358612748311494 
0.027485511549154 0.779111184302395 0.962491541406032 0.255518245180330 0.158711507548373 
0.356987201008493 0.586721648429386 0.210050257614383 0.337919358027183 0.430314356072199 
0.967199681601666 0.022474442794989 0.195616462083793 0.506161508034035 0.473298006806331 
0.758288244871449 0.471530539253886 0.493710903560637 0.249077674682322 0.952899836395924 
0.327511436644283 0.052882047378220 0.005728700989715 0.918586971584126 0.050689617386650 
0.900396443985491 0.761793728282331 0.961608969325877 0.220710796130834 0.490080810854761 
0.338030057150621 0.748462043664842 0.042821319837953 0.678146052104166 0.291979035107689 
0.861111959085411 0.610238883476868 0.908297484736115 0.867727571252557 0.819133419835755 
0.004259921564561 0.440739144369908 0.607863475826332 0.395940542998340 0.531555922571516 
0.949915649815381 0.964716813162796 0.938103214258052 0.346659785739001 0.692379394815794 
0.856183434003436 0.893334193618238 0.870413554961794 0.929016129981323 0.720427294369590 
0.339849304879900 0.378914657889068 0.130474625510733 0.387454660247584 0.185421111888108 
0.787110254988825 0.156415037039329 0.577135168487433 0.308306689711282 0.684593468110182 
0.796433892854994 0.432227945844494 0.175898286319885 0.283053904783508 0.554520823396685 
0.017090925902116 0.156605050135980 0.408420530808395 0.875165838860067 0.448909024495767 
0.803056907801898 0.070511449617000 0.290322734408237 0.432611156922017 0.650653114649237 
0.016998798036740 0.667733541642656 0.784874746779928 0.598381534752342 0.601186854254754 
0.170561902011957 0.516145181354842 0.672737446541432 0.481442120138061 0.035333953558321 
0.997334211950750 0.923621641117889 0.059432031163687 0.582871953011708 0.332537892600691 
0.322720896308253 0.140578318608081 0.218979886429690 0.118592223623661 0.742980335529438 
0.020255646776689 0.974598339916907 0.462425987670379 0.466082623951446 0.436187471752964 
0.985146696705143 0.625723713393102 0.060469930790592 0.541145033637132 0.274835930939007 
0.887296507944614 0.393087055211298 0.885754027949209 0.636873043545780 0.000059286154054 
0.631899137247378 0.819255154673431 0.927532083983347 0.925493459330355 0.511010835595834 
0.061661311885073 0.138387977780853 0.838393498236999 0.884603850713930 0.638437879867012 
0.960289752486061 0.576699914258382 0.852332854499680 0.473019171105078 0.300041015167089 
0.147392021106045 0.171575647752948 0.674072305923317 0.167523907170386 0.240382678641778 
0.581897553619449 0.827535761241545 0.860634545165343 0.436508963117571 0.020062673968260 
0.042637695838930 0.392841723989465 0.341062765684727 0.685686044854231 0.538866269018994 
0.396501502207712 0.438376149356778 0.357201015758591 0.883908205190272 0.092513477891395 
0.999594805027391 0.602754523126919 0.738970229417329 0.232204257538662 0.597623573167029 
0.691931099891604 0.319504580799232 0.260759520383383 0.917587492541655 0.454281898676181 
0.067626877455673 0.861435551626576 0.456724285952949 0.365862808565369 0.111580737604881 
0.566900366324794 0.771697641833799 0.430799079848338 0.008431887244057 0.744128114090740 
0.690356967830586 0.948439809061632 0.748093640138592 0.924513165068317 0.546036217464754 
0.417313717142115 0.110859618316042 0.578530434473742 0.527303718354994 0.855085250793274 
0.793760776123718 0.425706045088893 0.644435485034729 0.707038166946985 0.581727676823136 
0.785156424945731 0.108843879331913 0.830048976949139 0.662106229429213 0.139196378441306 
0.331153613483245 0.857942884792311 0.239711547629061 0.659132507766834 0.896856674213570 
0.018157562339377 0.346294671734150 0.447378564356668 0.521818796581459 0.849054671213448 
0.354480283197536 0.455575157731430 0.050124647084514 0.672226099077138 0.687021474059512 
0.311741643653350 0.758318627619927 0.912575489045550 0.536268268678065 0.598214128731665 
0.130802970244370 0.399480634279311 0.304055416940781 0.908250600669592 0.389016684389355 
0.899459385904265 0.831079628125887 0.249022265062693 0.787002302487402 0.914839334722890 
0.953722400636933 0.192696519528953 0.037481379986834 0.586011212543430 0.856013089922405 
0.650607322171269 0.176032758872096 0.080803073153621 0.043451004840854 0.799296448115970 
0.337833478724145 0.875485373571282 0.260603112440885 0.824976973545435 0.044500222120333 
0.486368042180523 0.861580964210139 0.599744559112347 0.571817189406976 0.159554137250777 
0.768616665916914 0.125266504313571 0.080157935634699 0.180093784823187 0.863223899403429 
0.744077773091189 0.395648534542127 0.014419049669326 0.524285888271479 0.970864242400370 
0.368775073264598 0.199154487165263 0.301178139407712 0.781906404202173 0.691486379261646 
0.191805238012230 0.456541849850453 0.021404421587397 0.249342878903229 0.119349788159323 
0.514335163221055 0.385297481174889 0.413280162271195 0.650181281246430 0.023423960156402 
0.757639060728163 0.249217144127269 0.031473802690450 0.178469347854445 0.355835701834210 
0.186642843411294 0.848351887633100 0.294819203521455 0.707543673473405 0.717567802773860 
0.300747720960129 0.716666564266636 0.147773505918535 0.901467850945085 0.849082604752470 
0.069838939100021 0.694152250128788 0.511609900295706 0.496384177475719 0.323357460478516 
0.915492409765450 0.917617104672573 0.731804499010235 0.477620355314275 0.926066457681136 
0.756579644483678 0.687101519798170 0.414245616561190 0.080441654925460 0.645129123467797 
0.691159996962913 0.146840671778721 0.607993351643739 0.775308069115891 0.201638149669478 
0.009111032713947 0.659686025434208 0.575075818780517 0.233647505512194 0.360560896643497 
0.822075311611827 0.207605420459815 0.985533456047541 0.960657189723688 0.717087393432078 
0.736383541946890 0.467735655246237 0.161812248230438 0.498938889184057 0.761636450698826 
0.125279621259954 0.905035073217539 0.931151040695922 0.495083056959421 0.935514750129561 
0.318558325462441 0.684607844440455 0.622414756183866 0.757634662345974 0.010324588719351 
0.224827191662166 0.435803831396158 0.171371125380452 0.543681171744337 0.181773712727771 
0.216196346337248 0.263882063663915 0.040789500281126 0.687104205514812 0.414625176043643 
0.235741523630885 0.872969859266504 0.857575088987682 0.832823476532506 0.383477825090032 
0.953947162689095 0.630582337571052 0.479658858014793 0.019243565241451 0.392276137486578 
0.932491252556891 0.517809147058016 0.024947313281935 0.081884249482890 0.202288842426036 
0.980217292262326 0.247681609635171 0.531709199779197 0.068198573543166 0.452867919532939 
0.322033789346531 0.981899722423585 0.895776180900760 0.774257898897941 0.197944680649854 
0.160308059890921 0.109948326291944 0.143078009255103 0.049485434415789 0.763832678906520 
0.876821631461322 0.994131296432396 0.268405759678085 0.948329238724737 0.015140451375234 
0.018005769145634 0.995087066696468 0.465045301971926 0.514928714388160 0.706785514328535 
0.110230774967415 0.886432303554641 0.200424919190974 0.769162040811941 0.595737559347457 
0.640916603045305 0.873665178576526 0.518007042711331 0.366080250587085 0.939836596541950 
0.122670237274410 0.235122406305050 0.524677276282876 0.650658338756699 0.647126897028435 
0.112440193763459 0.101236334551168 0.181197093914572 0.939625667161785 0.808822468893913 
0.441966990006831 0.203089927994377 0.215804038779035 0.850443673567997 0.766863390813372 
0.300297027238446 0.935888282901240 0.069812829881050 0.901630480633528 0.718905095537994 
0.349311648654275 0.953901068312568 0.864741239761946 0.841050019600496 0.743341573624104 
0.237943592422553 0.813136959685073 0.169455403112134 0.674729309163697 0.031635829923181 
0.944441631799011 0.000847946968255 0.630984117906528 0.083816249259525 0.943877316433263 
0.890603794772470 0.141785005991191 0.154057209798858 0.191754646435806 0.357414508271921 
0.509163682419005 0.197671396611200 0.042746652011826 0.298582492127133 0.880603141841929 
0.956549198583589 0.001034161205236 0.637803707627248 0.670538544537514 0.061404586941318 
0.111515381938120 0.157994028768303 0.884103197823701 0.017372681009442 0.068045526476159 
0.742322819576515 0.199364645700076 0.191028391374143 0.127307533655920 0.423283715315859 
0.273149929073164 0.342666281652610 0.299800044242446 0.634077370000997 0.790647671118046 
0.357056273546098 0.585305075015326 0.296872082073536 0.494609935600442 0.859129797552334 
0.720807790103282 0.869772753097322 0.525327774507051 0.236520535902769 0.361572080573495 
0.369517670836194 0.316528104160786 0.756338024337351 0.987533105584001 0.591773322604062 
0.490175978838554 0.064306088069882 0.745152550197224 0.294909719270317 0.045891853425338 
0.258737978093992 0.881640650857069 0.731213145966229 0.057732684755688 0.199490155329791 
0.315606533464148 0.520079172105193 0.478272899964552 0.295995764182432 0.262219145318791 
0.793473983008998 0.815407529249927 0.923029301668400 0.410612549237426 0.557125956443410 
0.367357514607322 0.960894671226268 0.395153122113847 0.015074049053190 0.131528702239834 
0.976587623363930 0.466817465284746 0.398838510846068 0.072655000949389 0.035264112873259 
0.799200912502255 0.840083037511883 0.124603925977418 0.194309470929495 0.025452598780069 
0.190847060530296 0.713495771523075 0.626543805857305 0.168448914203304 0.057487738366894 
0.052877429486196 0.730615412904803 0.977904912293018 0.622141969808155 0.331383870805524 
0.689623133129126 0.341242752967523 0.300174966229963 0.165079049890865 0.896967980913261 
