1000 outputs of genrand64_int64()
14567931492842958918 16931530543475229310 11971394249160590354  3204809616169993928 10472627469265910515 
12228993427024493176 10082623337709799510 18316942577279372742  2283600906069970908 16078031172307194509 
13135741367062837919 10686404456377977070  4280980693477864393  3423977649684726345  6122286431108378701 
 3925508489291339889 17007116396295776767 10856961098597177543  5346475840730533985  8460061425130926713 
 7792562817963623531  2033092164633118919 16811311876946411272  7571451860517754363  9045382537163920320 
16621664345587581184 16786364179246758207 12271847928213935417 11566254557915451904 17826462539445564885 
 1214658225843084813  4305964706470148725  9029278561240723173 11214786626723711798 16117180524468207064 
10222778820671664586   768960290625352533 13312105365895825859  5289543438271952197  3259292340060166501 
13401426437829025955  2934234865469665022   150511477337175065 11538235371050422112 17003826701378479261 
    6683780902616961  1194050930929824396  5947025624130152749 16087230317851342198  1800610055947086264 
  199278418211769376  6378323038941035384  8908933772040326943  5751954242115068742   859753967692129222 
12837068433849817775 12325089558115324522  2370661724513742104 12167525337445826202  6292047275228618896 
12818513127666844156  4948434278851579145  2810180733438742167    78892812767533145 15676536140713951894 
16371511517071080483  1630483592627534779 16541901262969708017  3304357103138885878  2464732655297888046 
 5434554004006006994 12629968644724061793 15436265738254220625 10799771859607349048  1399801527783567744 
17118977156040375416  8220724643243916439 17123925053125755798   414577335187087357  4261545361296925597 
 6211575320433504258 12901328108877129159 14448725453762159612  2266859314039364922 12612369703864533872 
 3891527187849780778 11299147741713780655  4319423941590923225 16765203912981758142  6056639317183698700 
18278080448949670031  4638551995555772110  4258656916338332945 17819442788552452334  2369502105071031586 
 1774475464245133401  5434145063297681076   789442300083327170 16427160139786289851   476846726243069716 
12185927438693582350   779542874381936685  5637596501208789273  1280667601269073252  3115652802068240111 
 5394068262435073377 17012643150067677245 11534758694347025534  4324362813062353133  8745476056943168428 
 2308613664013987824 11493057233955016891  6861925732287959267 14490161870560460049  1777579852574348853 
 8085826994042029241  9771229751235130584  3412323621062172852  6400538167216919369    18349571311734955 
 4825376351961850947  6017150052536426041  6914747927869350014  2791218291791749145  9562888363256280705 
17287413998181904619  9771063114210391972  3862209598430621192 15371238410314055263  1987260390564516618 
 7700983050354608277  9028818873146283877 11505908431796455456 12498589349794281742 14986379798289093052 
 5546533498054887858 11405097612988198321 14993856421820027528  3509402912777167118 12896224364427017902 
 8982837162503166018 13205364484500357725  8772316269497466089  1190193477741489754  2655052601914369627 
 6760956589144383406 14245719397467657465 14193418483732726785  2628765775360793708  6302330643834748360 
15051846941403751134  1172475006453545669  2561373770855537761   505909611294847135  9659970932848401046 
14472159471153673165  5947847557696697952  2974353393370913310  1968000774998425571 12816802843097124370 
16059647227005103057  6990590245676393572 14279863232066419994 11777199791235323236  2418153505527530252 
16024039857886206737  6340642089073379158  1273631720031326406 10221134448342732143 11786922960572584742 
  331975547926509000 10767900759971259029 11809889225336638774 12104797871420244344  8598899116062235065 
 1984093090307088248  9410527594722970215  7782689086582446930  7660282753895678078 13647211158042024908 
 1249699192083422140 18407645500785539252  1031501404885656191 16420700849208838376  3006348079139060932 
 2647655997206421456 14357251546884134282  7205657556971426191 11612042884156629804  2702586999744485734 
17886350639373074443  7477903770386846080  6926152208566014067 15968332420534089015  4046038946366993023 
12177672362072798088  3093455702579944271  5235315409679687889   298392467033796815 16789047766294197422 
15135708186471692165  2299029979515062339  9078871623274891883 12726298359596560014  5316256293385738147 
 8999601960338583788  1982085524635974955  5886875306637972982 11610374445646769782 12605176063380320141 
  851309936311262505 15353795503804839050  2546882316930466663 18320091035317015167  3195142464653095934 
  886491262199038078  8713960453473996447  8324434762840157001  8681275275860100681 10631834606277383332 
11163241934426611549  4906231715968178533 18314558631078662250 11883791610053272031 15995105718825922008 
 9363221496507012701  2138571586549868455  9560403613200371922  7404204053203191696 13409842609355473082 
 8476220310338747384  9984601077824971798  2625997393040625833 11914207840915382786  6499620564998669093 
12451668128158050351 12945416135150456778   438785103263736549  3640986542919260852   230066141547953559 
   88894211505956150 15484824963513689179  1556725148598989213 16023643530525406001 13236236953550260220 
 4113276598209986906 15545323064774716889  5629911770870990457  5033684067067697343  1504795521305907715 
15015142202135384166 10112269078931236848 18321693372040499634 16331574743988226056 10279253933074929327 
 2837582968135728622  4610684916419951482 11650081889892212210  1587393727437056937  4413028102313703960 
 6142924969471252688 11471822329386634232 15172555831593954604 14064256121762515643 10384040628638723866 
14139333684158172872 17614611679222680869  9556459639879317996  4979710950673797186  7123403964850687690 
 2427553139877613570 14163592747277620469  9506367795549035501 10060770673798685873 10831113983724383217 
  575369612136003493   274200841898733049  7817215420765709500 10091196469303682651 17406416754899957698 
 8868857919003844095  8343922937826425770  3116618454435864183 12399071767111193810 17562826642330676204 
 3705760336125758209  2943708345306168354 12941286267478588151  5281385820833185997  6906962688434597364 
13548521290117050913   317792945882500543 12076784476663503936 11888637980678135737 17108100659475741564 
 5893902719816280265  9957197456437596760 13247380766726500832 18056989841266350130  8001873971842571325 
 6794277031650235877  9535131741590086869 15807023593852940367  9335055681910157881 16410656261135015312 
 1883938816445929899 13731705254378223915  1899468870453780779  5012329725461541666  8623317733495529451 
 6402871135459012018  6837566232950207545  6771009395193078302  6640759142146199717 14351477855800521107 
16965914202027933579 15476611899496407345 10445152366703203908 11067452354970998659  9356521688707967521 
 4062658705021144450  5904373769822056747 17752484820022590761  6782850011857446526 17396475966728720389 
 4970431890127488582 17522135556400294655 10876310658402530605 16283847120559480062 14702947574259848060 
 7455119309984468438 14236993195102949446  9731720517681830127 17595507293191370255  3765867883746155180 
 8448824677237238081  5574079407202231918  1760658718463054505 15683581728037607928  6791319285346256688 
   70470044235831300 12826001204716829553 10965106824022272001  3131257979493538826  3949851760320353671 
 5250631371766937020  8741151806210158409  7899532781642480936  9952024063505466573  5359015655626554435 
 6306987636088117125  2084550293791900172 16952598405872407379 14248636978944746372  6938900073585184038 
 9995840224401391638  8411543461747401191 16357034658719161014   828061245472310131  8931275062176750069 
13201932322283700951 12579836022745163979  1980710971700272556 13565688411200219379 13840042080467902209 
 4692617832129765640  8546415143254453817 11062781720776378926    80047920077465475 12897705832176343546 
 2065322812348667331  9471554025775078244  7003687373379370634 11279469409837750164  1104934195259013287 
10878182566692925967   327042637044229904  4784860588032024724  8367417889804019522 10412982382833773210 
 9432200584500939229 14233315540364115879 15093693823906799158 10528013898670205541  8561178482319200054 
16106103099893500398  1019689598984815851 10703409786366695515  9948835300869598593  1871232339976223886 
16025958774719573075  3353435700692085238   847207046174961819  5551055594442198825 15201190353567634327 
  454473325166345068  9707222746106573234 12717730010624822256  7383670087727606358  2959312661159352711 
15074355198694730356  7798894464034391705  8567548827221621720 16862873755972681223  2700989856355493862 
16375715532111885098 13710131159556574268  5922640809603434701 17242905160581975752 15283836344170036264 
 8479358725270889171  9873917346055507885 11816273408974054622 10745765340767816813 14795501261396298397 
 4600120109493349146   786309636437020831 15708733889019042042 15655424741626385494  4679865857447086931 
12776512997872678212  4851003947817486350    81449787118364730  4662665234632842708  7483006760333015477 
 7354332382627113624 14906617216866942784  1746870049199347391 17423730395277215775 10664345172144405945 
13722740159125787898  9469065434317977829  3710305421449990917 15163346606746484236  1243517385338051554 
 6945178326051788615  3197239686708525829 10078570820132007629   404772340446273372  7618560324647901123 
  936136889686568233 17688078912258788879  4894968885487619297 15491157291487320455  8817615871359581349 
  103372787809575061 10919100400450243111 13882550864275329549  4688579895810138245 14593207405812480076 
14998091766656114618  1664209018657329846 16191311135090824539 17834921998695108362 14909074659210491657 
14077749539099057664 13306847184901085067 15580233291546747450 15328941048510430564  7748130195016253863 
17199294338944025671 11641676046478029529 12083791031063692691 16102915665534669837 16036218443527058813 
 1881598256265100760 12767735834097473214 17790431553120031231 12345410042826748863 10311023333548290994 
17765465641456094197 10913287551573506046 14428133211789157641  7284380356614539088  1348094451141944796 
14117034123764123640 16702424334085304623  3577346533864565883 13273350524802518228  3612015563228169683 
 4909291993849645969 18132252331945998455  1612482560950243521  1541854035825244838  1901934777028564366 
16252094443634645648 16349923284037464041  5486015750942407276  8505774042413070473 14055361361708882798 
10450700404119589083  1060296783071829106  8852687730791347419   683690719761145863 18106256477791678193 
 5010710078929952975 16848737823384688088  9741252396811505791    34756696277882314 15113251062910877682 
 4338506351889234863 12105289748923366696 13353555672920579595 17053891500147954364  5360208027542389857 
 5725833259939864933  6449211253174312612  2415420547222643571 17862199599712579486  5773599917152466384 
17078763847593089543 18438375433458263043 13715501542144237378  3700810569034499673 17330644677166319542 
 6759039626307111876  4605084911336054331  7235786476362448860   983481958172617762  5055528600461103966 
  384598317503621750  2694857272771870508 15187822905763755504 11430196053663905641 18089680965886301193 
  207073643601964599  7809039060613919455 11877598114226316937  1457618304397022222 18371472939154407570 
10240499824694544751  4430665108637371288 10815816382047329465  3675917799650589875  7427911855276374863 
13608223782130452513 16405322088518197588 16595965375415100610 17763736531970546897 11387418633168377442 
 7677359078906045823  1882936487605313824  7429504605069027335   664607670867290892 16738116950102419575 
  242904224117268843 17471226491018294466  4189330010520534640  3783428508752760471 14430777885668348645 
  174182126958194995  5654337624204784604  1880315740657619704 16154567747006837344 17789856905538532466 
 4720377054830524075  1809919936795617336 11140533229439242769  2177757127512273369 17806847479033730226 
16117541857290385554  8437745568915516158 14208302845613007506  3490726925976671085  5545236220563111232 
17976209256859297431  5931098056754050974 10670910994992667583  3995141100447599628  3401078796605628547 
14233783598231773981 14710766962614702279 18233476091679837293  8888029159497799159  2237328569737299597 
 6934344340081223567 16042908008303597876  1245506049044519114 10728922077852044355 16214362354436681160 
 3185536702098960996 15642082838543681947  4176249739261769557  1074429224818640299 15410835117890852998 
14913302302125638477  5305708609053599612 17570069154674403089   106638578044548597  8583392590789719228 
 7127746639724726293 11036798498226751291 11553966611540267987 16365124544200972945 10935267473992609250 
 2508323729994102484 16017027851242493270 12682459344998483395  8584246100601718999  7300375851291218796 
 1876150783111635366  7123328683109614209  8054631022543716790 17534649703043712135  6372893754937460500 
14368716668546074949 11559618137800088775   272245629108686183 14342310378976129415 18099663448679667412 
 5381665481401157848  7483536937393627954 13649459143123782836  2981500572877897518 15968337866323783994 
  840289777748644998  7857532204664382855 13625829065729627789 16770575295148224901  4487776325255045651 
16576437941441538474  4971348022544185164   301882759228091452 12793795760316089322 11745491964668613753 
 7506425610601381681 17981080855991286398  2975023984659674634 16363439694188066867  7760612416207152617 
13869861626895213921    44877199229904554 13637909098161825025 11662947856239641686 14068555997394565248 
  385865888749626918 14772790032166729369  3615081641561922562  3531030796588568067  6915854039649371112 
16931900386144195715 18096234224425454642  1887580666862681506 13026217918225562861  9984505440561378417 
 8645515873239879345  8517874890571500703  2002569462432831273 13474912958522919836  3399767002399534592 
15887818698213847306 17733640960267518459 13602563447656177949  9917170596927770432  2146835262342044432 
  967780551281246557   813744729324060885  5357490166200754088 12139569088424863257  6076243119771072932 
 2203447476904487296  9914362522872183183 10096089728387957931  1763243715708142075 11639009020406760109 
11839830502248502739  8762294987795018913  3639360395556806735 12621344578562554339 11331278018073706355 
 2694141743762183819 11913866988625597604  5809310796027382212  3162540720734574058  5070885346910077985 
 5564769900556676594 14420311184075959539 11350066834947734977  2089490788009102430 17460126943983608299 
14009263881099300513 17046975469903524237  9248732760715828574 11065415478002064894  8110859792625805602 
14442017945412060439   909527767827948577  7767035706374130987  5688316979291283829  4846339711342172364 
13354779340027691612  1366900497296577169  4361273332480426899  8950702735219565967 10810585381247996845 
12212032777941677254 12374897431214028923  3717303543344885884  5846103531037098727 13823247524502553979 
11942544111488391907  8379922557566867088  8123682229858924293 10315036835471992062 16189068920836194212 
14567011622829729836  7759609166367599232  2589027218194667419 18407810558473404326  8247120006641986773 
 1270953037267046454  7394122627610381833 12765550376384694611  7276185586344476749 15670655287927721789 
 2814699897552407159  7608993145697678838  2957471886087993001  7096438740076953036 16049690913967723339 
11174507500832912977 18106066185878485099  3411810540589195871 15398352912173856614  2790052427107279008 
  352066709925632054 11961739515367449919  3506666477427097355 11219218093044396062 17819657247578706461 
11561334383622609669  9536065244091778579  6610872970737513643 17643416765246291315 11633114777283025572 
10192767431115405120 13078942760904144710 11840573370578577866 12895248962999806014  2394585048349278315 
11623139453405588557  6231785427425990661 11668741347782466468 12355007086781315770  8863250241525811586 
18191096377659536708 14279407101080292196  3999916465156245095 10658642226506008645 12519583341798777418 
 1271451902632085841  8527507802545093432  6885299108575920324  9646898045841732764  7899601193854980225 
12467964527365097361 16268610433681446896  8719546600874286564 10426560201508843051  9833203262260777440 
 2259619892533949417 17090633453754722182 15139655545973558670 17224038022561641741  4893489502391981032 
 2669842964734161344   193492445132047686  6439908185338535991 17668202271164196102 13468295754659936536 
 7752760333390859730 10340271919531656556 15773687478916140073  9315555920826979823  1799959037565916042 
 2449588431667694553  4171342682053922558 14422793079819244537  6252579274778636463 12417096245100401295 
 7891421349970100030 12498549137475932130  2526051652615979149 13467133317471233008   600871533387433509 
16740448440565388817 13348999343359583229  2769299735814305537  6406116587265564941 10975627645519627801 
 4148708488869450848  9372730587039725121  2019436396975744338 15173599242381760716  1185372798460134334 
12841769133342281442  2154139686042387112 12374639617090201067  7239842369078532810  8226852752363352435 
14893054476228330817  7234943145359176597 16023422203848391058   936911343230652656 14598339741992481614 
 2837550795726183623 12693782167915362310 17320939678596339696 14853003826574680356 13398707412505697440 
 5053511014815297141  1234933977365794182 13695074082055750727  8951049142188491540 15761236257913918162 
 7604403617433478241  5054104224379734082  8735826646939695716 18310314666943363038  6596091216652859695 
 8396240926326202391  8743788724845596410 13991453525925121854  3773059365605879751 16970013003380974179 
 1557271604994248155  4275899649129380037  7701162221121041147  8007606070544827812  3320862855425541805 
17907413667180011821  6067392592161032566  6527576446280225468  9157161983519603766  5132121499418711443 
17605482381939974536  9633962926662604692  3062760037963243459 17655994594191888492 15126708340657424576 
11636288274984789647  7938689208000136756  5673460560629249315 11635125501057381330  1547733909476628899 
10926179755159289213 16218408391754463409  1902110155313427452 16968066178826280633   453786183317487265 
 5751478716103966143 12598157861927238197  3309227939823171061   951502015178395235  3424685228770330926 
12216495045989397905  2747131647549725528  5804402723865035768  9223691055338364083  7496704213577784542 
 6024472144287430472  2777308512234817697 16509673382708914305  5510907019456439985  9966472608163679839 
 7356335605304888505  5227285332999654036  1598601659879272115  4900509538704839514  4168118808172457134 
16014377630666577093  7686189593707511239  6138935792287776871  2015482591640438005  2223016735982667013 
12028582483559728301 17490086154309253392  2534906383384308610    37393251222555969   192666311888847522 
 8254575621996616608  7109583092371998011 10497732859177207822 18048788361495225718  6355383930626685725 
18057051709745121025  6229276032740541630  9191222038303871377  4580307188707304790  5622592840536115647 
18271542946979291233 13526867035464480167 14146439628994842215  6351754327521947685  2702284901960409288 
12010494321139304679  3611662435513594857  1168445334552781629  2794531097449957787 14127630380006725814 
 2109675498967756349 17857734251527636852 18428334015786867943 11288133499408367960  5020746585440772872 
14807637215367883538  1044362156323885099  8722070131264751009  3682722096386713379 13745924372733464109 
12697844393385363446 11354074004960050761  2672190602349840048 12815369552386798473  8420626935438977712 
  584341610059756844 13618801058589959997  4941732537386794041  5540782506733977344  2524628315127760831 
15316784385431813955   289312517287549432   661484517192595088     2279664378691028  4109890625683546422 
17775788255905385990  6948939148180443325 11713882557171084445  5030386130508057847 17249218518371157893 
 5343887912756721333  9435623567901669427  2275568138676082145  4087030122179021822 12078727042814524499 
  675715393079907011  8109556835183710417 17155399476277400380  5552191222557293918 13839554102814842053 
11073015281480007648 17936519654120064272 10374800422052847544  3975973807923145152  1222785364516695903 
 1275381849613363700  4049332087104201217  9762829455750524870  1811867175277038075  6015552462310222580 
 4741068384900936918 16058384858116718357 13680336551208647480 15905179668402284561  9926435505261988626 
 1268066611838948091 15999070472091624378  4052962793243308869  8263415407308150150  4919488098672524546 
 6414174005935356887  7717716410477538659  7045773264491437825 18391737505133023639 13596273423534165612 
12947860860650818445 16552498264881963616 16752584695792718035 14819760437281346581 15609349564053664905 
 5135689353099488539 10998237983839052354 16056996919976133507 17980395098652518398  7933796896057246540 
 9583755707826142814  2124611481205679032 14644052088155431712 17520955573585823292 10369391274542355480 
  449115864965106492  5339238559374494772 13460633989193154627  5556623562661526254  8236081984504163030 
 1856309721929125094  9279988629457480687  5757012945336324294 13063487072911615541 17378346983002443197 
 7205000346173153905 10352847417846057009  6152201821460008235  3611901204129259972  4862481472311198705 
 5238589102909805603  7128999087228151298 18350959991576073218 17885599614429063697   616521858667420372 

1000 outputs of genrand64_res53()
0.986510706297030 0.711844090991569 0.230054157901754 0.772229569751117 0.435599529122585 
0.959822493605886 0.359462553752369 0.128050938621685 0.795436139642413 0.442140079068554 
0.052878402875248 0.494467274216521 0.500983428071253 0.586215291640038 0.900787097710641 
0.221511380288164 0.831802320175897 0.334978928735547 0.761123848087436 0.378824098134746 
0.045743230176890 0.952562230135661 0.965374391031776 0.079678779381237 0.563694472136828 
0.037301997888300 0.842986657320443 0.646531807070514 0.300378222351525 0.002347377096187 
0.921342707043880 0.386169785899930 0.179323205906833 0.349133743963230 0.871612888695438 
0.065683273574692 0.897960713725388 0.219707304629968 0.774992644017201 0.141974466043914 
0.741606552745813 0.362511215983927 0.775853945283449 0.302167687598321 0.429783630683856 
0.779636266785497 0.470928277204967 0.972156861079013 0.087789916544392 0.752594233033314 
0.995130551244982 0.018089831242854 0.326650397964541 0.799984691719276 0.575524476181558 
0.616183941113440 0.535909945100733 0.926341037234769 0.899090901811006 0.307891988825550 
0.586287362166923 0.490685249770357 0.062296832052102 0.585714057978782 0.305364703231873 
0.564954658916069 0.973632982297661 0.459223904293880 0.037639123613040 0.856503578470185 
0.080269569684093 0.870516063925594 0.017066144201208 0.441126471996656 0.053774010871702 
0.263732631827953 0.454039141691141 0.863480094641421 0.610264438604570 0.611484541375686 
0.099080077424244 0.383282472411038 0.864767841140337 0.443446764546477 0.381607669569310 
0.572603950692370 0.228724932320331 0.316138673017598 0.254558925381084 0.139376895431791 
0.618013117574639 0.921619090703439 0.506731974009276 0.482460412136874 0.171351254386724 
0.741890465415633 0.832323676595505 0.391459686819240 0.721045694614366 0.895997366995652 
0.427965172426701 0.675437298959261 0.658069141037758 0.899294934206244 0.456909988835543 
0.878092747305551 0.569327283564643 0.235385461329945 0.956614355403011 0.620929516620004 
0.823327289850526 0.902278847625003 0.899570552083663 0.329749634754988 0.971180530370666 
0.145699735023621 0.669809259649343 0.099557999322194 0.422019975567558 0.170722750197185 
0.351111937902514 0.780585743898202 0.905964778713488 0.696472023498707 0.618625888410161 
0.828727370197304 0.070098030404582 0.685145513192671 0.625621641745842 0.876071963149790 
0.622967111445738 0.465750609762767 0.398827645447854 0.948623100928118 0.139255998772371 
0.520760418397974 0.049515442505176 0.632290471072877 0.071152698442621 0.244054537947517 
0.747463318690889 0.732780433078919 0.402996382133326 0.137113808190587 0.702194440804389 
0.923515506377719 0.175117684480195 0.214142999055277 0.850503766116250 0.124444345154859 
0.418163430813841 0.525789651428174 0.912435488966356 0.405962415713505 0.253480612401291 
0.971097531271563 0.471633787468778 0.331382006327880 0.617076862958763 0.840748672527790 
0.686679913135214 0.267130078321707 0.503917105787894 0.862650229387475 0.820122119680505 
0.114708084136389 0.969493527116330 0.256526831469931 0.421878302284914 0.628392329311954 
0.179621109457019 0.346726335096242 0.452524783745531 0.335802405735208 0.892662501156406 
0.505494228386145 0.165549351830143 0.242831625154150 0.412909459965638 0.179497495450485 
0.078705528055716 0.979791936799868 0.740661169583570 0.956759782317539 0.270350040017172 
0.352170458024282 0.893854297915240 0.335893449087978 0.479922314256604 0.156020719877990 
0.053406099874611 0.612772368365522 0.171793994805953 0.143604645519961 0.698463378036704 
0.847998821052510 0.487752507087451 0.237154022765695 0.574624784366725 0.351038603909498 
0.353349033179240 0.511371140212351 0.472335232672967 0.435954447368749 0.282213958018334 
0.149677212985291 0.331002221944004 0.178623896383379 0.562805396414776 0.749494253038962 
0.366766748732937 0.129338345688699 0.568953828257800 0.893016801510460 0.330029279317101 
0.190797845999807 0.118931260226131 0.521784706452001 0.031542106459827 0.592046417627609 
0.187243767648127 0.051427721587826 0.178613089342559 0.033681995020586 0.642723517644863 
0.900592876310321 0.908480359066520 0.396583119455526 0.470976508038327 0.648792055962361 
0.216162049811191 0.151934521014000 0.596323533362788 0.464769003931305 0.146046017018637 
0.056565130298470 0.202265836664998 0.901321861625215 0.433678649621962 0.419449874584056 
0.014167766717415 0.264055751823393 0.859294752418408 0.490614595183049 0.693241267044641 
0.720887989172700 0.169123566161682 0.826433283472795 0.605292704468298 0.803843102019458 
0.256393503601789 0.513248504023836 0.676348142568254 0.075320597313217 0.784395399815739 
0.934661839427253 0.714428177250787 0.672000740209592 0.825354666635415 0.728591538441893 
0.357272566152629 0.585730154490056 0.450155990404198 0.087010056653603 0.378860087508791 
0.529397321242958 0.841755782489208 0.671385284349716 0.001168750634857 0.440000072989987 
0.585512625048416 0.579253219773502 0.531349617839362 0.232113115079306 0.096425278695608 
0.359422069897239 0.374908095376322 0.516769565704142 0.488693593621776 0.597155934809393 
0.925140664928140 0.803520344649557 0.887484933685176 0.405436374300951 0.348665175316588 
0.365128543511722 0.157148842805109 0.630107967168204 0.490835199770777 0.596145217680014 
0.029165160941679 0.635992374985591 0.004807500534146 0.605489162173598 0.870802800875574 
0.411089058653429 0.100275272516350 0.478734482666905 0.580509043463719 0.046968086095969 
0.104234345333216 0.433741948208253 0.311480366550928 0.715209493805906 0.354557401810567 
0.095572464246629 0.857289106284060 0.022283451008788 0.147909903210803 0.444189731435722 
0.136460310856138 0.436441025206991 0.901533844809877 0.446578065732372 0.056590712038838 
0.894521026098296 0.073237923642752 0.925165496639698 0.208695112918815 0.091203129163460 
0.554940689994937 0.507614221671564 0.791075369249199 0.207518881794979 0.058819811535615 
0.352619689697928 0.735304674248661 0.145046845688582 0.610671637223101 0.040463542989932 
0.535449242621492 0.039028348233064 0.682124411263971 0.865230896835430 0.457973670901511 
0.635174647088089 0.350458722639589 0.277128934750198 0.127556360176911 0.260972322925069 
0.422304157317049 0.464442539099636 0.177293023044187 0.896402668738013 0.220369004450667 
0.698947981352540 0.431721495981335 0.066328195445470 0.313627278460124 0.303928670474182 
0.213463388744012 0.194103877683499 0.601465506245152 0.130102787883636 0.810668220583156 
0.747964017027852 0.081745516879109 0.291491648064417 0.068776379562735 0.514092771362316 
0.542421455795663 0.957436700289214 0.591585482344107 0.128660586659433 0.500053040559737 
0.043546643721029 0.372723539495747 0.341662976778969 0.992261806137956 0.468909643405030 
0.001244925699244 0.883897864706158 0.077469526528245 0.060572561387014 0.458133156136753 
0.050741509653106 0.830348382578960 0.861702032038660 0.071979520889726 0.285784427702847 
0.263541244636422 0.164337521195273 0.657841275778101 0.842104817461240 0.746457376408706 
0.046033469753820 0.978086045890305 0.850866170746054 0.486480614752463 0.988695806127824 
0.014068784870902 0.606513272758066 0.301764936789856 0.839677102447922 0.883146535682592 
0.934785086218340 0.458625526571165 0.537891631533715 0.250657953728915 0.198787818206685 
0.430323337530232 0.321669441217149 0.948012972625195 0.725132492540638 0.642165337051178 
0.409229884129656 0.645609933348583 0.498380856501853 0.017677073512823 0.869276287965833 
0.011460618533598 0.990432439514245 0.101771506057957 0.564258128058538 0.914003821616374 
0.478102223307575 0.290482991789001 0.745074022941432 0.382736890594275 0.762116763185789 
0.040075679592220 0.019772517903922 0.339641959195978 0.748851557568803 0.945289854384198 
0.201572174601660 0.778517961108585 0.620125757537615 0.240375433614691 0.331412178049451 
0.424697447547884 0.312210836930765 0.112470909508493 0.591079623283468 0.021475055625750 
0.416753327569953 0.126893136495641 0.308424603743449 0.975563405688392 0.891227188869149 
0.255725501119473 0.076676459643482 0.989254636781032 0.273835916477066 0.999620488074327 
0.284067438831410 0.208353711986560 0.933721516885567 0.188693400633543 0.144091066610192 
0.409768016013782 0.619414492676642 0.482040588563589 0.604667615316926 0.256286817769608 
0.182040184184873 0.073217215345305 0.908421153990862 0.962069110832335 0.136017284332094 
0.927735536027857 0.280196113385353 0.698740113546174 0.927806217937743 0.999733886140687 
0.215609595227210 0.947269726942672 0.850617746658210 0.424254490686160 0.528060516447374 
0.629554714042814 0.811830310317975 0.832816176463029 0.646199557025675 0.335705803874698 
0.128259697622449 0.021899055283759 0.426851463849953 0.314564844187047 0.243065114543876 
0.952630133917024 0.619737170473317 0.938673921471386 0.210726470142155 0.148455967542891 
0.950926557452212 0.841006035460709 0.948743394214362 0.632103318649197 0.414951075183454 
0.870361551096686 0.394760822133963 0.453888315957223 0.134075465367244 0.287928481550356 
0.241847191426608 0.003776833123706 0.183862672417855 0.352863793393927 0.998211531055153 
0.512383207161322 0.376478869410086 0.187702076235058 0.691476513408987 0.854275957303198 
0.169198106182828 0.241893673994881 0.790438011816064 0.543502274908469 0.325658720579504 
0.343865309505692 0.543226733309634 0.833516729547290 0.303371861046026 0.294234072948602 
0.893501564780039 0.994305672594239 0.949860700856478 0.380008023801405 0.178453317487313 
0.314312732693572 0.981886525541398 0.031924596841390 0.643187165776717 0.912833855528475 
0.945757401972013 0.595292358361732 0.730081945057105 0.402130048590127 0.730009932134013 
0.390887226896131 0.023329442727501 0.326118617313561 0.779294642515132 0.990714955737122 
0.795911261144735 0.442765182584397 0.023502045730212 0.206581383396247 0.505733869228229 
0.095008134542616 0.710519790706056 0.438943661108182 0.527237124219386 0.727210085089940 
0.195608176364008 0.317571566831059 0.353719743784282 0.780094170452523 0.510147706801071 
0.374265353777067 0.237302488601950 0.098680905836461 0.297342293664270 0.506215280976850 
0.534315491700927 0.135289139851943 0.229577766029761 0.196211096664165 0.600075290923443 
0.489637868429593 0.970675194387671 0.833069761517313 0.770774429467257 0.157561382056428 
0.554701996308159 0.132122567410051 0.327576343750356 0.064828677321490 0.254517421896791 
0.126061820948415 0.865911749623043 0.495593223646601 0.592351693966092 0.592335170238599 
0.742428623534455 0.376103160546043 0.969366758316736 0.584587654576787 0.376363567189245 
0.575959494818156 0.325849146114287 0.105531196929131 0.679453100977240 0.501887138845547 
0.186083507683259 0.181225979633008 0.330572686512764 0.130270349690160 0.193155690381828 
0.243681668155594 0.624557311292624 0.281361167326730 0.668190075844685 0.720542872479850 
0.071671719661329 0.148346577196991 0.282183300076378 0.974056178922712 0.883583887299298 
0.084764705660242 0.097758369752784 0.984007635978936 0.826869079726895 0.825826711034971 
0.638859081373855 0.404829907742959 0.053642158648440 0.422328613366973 0.154981193696948 
0.949177928658768 0.067091948617550 0.408609949220789 0.862858862090996 0.367928252975984 
0.806617801636172 0.964793236877125 0.837283782788352 0.421997812037913 0.886276399200373 
0.399938109472860 0.895129024366146 0.064812347508038 0.251198518451514 0.071565688404111 
0.202102629825966 0.036935494047867 0.039081240312094 0.069589398802856 0.338602184205113 
0.792721665672490 0.083639553154791 0.915172863408136 0.635645099983084 0.983132635770315 
0.387419931931776 0.947351211915834 0.222232649053078 0.020854404071726 0.261418699995720 
0.997375119059186 0.038799675023040 0.573761933455166 0.014122189330771 0.081520486064306 
0.689807022431090 0.742981126803580 0.802467180685191 0.551427877186142 0.356352240443269 
0.807782370189407 0.188069924994824 0.766814113935470 0.141215228876871 0.710091591706503 
0.840180454421110 0.299415822485871 0.080183572871724 0.155753576552180 0.864992148581866 
0.130767826612605 0.093880515245267 0.288434962712879 0.261032838724495 0.510277259481147 
0.371190742434017 0.872014516648705 0.005523772421199 0.597655978607074 0.687531374952857 
0.364853389259904 0.847456920628055 0.109119917957152 0.183486945869588 0.512364322123173 
0.188693761482265 0.553797589802982 0.183759115960103 0.049527093025596 0.489772490627395 
0.992687912669022 0.003709033145373 0.459467030111972 0.436955401516255 0.684289077760316 
0.902347718767777 0.531236874639548 0.413828256078496 0.409185782822246 0.418408451861975 
0.206695279388759 0.686906530874050 0.244666717080486 0.550227491564807 0.819688081228480 
0.846470174467694 0.943050679929873 0.261454143315456 0.090083412865081 0.672172455398345 
0.103080320272207 0.291637285504873 0.756432414894634 0.476287118624463 0.570477759307342 
0.872043795376873 0.186759530314718 0.184887821593765 0.984619067315145 0.353848224674598 
0.299461495850565 0.906637447917445 0.534183407587659 0.751811892909067 0.773161037573640 
0.417156062095981 0.319826926701727 0.518735037473250 0.465221080954518 0.132743817508747 
0.639157715855320 0.846017233430954 0.383807604414469 0.619105963800176 0.684455359429953 
0.029858098336574 0.997667056211252 0.735529202860041 0.831592432029229 0.468611590707212 
0.610227437078455 0.842328509369759 0.367911205073237 0.984607980389401 0.118913756356831 
0.951706690720255 0.216910573743811 0.949862753114887 0.630302891748150 0.111017382148123 
0.961756778173336 0.507806291368244 0.245947474328705 0.067302119654032 0.796479486049831 
0.117636334501275 0.290762787025259 0.933341201220532 0.121257328926474 0.222041219171671 
0.513718390226554 0.369254601491803 0.961138334466924 0.590520624088941 0.762674620860055 
0.092229949722173 0.929113360327832 0.350525665707507 0.226091129032927 0.740585143819674 
0.182734817588719 0.744675397264725 0.851652218576487 0.166419395557780 0.470752016237581 
0.041530022790219 0.002511701034607 0.081965817025015 0.420817386852508 0.266015370539742 
0.085098483876727 0.634052639053932 0.223057202671214 0.080480874058098 0.854226124990667 
0.023151207723527 0.528429101037487 0.384777611093775 0.275710863366726 0.209552904705747 
0.795970830584926 0.211382032344135 0.814515980780980 0.474993537425748 0.787601888981107 
0.259769152800561 0.394398650442430 0.451744757223166 0.522365767534046 0.516212521338418 
0.129514754054949 0.213421964237798 0.085965917008912 0.715371857354196 0.875092905135163 
0.377052416723975 0.236667031105141 0.902530776341649 0.623854254972021 0.221225940744651 
0.813667402607619 0.129164730202449 0.072155730912796 0.796490326922364 0.691315207714766 
0.475137671735628 0.817628445999091 0.472887353368256 0.725117374871704 0.065183373868167 
0.512356608074149 0.765120812568237 0.524939607857397 0.930208202355091 0.987522247694808 
0.590783238997202 0.786871993749095 0.683643597379612 0.066748123483420 0.278682636674610 
0.585683976984265 0.162945090628549 0.129331065365971 0.526782617332983 0.889781470262660 
0.425543987170354 0.625721111142505 0.266149861620915 0.628560025166010 0.349113475646658 
0.367509949105375 0.273131285659740 0.207660715977529 0.764354072508136 0.016713503279481 
0.453326478126260 0.392090080280103 0.676763945530983 0.211715834528306 0.353685648934263 
0.093841426563636 0.809241330040377 0.688256577182239 0.811349751816626 0.432169745466906 
0.671572740375660 0.105047770982525 0.751911446813653 0.284442352154732 0.107509804213030 
0.436770698038455 0.484962247084441 0.244789832516026 0.445568294070953 0.431621151038017 
0.905151864380939 0.298592292039548 0.705745872811099 0.830262803379581 0.088610199983260 
0.847595501296050 0.896049136129204 0.692842735255675 0.565648456516154 0.227184630403849 
0.361682021478306 0.148738508790829 0.217708652913419 0.032771423718270 0.818479047149249 
0.587991761571194 0.958360014950262 0.265927328515759 0.832160807607628 0.603806826367076 
0.419212054535099 0.072169443764344 0.923359772103967 0.001052743458140 0.068326645236338 
0.257454281590913 0.023330821413506 0.735624908375608 0.640697836612799 0.045972076614869 
0.698143719515921 0.140613051979829 0.534485257206755 0.518717671348387 0.058795809914927 
0.792486747252270 0.844650847338739 0.455056433303392 0.829177384882296 0.486260130251303 
0.303517120084717 0.676457121112383 0.050084634292948 0.192323419615150 0.648855509923397 
0.806003233613354 0.754693915866572 0.359398171695229 0.941273781274170 0.377615360903019 
0.668478111593338 0.436944210069094 0.312672724204581 0.446186377599819 0.191127151300270 
0.260692808036675 0.416588803168777 0.582624783202429 0.020521030970440 0.881359767334438 
0.895131439826672 0.846808873703660 0.348894534710751 0.745568120604230 0.097183365293278 
0.782659624622862 0.319142635004527 0.862427967854862 0.707001682981280 0.287658819513239 
0.495775807429979 0.436970211151155 0.374328171252140 0.103365636951803 0.473514332908110 
0.711404015329535 0.634470477654879 0.653085182066422 0.487057891216495 0.193766790761760 
0.011926456315003 0.316507112985801 0.928648462761025 0.932052654381825 0.960229951838441 
0.674773695657210 0.063690062107401 0.521579624135942 0.261813264393433 0.245086239286465 
0.708239543693947 0.094610989495429 0.290397422100895 0.545814738072640 0.317137051823155 
0.667597523942729 0.281251832342226 0.659435588142642 0.813733060923960 0.457327525933722 
0.050533954290988 0.263731884784517 0.703736549236736 0.932317061280330 0.046794463769909 
0.376156512729139 0.815381360655260 0.887403558574354 0.585193784774317 0.614938862516197 
0.704196109381392 0.984756063762602 0.834557198929083 0.340101218233741 0.604108730508146 
0.587539624322270 0.027963331597971 0.975652371659437 0.474558888218898 0.543111610587529 
0.848929196499882 0.337141825288627 0.804717243014232 0.739986252291793 0.050780936033807 
0.590316614483548 0.392649540020494 0.938905951475688 0.788022387918863 0.398424199021276 
0.274890200679240 0.815432178956867 0.489314422813250 0.971239435831975 0.817227239945769 
0.230339312522761 0.793990418796716 0.515094661482870 0.905982501664588 0.597156871382219 
0.098854648189162 0.770105576705100 0.091673298827029 0.106331940472312 0.210177753773499 

jump ahead by 2^256 steps
1000 outputs of genrand64_int64()
16123374818261984605  9833238213504766742  2102255704684905699 10981041197415480129  7959162654963776096 
 4302459167380672301 10943180692360663240 14735323152547896486   147448583406597611  8195128959498814018 
 4913426069682554243 11753965874813379909 10971455314809593799  2855256556577231033 15530345639385510654 
 9918213522681164263  5265229720658881739  8446818635702094523  1057338316581964166 12085581080490441098 
 5644385827200111826 13896666235685894401 10963574078943005718  6919623251777302405  6433470493626839489 
10512835338451853197 12256192290913535844  1285854147803068386  9122011575101986858  1937015807485572698 
11963854749518106667 18069966830419616106 13687974659211112273 12705912666294911511 11401077167761807919 
  380550542152475341  7823450231411429620 15732696096201199830  3388641312906857190 15783598176600393513 
17598027218364498876 14769471053377458065  6176152962239301049 11619274916719585839 12609416836982191172 
 7548800809893622503 15720739931377972266 15871987320262790730 10890551490509232588  9174457545971096057 
 4761497532665563580  9977542967464777256 18094818558565765673 15257142065137045431  4177657821116352040 
 1157463769692986720 17481590557020403966 14842871610479859055 16696447566739578459  7360136602685467428 
16375790872522904224  5710307371542217007 12324972944495264623  5442506004729312654  6067826076497763057 
10347945116706774531 10825558231559192283  5680237205540261299 16489752372431384652 18149301212321896118 
 3083141762187893348  2189193441764140440  8535050104848864865  3796490316443735287  7223088969381257666 
13586925836844575859  8436907483659981884  6210928138912295791 12832734422680354674  1133305368847183509 
 2986410653305838753  1773303299251595062 12206301759775639150  2130204500685577642 15199262049148969224 
 4435326976871587134 16791155645538190931 12094415246224913573  6147627350127421966 16783477206329855802 
11550105841696380876 15770309685743966136 13514226566476196599  9522317959852307106 12193431614534441357 
15263872592249215785  7530221496486320438  2531729035062508062 14099173896200259913  3880664132524601077 
11570287878234523126 13552757389906273512 16811387780959722022  5083126715866636280  3961471459022841889 
 5765167163823485121  5198924875987516713 15969117236180569627 12098372995914677872  7983870094841416821 
14553860368269065344  3569532458934963835  4847909587280737432  6946962697574532569 17124805594823702926 
11483467266655927057  2606342146312876665 13849624350816787309 14353135463900720575 11975056412412957673 
15807879561421743796  1378809601283142992  3990568455837275013 16754700742479352094 17654922702756119102 
 9331779811335957722  7038808058968013528  7419104924201944848 11671711437627299325 16326868532702766634 
 8134917110499855718  9279742526738292263 10807314126839240492 18204731488388422189 14613039449569030540 
16294200311769037552  7678463200742974338 14330758724747353042  3127121619345938346 16995490274353631422 
 1976425496543790340  8789252597861548723 10853026325724954337 13533977382618137641  9073720861387046401 
16239555662074107557 10767362092888948978 15095531890848957866 15034786515333821099 16700386785297724742 
 8375554457875115136 10455860340850655727  1585615728354212758 12926265764951827036  5538608624741639364 
17198644498714956726  6343926316730742238  2726191611267225365 10368585472686615636   158815285031216275 
10033114759173649061   125912858191926228  4079324454723362228  7021081405774089439  7814994177146517020 
13436820352696210769 15319393906126134889 14854382780330419791 14197752738152822668  8364828598761312967 
 7360299815644058323  2078981437904222296 13003199209423469929  5351132043496130532  9609724648318660827 
 2525642524431981315 12145193229260823848 15614498686031957739  4677583359173358130 15820273096482561008 
 9468228826155827815 13855125939237279161  2234729990611169572 14568233369835169530 11366736075209410999 
17956228088521022979 16402482223647921085 14027521185419142289 10717622776035485932 13147085435163787222 
 3111409034609172694  7924882514253924435 10963106673118015146  1085000900536995118 13817135026597603242 
17596348674156544073 12653698924168515294  6745736184462949000  2330972265214683048 15650215065442517949 
 7357137149935121936  4728370540912867800  4543065312713079592 15988188305033131517 12578374191730214660 
15728844741559185835 11645228891357816106  5297535818835155444 13289620236158146896 12830379459145776578 
  904711731264708497 10432482798218954759   899306995575968048 12076769462400938814  2176483271538384912 
18299240102855535788 14072253454873697579  1637511879660750724 14484121096252232409 11361595508664740414 
11742959165359328111  2842378759104245916 15782910976298066574  7962513606412031530  1553545492678546605 
 3136021341410282654 15044993959779713507  8290065640884550261  7651776133700926247   675404936015523686 
 2820537783840862014  3502941712875900985  8374110377578309605 18039546135963704113  4283707933834003292 
14448832136186583564  7413545078635165362 12639593165849142865 15321378464132530422  7962120003094924863 
17952623701626967188 10668971089142032144 16509172479065254161 12979286579293498978  3164334541828118411 
 8125417426227427505 17635276036585460043 12588617220770253453 16965726393924714699  3870613362192241402 
 4565654499610819481 12732953875857363848 15608132844488334143 16918861176465816868 16002812867648059333 
10678573496146161396 17529946271248584960  2663002139965020080  7652508364996351440 15754267187801219398 
 4008513116736418621 13349819588668383480  9173186690268196227  1694287828378766726  9320444819185072751 
 4605248245821066172  5601839937749699364  4509541741468336839  4937068687609655110  2831941201292922899 
10519151114111814855  9464162683440032128  3630696572779136424  1183101828605509173    84552097658666099 
 4507206801488098403  4463269618596555568 11130638707575033058  5068098144593448165  3475614037266701035 
 2986943745616432467  1038858834151353410 15439300248380604337  1912662222548253804  4157948161236824538 
 9195458243028714079 12312206168646740726 16653018332281618188  2702892194879326903 11082535847900696978 
 8770371030813389574  8018706061741726402 10445884905723026028   433191644386490173  5141377219287735367 
 1054041269347642041   453267769468820159 17519624822770037256 10919180513593055715 16936620217838696428 
15572382790534938831  3682395059016561304 17535619085269211947 14998026492846476624  6192232239822900816 
 4723122945009070793 13978773380785847437  6908812426530731375 16635657582505116916  2979574617184377782 
 6616066529372215556  1341272182837376781 14874843499683434407 12642023897815723705  8666802724253251101 
 4489192693135911038   740802822702015773  8863797097321642944  8941168911016311079  7212942683812691143 
12567196569136218063  8158897717783694723  9862406166203276532  6542313116391266308  9757832570866146517 
 8385653020184377746 14237113236526843113  9604335506026768723  6709658552810765463  2239102995443406896 
 3437819866840551405 15894763085187643954 16936386934737533754 16802044619624014344 13504827610454347978 
  434995581125450600 17212000008206319030  2054684635823864380 16353560690048434647 14293006209306189878 
12146079390526193360  9712718562306089601   186193214529949531 10694377879314414163 12025130636642149536 
 5488407805479240496 15207712553578045241 14931007668173380377  4078372347110048091 14082706521474965466 
16778230428327522189  8991972975299139430 17041080291969014812 14447393025625557003  6948518145676925550 
15800602330045736600 15681859439242494629  6558790893514346181  8009926661696562563  5919113259309250411 
 3462247314905737581 12983054687864660402 10642227798989492127   368374689691402901  8642519259854801071 
 3898005774011388268  6216659188146320255  2968421469626741898   389879077765916923   379833358577137871 
 3546836866499175131 15707303189832272993  7336358777373775669 13191326946512620428  5739748758931232090 
 6750992500208971673  4224263969094980208  4930224595313333371 15812567817144405267  5024268528985146331 
 4926321557725140785  1631759344925622035  2837817946160764864 18166560024579982439 15277904586226576671 
 1626090004637310391  5061119004464471869  1423010756521528107 18190118336304551170  6496145068502588132 
15990239372779325847 11451164525450106600 15365995776296222955 10909984686070698533 14432324502893552243 
 5054936220300720319 16292590663818373311 10466408775781133522    85690773131039191  8413292928793407135 
17842772513635615336 15570869578717424524   173569463831458594 14806759256611374778 17524904588227924391 
17605620179385951714  5388464919398543189 15221789046267051955 14402004812712676944 14204821381468355470 
11211325884694225592  1548471557655292578 16435243677824780776 13473483782174523719 13502051633975932975 
13336130267898551966 15225587722556700931  4037026001097962678 16317809793183864621 10219094651756785445 
18353498754355523136 13521776833207306126  8255151216188612405   270534208985378523  9395764384808508248 
12490692793563348127 16506209979786138219 17223370329672414040  8255041203263232166 17291472804465403914 
 1828195883220049116  2250683442930269060 14875419810944142518  6867997631038487224 11191695576275544805 
12415437189435631795  7718591035714698107 16506559189892955706  3112712345317382525  2525432756429348696 
 1296786238080916638 11441093366545342860 12230860155939452540  4273719718770343601 14596800492613778712 
16249790570056148245  1286956021137186844 10323437782231110505  8205966273177360020 13880236180058530386 
 7076388212622375352  1546921714542300785 13686913493175933622  7220520421540043143  1840681637937265882 
 4855672344375565201 11781682245289802305  6154365921717232532 11677241315932150320 13265694196553173275 
  877180556411497789 16621041344044754049 15693247960286182306 14133027765370821634 10495431481188718575 
 6390680058778471925  8622598037137396095 12761370545798296797 16632558722424171676  6309954141982742234 
 5188093640662684284  9452940352682273128  5475592654599563136 11445926689831886208 16538137546536291393 
10890821935775332284 12878142338700472558 11511181762167856131  9298794246711939988 14035385539246409200 
 3286506575177229131  2853675345074193641 16562447579587890455 10300014715318810232  5746678185137722663 
15513767528554004681 10203012233100578529  7955537221208069384  6457070935938202922 10420562470358917786 
13979216193948835069 15667917042994997834 13454940806300548808  4802624022781339234  4665976340690181729 
 9489752832745447833 16068366129896556699 15086311857690098714  6165204846544926387  3813996223943338101 
16799842979775655750   411639177771382272   280148077661916157 16739656158615007310   122820604681173532 
 4534274921022684310 11974174102280258864 12603706591784620152 11633731585492116447  6820345293263173261 
 5783386985542302115 16511038165854807037  3438818174251218001  5921921476881122101  3993445607318170201 
  435908508558473047 11569202104818942470  6897632713670995116  2986062443924145681 16451196133952098455 
 7444961297007891761   255769285984340495  5541561973736902526  3852385591859095709  6721716687736838350 
15361783153153030463   297681222251929361 13393513977771862508  8809165095614044347 10025539825989965010 
11610016811005075978  6339687551235540212 13354510739751848791  4552652772139718145  6354608420596543530 
15482261845659858290 12377049296991483058  2135415623526519069  6343025978837207697  9089969338599546825 
 8565726587479234353 13800437216204023093 13249986278328081793 17471475551785254760 14438956709466463950 
 2193874151283481575 17844201384978051146  8838830016713182698  3164911327058243295  4051042284509383563 
 4725901824609662227  9923727106640422190  4895674643194397769  3788052210378801928  7929074026081213113 
15378494092952687648  3966752613292402650 15413015487189209128  4364761952948516779 12920271266712214680 
 6319529391368784108 16740209383069912227  6293471647290480047 13966561479388036722  5131186447240008377 
 6573115415960235043 18312567884869352604 12421909666337659871 10961943490247395696   920062147472258026 
 2406261102234615411 12013148787958310698 16983841757235410197  1592006627825545933 11694099927042495477 
17415118823924286241  6209460148729035850 13774915218128323908   565782139693785811 12468804780619047455 
17579356632990800117  8451928836067102302 15722531836492623463  8263698180298196350  7626397374129060768 
17397180578216450308  5233279266741660694 17535785911411768971  8494720536406394545 10835806668037220269 
 5637303171275280775  5671371729348136198 17374964728344984620 10189554401505971996 17511281861892334636 
13058481465392587408 11820309402610629589 10397059880300760472 15414438942432172673  6576569305885008501 
 7312854270892012607 13696900393378757396 12092423316702856926  9348518511589887743  7606602169124976784 
10928056227895233169 17837800735307335872 15213869195058169444 13461145245386558066 15288884168749154770 
  810711448000783100   121278825157703612  6027889809635507464 11426447645791988322 13298458576407057648 
 2658018185840843395 15515467664335731721 16262825441582850207  2370445843123097980 11814462098245912644 
17866953556483747646  3110660375305797877  5487219669441229289 16844678104403650999 16872967537070776316 
 6635402776137885229  3043919861328768416   884605160935639298 14784810054328290508 10973287928794370821 
14171132808205648670 10072470498855267569 12492149835338997872 17259579190486463388  6474306035790826252 
 2188083249864649956  3260942733908482864 13928669998001270049  9564074620923343873  2447931416342256012 
10754837051855860232 17173507601383198301  8166878293868662716  5458907320524992481 13878063803726956979 
 5978236979377959267  5990370910322323538 18322399454741002580  1694536654130688815 15989889528342289991 
11259474255508047900 18387250840238273860   642869632723139004  2388551265537955825 10062893956754268973 
18413397250337627104  7095841563043504330   934996833871842647 15987955438415759651 11825597214997206631 
 1388219335088798383 10449964770187815701  9915024832039973506  8726461691812093357  4200603231674602588 
 1925856156254077255  8497303058276996885 10448067424430670889  8249493986446893185  8946954907709307683 
 8810322336031021703 18145287031574974092  7149868335918878937 17635921334787558316  1275989082922574387 
16712064385705354137 10927240090439030851  8467875146674426758  4285326534010735043 11069274915572710906 
 5024596979417880907  8300340844215268897  5860038686495463515  4720179025615955668  7837331229174153502 
12626371919119767668 14822144465041439860 13105899687424188308 18302465592348094232 15797289201231668571 
 4973814645348356520  4858158733680379347 17306786007277702791  9763377165472140869 10110683928614742002 
 7605021877896048879   671059830473916366 15725600490429378809 15943661505299057484   953063320935509719 
15432908122246443460 15953582686955826007  9840483978494653134 13197028504585647705  1366784729301366958 
10809743282974280764 13258422936610887379  1666810188714876410  6558446536876144165 16294439215614702809 
 7154020684713404804  3750333479845236510 18262030038649890657 16227397217669322218 14413222863386692074 
 2722408134328985908   236696967546161020  3460458430400647705 15862913695554886276 17121663808660132218 
11429071038500881744 18418032036841035944 12894189777697481345   586296056114758540 17912601344938437758 
 7534845982608261777 18390388589856803141  1896175807292673283 10376918603046341286  9740789965664324369 
16182436271931075608  3356476186500345567 16283078610969313643 13778521954693497939 16715225547385562568 
 4557939779382500163 10692322981590047052  7100965222233706291  2626928747646993746    20926723749940590 
 7674913317186763520 12872888834845392924  8294376489207670837  1196105882814705398   660265812049108764 
12728119186445567092 10415954334562163554  5457013033022620533 13947251843293217878 12747519186958253988 
 6639590170870297741  7589732278361590008  9479270944808269370  9998765241673260151 12558311368306778989 
18120260612712445529  6193404267170887927  4557650234978314581 15343539550468958796 15658893980637018101 
 5068560188018834466 14512384907442830891 13242806555016226686  4555463549475653547 11305483431089173804 
 1990206562159742805  4318457843021965240  3514325078135340161  6424753602537743089 13204486951138685420 
17221160865776116631  6965178047806351502 16507509396769730744 10094606119171440279  9201195996380164047 
  755621691516572469    69572321072351938  3958610788838477703  4512224977513649258  2340379949320357218 
 5670372435567359645 12693590169424797513 12970069056685750103 17251780479335618588 12882994981637984682 
 8064219856874666581 14228179263994197680  5980001266240671646   729190952989028206 17836937715564957728 
10271275771784754577 13501354370987767758  3503687345738902502 11156285385543178917  3111949639787134866 
16532730572431420446  4258448296114139080 10291767368957579655  5034127782903657057 17702929789804048088 
10903225814791886435  1816764438040945889  9769624764704694892   205952144819779147  3211977584351553997 
 9742983111470565663  5153125256981689889  3144129326943175003   693245595980661778 17449028395789183244 
12607471013746795135  5004220126423221670 10794386117688199225 11003440234150984271  3014348557242331677 
 2581586346882278092  7808325976222298298  4040581427343236381  8915635893104654945 10477159077349791920 
 1942413794997935189  9145477533421579872  1455083108290788071  4702105327882645546  8175068000308872119 
 9955471736706999866  9542095723247669694  1654888106581851809 18342214838629781948 11953369800625868724 
17190171726293298447 11780129504510779267 17275104635937645341  5002288147868790380  6183767989458683074 
 9740456426977470076  2294582642526290131 12763971760693825804 16456048535233549835 17875108130241673200 
11107929344342344322 12396670425081824647  4836218345412691020  8692576559426943261 18035545954058547006 
 7916652671422021481 14983241221020048958  9557389886816261079 16684358245619096742  3989584368161853616 
15013561168580690022  8267469582943007273  2297530215517265352 10507611426303435899  8604507995212456703 
 8590377350069643736  6404154561943754418 17359867288130561933  4867640593633646226 11069885002780431386 
15605006612064231299 15237491786874722450   274556073711333309  6261737581652810126 15322563500934259975 
 4147095567136350715  8140731959635072747  3751762839082151512 14880004812558014037 12259124920127597624 
11275697197838105731 15082305734951961948  6222314621069140213  4971524561604117931 10273849113696789605 
10844695344986076163  8677545503539617004  1415273023062582553  1850413386349552791 11821223613503384313 
13489548391785887816 16715537733636263033 16643930584887420907 17842447158307073659   875674831741287056 
14008550469738033207  3459370072447653127  5611662746238523737 12120776201017116649  3886478599965202641 
14358336839693478550  7851156433478134596  8986921175195075418  5796189601817935381 16887500050051346014 
14884801331114198723 18276957307104445460  7117772851542991363  4645170108451567423 11627138201877192425 
17003733273650125060 14164783415839810318 16696153389245945873  4840136294021213715  4963462014231980072 
 7472148651375427132   252790518325942299 14075479028266665802  3157672578179522465 16484069221956490998 
  912987779095492585  1429455779116370748 14403384196874911332 10700515233392094788   116802219177003741 
14691853642241711492 12731570040598211762  9256700403850911704 14925770213358982689 14285015022598136926 
 9819059681066656728  2191935420912325564 13634694701748104859  5095515644369034123 15046581810470159263 
 9335411365057305908 12180558783084238824 11404074565580000887  1977014492759434441  8114179924072708709 
10050571902577656165 11590570070881351028  5441368883626814439 18019184694526700254  6609731925218640736 
 6010356248936495876  3581939632796922254 12492814206022083867 10806256349253455963  8176525742041603448 
15805504932172534900 13733563952178786597 10602009528688566393  2725234620564263975  7461376506843345960 
 7069468698416766217  6848290714663418719 12378242367728587197  5475986218844787920  2756026521571916917 
 8285235313567321256 13775794951762856263    60158181780452389  5406550372818994001   517840737601815449 
11087150452067414006  4994803629655807557 15455912781793667630  8199829396468952121 18394329900944174202 
16743592662477997079   343729936755898574 17742135449261548238 10478713390392525372  4148324445484137636 
16663767090668768479 11174701483526970878 10557778842353032970  2377414840865957894  6782931597059443937 
17231640989540180272  8902604180380362089 16584878090678965657 12581582875995848306 17750670291618976863 
 3429990884030476456 13865294174445267570 18430948370913436219  6635696243697962925  8495049404957795102 
 4303015683529558902 17941397712241665611 12069914293173831175  8508563191465926436   895917815389796408 
 5421723660152073044  4596858781272855962  2276414636192254116  6520211316504397436 12459668641088884173 
 9146829442237025418  3475156282188567986 13420808873380665658  3902286424403062494 16279171549030947351 
 8377613732746231855 16699117101981625234 15702446955955513194 13053388013239810462  3673638379679272040 
